[{"target": 0.12312329065818435, "params": {"dagor_admission_level_update_interval": 14170.220047025741, "dagor_alpha": 1.0804867401632372, "dagor_beta": 0.00011437481734488664, "dagor_queuing_threshold": 175583.14315795994, "dagor_umax": 4.641606034708035}}, {"target": -0.42663049766391853, "params": {"dagor_admission_level_update_interval": 10923.385947687979, "dagor_alpha": 0.27939031706650636, "dagor_beta": 0.34556072704304774, "dagor_queuing_threshold": 199191.86855766748, "dagor_umax": 11.698701212060424}}, {"target": -1.160577784335052, "params": {"dagor_admission_level_update_interval": 14191.945144032947, "dagor_alpha": 1.0278292505951392, "dagor_beta": 0.20445224973151743, "dagor_queuing_threshold": 319529.35909773636, "dagor_umax": 2.492976677562671}}, {"target": -1.1659183359906604, "params": {"dagor_admission_level_update_interval": 16704.67510178402, "dagor_alpha": 0.6259572035506904, "dagor_beta": 0.5586898284457517, "dagor_queuing_threshold": 135096.73464880843, "dagor_umax": 5.565826803527818}}, {"target": -0.10608968415333736, "params": {"dagor_admission_level_update_interval": 18007.445686755367, "dagor_alpha": 1.4523923635790963, "dagor_beta": 0.31342417815924284, "dagor_queuing_threshold": 273080.6539173285, "dagor_umax": 17.77500474132869}}, {"target": 0.03845630470079737, "params": {"dagor_admission_level_update_interval": 18946.06663503847, "dagor_alpha": 0.12756631705466687, "dagor_beta": 0.03905478323288236, "dagor_queuing_threshold": 142457.60489114223, "dagor_umax": 17.806565061729437}}, {"target": -1.566781231757073, "params": {"dagor_admission_level_update_interval": 10983.468338330502, "dagor_alpha": 0.6316614375075782, "dagor_beta": 0.9578895301505019, "dagor_queuing_threshold": 233291.32124325426, "dagor_umax": 14.453788051108521}}, {"target": -0.7939534588128763, "params": {"dagor_admission_level_update_interval": 13155.156310060629, "dagor_alpha": 1.0297513915223755, "dagor_beta": 0.8346256718973729, "dagor_queuing_threshold": 104572.06933604795, "dagor_umax": 15.502597669009415}}, {"target": 0.17661176050277763, "params": {"dagor_admission_level_update_interval": 19888.61088906495, "dagor_alpha": 1.122248481569759, "dagor_beta": 0.2804439920644052, "dagor_queuing_threshold": 297319.83211287216, "dagor_umax": 3.8580681183975565}}, {"target": -0.03650411549956869, "params": {"dagor_admission_level_update_interval": 14478.935261759052, "dagor_alpha": 1.3628932546396433, "dagor_beta": 0.2936141483736795, "dagor_queuing_threshold": 171943.8346465872, "dagor_umax": 4.340514298128998}}, {"target": 0.12015504649281633, "params": {"dagor_admission_level_update_interval": 17804.231086564698, "dagor_alpha": 1.4230301736206388, "dagor_beta": 0.23406641509981319, "dagor_queuing_threshold": 333214.42494355777, "dagor_umax": 6.595958566579125}}, {"target": 0.05258961138485158, "params": {"dagor_admission_level_update_interval": 16050.974147535093, "dagor_alpha": 1.477127075465241, "dagor_beta": 0.16616966485321194, "dagor_queuing_threshold": 296242.6228675211, "dagor_umax": 15.947888961257267}}, {"target": -0.8308141808260007, "params": {"dagor_admission_level_update_interval": 19726.779211348276, "dagor_alpha": 0.29751215867341096, "dagor_beta": 0.6622087361944218, "dagor_queuing_threshold": 297585.0708327383, "dagor_umax": 5.0814086097121605}}, {"target": -1.8500692575828128, "params": {"dagor_admission_level_update_interval": 13884.775402427333, "dagor_alpha": 1.3886283089648523, "dagor_beta": 0.8487671802063443, "dagor_queuing_threshold": 246633.48709048115, "dagor_umax": 5.9489572376461215}}, {"target": -0.37170247401445494, "params": {"dagor_admission_level_update_interval": 10808.995175291104, "dagor_alpha": 1.274951644843664, "dagor_beta": 0.8012813247476948, "dagor_queuing_threshold": 271975.9346113223, "dagor_umax": 15.608254184665082}}, {"target": -0.8937870097593175, "params": {"dagor_admission_level_update_interval": 12338.451928441646, "dagor_alpha": 0.20606842116012974, "dagor_beta": 0.8839615127622404, "dagor_queuing_threshold": 101470.97168083671, "dagor_umax": 15.48032498448308}}, {"target": -1.802529684604373, "params": {"dagor_admission_level_update_interval": 15504.439576831915, "dagor_alpha": 0.32107721115507, "dagor_beta": 0.982666776419751, "dagor_queuing_threshold": 206588.77745227492, "dagor_umax": 16.850880462578097}}, {"target": 0.0782956680964452, "params": {"dagor_admission_level_update_interval": 16613.404124819855, "dagor_alpha": 0.7563710766138294, "dagor_beta": 0.2610724774643982, "dagor_queuing_threshold": 255575.5528204584, "dagor_umax": 9.322581268865653}}, {"target": -0.6440662252168514, "params": {"dagor_admission_level_update_interval": 11408.427260910194, "dagor_alpha": 0.40025846416922173, "dagor_beta": 0.8506511101507774, "dagor_queuing_threshold": 212249.54942680008, "dagor_umax": 14.788882628750748}}, {"target": 0.10914911183804145, "params": {"dagor_admission_level_update_interval": 14689.155116143347, "dagor_alpha": 0.056480472186507535, "dagor_beta": 0.13022423198686228, "dagor_queuing_threshold": 276421.5767703883, "dagor_umax": 10.432745041021587}}, {"target": 0.11880003534544777, "params": {"dagor_admission_level_update_interval": 13845.981094433864, "dagor_alpha": 0.798448664368969, "dagor_beta": 0.03069724524864459, "dagor_queuing_threshold": 133409.7855001009, "dagor_umax": 3.112023998508038}}, {"target": 0.061225850759473635, "params": {"dagor_admission_level_update_interval": 12682.600966502008, "dagor_alpha": 0.8106000084173444, "dagor_beta": 0.4539030901855289, "dagor_queuing_threshold": 344412.87970367476, "dagor_umax": 7.651740028066398}}, {"target": -0.17706656710861454, "params": {"dagor_admission_level_update_interval": 11686.503962343173, "dagor_alpha": 1.1252095369033133, "dagor_beta": 0.18583421452241544, "dagor_queuing_threshold": 222490.89247052162, "dagor_umax": 14.903382572307587}}, {"target": -1.5308188051893177, "params": {"dagor_admission_level_update_interval": 14553.234047880484, "dagor_alpha": 0.0, "dagor_beta": 0.9999999996391497, "dagor_queuing_threshold": 134110.9354143745, "dagor_umax": 2.0}}, {"target": -1.5900756170035044, "params": {"dagor_admission_level_update_interval": 15305.040789985916, "dagor_alpha": 0.86502657439542, "dagor_beta": 0.8820327817995038, "dagor_queuing_threshold": 309327.5715043817, "dagor_umax": 15.151996379442005}}, {"target": -0.5563340668833412, "params": {"dagor_admission_level_update_interval": 10808.225584746477, "dagor_alpha": 0.3998256619549436, "dagor_beta": 0.47737873407813647, "dagor_queuing_threshold": 260596.0980309309, "dagor_umax": 18.35325886176628}}, {"target": -1.8436935151328426, "params": {"dagor_admission_level_update_interval": 15936.485316485838, "dagor_alpha": 0.0, "dagor_beta": 1.0, "dagor_queuing_threshold": 136323.6631796794, "dagor_umax": 2.0}}, {"target": -0.8015409501143461, "params": {"dagor_admission_level_update_interval": 11477.360661706778, "dagor_alpha": 0.892410637228038, "dagor_beta": 0.6714930211544299, "dagor_queuing_threshold": 113115.47833779345, "dagor_umax": 7.194224345013171}}, {"target": -1.6901421407685477, "params": {"dagor_admission_level_update_interval": 11905.893699813274, "dagor_alpha": 0.0, "dagor_beta": 1.0, "dagor_queuing_threshold": 100000.0, "dagor_umax": 15.19231293935159}}, {"target": 0.1382442941944082, "params": {"dagor_admission_level_update_interval": 16656.165650330477, "dagor_alpha": 0.3764569919453133, "dagor_beta": 0.17946317791307317, "dagor_queuing_threshold": 255386.32138423793, "dagor_umax": 7.726358660821332}}, {"target": 0.04564518064406227, "params": {"dagor_admission_level_update_interval": 10469.83234548386, "dagor_alpha": 0.36513254550109203, "dagor_beta": 0.4636251042546522, "dagor_queuing_threshold": 196738.96598721907, "dagor_umax": 19.906171020184672}}, {"target": 0.020213785403977454, "params": {"dagor_admission_level_update_interval": 17237.004068637114, "dagor_alpha": 0.9998715788430821, "dagor_beta": 0.581823093236495, "dagor_queuing_threshold": 107805.43414057825, "dagor_umax": 16.47257335139925}}, {"target": -1.69688796060969, "params": {"dagor_admission_level_update_interval": 14569.510297156397, "dagor_alpha": 0.4751192413330325, "dagor_beta": 0.9097588768849102, "dagor_queuing_threshold": 175699.02809552464, "dagor_umax": 7.144256153577304}}]