[{"target": -0.28866976154843876, "params": {"latency_threshold": 1100.8528112861777, "price_step": 60.42271454095107, "price_update_rate": 1003.3168697030017, "token_update_rate": 11046.651452636796}}, {"target": -0.2819362121650845, "params": {"latency_threshold": 452.2141379610713, "price_step": 16.463701633815845, "price_update_rate": 6401.546129952456, "token_update_rate": 11911.214540860954}}, {"target": 0.3697391970418037, "params": {"latency_threshold": 1052.2419381536079, "price_step": 47.71717138023499, "price_update_rate": 13156.64091769555, "token_update_rate": 18704.390007935188}}, {"target": 0.5004385465009995, "params": {"latency_threshold": 590.6853993556418, "price_step": 71.46822054736617, "price_update_rate": 1794.240202739859, "token_update_rate": 18409.350203568043}}, {"target": 0.29680290167808665, "params": {"latency_threshold": 1101.5315256811048, "price_step": 49.108287991202616, "price_update_rate": 5071.221219261779, "token_update_rate": 8962.029781697576}}, {"target": 0.1117777760495343, "params": {"latency_threshold": 2021.786964821288, "price_step": 77.77831030035783, "price_update_rate": 10089.301166618043, "token_update_rate": 18846.452313386282}}, {"target": 0.11924350074587671, "params": {"latency_threshold": 2203.333965510492, "price_step": 72.62246644526931, "price_update_rate": 3466.2821297235596, "token_update_rate": 5781.095664657647}}, {"target": 0.29188875067684794, "params": {"latency_threshold": 507.59300695496535, "price_step": 71.46997524005891, "price_update_rate": 3852.058181158453, "token_update_rate": 13422.152500101043}}, {"target": -0.17668798961662024, "params": {"latency_threshold": 2398.9348723612047, "price_step": 47.3215699481112, "price_update_rate": 21064.436304563726, "token_update_rate": 11310.312620121258}}, {"target": 0.360117608436547, "params": {"latency_threshold": 1747.6022264358007, "price_step": 68.42379703281611, "price_update_rate": 1530.3600429815624, "token_update_rate": 20002.88629889935}}, {"target": 0.0704467280331205, "params": {"latency_threshold": 786.0344949686125, "price_step": 46.41595393346959, "price_update_rate": 1846.443301621985, "token_update_rate": 18138.49060795118}}, {"target": 0.28898197507081047, "params": {"latency_threshold": 1174.317616985393, "price_step": 35.07791257024423, "price_update_rate": 4931.72781610032, "token_update_rate": 8995.652539267123}}, {"target": -0.01320711968047633, "params": {"latency_threshold": 712.6907533839877, "price_step": 17.417863571759753, "price_update_rate": 3584.2101073979607, "token_update_rate": 12873.32138201008}}, {"target": 0.12253902924546671, "params": {"latency_threshold": 100.0, "price_step": 10.0, "price_update_rate": 1000.0, "token_update_rate": 15313.15263764552}}, {"target": -0.3917156031583905, "params": {"latency_threshold": 361.92644289313625, "price_step": 41.8336333961017, "price_update_rate": 1449.9354921884146, "token_update_rate": 18537.969303743146}}, {"target": -0.8228312429715785, "params": {"latency_threshold": 2488.720499124472, "price_step": 32.762075411789795, "price_update_rate": 24689.113506693127, "token_update_rate": 5892.679144420356}}, {"target": 0.04276179032369505, "params": {"latency_threshold": 1173.3581105359146, "price_step": 62.23303596671182, "price_update_rate": 13015.663401684897, "token_update_rate": 18958.622253123605}}, {"target": 0.4257137263399667, "params": {"latency_threshold": 1844.6359840000143, "price_step": 63.17019399104648, "price_update_rate": 1319.9027616283615, "token_update_rate": 20030.80805993804}}, {"target": -0.3351662449708661, "params": {"latency_threshold": 1564.6762111736455, "price_step": 67.27596455862464, "price_update_rate": 1449.0717718433423, "token_update_rate": 20150.756212282446}}, {"target": -1.055080118120098, "params": {"latency_threshold": 2500.0, "price_step": 10.0, "price_update_rate": 30000.0, "token_update_rate": 5000.0}}, {"target": 0.01905740960016019, "params": {"latency_threshold": 122.7127651806856, "price_step": 48.514296342041646, "price_update_rate": 5697.660012894986, "token_update_rate": 14555.98398344891}}, {"target": 0.33153047390041246, "params": {"latency_threshold": 794.6498444919474, "price_step": 78.74787080995185, "price_update_rate": 13182.857932279334, "token_update_rate": 18664.41436611215}}, {"target": 0.28082451248234885, "params": {"latency_threshold": 1250.0408648649352, "price_step": 47.71786398274512, "price_update_rate": 2807.0065198675866, "token_update_rate": 13911.380623348932}}, {"target": 0.199985692867877, "params": {"latency_threshold": 744.1052792999709, "price_step": 79.41926113178833, "price_update_rate": 1943.4010949965998, "token_update_rate": 18547.613557220095}}, {"target": 0.10132835750235626, "params": {"latency_threshold": 2164.1183949074934, "price_step": 32.00907781940221, "price_update_rate": 1418.4076997161053, "token_update_rate": 20275.873052686926}}, {"target": -0.1506478878485716, "params": {"latency_threshold": 570.5951194318617, "price_step": 38.02583792339365, "price_update_rate": 15944.524364343655, "token_update_rate": 6401.722789976163}}, {"target": 0.19051838043907604, "params": {"latency_threshold": 533.8924472265169, "price_step": 29.02399061462058, "price_update_rate": 24302.67791190655, "token_update_rate": 17960.770871867608}}, {"target": -0.22083283462994385, "params": {"latency_threshold": 420.9111465890669, "price_step": 45.54940260191392, "price_update_rate": 26783.996341098114, "token_update_rate": 16343.281859768069}}, {"target": -1.2521349859348008, "params": {"latency_threshold": 2500.0, "price_step": 10.0, "price_update_rate": 30000.0, "token_update_rate": 5000.0}}, {"target": -1.1589738236806126, "params": {"latency_threshold": 2500.0, "price_step": 10.0, "price_update_rate": 30000.0, "token_update_rate": 5000.0}}, {"target": -0.5769927344012564, "params": {"latency_threshold": 2500.0, "price_step": 80.0, "price_update_rate": 30000.0, "token_update_rate": 5000.0}}, {"target": -0.9856649540062441, "params": {"latency_threshold": 2500.0, "price_step": 10.0, "price_update_rate": 30000.0, "token_update_rate": 5000.0}}, {"target": -0.32528816020531215, "params": {"latency_threshold": 607.7293824356127, "price_step": 66.15026996469459, "price_update_rate": 29957.385751486207, "token_update_rate": 24469.181857597654}}]