[{"target": -999999999.0, "params": {"breakwater_a": 12.51066014107722, "breakwater_b": 1.4406489868843162, "breakwater_client_expiration": 1.343010077217315, "breakwater_initial_credit": 121.63069648010406, "breakwater_slo": 14402.676724513392, "breakwaterd_a": 0.923385947687978, "breakwaterd_b": 5.587806341330127, "breakwaterd_client_expiration": 20366.821811291433, "breakwaterd_initial_credit": 397.3707067564393, "breakwaterd_slo": 56940.83670016785}}, {"target": -999999999.0, "params": {"breakwater_a": 12.575835432098843, "breakwater_b": 1.370439000793519, "breakwater_client_expiration": 614.1522969448208, "breakwater_initial_credit": 351.36885711998724, "breakwater_slo": 10821.627795937784, "breakwaterd_a": 6.704675101784022, "breakwaterd_b": 12.519144071013809, "breakwaterd_client_expiration": 26760.694853372548, "breakwaterd_initial_credit": 141.24655165663853, "breakwaterd_slo": 39905.074454243935}}, {"target": -999999999.0, "params": {"breakwater_a": 24.0223370602661, "breakwater_b": 1.936523151438795, "breakwater_client_expiration": 940.9591102995693, "breakwater_initial_credit": 277.2367236520563, "breakwater_slo": 36291.67456888115, "breakwaterd_a": 8.946066635038473, "breakwaterd_b": 2.551326341093337, "breakwaterd_client_expiration": 11171.643496986471, "breakwaterd_initial_credit": 170.66058914500434, "breakwaterd_slo": 73907.12517147066}}, {"target": -999999999.0, "params": {"breakwater_a": 2.950405014991503, "breakwater_b": 0.8422152500101043, "breakwater_client_expiration": 2873.7107009213555, "breakwater_initial_credit": 213.73294870423382, "breakwater_slo": 30756.3134185142, "breakwaterd_a": 3.1551563100606295, "breakwaterd_b": 20.59502783044751, "breakwaterd_client_expiration": 35038.770156921186, "breakwaterd_initial_credit": 19.269989066847614, "breakwaterd_slo": 67507.21574724838}}, {"target": -999999999.0, "params": {"breakwater_a": 29.66583266719484, "breakwater_b": 1.4963313087596788, "breakwater_client_expiration": 842.0515322011511, "breakwater_initial_credit": 315.9224520521439, "breakwater_slo": 13096.78019732926, "breakwaterd_a": 4.478935261759052, "breakwaterd_b": 27.257865092792866, "breakwaterd_client_expiration": 18808.424451210383, "breakwaterd_initial_credit": 288.4875632477624, "breakwaterd_slo": 36501.42860591388}}, {"target": -999999999.0, "params": {"breakwater_a": 0.5810087361089122, "breakwater_b": 1.357671065879782, "breakwater_client_expiration": 635.672719884177, "breakwater_initial_credit": 106.95311708951826, "breakwater_slo": 24747.19477841015, "breakwaterd_a": 0.5336254511708038, "breakwaterd_b": 17.223528164760392, "breakwaterd_client_expiration": 14401.857247174305, "breakwaterd_initial_credit": 589.716231366381, "breakwaterd_slo": 64987.91800104656}}, {"target": -999999999.0, "params": {"breakwater_a": 3.070032864834775, "breakwater_b": 0.8281119756391366, "breakwater_client_expiration": 2083.5060730255077, "breakwater_initial_credit": 166.25752854123417, "breakwater_slo": 11498.603768382614, "breakwaterd_a": 5.358964059155116, "breakwaterd_b": 19.913839356593666, "breakwaterd_client_expiration": 25446.673361749257, "breakwaterd_initial_credit": 944.6501612348225, "breakwaterd_slo": 59327.752025099646}}, {"target": -999999999.0, "params": {"breakwater_a": 27.102057458636505, "breakwater_b": 0.27494940829247505, "breakwater_client_expiration": 418.6897654050249, "breakwater_initial_credit": 323.1491241951, "breakwater_slo": 21930.305109566005, "breakwaterd_a": 1.6535419711693278, "breakwaterd_b": 27.82525741188102, "breakwaterd_client_expiration": 20432.975792365196, "breakwaterd_initial_credit": 751.0612910330194, "breakwaterd_slo": 66299.89926752257}}, {"target": -999999999.0, "params": {"breakwater_a": 26.499182736174294, "breakwater_b": 1.2473444141112178, "breakwater_client_expiration": 2253.076359647984, "breakwater_initial_credit": 140.21043844915917, "breakwater_slo": 18097.83675295078, "breakwaterd_a": 8.958862181960669, "breakwaterd_b": 12.842735696138847, "breakwaterd_client_expiration": 38945.20141445157, "breakwaterd_initial_credit": 663.7780563206296, "breakwaterd_slo": 61084.78601045609}}, {"target": 0.48595261384957456, "params": {"breakwater_a": 3.4423791886012554, "breakwater_b": 1.8989785174141425, "breakwater_client_expiration": 1350.2864883063417, "breakwater_initial_credit": 231.77745614046557, "breakwater_slo": 22244.104082838436, "breakwaterd_a": 2.3702698024302773, "breakwaterd_b": 27.101385616867613, "breakwaterd_client_expiration": 27210.384600168574, "breakwaterd_initial_credit": 3.867456704127811, "breakwaterd_slo": 60857.24568103619}}, {"target": -999999999.0, "params": {"breakwater_a": 27.17347958176224, "breakwater_b": 0.41582349708160526, "breakwater_client_expiration": 2026.9671513760054, "breakwater_initial_credit": 330.8977712818744, "breakwater_slo": 17842.041673341882, "breakwaterd_a": 0.005046252765890102, "breakwaterd_b": 18.969601006135946, "breakwaterd_client_expiration": 36654.04885574446, "breakwaterd_initial_credit": 753.6956036754839, "breakwaterd_slo": 44277.106062723484}}, {"target": -999999999.0, "params": {"breakwater_a": 28.623943575764763, "breakwater_b": 0.15419141772102352, "breakwater_client_expiration": 2003.9989280329812, "breakwater_initial_credit": 309.5844724046097, "breakwater_slo": 22974.09581912272, "breakwaterd_a": 1.6727191971745237, "breakwaterd_b": 3.746406779195768, "breakwaterd_client_expiration": 17881.831963033088, "breakwaterd_initial_credit": 33.68805268002398, "breakwaterd_slo": 60224.3170367519}}, {"target": -999999999.0, "params": {"breakwater_a": 0.4638671710921194, "breakwater_b": 1.1852608736654788, "breakwater_client_expiration": 519.5798891696285, "breakwater_initial_credit": 267.00423822449955, "breakwater_slo": 21589.021438934455, "breakwaterd_a": 9.891405769202514, "breakwaterd_b": 7.30430294973429, "breakwaterd_client_expiration": 26987.943646274485, "breakwaterd_initial_credit": 470.22576243186745, "breakwaterd_slo": 61305.18484774438}}, {"target": -999999999.0, "params": {"breakwater_a": 14.595750597782143, "breakwater_b": 1.4293948662916376, "breakwater_client_expiration": 2279.658999764993, "breakwater_initial_credit": 396.28206648409287, "breakwater_slo": 33291.360755693655, "breakwaterd_a": 2.043197881518516, "breakwaterd_b": 9.987224749336221, "breakwaterd_client_expiration": 13858.871707709168, "breakwaterd_initial_credit": 21.808537515701936, "breakwaterd_slo": 74361.96839158406}}, {"target": -999999999.0, "params": {"breakwater_a": 8.045195687695134, "breakwater_b": 0.24324499905936703, "breakwater_client_expiration": 1868.9603718048877, "breakwater_initial_credit": 173.01708769391539, "breakwater_slo": 22391.20419974794, "breakwaterd_a": 4.83596319929119, "breakwaterd_b": 6.711991506526083, "breakwaterd_client_expiration": 39026.03016343582, "breakwaterd_initial_credit": 321.26382901565677, "breakwaterd_slo": 64990.021463138495}}, {"target": -999999999.0, "params": {"breakwater_a": 3.090671308900921, "breakwater_b": 0.8985399613249527, "breakwater_client_expiration": 1762.318617051667, "breakwater_initial_credit": 186.8494400826383, "breakwater_slo": 19175.47374394339, "breakwaterd_a": 7.06923938300282, "breakwaterd_b": 3.9755052872395846, "breakwaterd_client_expiration": 37230.078515116096, "breakwaterd_initial_credit": 708.895335201353, "breakwaterd_slo": 76828.90980368319}}, {"target": -999999999.0, "params": {"breakwater_a": 15.20465151570069, "breakwater_b": 0.5188513541685025, "breakwater_client_expiration": 2914.3525171749457, "breakwater_initial_credit": 204.3028322459666, "breakwater_slo": 19376.92843176469, "breakwaterd_a": 5.131110863061058, "breakwaterd_b": 4.008467067571171, "breakwaterd_client_expiration": 18617.550976151713, "breakwaterd_initial_credit": 87.29363231715429, "breakwaterd_slo": 71098.65914540812}}, {"target": -0.058359502653472284, "params": {"breakwater_a": 7.047860923504047, "breakwater_b": 1.4918374940995762, "breakwater_client_expiration": 1393.548913242987, "breakwater_initial_credit": 108.7424984523042, "breakwater_slo": 24519.338201591985, "breakwaterd_a": 4.55759648257393, "breakwaterd_b": 12.706848997554369, "breakwaterd_client_expiration": 28542.33899138239, "breakwaterd_initial_credit": 286.3777315129825, "breakwaterd_slo": 66544.83146699227}}, {"target": -999999999.0, "params": {"breakwater_a": 9.21189803826157, "breakwater_b": 1.138498435927387, "breakwater_client_expiration": 156.41053280959414, "breakwater_initial_credit": 173.62700321018406, "breakwater_slo": 31797.98033559961, "breakwaterd_a": 5.126560100706272, "breakwaterd_b": 5.702631931192606, "breakwaterd_client_expiration": 20424.696382538947, "breakwaterd_initial_credit": 982.7058047457206, "breakwaterd_slo": 44460.57151805716}}, {"target": -999999999.0, "params": {"breakwater_a": 29.84717374322219, "breakwater_b": 1.5399172308191318, "breakwater_client_expiration": 1942.7160954853077, "breakwater_initial_credit": 82.94655616814832, "breakwater_slo": 31860.00290574999, "breakwaterd_a": 1.7570047170645253, "breakwaterd_b": 3.0735365763951505, "breakwaterd_client_expiration": 30195.562942380428, "breakwaterd_initial_credit": 652.7893026713433, "breakwaterd_slo": 49626.64942440762}}, {"target": -999999999.0, "params": {"breakwater_a": 21.378500371304092, "breakwater_b": 0.8274940929279639, "breakwater_client_expiration": 638.5463354261519, "breakwater_initial_credit": 242.82234379899757, "breakwater_slo": 11509.545614423596, "breakwaterd_a": 5.85431473212733, "breakwaterd_b": 28.01568513227804, "breakwaterd_client_expiration": 38156.26311677905, "breakwaterd_initial_credit": 599.3130130110233, "breakwaterd_slo": 42312.47917933022}}, {"target": -999999999.0, "params": {"breakwater_a": 20.053448423977983, "breakwater_b": 1.6125437899361084, "breakwater_client_expiration": 41.67165462457219, "breakwater_initial_credit": 98.0512626495327, "breakwater_slo": 10717.283539759119, "breakwaterd_a": 8.083695719053086, "breakwaterd_b": 18.922497518964565, "breakwaterd_client_expiration": 29647.338947101645, "breakwaterd_initial_credit": 37.76300223129234, "breakwaterd_slo": 72923.52781243323}}, {"target": -999999999.0, "params": {"breakwater_a": 3.6095761728808284, "breakwater_b": 1.331947870755529, "breakwater_client_expiration": 1340.4707477051925, "breakwater_initial_credit": 113.13767961388821, "breakwater_slo": 10046.449232727473, "breakwaterd_a": 6.941271744659533, "breakwaterd_b": 1.1697917503866107, "breakwaterd_client_expiration": 13438.358755565889, "breakwaterd_initial_credit": 55.41608019437241, "breakwaterd_slo": 73101.41043740604}}, {"target": -999999999.0, "params": {"breakwater_a": 0.4901716061374728, "breakwater_b": 0.9712310559517778, "breakwater_client_expiration": 128.92068240915154, "breakwater_initial_credit": 254.44018507050623, "breakwater_slo": 36739.44126765948, "breakwaterd_a": 3.9756827584393406, "breakwaterd_b": 9.759365720812381, "breakwaterd_client_expiration": 35414.84540150889, "breakwaterd_initial_credit": 527.6261960465386, "breakwaterd_slo": 67535.48579666365}}, {"target": -999999999.0, "params": {"breakwater_a": 1.3860298330341436, "breakwater_b": 1.3195781573854721, "breakwater_client_expiration": 2460.2062662899893, "breakwater_initial_credit": 233.30357939069373, "breakwater_slo": 31694.840157964758, "breakwaterd_a": 9.686119262313062, "breakwaterd_b": 2.699555866304675, "breakwaterd_client_expiration": 33602.25536996614, "breakwaterd_initial_credit": 247.44442788465093, "breakwaterd_slo": 47619.81691374861}}, {"target": -999999999.0, "params": {"breakwater_a": 29.952036980333638, "breakwater_b": 0.5075164996891117, "breakwater_client_expiration": 1382.2453027680765, "breakwater_initial_credit": 37.898393101049166, "breakwater_slo": 33383.43949911069, "breakwaterd_a": 0.5235326270166674, "breakwaterd_b": 18.052355273115996, "breakwaterd_client_expiration": 31934.786955605734, "breakwaterd_initial_credit": 798.4940166417416, "breakwaterd_slo": 68803.72438821528}}, {"target": -999999999.0, "params": {"breakwater_a": 0.3275507403618161, "breakwater_b": 0.7849655219803631, "breakwater_client_expiration": 2452.0700239551447, "breakwater_initial_credit": 396.32182586014426, "breakwater_slo": 24910.598411024745, "breakwaterd_a": 6.411507472102879, "breakwaterd_b": 7.470994048125156, "breakwaterd_client_expiration": 39501.81071039998, "breakwaterd_initial_credit": 870.1339269814116, "breakwaterd_slo": 61601.864700675214}}, {"target": -999999999.0, "params": {"breakwater_a": 8.122861546679623, "breakwater_b": 1.6636459219455924, "breakwater_client_expiration": 125.35506354026494, "breakwater_initial_credit": 182.0491523388603, "breakwater_slo": 32728.63311090083, "breakwaterd_a": 6.5186497251488875, "breakwaterd_b": 19.482659809000296, "breakwaterd_client_expiration": 32005.769799210368, "breakwaterd_initial_credit": 525.3816960884099, "breakwaterd_slo": 37625.25723757288}}, {"target": -999999999.0, "params": {"breakwater_a": 19.84498691404067, "breakwater_b": 1.804449308890091, "breakwater_client_expiration": 309.4523446269177, "breakwater_initial_credit": 97.1124708175942, "breakwater_slo": 33711.77584188256, "breakwaterd_a": 4.903601372362255, "breakwaterd_b": 22.05493163702926, "breakwaterd_client_expiration": 31503.470455682906, "breakwaterd_initial_credit": 252.0518247658448, "breakwaterd_slo": 53528.634226515846}}, {"target": -999999999.0, "params": {"breakwater_a": 0.17136183598928878, "breakwater_b": 1.3132568047163706, "breakwater_client_expiration": 2267.4879675964744, "breakwater_initial_credit": 278.0784950879996, "breakwater_slo": 26803.165739092026, "breakwaterd_a": 6.9230316664449365, "breakwaterd_b": 6.4553533861385475, "breakwaterd_client_expiration": 38315.44577699424, "breakwaterd_initial_credit": 491.9817382429433, "breakwaterd_slo": 53493.548644831855}}, {"target": -999999999.0, "params": {"breakwater_a": 19.167539650971435, "breakwater_b": 0.7229702785452408, "breakwater_client_expiration": 901.1311140727154, "breakwater_initial_credit": 352.09100274212767, "breakwater_slo": 10923.278658194391, "breakwaterd_a": 8.755146916495246, "breakwaterd_b": 18.70165473150386, "breakwaterd_client_expiration": 19075.21657834171, "breakwaterd_initial_credit": 267.9543349187038, "breakwaterd_slo": 34987.615575877}}, {"target": -999999999.0, "params": {"breakwater_a": 18.17550958683454, "breakwater_b": 1.9531071182841881, "breakwater_client_expiration": 239.08940494431158, "breakwater_initial_credit": 77.46433489489516, "breakwater_slo": 28756.61381261276, "breakwaterd_a": 0.4954353267277112, "breakwaterd_b": 10.982998312007155, "breakwaterd_client_expiration": 16548.946190650266, "breakwaterd_initial_credit": 628.2485343705342, "breakwaterd_slo": 37351.1482891207}}, {"target": -999999999.0, "params": {"breakwater_a": 3.3804650900109214, "breakwater_b": 0.15208307303300872, "breakwater_client_expiration": 1939.2676335818046, "breakwater_initial_credit": 297.42369324882327, "breakwater_slo": 18460.33258703084, "breakwaterd_a": 6.7163775598467055, "breakwaterd_b": 7.515207467445595, "breakwaterd_client_expiration": 22048.061203873414, "breakwaterd_initial_credit": 289.18387805414267, "breakwaterd_slo": 56076.46397856469}}, {"target": 0.6247207368626999, "params": {"breakwater_a": 2.686249983118306, "breakwater_b": 1.0625753829643632, "breakwater_client_expiration": 1696.2174500200106, "breakwater_initial_credit": 295.1365878602321, "breakwater_slo": 26654.10451862752, "breakwaterd_a": 4.371791981511649, "breakwaterd_b": 21.177668755064904, "breakwaterd_client_expiration": 38485.1846866214, "breakwaterd_initial_credit": 702.4112370760647, "breakwaterd_slo": 43889.28509727119}}, {"target": -999999999.0, "params": {"breakwater_a": 9.983691689178983, "breakwater_b": 1.1856809233411716, "breakwater_client_expiration": 1538.1370982447706, "breakwater_initial_credit": 178.32694708445706, "breakwater_slo": 25265.194025637065, "breakwaterd_a": 6.868612644292291, "breakwaterd_b": 18.55140805432499, "breakwaterd_client_expiration": 37936.38405484504, "breakwaterd_initial_credit": 446.43223402602626, "breakwaterd_slo": 37181.66406945528}}, {"target": -999999999.0, "params": {"breakwater_a": 9.067963975959687, "breakwater_b": 1.4829826140502678, "breakwater_client_expiration": 799.5155027406363, "breakwater_initial_credit": 192.7802527549559, "breakwater_slo": 18979.594353222226, "breakwaterd_a": 4.427184383619592, "breakwaterd_b": 16.08518964326369, "breakwaterd_client_expiration": 26952.20444854677, "breakwaterd_initial_credit": 134.0446026270075, "breakwaterd_slo": 75000.70889953087}}, {"target": 0.5794246254759875, "params": {"breakwater_a": 15.124192503793246, "breakwater_b": 0.14013568178629154, "breakwater_client_expiration": 1829.2842870364975, "breakwater_initial_credit": 316.94860527030926, "breakwater_slo": 24860.4911582547, "breakwaterd_a": 9.845720948899299, "breakwaterd_b": 11.00467735755934, "breakwaterd_client_expiration": 11339.826717848879, "breakwaterd_initial_credit": 199.20218803327134, "breakwaterd_slo": 51515.29912156443}}, {"target": -999999999.0, "params": {"breakwater_a": 26.22113304272272, "breakwater_b": 1.5266518738298804, "breakwater_client_expiration": 2626.960210135076, "breakwater_initial_credit": 99.60189781521959, "breakwater_slo": 25216.381789330248, "breakwaterd_a": 8.99466886175257, "breakwaterd_b": 7.986052125578866, "breakwaterd_client_expiration": 10382.405976337082, "breakwaterd_initial_credit": 649.0431374426802, "breakwaterd_slo": 35257.56088775467}}, {"target": -999999999.0, "params": {"breakwater_a": 27.841327712619922, "breakwater_b": 1.4377367696090941, "breakwater_client_expiration": 1510.264425905629, "breakwater_initial_credit": 117.276449611475, "breakwater_slo": 23437.241833057727, "breakwaterd_a": 2.742407088983491, "breakwaterd_b": 16.469963628996148, "breakwaterd_client_expiration": 28960.313357254887, "breakwaterd_initial_credit": 793.2575247679194, "breakwaterd_slo": 55856.8603410137}}, {"target": -999999999.0, "params": {"breakwater_a": 26.202567528102776, "breakwater_b": 0.09904465174438393, "breakwater_client_expiration": 1596.084205368977, "breakwater_initial_credit": 137.37196305048357, "breakwater_slo": 27764.234245950138, "breakwaterd_a": 0.9257703747648038, "breakwaterd_b": 4.268592691270898, "breakwaterd_client_expiration": 32226.603485016105, "breakwaterd_initial_credit": 437.1712287209214, "breakwaterd_slo": 79529.83584825635}}, {"target": -999999999.0, "params": {"breakwater_a": 9.074774712720505, "breakwater_b": 0.031229154982823415, "breakwater_client_expiration": 938.6826690455537, "breakwater_initial_credit": 159.9005850716654, "breakwater_slo": 33825.73874970778, "breakwaterd_a": 0.051014370843726065, "breakwaterd_b": 5.253601112934256, "breakwaterd_client_expiration": 28122.298438287544, "breakwaterd_initial_credit": 520.3254634531517, "breakwaterd_slo": 32844.60240004672}}, {"target": -999999999.0, "params": {"breakwater_a": 16.423429789656794, "breakwater_b": 0.47954287243023375, "breakwater_client_expiration": 2892.995303873745, "breakwater_initial_credit": 171.19318026588635, "breakwater_slo": 35241.9977667617, "breakwaterd_a": 4.801816075763718, "breakwaterd_b": 23.919259818885305, "breakwaterd_client_expiration": 17023.508612867958, "breakwaterd_initial_credit": 684.6416001230313, "breakwaterd_slo": 31944.82864403534}}, {"target": -999999999.0, "params": {"breakwater_a": 22.11142884035707, "breakwater_b": 1.990194087641916, "breakwater_client_expiration": 2692.8806422790326, "breakwater_initial_credit": 192.42292555601887, "breakwater_slo": 19768.746607023757, "breakwaterd_a": 5.166706208051188, "breakwaterd_b": 29.02194141705587, "breakwaterd_client_expiration": 23755.07655911864, "breakwaterd_initial_credit": 643.5004942892651, "breakwaterd_slo": 36637.38304503195}}, {"target": -999999999.0, "params": {"breakwater_a": 1.9504360233901652, "breakwater_b": 1.3593319097349392, "breakwater_client_expiration": 2528.4975524652937, "breakwater_initial_credit": 77.9711859185347, "breakwater_slo": 12613.625522664028, "breakwaterd_a": 8.674575029346059, "breakwaterd_b": 0.3781193784019954, "breakwaterd_client_expiration": 36874.055603906156, "breakwaterd_initial_credit": 332.72364729658716, "breakwaterd_slo": 58594.02544804431}}, {"target": -999999999.0, "params": {"breakwater_a": 24.424543633031586, "breakwater_b": 0.9383111521948042, "breakwater_client_expiration": 581.7524122136994, "breakwater_initial_credit": 165.74589194167274, "breakwater_slo": 35876.40688085115, "breakwaterd_a": 5.405164856325408, "breakwaterd_b": 22.2194535484936, "breakwaterd_client_expiration": 35843.95178441335, "breakwaterd_initial_credit": 516.8987432987211, "breakwaterd_slo": 47858.95631422286}}, {"target": -999999999.0, "params": {"breakwater_a": 22.061905512668368, "breakwater_b": 1.2752244650750293, "breakwater_client_expiration": 1609.9625824657953, "breakwater_initial_credit": 385.8738904259666, "breakwater_slo": 33973.16702012603, "breakwaterd_a": 4.548255479052452, "breakwaterd_b": 12.657931484802683, "breakwaterd_client_expiration": 24218.159430871157, "breakwaterd_initial_credit": 14.072450438590623, "breakwaterd_slo": 37226.19626974129}}, {"target": -999999999.0, "params": {"breakwater_a": 27.75238496647018, "breakwater_b": 1.3088810168187635, "breakwater_client_expiration": 1697.5709760710788, "breakwater_initial_credit": 366.24313037697317, "breakwater_slo": 14677.210490218444, "breakwaterd_a": 5.137875507890519, "breakwaterd_b": 4.797849102780901, "breakwaterd_client_expiration": 31491.119880074133, "breakwaterd_initial_credit": 203.38227311409543, "breakwaterd_slo": 58777.09204413356}}, {"target": -999999999.0, "params": {"breakwater_a": 13.937017114840591, "breakwater_b": 1.3606465764238704, "breakwater_client_expiration": 2903.5309563281876, "breakwater_initial_credit": 13.823432065565795, "breakwater_slo": 24034.223600490448, "breakwaterd_a": 0.014796888482091486, "breakwaterd_b": 23.557682011784703, "breakwaterd_client_expiration": 15327.215693874