[{"target": 0.5308406624385776, "params": {"breakwater_a": 1.0976270078546495, "breakwater_b": 0.7151893663724195, "breakwater_client_expiration": 1808.68736483886, "breakwater_initial_credit": 218.40839001576185, "breakwater_slo": 28473.095986778095, "breakwaterd_a": 6.458941130666561, "breakwaterd_b": 8.75174422525385, "breakwaterd_client_expiration": 36753.19002346239, "breakwaterd_initial_credit": 485.4651042004117, "breakwaterd_slo": 49172.07594128889}}, {"target": 0.4720424106985599, "params": {"breakwater_a": 1.5834500761653292, "breakwater_b": 0.5288949197529045, "breakwater_client_expiration": 1704.565638720703, "breakwater_initial_credit": 370.31305867877177, "breakwater_slo": 21420.72116395774, "breakwaterd_a": 0.8712929970154071, "breakwaterd_b": 0.4043679488065144, "breakwaterd_client_expiration": 34978.59536643814, "breakwaterd_initial_credit": 411.2627003799402, "breakwaterd_slo": 73500.60741234096}}, {"target": 0.4390555076192439, "params": {"breakwater_a": 1.957236684465528, "breakwater_b": 0.7991585642167236, "breakwater_client_expiration": 1384.9766073965427, "breakwater_initial_credit": 312.43114133829573, "breakwater_slo": 22365.488517378664, "breakwaterd_a": 6.399210213275238, "breakwaterd_b": 2.867065748180928, "breakwaterd_client_expiration": 38340.06751148752, "breakwaterd_initial_credit": 308.73932870002864, "breakwaterd_slo": 50733.096999526184}}, {"target": 0.49979829530010966, "params": {"breakwater_a": 0.5291112242092539, "breakwater_b": 0.7742336894342167, "breakwater_client_expiration": 1368.9948463174292, "breakwater_initial_credit": 227.80514559859074, "breakwater_slo": 20375.796008727102, "breakwaterd_a": 6.176354970758771, "breakwaterd_b": 12.241914454448429, "breakwaterd_client_expiration": 28508.01990624271, "breakwaterd_initial_credit": 477.4992314058497, "breakwaterd_slo": 64091.01495517417}}, {"target": 0.42853127489434173, "params": {"breakwater_a": 0.719015801147572, "breakwater_b": 0.43703195379934145, "breakwater_client_expiration": 2093.1959565858674, "breakwater_initial_credit": 25.029963180078663, "breakwater_slo": 33335.334308913356, "breakwaterd_a": 6.706378696181594, "breakwaterd_b": 4.207651221476818, "breakwaterd_client_expiration": 13867.7889296456, "breakwaterd_initial_credit": 226.17134036967354, "breakwaterd_slo": 48185.53854713113}}, {"target": 0.474516296708442, "params": {"breakwater_a": 1.1403935408357593, "breakwater_b": 0.43860151346232035, "breakwater_client_expiration": 2965.1331403396193, "breakwater_initial_credit": 41.7158794884632, "breakwater_slo": 24177.535121896693, "breakwaterd_a": 1.6130951788499626, "breakwaterd_b": 13.062166509307968, "breakwaterd_client_expiration": 17598.748076193464, "breakwaterd_initial_credit": 286.5243091425225, "breakwaterd_slo": 42221.27960008014}}, {"target": 0.4599640890948941, "params": {"breakwater_a": 0.31793916729103944, "breakwater_b": 0.11037514116430513, "breakwater_client_expiration": 1969.332438806355, "breakwater_initial_credit": 56.13499758809691, "breakwater_slo": 23931.64723360107, "breakwaterd_a": 3.687251706609641, "breakwaterd_b": 16.419864596958703, "breakwaterd_client_expiration": 12913.038273791837, "breakwaterd_initial_credit": 435.1779629995216, "breakwaterd_slo": 34804.92039469815}}, {"target": 0.4269633329884083, "params": {"breakwater_a": 1.9529189300267915, "breakwater_b": 0.4686512016477016, "breakwater_client_expiration": 2930.306503482821, "breakwater_initial_credit": 242.33336237827334, "breakwater_slo": 34785.27158796603, "breakwaterd_a": 0.39187792254320675, "breakwaterd_b": 5.656139251528192, "breakwaterd_client_expiration": 13605.896836395066, "breakwaterd_initial_credit": 218.45607900885796, "breakwaterd_slo": 35936.3859477122}}, {"target": 0.39152678117019935, "params": {"breakwater_a": 0.635966358787952, "breakwater_b": 0.41426299451466997, "breakwater_client_expiration": 193.3783415500043, "breakwater_initial_credit": 277.2963756286379, "breakwater_slo": 31332.029084131504, "breakwaterd_a": 2.653894909394454, "breakwaterd_b": 10.464961069333993, "breakwaterd_client_expiration": 12818.21532275325, "breakwaterd_initial_credit": 330.37859822247174, "breakwaterd_slo": 76464.8098788107}}, {"target": 0.49826280568702297, "params": {"breakwater_a": 0.6371379049026473, "breakwater_b": 0.6674103799636817, "breakwater_client_expiration": 396.2617893507721, "breakwater_initial_credit": 286.81455444330766, "breakwater_slo": 25788.12185894402, "breakwaterd_a": 1.8319136200711683, "breakwaterd_b": 11.730258696201663, "breakwaterd_client_expiration": 10603.226385624806, "breakwaterd_initial_credit": 431.57601168694526, "breakwaterd_slo": 30234.773809627353}}, {"target": 0.46372215083798446, "params": {"breakwater_a": 1.6781296375837418, "breakwater_b": 0.5618661869375406, "breakwater_client_expiration": 1556.6829907588196, "breakwater_initial_credit": 308.22575669219566, "breakwater_slo": 33229.96385358711, "breakwaterd_a": 5.791300498866986, "breakwaterd_b": 10.866195919409007, "breakwaterd_client_expiration": 33065.84092412343, "breakwaterd_initial_credit": 488.3439539922507, "breakwaterd_slo": 45248.32443610734}}, {"target": -0.1532685363578894, "params": {"breakwater_a": 1.2178084399076785, "breakwater_b": 0.8607498396059589, "breakwater_client_expiration": 2338.3588904086446, "breakwater_initial_credit": 372.3007697054517, "breakwater_slo": 28630.073837958204, "breakwaterd_a": 1.2343272425884377, "breakwaterd_b": 14.360788765003045, "breakwaterd_client_expiration": 22363.000078658726, "breakwaterd_initial_credit": 478.5835331700164, "breakwaterd_slo": 53885.26384489543}}, {"target": 0.2877949722941933, "params": {"breakwater_a": 0.19903056983966705, "breakwater_b": 0.9498737325191445, "breakwater_client_expiration": 277.60002932748694, "breakwater_initial_credit": 75.40323490619012, "breakwater_slo": 36656.23148169264, "breakwaterd_a": 0.5388568522046233, "breakwaterd_b": 16.14451258178827, "breakwaterd_client_expiration": 10480.870072650581, "breakwaterd_initial_credit": 472.45086366899466, "breakwaterd_slo": 54282.321902435295}}]