[{"target": 0.8885194191232267, "params": {"latency_threshold": 1691.5591613892418, "price_step": 74.36704297351775, "price_update_rate": 18480.13790607767, "token_update_rate": 16801.612306910007}}, {"target": 0.8201133686325864, "params": {"latency_threshold": 1328.5989180828237, "price_step": 68.13047017599905, "price_update_rate": 13690.029126618083, "token_update_rate": 26861.417022680314}}, {"target": 1.0391803646204607, "params": {"latency_threshold": 2894.622005452985, "price_step": 44.50973669431999, "price_update_rate": 23960.02610439727, "token_update_rate": 16337.95267283423}}, {"target": 1.030244277826657, "params": {"latency_threshold": 1747.3292271724038, "price_step": 93.3036974463395, "price_update_rate": 3060.0456877387214, "token_update_rate": 3526.7496913446807}}, {"target": 0.4645453669378192, "params": {"latency_threshold": 158.6333525769446, "price_step": 84.93578609931441, "price_update_rate": 23566.545777545663, "token_update_rate": 26230.352299157756}}, {"target": 0.9784361105228653, "params": {"latency_threshold": 2937.993192475016, "price_step": 81.92427077950512, "price_update_rate": 14382.901505335023, "token_update_rate": 23635.34611230721}}, {"target": 0.559528431430443, "params": {"latency_threshold": 442.99583501990634, "price_step": 67.59289191947715, "price_update_rate": 5157.245334862346, "token_update_rate": 28395.39859443793}}, {"target": 0.9018026090080846, "params": {"latency_threshold": 1613.3601330752078, "price_step": 47.319574599147124, "price_update_rate": 8672.112751034183, "token_update_rate": 23452.776993592284}}, {"target": 0.8563047477429371, "params": {"latency_threshold": 1422.8359634279907, "price_step": 61.15905539817837, "price_update_rate": 1544.904212654299, "token_update_rate": 18911.429415200433}}, {"target": 0.9159751897680709, "params": {"latency_threshold": 1875.0775958950221, "price_step": 65.52405971872813, "price_update_rate": 28368.6942769241, "token_update_rate": 20772.788674001018}}, {"target": 0.8973413962288675, "params": {"latency_threshold": 1829.3310503321652, "price_step": 82.31889820493471, "price_update_rate": 20355.82786925277, "token_update_rate": 15860.303598328843}}, {"target": 1.0147627591256603, "params": {"latency_threshold": 1395.7209526639235, "price_step": 21.764915271570764, "price_update_rate": 19540.96091324055, "token_update_rate": 6111.824636217006}}, {"target": 1.016968526764012, "params": {"latency_threshold": 2823.715313185046, "price_step": 55.22653987520778, "price_update_rate": 24313.578189232085, "token_update_rate": 16482.275145242784}}, {"target": 0.9983421259576242, "params": {"latency_threshold": 2932.7321566857927, "price_step": 99.41395660079904, "price_update_rate": 24156.8028021105, "token_update_rate": 11223.164121450043}}, {"target": 0.9566295376130868, "params": {"latency_threshold": 1540.039844077195, "price_step": 24.33499873720261, "price_update_rate": 7845.841068945406, "token_update_rate": 4432.925578526301}}, {"target": 0.8529931914898927, "params": {"latency_threshold": 865.5206082739688, "price_step": 53.880358974795335, "price_update_rate": 2194.5746976521923, "token_update_rate": 8286.083898763547}}, {"target": 0.9897339234757395, "params": {"latency_threshold": 1802.803029727651, "price_step": 50.84760934147616, "price_update_rate": 27562.848305248695, "token_update_rate": 15667.388974385389}}, {"target": 0.6459762355975127, "params": {"latency_threshold": 751.4988235081545, "price_step": 31.29199956686911, "price_update_rate": 24047.88282753623, "token_update_rate": 28131.912993080736}}, {"target": 0.596002442332312, "params": {"latency_threshold": 471.6845775801182, "price_step": 82.52245360462558, "price_update_rate": 13807.193321030845, "token_update_rate": 25585.893691193152}}, {"target": 0.7071086360812474, "params": {"latency_threshold": 1871.5853110465011, "price_step": 69.4435015839601, "price_update_rate": 24419.268151579174, "token_update_rate": 13985.29528184353}}, {"target": 0.9137582655296772, "params": {"latency_threshold": 2951.0001254258855, "price_step": 98.61355170355422, "price_update_rate": 24200.18939928302, "token_update_rate": 11349.806703263008}}, {"target": 1.036205728745789, "params": {"latency_threshold": 1850.5299063153175, "price_step": 24.621431281556042, "price_update_rate": 2935.3596708783352, "token_update_rate": 3023.255784560374}}, {"target": 1.120853812750612, "params": {"latency_threshold": 2473.6306067705514, "price_step": 43.44852561832728, "price_update_rate": 27361.8996631423, "token_update_rate": 7097.896044338052}}, {"target": 0.95849884620226, "params": {"latency_threshold": 2958.9723884146288, "price_step": 49.15262342268769, "price_update_rate": 14335.762038832649, "token_update_rate": 23758.35469517834}}, {"target": 0.9981203337779885, "params": {"latency_threshold": 2834.0948402976146, "price_step": 58.43637144785886, "price_update_rate": 23922.993993959844, "token_update_rate": 16421.220996697135}}, {"target": 0.8763503036141639, "params": {"latency_threshold": 771.5389723167602, "price_step": 19.522517002619576, "price_update_rate": 11430.693125841524, "token_update_rate": 21421.109647542107}}, {"target": 1.068734428902472, "params": {"latency_threshold": 2719.821248189475, "price_step": 56.63304214569977, "price_update_rate": 23700.96500701646, "token_update_rate": 10725.826262261742}}, {"target": 1.0612438827430684, "params": {"latency_threshold": 2555.145491615946, "price_step": 68.19189978756194, "price_update_rate": 28019.176453693886, "token_update_rate": 6824.116695477754}}, {"target": 0.8359380737329437, "params": {"latency_threshold": 2269.7559869387287, "price_step": 12.888119162975311, "price_update_rate": 27862.705627166324, "token_update_rate": 7711.097048239745}}, {"target": 0.5398386751413047, "params": {"latency_threshold": 356.5605023356439, "price_step": 81.00671895889455, "price_update_rate": 3635.4340767193985, "token_update_rate": 26385.337663372196}}, {"target": 0.9887683451646828, "params": {"latency_threshold": 2500.780258780531, "price_step": 76.44444723328279, "price_update_rate": 27243.712609944232, "token_update_rate": 6080.253959117143}}, {"target": 0.879773991443615, "params": {"latency_threshold": 2877.492557135787, "price_step": 59.64987803756094, "price_update_rate": 26833.754069244245, "token_update_rate": 6940.652885184581}}, {"target": 1.121411469723959, "params": {"latency_threshold": 2742.975955729023, "price_step": 32.7721842525298, "price_update_rate": 24298.618165808984, "token_update_rate": 10046.964452353759}}, {"target": 0.9635733655716479, "params": {"latency_threshold": 1807.9023475948889, "price_step": 90.22512992492221, "price_update_rate": 27326.171738760706, "token_update_rate": 6832.545091212529}}, {"target": 0.9228912592982306, "params": {"latency_threshold": 1790.9442861171492, "price_step": 38.24435466338309, "price_update_rate": 10315.784326939562, "token_update_rate": 26936.785995672188}}, {"target": 0.9833142491616415, "params": {"latency_threshold": 2102.3196920740083, "price_step": 66.18272060070996, "price_update_rate": 24066.86782856469, "token_update_rate": 10205.20664015763}}, {"target": 1.0075504751932312, "params": {"latency_threshold": 2294.5233495756543, "price_step": 44.316099700492316, "price_update_rate": 24760.996032414794, "token_update_rate": 10590.593565604151}}, {"target": 0.6560658267761179, "params": {"latency_threshold": 428.97313503943434, "price_step": 49.50759565006207, "price_update_rate": 22738.89615708391, "token_update_rate": 29236.94013585487}}, {"target": 1.079576971982929, "params": {"latency_threshold": 2991.5747748029457, "price_step": 55.014823670828164, "price_update_rate": 23879.050650379268, "token_update_rate": 9270.664385375356}}, {"target": 0.9875392903267611, "params": {"latency_threshold": 2586.456064420843, "price_step": 99.4151903637914, "price_update_rate": 27919.713885967787, "token_update_rate": 6856.713312373541}}, {"target": 0.7772230104769214, "params": {"latency_threshold": 1274.665373925456, "price_step": 30.504343205125203, "price_update_rate": 21347.14746476791, "token_update_rate": 25463.749603180342}}, {"target": 0.9117608003827434, "params": {"latency_threshold": 2528.384479756983, "price_step": 51.367043849403146, "price_update_rate": 28516.89891152014, "token_update_rate": 6537.0119558859615}}, {"target": 0.98157038933198, "params": {"latency_threshold": 2512.1352700234033, "price_step": 40.65511489512914, "price_update_rate": 23855.777374590594, "token_update_rate": 9731.376099875873}}]