[{"target": 0.7150884249180873, "params": {"breakwater_a": 16.464409629684702, "breakwater_b": 0.07180374727086954, "breakwater_client_expiration": 3053.540542751055, "breakwater_initial_credit": 5494.343511669279, "breakwater_slo": 8530.730506844204, "breakwaterd_a": 6.458944671725431, "breakwaterd_b": 0.04432113391500656, "breakwaterd_client_expiration": 44642.76353871295, "breakwaterd_initial_credit": 192.76888933970483, "breakwaterd_slo": 197886.3442246311}}, {"target": -999999999.0, "params": {"breakwater_a": 23.751753225229557, "breakwater_b": 0.05336059705553755, "breakwater_client_expiration": 2883.418349360268, "breakwater_initial_credit": 9263.406719097344, "breakwater_slo": 1513.6175581379503, "breakwaterd_a": 0.8713021257224101, "breakwaterd_b": 0.0030016213465922465, "breakwaterd_client_expiration": 41714.68235462293, "breakwaterd_initial_credit": 155.85319343902026, "breakwaterd_slo": 436305.95264094137}}, {"target": -999999999.0, "params": {"breakwater_a": 29.358550480799497, "breakwater_b": 0.08011669785745563, "breakwater_client_expiration": 2361.248875039366, "breakwater_initial_credit": 7827.238845235909, "breakwater_slo": 2453.661074791771, "breakwaterd_a": 6.399213814065025, "breakwaterd_b": 0.015191975453495595, "breakwaterd_client_expiration": 47261.1113939544, "breakwaterd_initial_credit": 104.84781602826426, "breakwaterd_slo": 213184.35059535655}}, {"target": -999999999.0, "params": {"breakwater_a": 7.936675717582688, "breakwater_b": 0.07764913525398745, "breakwater_client_expiration": 2335.136627861088, "breakwater_initial_credit": 5727.49609379962, "breakwater_slo": 473.9170286834673, "breakwaterd_a": 6.1763587944038, "breakwaterd_b": 0.06159747654951973, "breakwaterd_client_expiration": 31038.232845300467, "breakwaterd_initial_credit": 188.8058676244102, "breakwaterd_slo": 344091.9465607069}}, {"target": -0.24451487221210555, "params": {"breakwater_a": 10.785243422134574, "breakwater_b": 0.044266163426134805, "breakwater_client_expiration": 3518.392860043598, "breakwater_initial_credit": 696.2321691297714, "breakwater_slo": 13368.657637368788, "breakwaterd_a": 6.706381989802898, "breakwaterd_b": 0.02182787354631025, "breakwaterd_client_expiration": 6881.851733915239, "breakwaterd_initial_credit": 63.770241833912586, "breakwaterd_slo": 188218.27776188508}}, {"target": 0.5424688045933302, "params": {"breakwater_a": 17.105907410568683, "breakwater_b": 0.04442154983276972, "breakwater_client_expiration": 4943.0318064902085, "breakwater_initial_credit": 1110.243626405478, "breakwater_slo": 4256.64744628721, "breakwaterd_a": 1.6131035657547839, "breakwaterd_b": 0.06565772422107445, "breakwaterd_client_expiration": 13037.934325719214, "breakwaterd_initial_credit": 93.79584379840495, "breakwaterd_slo": 129768.54008078534}}, {"target": 0.3860074660245423, "params": {"breakwater_a": 4.769095919669755, "breakwater_b": 0.011927138975266208, "breakwater_client_expiration": 3316.01498837984, "breakwater_initial_credit": 1468.0112183512767, "breakwater_slo": 4011.9889974330645, "breakwaterd_a": 3.6872580193579347, "breakwaterd_b": 0.08227832975494558, "breakwaterd_client_expiration": 5306.513151756533, "breakwaterd_initial_credit": 167.75103659226198, "breakwaterd_slo": 57088.2198680419}}, {"target": -0.39114924216438235, "params": {"breakwater_a": 29.293784185807223, "breakwater_b": 0.04739646896312246, "breakwater_client_expiration": 4886.129332132652, "breakwater_initial_credit": 6087.970645475955, "breakwater_slo": 14811.345230026203, "breakwaterd_a": 0.39188753066528426, "breakwaterd_b": 0.02899788929506455, "breakwaterd_client_expiration": 6449.729780051861, "breakwaterd_initial_credit": 59.93189930690684, "breakwaterd_slo": 68176.58228757959}}, {"target": 0.20875021869209723, "params": {"breakwater_a": 9.539502201987487, "breakwater_b": 0.04201203645695233, "breakwater_client_expiration": 414.3227321090434, "breakwater_initial_credit": 6955.473981763196, "breakwater_slo": 11375.368938710846, "breakwaterd_a": 2.653902255499545, "breakwaterd_b": 0.05280155729320327, "breakwaterd_client_expiration": 5150.055282542863, "breakwaterd_initial_credit": 115.61335261567967, "breakwaterd_slo": 465355.1368123449}}]