[{"target": 0.6434920470557082, "params": {"latency_threshold": 1691.5591613892418, "price_step": 74.36704297351775, "price_update_rate": 18480.13790607767, "token_update_rate": 16801.612306910007}}, {"target": 0.6743106393335069, "params": {"latency_threshold": 1328.5989180828237, "price_step": 68.13047017599905, "price_update_rate": 13690.029126618083, "token_update_rate": 26861.417022680314}}, {"target": 0.27592717845596343, "params": {"latency_threshold": 2894.622005452985, "price_step": 44.50973669431999, "price_update_rate": 23960.02610439727, "token_update_rate": 16337.95267283423}}, {"target": 0.01656816533271249, "params": {"latency_threshold": 1747.3292271724038, "price_step": 93.3036974463395, "price_update_rate": 3060.0456877387214, "token_update_rate": 3526.7496913446807}}, {"target": 0.4697470689086381, "params": {"latency_threshold": 158.6333525769446, "price_step": 84.93578609931441, "price_update_rate": 23566.545777545663, "token_update_rate": 26230.352299157756}}, {"target": 0.4773159433115456, "params": {"latency_threshold": 2937.993192475016, "price_step": 81.92427077950512, "price_update_rate": 14382.901505335023, "token_update_rate": 23635.34611230721}}, {"target": 0.5547657715421379, "params": {"latency_threshold": 442.99583501990634, "price_step": 67.59289191947715, "price_update_rate": 5157.245334862346, "token_update_rate": 28395.39859443793}}, {"target": 0.4914501628992339, "params": {"latency_threshold": 1613.3601330752078, "price_step": 47.319574599147124, "price_update_rate": 8672.112751034183, "token_update_rate": 23452.776993592284}}, {"target": 0.5797129436905659, "params": {"latency_threshold": 1422.8359634279907, "price_step": 61.15905539817837, "price_update_rate": 1544.904212654299, "token_update_rate": 18911.429415200433}}, {"target": 0.6476666834532342, "params": {"latency_threshold": 1875.0775958950221, "price_step": 65.52405971872813, "price_update_rate": 28368.6942769241, "token_update_rate": 20772.788674001018}}, {"target": 0.4613572552124691, "params": {"latency_threshold": 1829.3310503321652, "price_step": 82.31889820493471, "price_update_rate": 20355.82786925277, "token_update_rate": 15860.303598328843}}, {"target": -0.14505379520262845, "params": {"latency_threshold": 1395.7209526639235, "price_step": 21.764915271570764, "price_update_rate": 19540.96091324055, "token_update_rate": 6111.824636217006}}, {"target": -0.11190009211623905, "params": {"latency_threshold": 3000.0, "price_step": 10.0, "price_update_rate": 30000.0, "token_update_rate": 26097.129100533086}}, {"target": -0.5019975987568186, "params": {"latency_threshold": 2745.828244808699, "price_step": 35.51264651371629, "price_update_rate": 20337.135978201786, "token_update_rate": 3480.779782605318}}, {"target": 0.4657268672662407, "params": {"latency_threshold": 2553.3777080138752, "price_step": 76.75629993885596, "price_update_rate": 10989.158114936992, "token_update_rate": 17567.67013072986}}, {"target": 0.49388681074657687, "params": {"latency_threshold": 100.0, "price_step": 29.084234060610193, "price_update_rate": 22116.025985523294, "token_update_rate": 20934.486489347644}}, {"target": 0.5730730307136627, "params": {"latency_threshold": 1802.803029727651, "price_step": 50.84760934147616, "price_update_rate": 27562.848305248695, "token_update_rate": 15667.388974385389}}, {"target": 0.636028145395414, "params": {"latency_threshold": 751.4988235081545, "price_step": 31.29199956686911, "price_update_rate": 24047.88282753623, "token_update_rate": 28131.912993080736}}, {"target": 0.5564168187389185, "params": {"latency_threshold": 471.6845775801182, "price_step": 82.52245360462558, "price_update_rate": 13807.193321030845, "token_update_rate": 25585.893691193152}}, {"target": 0.6563885737451927, "params": {"latency_threshold": 204.01558769747118, "price_step": 48.06529219660027, "price_update_rate": 21655.051239678472, "token_update_rate": 28142.948988379903}}, {"target": 0.6763782789662217, "params": {"latency_threshold": 830.8305203114013, "price_step": 56.725453570175716, "price_update_rate": 16615.317764537846, "token_update_rate": 22166.878934935587}}, {"target": 0.3505201275187729, "params": {"latency_threshold": 2004.5230526298897, "price_step": 69.40488703130808, "price_update_rate": 9575.166743703665, "token_update_rate": 10565.426972531564}}, {"target": 0.04096358422806957, "params": {"latency_threshold": 3000.0, "price_step": 10.0, "price_update_rate": 30000.0, "token_update_rate": 30000.0}}, {"target": 0.5281265558547134, "params": {"latency_threshold": 2469.3987885772626, "price_step": 48.85557856661961, "price_update_rate": 14157.010154980819, "token_update_rate": 24584.601326698197}}, {"target": -0.45521799738973867, "params": {"latency_threshold": 2941.758012818615, "price_step": 64.78805798039255, "price_update_rate": 28597.244648875294, "token_update_rate": 2772.1126830873823}}, {"target": 0.47122456347224645, "params": {"latency_threshold": 771.5389723167602, "price_step": 19.522517002619576, "price_update_rate": 11430.693125841524, "token_update_rate": 21421.109647542107}}, {"target": 0.5596160235745965, "params": {"latency_threshold": 578.0748932916047, "price_step": 80.62300706954453, "price_update_rate": 30000.0, "token_update_rate": 30000.0}}, {"target": 0.4960463408635098, "params": {"latency_threshold": 2542.4653074464404, "price_step": 36.70573251753182, "price_update_rate": 18778.442904797488, "token_update_rate": 27404.813718138263}}, {"target": -1.3988192601917944, "params": {"latency_threshold": 3000.0, "price_step": 19.314848245452577, "price_update_rate": 29461.20365045173, "token_update_rate": 1000.0}}, {"target": -0.059199257390985666, "params": {"latency_threshold": 1482.807506198107, "price_step": 10.0, "price_update_rate": 15659.672333395678, "token_update_rate": 24641.770126184307}}, {"target": 0.510267417819781, "params": {"latency_threshold": 1505.897381441776, "price_step": 35.506479389072055, "price_update_rate": 5971.802178491077, "token_update_rate": 24252.2428311687}}, {"target": 0.6097489221555774, "params": {"latency_threshold": 795.9529852831183, "price_step": 25.641253048217038, "price_update_rate": 6377.099567096467, "token_update_rate": 15531.279139914881}}, {"target": 0.4343924734057103, "params": {"latency_threshold": 1430.2155279679673, "price_step": 64.31461761709765, "price_update_rate": 7654.2188365806005, "token_update_rate": 6600.516601616034}}]