[{"target": -999999999.0, "params": {"breakwater_a": 8.34044009405148, "breakwater_b": 1.4406489868843162, "breakwater_client_expiration": 0.5718740867244332, "breakwater_initial_credit": 605.3628126910477, "breakwater_rtt": 2935.117816342261, "breakwater_slo": 1937.5380358990762}}, {"target": -999999999.0, "params": {"breakwater_a": 3.725204227553418, "breakwater_b": 0.6911214540860955, "breakwater_client_expiration": 1983.8373711533497, "breakwater_initial_credit": 1078.0946512727105, "breakwater_rtt": 8383.890288065895, "breakwater_slo": 13735.868057895514}}, {"target": -999999999.0, "params": {"breakwater_a": 4.089044994630349, "breakwater_b": 1.7562348727818908, "breakwater_client_expiration": 136.9379659896308, "breakwater_initial_credit": 1341.264552846626, "breakwater_rtt": 8346.09604734254, "breakwater_slo": 11217.927586070458}}, {"target": -999999999.0, "params": {"breakwater_a": 2.8077387719046754, "breakwater_b": 0.3962029781697576, "breakwater_client_expiration": 4003.722843377683, "breakwater_initial_credit": 1936.5548898630757, "breakwater_rtt": 6268.483563184856, "breakwater_slo": 13877.22005181935}}, {"target": -999999999.0, "params": {"breakwater_a": 17.527783045920767, "breakwater_b": 1.7892133270076946, "breakwater_client_expiration": 425.22105684888953, "breakwater_initial_credit": 79.07051168253184, "breakwater_rtt": 3396.608391291378, "breakwater_slo": 17575.03581824532}}, {"target": -999999999.0, "params": {"breakwater_a": 1.966936676661002, "breakwater_b": 0.8422152500101043, "breakwater_client_expiration": 4789.44765075251, "breakwater_initial_credit": 1066.7974046610611, "breakwater_rtt": 13837.542279009467, "breakwater_slo": 6378.7610570206525}}, {"target": -999999999.0, "params": {"breakwater_a": 13.730018553631673, "breakwater_b": 1.6692513437947458, "breakwater_client_expiration": 91.44138672095903, "breakwater_initial_credit": 1500.5384855749899, "breakwater_rtt": 19777.221778129893, "breakwater_slo": 14988.496522158805}}, {"target": -999999999.0, "params": {"breakwater_a": 5.608879841288104, "breakwater_b": 1.578558656902977, "breakwater_client_expiration": 516.1300328882102, "breakwater_initial_credit": 896.3391588256344, "breakwater_rtt": 18171.910061861912, "breakwater_slo": 5942.921552636222}}, {"target": -999999999.0, "params": {"breakwater_a": 5.755506771726974, "breakwater_b": 0.26005714423655535, "breakwater_client_expiration": 96.83478935148537, "breakwater_initial_credit": 1357.992230346842, "breakwater_rtt": 4232.5623200011805, "breakwater_slo": 5384.378521507301}}, {"target": -999999999.0, "params": {"breakwater_a": 9.831463185606765, "breakwater_b": 0.10672509023416077, "breakwater_client_expiration": 2870.5880274600654, "breakwater_initial_credit": 294.3104212367145, "breakwater_rtt": 11786.110738065685, "breakwater_slo": 14025.19136441653}}, {"target": -999999999.0, "params": {"breakwater_a": 11.228577611147019, "breakwater_b": 0.7507479522010945, "breakwater_client_expiration": 2394.485158473913, "breakwater_initial_credit": 1122.9309073217646, "breakwater_rtt": 2755.213848530631, "breakwater_slo": 12925.874479347869}}, {"target": -999999999.0, "params": {"breakwater_a": 11.276003213405307, "breakwater_b": 1.3467135629100018, "breakwater_client_expiration": 4932.13133672842, "breakwater_initial_credit": 1214.078585524529, "breakwater_rtt": 19901.975943638878, "breakwater_slo": 251.24970777761848}}, {"target": -999999999.0, "params": {"breakwater_a": 5.624204721145219, "breakwater_b": 0.9740774584923411, "breakwater_client_expiration": 4312.863853335072, "breakwater_initial_credit": 1581.1677717009754, "breakwater_rtt": 77.49080954768006, "breakwater_slo": 610.7408047458807}}, {"target": -999999999.0, "params": {"breakwater_a": 11.944910791285848, "breakwater_b": 1.9170404434453001, "breakwater_client_expiration": 4724.834897713019, "breakwater_initial_credit": 955.2413637565801, "breakwater_rtt": 19447.901638283718, "breakwater_slo": 19768.736594858026}}, {"target": -999999999.0, "params": {"breakwater_a": 11.391968665501542, "breakwater_b": 0.5065797536735357, "breakwater_client_expiration": 4954.846699019928, "breakwater_initial_credit": 1353.3486584141626, "breakwater_rtt": 162.3434879929153, "breakwater_slo": 19603.58271838981}}, {"target": -999999999.0, "params": {"breakwater_a": 11.034010022543887, "breakwater_b": 1.621413652643006, "breakwater_client_expiration": 4920.078418458047, "breakwater_initial_credit": 467.5808175883269, "breakwater_rtt": 10420.03277866246, "breakwater_slo": 209.2412180455328}}, {"target": -999999999.0, "params": {"breakwater_a": 16.536617728368824, "breakwater_b": 1.2504781185959932, "breakwater_client_expiration": 184.1615498532423, "breakwater_initial_credit": 1940.4101725731819, "breakwater_rtt": 606.5256469837177, "breakwater_slo": 19424.934949633905}}, {"target": -999999999.0, "params": {"breakwater_a": 0.09234388041268637, "breakwater_b": 1.6420264012065484, "breakwater_client_expiration": 2562.261781735911, "breakwater_initial_credit": 1073.8159839912814, "breakwater_rtt": 14767.943554983549, "breakwater_slo": 18910.609475756984}}, {"target": -999999999.0, "params": {"breakwater_a": 11.502872950201573, "breakwater_b": 1.0645392449630808, "breakwater_client_expiration": 96.8188655492025, "breakwater_initial_credit": 113.88366082799119, "breakwater_rtt": 19963.313620220935, "breakwater_slo": 19632.42116989175}}, {"target": -999999999.0, "params": {"breakwater_a": 19.843457742086162, "breakwater_b": 1.9321354483005888, "breakwater_client_expiration": 61.113002565939546, "breakwater_initial_credit": 1910.9508469454229, "breakwater_rtt": 11596.272628437779, "breakwater_slo": 326.08885230372664}}, {"target": -999999999.0, "params": {"breakwater_a": 19.77682818935434, "breakwater_b": 1.4918584679003895, "breakwater_client_expiration": 1612.8552472815088, "breakwater_initial_credit": 749.1093857254816, "breakwater_rtt": 6522.97121762113, "breakwater_slo": 11657.79681942527}}, {"target": -999999999.0, "params": {"breakwater_a": 5.749002231445431, "breakwater_b": 0.5442358274774786, "breakwater_client_expiration": 163.3531871189986, "breakwater_initial_credit": 250.44457192333243, "breakwater_rtt": 19444.98432879513, "breakwater_slo": 196.69508818531386}}, {"target": -999999999.0, "params": {"breakwater_a": 17.478527502846962, "breakwater_b": 1.984467942887157, "breakwater_client_expiration": 1942.6490103155147, "breakwater_initial_credit": 1726.144269779342, "breakwater_rtt": 15830.590001903105, "breakwater_slo": 14525.730236087598}}, {"target": -999999999.0, "params": {"breakwater_a": 0.3016988210171778, "breakwater_b": 1.8534709647451633, "breakwater_client_expiration": 4749.239939232657, "breakwater_initial_credit": 38.749580763112455, "breakwater_rtt": 120.96743117256281, "breakwater_slo": 8829.010780404993}}, {"target": -999999999.0, "params": {"breakwater_a": 11.20164630556524, "breakwater_b": 1.1791247016355608, "breakwater_client_expiration": 3624.003630903277, "breakwater_initial_credit": 1517.40891038594, "breakwater_rtt": 8733.619147997164, "breakwater_slo": 13241.857551831627}}, {"target": -999999999.0, "params": {"breakwater_a": 8.356376357806496, "breakwater_b": 0.753897265047214, "breakwater_client_expiration": 3783.4206070253167, "breakwater_initial_credit": 25.31517709294832, "breakwater_rtt": 19019.206674767607, "breakwater_slo": 18128.28142747691}}, {"target": -999999999.0, "params": {"breakwater_a": 16.633878623290173, "breakwater_b": 0.014724756454785437, "breakwater_client_expiration": 195.90855462360278, "breakwater_initial_credit": 1615.8381097694103, "breakwater_rtt": 1807.766695688442, "breakwater_slo": 15152.98032532664}}, {"target": -999999999.0, "params": {"breakwater_a": 7.381527883919146, "breakwater_b": 0.08989459581053083, "breakwater_client_expiration": 1074.4984257128287, "breakwater_initial_credit": 1244.703982837827, "breakwater_rtt": 10224.44407897582, "breakwater_slo": 19435.202655499197}}, {"target": -999999999.0, "params": {"breakwater_a": 1.0954563772228676, "breakwater_b": 1.2336963022895218, "breakwater_client_expiration": 1213.0156955921284, "breakwater_initial_credit": 482.02914611906243, "breakwater_rtt": 11684.717574680397, "breakwater_slo": 2517.843393310708}}, {"target": -999999999.0, "params": {"breakwater_a": 8.35836361402037, "breakwater_b": 0.6095203626650545, "breakwater_client_expiration": 3546.0031297849014, "breakwater_initial_credit": 119.62542632180832, "breakwater_rtt": 2956.448993756018, "breakwater_slo": 3509.207902990523}}, {"target": -999999999.0, "params": {"breakwater_a": 0.2895180150248522, "breakwater_b": 1.2813105474595612, "breakwater_client_expiration": 82.6284382855358, "breakwater_initial_credit": 1776.1414339205649, "breakwater_rtt": 18779.319052122937, "breakwater_slo": 4618.573999263251}}, {"target": -999999999.0, "params": {"breakwater_a": 16.858380278430246, "breakwater_b": 0.7654575199929288, "breakwater_client_expiration": 4988.207519250174, "breakwater_initial_credit": 248.16122931278522, "breakwater_rtt": 8449.132166917561, "breakwater_slo": 17228.090433275665}}, {"target": -999999999.0, "params": {"breakwater_a": 9.66808227454984, "breakwater_b": 1.5207634843425957, "breakwater_client_expiration": 4055.198338738721, "breakwater_initial_credit": 1562.201108388585, "breakwater_rtt": 17520.32915977042, "breakwater_slo": 14270.151802032677}}]