[{"target": -999999999.0, "params": {"breakwater_a": 8.34044009405148, "breakwater_b": 1.4406489868843162, "breakwater_client_expiration": 0.5718740867244332, "breakwater_initial_credit": 605.3628126910477, "breakwater_rtt": 2935.117816342261, "breakwater_slo": 1937.5380358990762}}, {"target": -999999999.0, "params": {"breakwater_a": 3.725204227553418, "breakwater_b": 0.6911214540860955, "breakwater_client_expiration": 1983.8373711533497, "breakwater_initial_credit": 1078.0946512727105, "breakwater_rtt": 8383.890288065895, "breakwater_slo": 13735.868057895514}}, {"target": -999999999.0, "params": {"breakwater_a": 4.089044994630349, "breakwater_b": 1.7562348727818908, "breakwater_client_expiration": 136.9379659896308, "breakwater_initial_credit": 1341.264552846626, "breakwater_rtt": 8346.09604734254, "breakwater_slo": 11217.927586070458}}, {"target": -999999999.0, "params": {"breakwater_a": 2.8077387719046754, "breakwater_b": 0.3962029781697576, "breakwater_client_expiration": 4003.722843377683, "breakwater_initial_credit": 1936.5548898630757, "breakwater_rtt": 6268.483563184856, "breakwater_slo": 13877.22005181935}}, {"target": -999999999.0, "params": {"breakwater_a": 17.527783045920767, "breakwater_b": 1.7892133270076946, "breakwater_client_expiration": 425.22105684888953, "breakwater_initial_credit": 79.07051168253184, "breakwater_rtt": 3396.608391291378, "breakwater_slo": 17575.03581824532}}, {"target": -999999999.0, "params": {"breakwater_a": 1.966936676661002, "breakwater_b": 0.8422152500101043, "breakwater_client_expiration": 4789.44765075251, "breakwater_initial_credit": 1066.7974046610611, "breakwater_rtt": 13837.542279009467, "breakwater_slo": 6378.7610570206525}}, {"target": -999999999.0, "params": {"breakwater_a": 13.730018553631673, "breakwater_b": 1.6692513437947458, "breakwater_client_expiration": 91.44138672095903, "breakwater_initial_credit": 1500.5384855749899, "breakwater_rtt": 19777.221778129893, "breakwater_slo": 14988.496522158805}}, {"target": -999999999.0, "params": {"breakwater_a": 5.608879841288104, "breakwater_b": 1.578558656902977, "breakwater_client_expiration": 516.1300328882102, "breakwater_initial_credit": 896.3391588256344, "breakwater_rtt": 18171.910061861912, "breakwater_slo": 5942.921552636222}}, {"target": -999999999.0, "params": {"breakwater_a": 5.755506771726974, "breakwater_b": 0.26005714423655535, "breakwater_client_expiration": 96.83478935148537, "breakwater_initial_credit": 1357.992230346842, "breakwater_rtt": 4232.5623200011805, "breakwater_slo": 5384.378521507301}}, {"target": -999999999.0, "params": {"breakwater_a": 9.831463185606765, "breakwater_b": 0.10672509023416077, "breakwater_client_expiration": 2870.5880274600654, "breakwater_initial_credit": 294.3104212367145, "breakwater_rtt": 11786.110738065685, "breakwater_slo": 14025.19136441653}}, {"target": -999999999.0, "params": {"breakwater_a": 11.228577611147019, "breakwater_b": 0.7507479522010945, "breakwater_client_expiration": 2394.485158473913, "breakwater_initial_credit": 1122.9309073217646, "breakwater_rtt": 2755.213848530631, "breakwater_slo": 12925.874479347869}}]