[{"target": -999999999.0, "params": {"breakwater_a": 1.0976270078546495, "breakwater_b": 0.7151893663724195, "breakwater_client_expiration": 1808.68736483886, "breakwater_initial_credit": 218.40839001576185, "breakwater_slo": 28473.095986778095, "breakwaterd_a": 6.458941130666561, "breakwaterd_b": 8.75174422525385, "breakwaterd_client_expiration": 36753.19002346239, "breakwaterd_initial_credit": 485.4651042004117, "breakwaterd_slo": 49172.07594128889}}, {"target": 0.4446346299326684, "params": {"breakwater_a": 1.5834500761653292, "breakwater_b": 0.5288949197529045, "breakwater_client_expiration": 1704.565638720703, "breakwater_initial_credit": 370.31305867877177, "breakwater_slo": 21420.72116395774, "breakwaterd_a": 0.8712929970154071, "breakwaterd_b": 0.4043679488065144, "breakwaterd_client_expiration": 34978.59536643814, "breakwaterd_initial_credit": 411.2627003799402, "breakwaterd_slo": 73500.60741234096}}, {"target": 0.47214310602032494, "params": {"breakwater_a": 1.957236684465528, "breakwater_b": 0.7991585642167236, "breakwater_client_expiration": 1384.9766073965427, "breakwater_initial_credit": 312.43114133829573, "breakwater_slo": 22365.488517378664, "breakwaterd_a": 6.399210213275238, "breakwaterd_b": 2.867065748180928, "breakwaterd_client_expiration": 38340.06751148752, "breakwaterd_initial_credit": 308.73932870002864, "breakwaterd_slo": 50733.096999526184}}, {"target": -999999999.0, "params": {"breakwater_a": 0.5291112242092539, "breakwater_b": 0.7742336894342167, "breakwater_client_expiration": 1368.9948463174292, "breakwater_initial_credit": 227.80514559859074, "breakwater_slo": 20375.796008727102, "breakwaterd_a": 6.176354970758771, "breakwaterd_b": 12.241914454448429, "breakwaterd_client_expiration": 28508.01990624271, "breakwaterd_initial_credit": 477.4992314058497, "breakwaterd_slo": 64091.01495517417}}, {"target": -999999999.0, "params": {"breakwater_a": 0.719015801147572, "breakwater_b": 0.43703195379934145, "breakwater_client_expiration": 2093.1959565858674, "breakwater_initial_credit": 25.029963180078663, "breakwater_slo": 33335.334308913356, "breakwaterd_a": 6.706378696181594, "breakwaterd_b": 4.207651221476818, "breakwaterd_client_expiration": 13867.7889296456, "breakwaterd_initial_credit": 226.17134036967354, "breakwaterd_slo": 48185.53854713113}}, {"target": 0.3601318573728439, "params": {"breakwater_a": 1.1403935408357593, "breakwater_b": 0.43860151346232035, "breakwater_client_expiration": 2965.1331403396193, "breakwater_initial_credit": 41.7158794884632, "breakwater_slo": 24177.535121896693, "breakwaterd_a": 1.6130951788499626, "breakwaterd_b": 13.062166509307968, "breakwaterd_client_expiration": 17598.748076193464, "breakwaterd_initial_credit": 286.5243091425225, "breakwaterd_slo": 42221.27960008014}}, {"target": -999999999.0, "params": {"breakwater_a": 0.31793916729103944, "breakwater_b": 0.11037514116430513, "breakwater_client_expiration": 1969.332438806355, "breakwater_initial_credit": 56.13499758809691, "breakwater_slo": 23931.64723360107, "breakwaterd_a": 3.687251706609641, "breakwaterd_b": 16.419864596958703, "breakwaterd_client_expiration": 12913.038273791837, "breakwaterd_initial_credit": 435.1779629995216, "breakwaterd_slo": 34804.92039469815}}, {"target": -999999999.0, "params": {"breakwater_a": 1.9529189300267915, "breakwater_b": 0.4686512016477016, "breakwater_client_expiration": 2930.306503482821, "breakwater_initial_credit": 242.33336237827334, "breakwater_slo": 34785.27158796603, "breakwaterd_a": 0.39187792254320675, "breakwaterd_b": 5.656139251528192, "breakwaterd_client_expiration": 13605.896836395066, "breakwaterd_initial_credit": 218.45607900885796, "breakwaterd_slo": 35936.3859477122}}, {"target": -999999999.0, "params": {"breakwater_a": 0.635966358787952, "breakwater_b": 0.41426299451466997, "breakwater_client_expiration": 193.3783415500043, "breakwater_initial_credit": 277.2963756286379, "breakwater_slo": 31332.029084131504, "breakwaterd_a": 2.653894909394454, "breakwaterd_b": 10.464961069333993, "breakwaterd_client_expiration": 12818.21532275325, "breakwaterd_initial_credit": 330.37859822247174, "breakwaterd_slo": 76464.8098788107}}, {"target": -999999999.0, "params": {"breakwater_a": 0.6371379049026473, "breakwater_b": 0.6674103799636817, "breakwater_client_expiration": 396.2617893507721, "breakwater_initial_credit": 286.81455444330766, "breakwater_slo": 25788.12185894402, "breakwaterd_a": 1.8319136200711683, "breakwaterd_b": 11.730258696201663, "breakwaterd_client_expiration": 10603.226385624806, "breakwaterd_initial_credit": 431.57601168694526, "breakwaterd_slo": 30234.773809627353}}, {"target": -999999999.0, "params": {"breakwater_a": 1.6781296375837418, "breakwater_b": 0.5618661869375406, "breakwater_client_expiration": 1556.6829907588196, "breakwater_initial_credit": 308.22575669219566, "breakwater_slo": 33229.96385358711, "breakwaterd_a": 5.791300498866986, "breakwaterd_b": 10.866195919409007, "breakwaterd_client_expiration": 33065.84092412343, "breakwaterd_initial_credit": 488.3439539922507, "breakwaterd_slo": 45248.32443610734}}, {"target": -999999999.0, "params": {"breakwater_a": 1.2178084399076785, "breakwater_b": 0.8607498396059589, "breakwater_client_expiration": 2338.3588904086446, "breakwater_initial_credit": 372.3007697054517, "breakwater_slo": 28630.073837958204, "breakwaterd_a": 1.2343272425884377, "breakwaterd_b": 14.360788765003045, "breakwaterd_client_expiration": 22363.000078658726, "breakwaterd_initial_credit": 478.5835331700164, "breakwaterd_slo": 53885.26384489543}}, {"target": -999999999.0, "params": {"breakwater_a": 0.19903056983966705, "breakwater_b": 0.9498737325191445, "breakwater_client_expiration": 277.60002932748694, "breakwater_initial_credit": 75.40323490619012, "breakwater_slo": 36656.23148169264, "breakwaterd_a": 0.5388568522046233, "breakwaterd_b": 16.14451258178827, "breakwaterd_client_expiration": 10480.870072650581, "breakwaterd_initial_credit": 472.45086366899466, "breakwaterd_slo": 54282.321902435295}}, {"target": 0.2071010946831539, "params": {"breakwater_a": 0.4778333380812927, "breakwater_b": 0.33612185153733354, "breakwater_client_expiration": 2754.475793078376, "breakwater_initial_credit": 266.16045289788707, "breakwater_slo": 38354.73882952653, "breakwaterd_a": 0.060435955007118736, "breakwaterd_b": 2.8479009537062594, "breakwaterd_client_expiration": 27631.45220620449, "breakwaterd_initial_credit": 152.6606002186427, "breakwaterd_slo": 37006.87115277133}}, {"target": -999999999.0, "params": {"breakwater_a": 1.9999999998400413, "breakwater_b": 0.9999999999200206, "breakwater_client_expiration": 1568.3985753451736, "breakwater_initial_credit": 307.91705507126716, "breakwater_slo": 25525.53380436405, "breakwaterd_a": 10.0, "breakwaterd_b": 20.0, "breakwaterd_client_expiration": 10000.0, "breakwaterd_initial_credit": 476.5433834268624, "breakwaterd_slo": 33521.712871939744}}, {"target": -999999999.0, "params": {"breakwater_a": 0.018838017549712892, "breakwater_b": 1.0, "breakwater_client_expiration": 1.0, "breakwater_initial_credit": 1.0, "breakwater_slo": 29265.71639076129, "breakwaterd_a": 0.0, "breakwaterd_b": 19.811619813559215, "breakwaterd_client_expiration": 31692.228335312648, "breakwaterd_initial_credit": 500.0, "breakwaterd_slo": 36921.54863416235}}, {"target": -999999999.0, "params": {"breakwater_a": 0.21946536615428958, "breakwater_b": 0.8590864494065832, "breakwater_client_expiration": 1379.4786834219378, "breakwater_initial_credit": 234.41258168430414, "breakwater_slo": 22950.037099429243, "breakwaterd_a": 3.9635590867251667, "breakwaterd_b": 9.777602997782886, "breakwaterd_client_expiration": 38670.43933771382, "breakwaterd_initial_credit": 322.508660055486, "breakwaterd_slo": 50037.791009163106}}, {"target": -999999999.0, "params": {"breakwater_a": 1.0396709496035748, "breakwater_b": 0.5274736455806208, "breakwater_client_expiration": 962.6167389425706, "breakwater_initial_credit": 276.41814894909703, "breakwater_slo": 30613.85221691669, "breakwaterd_a": 9.990147460774574, "breakwaterd_b": 3.5809835201324303, "breakwaterd_client_expiration": 36897.604066315806, "breakwaterd_initial_credit": 469.5457533745019, "breakwaterd_slo": 64596.04747360912}}, {"target": -999999999.0, "params": {"breakwater_a": 0.6342121221399146, "breakwater_b": 0.31060281115843147, "breakwater_client_expiration": 795.9578803055136, "breakwater_initial_credit": 285.3506380006652, "breakwater_slo": 39886.6847358308, "breakwaterd_a": 8.939112479005296, "breakwaterd_b": 17.2137399842909, "breakwaterd_client_expiration": 29293.73759350226, "breakwaterd_initial_credit": 496.57552394110644, "breakwaterd_slo": 58994.487927194095}}, {"target": 0.0953584802117411, "params": {"breakwater_a": 0.5084535655519493, "breakwater_b": 0.6643608951437356, "breakwater_client_expiration": 950.8124487170397, "breakwater_initial_credit": 64.2839744647876, "breakwater_slo": 36872.58876238293, "breakwaterd_a": 7.111294486489888, "breakwaterd_b": 7.105086195428019, "breakwaterd_client_expiration": 19641.283927845754, "breakwaterd_initial_credit": 459.27302600948263, "breakwaterd_slo": 59266.92943887581}}, {"target": -0.19750545417376353, "params": {"breakwater_a": 0.35911028932420597, "breakwater_b": 0.06446766382924163, "breakwater_client_expiration": 2859.0160945844805, "breakwater_initial_credit": 316.5748258276445, "breakwater_slo": 29966.72885220198, "breakwaterd_a": 9.912272875418958, "breakwaterd_b": 0.5911270466194973, "breakwaterd_client_expiration": 16052.76260606139, "breakwaterd_initial_credit": 147.64883082417737, "breakwaterd_slo": 64773.10102457282}}, {"target": -999999999.0, "params": {"breakwater_a": 0.967797428098232, "breakwater_b": 0.2340009718684919, "breakwater_client_expiration": 2116.7040568085176, "breakwater_initial_credit": 104.7039657272081, "breakwater_slo": 35438.687090122294, "breakwaterd_a": 4.343221733664608, "breakwaterd_b": 13.078422570079267, "breakwaterd_client_expiration": 22822.570521789574, "breakwaterd_initial_credit": 319.3706096739577, "breakwaterd_slo": 59208.659122435565}}, {"target": -999999999.0, "params": {"breakwater_a": 1.7133103485874803, "breakwater_b": 0.8488402632305738, "breakwater_client_expiration": 1099.4613161538039, "breakwater_initial_credit": 61.985794330890066, "breakwater_slo": 33004.439460149115, "breakwaterd_a": 3.690167873048517, "breakwaterd_b": 14.145820887158393, "breakwaterd_client_expiration": 16237.490858149073, "breakwaterd_initial_credit": 241.60767482417816, "breakwaterd_slo": 68121.36451772522}}, {"target": -999999999.0, "params": {"breakwater_a": 1.1691773345904104, "breakwater_b": 0.919103904439335, "breakwater_client_expiration": 1964.7899830185809, "breakwater_initial_credit": 92.8660372057347, "breakwater_slo": 23800.98927517112, "breakwaterd_a": 3.6474496314969107, "breakwaterd_b": 11.888806202267618, "breakwaterd_client_expiration": 18004.002645759432, "breakwaterd_initial_credit": 460.9921221783217, "breakwaterd_slo": 38553.91862329023}}, {"target": -999999999.0, "params": {"breakwater_a": 1.7969998089061148, "breakwater_b": 0.46383961352407077, "breakwater_client_expiration": 2975.018307878012, "breakwater_initial_credit": 188.11244817122895, "breakwater_slo": 31024.4535022927, "breakwaterd_a": 8.912444472779969, "breakwaterd_b": 15.140514947835225, "breakwaterd_client_expiration": 12043.016978381902, "breakwaterd_initial_credit": 218.470906650097, "breakwaterd_slo": 59791.88298995131}}, {"target": -999999999.0, "params": {"breakwater_a": 1.6938745250923446, "breakwater_b": 0.6448361309736581, "breakwater_client_expiration": 1555.566228449293, "breakwater_initial_credit": 297.86199584634835, "breakwater_slo": 31167.633074885685, "breakwaterd_a": 8.867587857080878, "breakwaterd_b": 12.15947208224527, "breakwaterd_client_expiration": 27009.326483474742, "breakwaterd_initial_credit": 319.1218519474138, "breakwaterd_slo": 68025.91928033176}}, {"target": 0.6626602086071882, "params": {"breakwater_a": 0.0, "breakwater_b": 0.2746104193844833, "breakwater_client_expiration": 3000.0, "breakwater_initial_credit": 400.0, "breakwater_slo": 40000.0, "breakwaterd_a": 9.655832137389346, "breakwaterd_b": 10.600750939550085, "breakwaterd_client_expiration": 28139.04951425631, "breakwaterd_initial_credit": 100.0, "breakwaterd_slo": 33499.71030413779}}, {"target": -999999999.0, "params": {"breakwater_a": 0.7956885167694334, "breakwater_b": 0.2894479737320189, "breakwater_client_expiration": 2060.0261905733923, "breakwater_initial_credit": 370.5989960976863, "breakwater_slo": 23509.610697031887, "breakwaterd_a": 2.8397334385680795, "breakwaterd_b": 18.498237213011098, "breakwaterd_client_expiration": 26130.74725464051, "breakwaterd_initial_credit": 202.48681299407983, "breakwaterd_slo": 40495.10367491629}}, {"target": -999999999.0, "params": {"breakwater_a": 0.6413117930414916, "breakwater_b": 0.38778841129122865, "breakwater_client_expiration": 2271.7258953498217, "breakwater_initial_credit": 379.5473263966367, "breakwater_slo": 34223.08308698856, "breakwaterd_a": 1.0103177965839427, "breakwaterd_b": 17.55061949625644, "breakwaterd_client_expiration": 12296.923817761686, "breakwaterd_initial_credit": 485.9030997294843, "breakwaterd_slo": 36241.12998671378}}, {"target": 0.4586230930914669, "params": {"breakwater_a": 1.0070535219271886, "breakwater_b": 0.7555561032646703, "breakwater_client_expiration": 2441.703358169894, "breakwater_initial_credit": 60.51271751997276, "breakwater_slo": 29955.55273180223, "breakwaterd_a": 3.1659739273029865, "breakwaterd_b": 4.140061768481351, "breakwaterd_client_expiration": 26975.616612986574, "breakwaterd_initial_credit": 249.42382930612266, "breakwaterd_slo": 58564.69894568309}}, {"target": -999999999.0, "params": {"breakwater_a": 1.2681271456534182, "breakwater_b": 0.11711565817882996, "breakwater_client_expiration": 739.8997112264451, "breakwater_initial_credit": 120.2240928610142, "breakwater_slo": 33419.063784247104, "breakwaterd_a": 5.58190067644897, "breakwaterd_b": 0.3986039379402784, "breakwaterd_client_expiration": 11648.272274817644, "breakwaterd_initial_credit": 133.1303271164337, "breakwaterd_slo": 56017.64428640835}}, {"target": -999999999.0, "params": {"breakwater_a": 1.4221884901103805, "breakwater_b": 0.47499265336705787, "breakwater_client_expiration": 425.41687239666874, "breakwater_initial_credit": 1.3652325817895221, "breakwater_slo": 25610.19564340068, "breakwaterd_a": 7.239143055709615, "breakwaterd_b": 11.799646397102588, "breakwaterd_client_expiration": 20110.817988660565, "breakwaterd_initial_credit": 197.66535069115378, "breakwaterd_slo": 78665.65324330237}}, {"target": -999999999.0, "params": {"breakwater_a": 0.7086189994938513, "breakwater_b": 0.008159470498322401, "breakwater_client_expiration": 2559.697590383548, "breakwater_initial_credit": 93.42212134321537, "breakwater_slo": 40000.0, "breakwaterd_a": 0.5207267365225927, "breakwaterd_b": 2.3567021039085145, "breakwaterd_client_expiration": 27149.243150010552, "breakwaterd_initial_credit": 100.21536050477425, "breakwaterd_slo": 35435.08546228399}}]