[{"target": 0.2980403721828366, "params": {"latency_threshold": 1100.8528112861777, "price_step": 60.42271454095107, "price_update_rate": 1003.3168697030017, "token_update_rate": 11046.651452636796}}, {"target": -0.23887260060738577, "params": {"latency_threshold": 452.2141379610713, "price_step": 16.463701633815845, "price_update_rate": 6401.546129952456, "token_update_rate": 11911.214540860954}}, {"target": 0.27131596313743456, "params": {"latency_threshold": 1052.2419381536079, "price_step": 47.71717138023499, "price_update_rate": 13156.64091769555, "token_update_rate": 18704.390007935188}}, {"target": -0.2958377904808013, "params": {"latency_threshold": 590.6853993556418, "price_step": 71.46822054736617, "price_update_rate": 1794.240202739859, "token_update_rate": 18409.350203568043}}, {"target": 0.17812629052445345, "params": {"latency_threshold": 1101.5315256811048, "price_step": 49.108287991202616, "price_update_rate": 5071.221219261779, "token_update_rate": 8962.029781697576}}, {"target": -0.3094191316884617, "params": {"latency_threshold": 2021.786964821288, "price_step": 77.77831030035783, "price_update_rate": 10089.301166618043, "token_update_rate": 18846.452313386282}}, {"target": 0.08762635096470271, "params": {"latency_threshold": 2203.333965510492, "price_step": 72.62246644526931, "price_update_rate": 3466.2821297235596, "token_update_rate": 5781.095664657647}}, {"target": 0.4171123260325561, "params": {"latency_threshold": 507.59300695496535, "price_step": 71.46997524005891, "price_update_rate": 3852.058181158453, "token_update_rate": 13422.152500101043}}, {"target": 0.05208946454287634, "params": {"latency_threshold": 2398.9348723612047, "price_step": 47.3215699481112, "price_update_rate": 21064.436304563726, "token_update_rate": 11310.312620121258}}, {"target": 0.3135442973621215, "params": {"latency_threshold": 1747.6022264358007, "price_step": 68.42379703281611, "price_update_rate": 1530.3600429815624, "token_update_rate": 20002.88629889935}}, {"target": 0.08012668073586038, "params": {"latency_threshold": 118.52765436189054, "price_step": 21.330265394888734, "price_update_rate": 21571.701990929952, "token_update_rate": 20294.737179832016}}, {"target": 0.13964882234207157, "params": {"latency_threshold": 1162.1375618931097, "price_step": 38.942949555384686, "price_update_rate": 16886.34342778445, "token_update_rate": 19884.031631504724}}, {"target": 0.36088457571297083, "params": {"latency_threshold": 1596.1256470686099, "price_step": 25.625717562096234, "price_update_rate": 28813.744763672286, "token_update_rate": 21093.700299400007}}, {"target": -0.08998502213532401, "params": {"latency_threshold": 150.8950567663092, "price_step": 66.55168677387049, "price_update_rate": 28980.810691992458, "token_update_rate": 19041.46054487191}}, {"target": -0.03560354410663972, "params": {"latency_threshold": 974.6060597618284, "price_step": 11.567867779349164, "price_update_rate": 5420.01603970573, "token_update_rate": 24430.430477630056}}]