[{"target": 0.3769482715937041, "params": {"breakwater_a": 8.34044009405148, "breakwater_b": 1.4406489868843162, "breakwater_client_expiration": 0.5718740867244332, "breakwater_initial_credit": 605.3628126910477, "breakwater_rtt": 2935.117816342261, "breakwater_slo": 552.4591143671092}}, {"target": -1.9096666095813242, "params": {"breakwater_a": 3.725204227553418, "breakwater_b": 0.6911214540860955, "breakwater_client_expiration": 1983.8373711533497, "breakwater_initial_credit": 1078.0946512727105, "breakwater_rtt": 8383.890288065895, "breakwater_slo": 3457.5755519441213}}, {"target": -3.6365900626350762, "params": {"breakwater_a": 4.089044994630349, "breakwater_b": 1.7562348727818908, "breakwater_client_expiration": 136.9379659896308, "breakwater_initial_credit": 1341.264552846626, "breakwater_rtt": 8346.09604734254, "breakwater_slo": 2837.580159384183}}, {"target": -3.344631769564337, "params": {"breakwater_a": 2.8077387719046754, "breakwater_b": 0.3962029781697576, "breakwater_client_expiration": 4003.722843377683, "breakwater_initial_credit": 1936.5548898630757, "breakwater_rtt": 6268.483563184856, "breakwater_slo": 3492.380816779639}}, {"target": -2.7847335647122797, "params": {"breakwater_a": 17.527783045920767, "breakwater_b": 1.7892133270076946, "breakwater_client_expiration": 425.22105684888953, "breakwater_initial_credit": 79.07051168253184, "breakwater_rtt": 3396.608391291378, "breakwater_slo": 4402.898266804124}}, {"target": -999999999.0, "params": {"breakwater_a": 1.966936676661002, "breakwater_b": 0.8422152500101043, "breakwater_client_expiration": 4789.44765075251, "breakwater_initial_credit": 1066.7974046610611, "breakwater_rtt": 13837.542279009467, "breakwater_slo": 1646.0265919297085}}, {"target": -999999999.0, "params": {"breakwater_a": 13.730018553631673, "breakwater_b": 1.6692513437947458, "breakwater_client_expiration": 91.44138672095903, "breakwater_initial_credit": 1500.5384855749899, "breakwater_rtt": 19777.221778129893, "breakwater_slo": 3766.011706461213}}, {"target": 0.07373230026618058, "params": {"breakwater_a": 5.608879841288104, "breakwater_b": 1.578558656902977, "breakwater_client_expiration": 516.1300328882102, "breakwater_initial_credit": 896.3391588256344, "breakwater_rtt": 18171.910061861912, "breakwater_slo": 1538.7093270310295}}, {"target": -1.3224803270913204, "params": {"breakwater_a": 5.755506771726974, "breakwater_b": 0.26005714423655535, "breakwater_client_expiration": 96.83478935148537, "breakwater_initial_credit": 1357.992230346842, "breakwater_rtt": 4232.5623200011805, "breakwater_slo": 1401.1786309239085}}, {"target": -999999999.0, "params": {"breakwater_a": 9.831463185606765, "breakwater_b": 0.10672509023416077, "breakwater_client_expiration": 2870.5880274600654, "breakwater_initial_credit": 294.3104212367145, "breakwater_rtt": 11786.110738065685, "breakwater_slo": 3528.8159641025627}}, {"target": 0.22177632688725124, "params": {"breakwater_a": 2.370037487555956, "breakwater_b": 1.6203670356070772, "breakwater_client_expiration": 159.98405931584514, "breakwater_initial_credit": 551.6741160274419, "breakwater_rtt": 2749.704124971729, "breakwater_slo": 604.9636769242459}}, {"target": 0.26152501509816756, "params": {"breakwater_a": 20.0, "breakwater_b": 1.9854547077913287, "breakwater_client_expiration": 0.0, "breakwater_initial_credit": 1780.1795418294923, "breakwater_rtt": 2036.0861815562766, "breakwater_slo": 5000.0}}, {"target": -3.8480857386333556, "params": {"breakwater_a": 20.0, "breakwater_b": 0.0, "breakwater_client_expiration": 3944.797513447668, "breakwater_initial_credit": 1252.0847565129584, "breakwater_rtt": 1148.3333266452157, "breakwater_slo": 3438.3117047942837}}, {"target": -6.886735636226751, "params": {"breakwater_a": 20.0, "breakwater_b": 0.0, "breakwater_client_expiration": 1138.8725282791386, "breakwater_initial_credit": 1.0, "breakwater_rtt": 0.0, "breakwater_slo": 5000.0}}, {"target": -3.484578009205038, "params": {"breakwater_a": 20.0, "breakwater_b": 2.0, "breakwater_client_expiration": 2733.179527710567, "breakwater_initial_credit": 1.0, "breakwater_rtt": 3529.718477446757, "breakwater_slo": 5000.0}}, {"target": -999999999.0, "params": {"breakwater_a": 20.0, "breakwater_b": 2.0, "breakwater_client_expiration": 0.0, "breakwater_initial_credit": 1.0, "breakwater_rtt": 16671.342274661467, "breakwater_slo": 100.0}}, {"target": -3.833145091322814, "params": {"breakwater_a": 0.0, "breakwater_b": 0.0, "breakwater_client_expiration": 966.9869041407737, "breakwater_initial_credit": 2000.0, "breakwater_rtt": 6042.487405608424, "breakwater_slo": 4937.368335205683}}, {"target": -1.4406338517880715, "params": {"breakwater_a": 0.09234388041268637, "breakwater_b": 1.6420264012065484, "breakwater_client_expiration": 2562.261781735911, "breakwater_initial_credit": 1073.8159839912814, "breakwater_rtt": 14767.943554983549, "breakwater_slo": 4731.758112121066}}, {"target": -1.7744961657732936, "params": {"breakwater_a": 7.310540155283654, "breakwater_b": 0.6486488398711687, "breakwater_client_expiration": 4436.890750200048, "breakwater_initial_credit": 121.15200578082903, "breakwater_rtt": 19796.559393972126, "breakwater_slo": 2709.1824699354033}}, {"target": -0.470469557157965, "params": {"breakwater_a": 20.0, "breakwater_b": 2.0, "breakwater_client_expiration": 1941.0008487473501, "breakwater_initial_credit": 1.0, "breakwater_rtt": 5931.251106943363, "breakwater_slo": 2613.71633207805}}, {"target": 0.43066141598516033, "params": {"breakwater_a": 0.0, "breakwater_b": 0.0, "breakwater_client_expiration": 2072.630570053496, "breakwater_initial_credit": 2000.0, "breakwater_rtt": 7023.234593699306, "breakwater_slo": 879.4559707065418}}, {"target": -0.7439123441175974, "params": {"breakwater_a": 0.0, "breakwater_b": 0.0, "breakwater_client_expiration": 2419.7426762465766, "breakwater_initial_credit": 2000.0, "breakwater_rtt": 3770.8301355080057, "breakwater_slo": 3029.9118891218613}}, {"target": 0.35375930692752455, "params": {"breakwater_a": 0.0, "breakwater_b": 0.45740733126281474, "breakwater_client_expiration": 4413.101817068714, "breakwater_initial_credit": 678.4444229885604, "breakwater_rtt": 4677.999044096826, "breakwater_slo": 1089.8816913936012}}, {"target": -999999999.0, "params": {"breakwater_a": 0.0, "breakwater_b": 0.8867978638422941, "breakwater_client_expiration": 2897.878479010233, "breakwater_initial_credit": 1572.8886719400184, "breakwater_rtt": 19482.35173642296, "breakwater_slo": 450.4986648782558}}, {"target": -3.4602349095835168, "params": {"breakwater_a": 9.383779806881185, "breakwater_b": 1.8715043274919552, "breakwater_client_expiration": 937.7179272559549, "breakwater_initial_credit": 1932.5342454814513, "breakwater_rtt": 6097.920209485208, "breakwater_slo": 4987.003016787271}}, {"target": 0.21745770988554508, "params": {"breakwater_a": 2.4974595490319722e-08, "breakwater_b": 1.9999999975025404, "breakwater_client_expiration": 0.0, "breakwater_initial_credit": 2000.0, "breakwater_rtt": 0.0, "breakwater_slo": 100.0}}, {"target": -4.356080380957211, "params": {"breakwater_a": 11.052467743172048, "breakwater_b": 1.590461517745368, "breakwater_client_expiration": 2060.528445948181, "breakwater_initial_credit": 73.66055614150439, "breakwater_rtt": 3596.8699264668635, "breakwater_slo": 4973.20471160584}}, {"target": -0.7207708357676583, "params": {"breakwater_a": 0.0, "breakwater_b": 1.999972347607022, "breakwater_client_expiration": 2012.342541849287, "breakwater_initial_credit": 2000.0, "breakwater_rtt": 5063.36765939458, "breakwater_slo": 2515.668588239147}}, {"target": -999999999.0, "params": {"breakwater_a": 20.0, "breakwater_b": 2.0, "breakwater_client_expiration": 0.0, "breakwater_initial_credit": 1.0, "breakwater_rtt": 16363.103215001916, "breakwater_slo": 100.0}}, {"target": 0.3387753114393395, "params": {"breakwater_a": 20.0, "breakwater_b": 1.9999999999977203, "breakwater_client_expiration": 5.699156604618311e-09, "breakwater_initial_credit": 1.0, "breakwater_rtt": 0.0, "breakwater_slo": 5000.0}}, {"target": 0.32910602732554856, "params": {"breakwater_a": 0.0, "breakwater_b": 0.0, "breakwater_client_expiration": 5000.0, "breakwater_initial_credit": 413.2022626630424, "breakwater_rtt": 0.0, "breakwater_slo": 232.29702294548386}}, {"target": -999999999.0, "params": {"breakwater_a": 3.0936283308210454e-09, "breakwater_b": 2.0, "breakwater_client_expiration": 0.0, "breakwater_initial_credit": 1.0, "breakwater_rtt": 0.0, "breakwater_slo": 5000.0}}, {"target": -2.0932526657554003, "params": {"breakwater_a": 9.66808227454984, "breakwater_b": 1.5207634843425957, "breakwater_client_expiration": 4055.198338738721, "breakwater_initial_credit": 1562.201108388585, "breakwater_rtt": 17520.32915977042, "breakwater_slo": 3589.13285577689}}]