[{"target": 0.30697610964471306, "params": {"dagor_admission_level_update_interval": 13232.202558909872, "dagor_alpha": 0.7079109614165565, "dagor_beta": 0.3017789246597503, "dagor_queuing_threshold": 59039.486469720716, "dagor_umax": 9.625786388100284}}, {"target": 0.36164458819945305, "params": {"dagor_admission_level_update_interval": 14688.411695999841, "dagor_alpha": 0.4719491295732886, "dagor_beta": 0.4459947273902578, "dagor_queuing_threshold": 96729.64844509264, "dagor_umax": 8.901947338863998}}, {"target": -1.303904060339903, "params": {"dagor_admission_level_update_interval": 16875.87557123997, "dagor_alpha": 0.5495606817899688, "dagor_beta": 0.2844542359858722, "dagor_queuing_threshold": 93303.69744633949, "dagor_umax": 3.2786490475619647}}, {"target": 0.1539196731683095, "params": {"dagor_admission_level_update_interval": 6306.939495523111, "dagor_alpha": 0.11718563782427686, "dagor_beta": 0.41647730292842106, "dagor_queuing_threshold": 80034.10758548655, "dagor_umax": 17.660218668442745}}, {"target": 0.6567282927521357, "params": {"dagor_admission_level_update_interval": 19679.275133491457, "dagor_alpha": 0.779284779584215, "dagor_beta": 0.231278201764213, "dagor_queuing_threshold": 80247.625865781, "dagor_umax": 4.128939665640798}}, {"target": 0.28057707144509203, "params": {"dagor_admission_level_update_interval": 14598.815319912857, "dagor_alpha": 0.22185029429768943, "dagor_beta": 0.47238978960774236, "dagor_queuing_threshold": 56966.34895750645, "dagor_umax": 9.463914919829424}}, {"target": -1.3877028155054016, "params": {"dagor_admission_level_update_interval": 8968.334181569404, "dagor_alpha": 0.7580986360190841, "dagor_beta": 0.22861901577605773, "dagor_queuing_threshold": 61159.05539817837, "dagor_umax": 2.3382164078543926}}, {"target": 0.1866581572081729, "params": {"dagor_admission_level_update_interval": 14264.532456138157, "dagor_alpha": 0.6202813643140581, "dagor_beta": 0.3088500644405037, "dagor_queuing_threshold": 94937.32706631618, "dagor_umax": 14.272765383862701}}, {"target": 0.19737126731443988, "params": {"dagor_admission_level_update_interval": 10392.618508606789, "dagor_alpha": 0.47147716072944024, "dagor_beta": 0.3491179667677052, "dagor_queuing_threshold": 15420.292446634285, "dagor_umax": 14.001800878022019}}, {"target": 0.3413817565938193, "params": {"dagor_admission_level_update_interval": 15059.568044272391, "dagor_alpha": 0.27882517691276476, "dagor_beta": 0.06533422252977181, "dagor_queuing_threshold": 38388.55158317655, "dagor_umax": 8.546793876967207}}, {"target": 0.216856431773661, "params": {"dagor_admission_level_update_interval": 19458.64641282294, "dagor_alpha": 0.6658562487611193, "dagor_beta": 0.17248035423373073, "dagor_queuing_threshold": 80200.88848774755, "dagor_umax": 14.005821107234054}}, {"target": 0.21077916729756602, "params": {"dagor_admission_level_update_interval": 19688.301700258933, "dagor_alpha": 0.6504266482716243, "dagor_beta": 0.01674555723709606, "dagor_queuing_threshold": 80321.31627971678, "dagor_umax": 12.071268775094211}}]