[{"target": 0.10589563527322632, "params": {"breakwater_a": 0.834044009405148, "breakwater_b": 0.7203244934421581, "breakwater_client_expiration": 1.5717597119070883, "breakwater_initial_credit": 151.86395374328805, "breakwater_slo": 24402.676724513392, "breakwaterd_a": 0.923385947687978, "breakwaterd_b": 3.725204227553418, "breakwaterd_client_expiration": 20366.821811291433, "breakwaterd_initial_credit": 204.41606237302827, "breakwaterd_slo": 56940.83670016785}}, {"target": 0.056085106025086075, "params": {"breakwater_a": 0.8383890288065896, "breakwater_b": 0.6852195003967595, "breakwater_client_expiration": 1023.0567964078557, "breakwater_initial_credit": 439.18060075908176, "breakwater_slo": 20821.627795937784, "breakwaterd_a": 6.704675101784022, "breakwaterd_b": 8.34609604734254, "breakwaterd_client_expiration": 26760.694853372548, "breakwaterd_initial_credit": 78.78959991166455, "breakwaterd_slo": 39905.074454243935}}, {"target": -0.06133559107118415, "params": {"breakwater_a": 1.6014891373510733, "breakwater_b": 0.9682615757193975, "breakwater_client_expiration": 1567.807466618055, "breakwater_initial_credit": 346.4689852189877, "breakwater_slo": 46291.67456888115, "breakwaterd_a": 8.946066635038473, "breakwaterd_b": 1.7008842273955582, "breakwaterd_client_expiration": 11171.643496986471, "breakwaterd_initial_credit": 93.21690558663876, "breakwaterd_slo": 73907.12517147066}}, {"target": -0.035301491297366205, "params": {"breakwater_a": 0.1966936676661002, "breakwater_b": 0.42110762500505217, "breakwater_client_expiration": 4789.489761222359, "breakwater_initial_credit": 267.0494772015355, "breakwater_slo": 40756.3134185142, "breakwaterd_a": 3.1551563100606295, "breakwaterd_b": 13.730018553631673, "breakwaterd_client_expiration": 35038.770156921186, "breakwaterd_initial_credit": 18.961255898653985, "breakwaterd_slo": 67507.21574724838}}, {"target": -0.16974437673502962, "params": {"breakwater_a": 1.9777221778129894, "breakwater_b": 0.7481656543798394, "breakwater_client_expiration": 1402.9395163299614, "breakwater_initial_credit": 394.85038489729277, "breakwater_slo": 23096.78019732926, "breakwaterd_a": 4.478935261759052, "breakwaterd_b": 18.17191006186191, "breakwaterd_client_expiration": 18808.424451210383, "breakwaterd_initial_credit": 151.00991590731087, "breakwaterd_slo": 36501.42860591388}}, {"target": -0.08541267304864673, "params": {"breakwater_a": 0.03873391574059415, "breakwater_b": 0.678835532939891, "breakwater_client_expiration": 1058.9289518842952, "breakwater_initial_credit": 133.50778302674087, "breakwater_slo": 34747.19477841015, "breakwaterd_a": 0.5336254511708038, "breakwaterd_b": 11.482352109840262, "breakwaterd_client_expiration": 14401.857247174305, "breakwaterd_initial_credit": 298.75971308260927, "breakwaterd_slo": 64987.91800104656}}, {"target": -0.0658288614618275, "params": {"breakwater_a": 0.20466885765565168, "breakwater_b": 0.4140559878195683, "breakwater_client_expiration": 3472.3063884809976, "breakwater_initial_credit": 207.67545549392443, "breakwater_slo": 21498.603768382614, "breakwaterd_a": 5.358964059155116, "breakwaterd_b": 13.275892904395777, "breakwaterd_client_expiration": 25446.673361749257, "breakwaterd_initial_credit": 472.8514304354985, "breakwaterd_slo": 59327.752025099646}}, {"target": 0.1782255202232258, "params": {"breakwater_a": 1.806803830575767, "breakwater_b": 0.13747470414623753, "breakwater_client_expiration": 697.242459906542, "breakwater_initial_credit": 403.88825306605236, "breakwater_slo": 31930.305109566005, "breakwaterd_a": 1.6535419711693278, "breakwaterd_b": 18.550171607920678, "breakwaterd_client_expiration": 20432.975792365196, "breakwaterd_initial_credit": 377.8979305367162, "breakwaterd_slo": 66299.89926752257}}, {"target": 0.21509204906134938, "params": {"breakwater_a": 1.7666121824116197, "breakwater_b": 0.6236722070556089, "breakwater_client_expiration": 3754.9612277026586, "breakwater_initial_credit": 175.1002726469434, "breakwater_slo": 28097.83675295078, "breakwaterd_a": 8.958862181960669, "breakwaterd_b": 8.561823797425898, "breakwaterd_client_expiration": 38945.20141445157, "breakwaterd_initial_credit": 335.0863339310396, "breakwaterd_slo": 61084.78601045609}}, {"target": -0.012585142922594434, "params": {"breakwater_a": 0.22949194590675037, "breakwater_b": 0.9494892587070712, "breakwater_client_expiration": 2250.110755266223, "breakwater_initial_credit": 289.61641757917874, "breakwater_slo": 32244.104082838436, "breakwaterd_a": 2.3702698024302773, "breakwaterd_b": 18.067590411245074, "breakwaterd_client_expiration": 27210.384600168574, "breakwaterd_initial_credit": 11.406460245267896, "breakwaterd_slo": 60857.24568103619}}, {"target": -0.24039017344050004, "params": {"breakwater_a": 1.811565305450816, "breakwater_b": 0.20791174854080263, "breakwater_client_expiration": 3378.0622840042183, "breakwater_initial_credit": 413.57891696655463, "breakwater_slo": 27842.041673341882, "breakwaterd_a": 0.005046252765890102, "breakwaterd_b": 12.646400670757297, "breakwaterd_client_expiration": 36654.04885574446, "breakwaterd_initial_credit": 379.1900358368239, "breakwaterd_slo": 44277.106062723484}}, {"target": 0.04940092512452783, "params": {"breakwater_a": 1.908262905050984, "breakwater_b": 0.07709570886051176, "breakwater_client_expiration": 3339.7768060142957, "breakwater_initial_credit": 386.9239391726823, "breakwater_slo": 32974.09581912272, "breakwaterd_a": 1.6727191971745237, "breakwaterd_b": 2.497604519463845, "breakwaterd_client_expiration": 17881.831963033088, "breakwaterd_initial_credit": 26.033178992203954, "breakwaterd_slo": 60224.3170367519}}, {"target": -0.19652085239306008, "params": {"breakwater_a": 0.4399531750248651, "breakwater_b": 0.8554561249016095, "breakwater_client_expiration": 3974.565732584937, "breakwater_initial_credit": 175.29666762962984, "breakwater_slo": 34377.3086973336, "breakwaterd_a": 5.5585675889355555, "breakwaterd_b": 8.886994048641393, "breakwaterd_client_expiration": 31019.302430642987, "breakwaterd_initial_credit": 190.04351567148532, "breakwaterd_slo": 79793.60870591333}}, {"target": -0.07557383015287979, "params": {"breakwater_a": 0.9730500398521429, "breakwater_b": 0.7146974331458188, "breakwater_client_expiration": 3799.2715371207732, "breakwater_initial_credit": 495.35025357283797, "breakwater_slo": 43291.360755693655, "breakwaterd_a": 2.043197881518516, "breakwaterd_b": 6.658149832890814, "breakwaterd_client_expiration": 13858.871707709168, "breakwaterd_initial_credit": 20.206389772466416, "breakwaterd_slo": 74361.96839158406}}, {"target": -0.03963647974370955, "params": {"breakwater_a": 1.9324903137588503, "breakwater_b": 0.6765102217135167, "breakwater_client_expiration": 2557.7768593197907, "breakwater_initial_credit": 447.49925551655116, "breakwater_slo": 27291.945806943426, "breakwaterd_a": 1.3618212570872867, "breakwaterd_b": 0.8802268218396092, "breakwaterd_client_expiration": 37962.25031071036, "breakwaterd_initial_credit": 456.8598982081839, "breakwaterd_slo": 62191.11540287575}}, {"target": -0.1340586082966036, "params": {"breakwater_a": 0.20604475392672805, "breakwater_b": 0.44926998066247636, "breakwater_client_expiration": 2936.922563068117, "breakwater_initial_credit": 233.4282471208935, "breakwater_slo": 29175.47374394339, "breakwaterd_a": 7.06923938300282, "breakwaterd_b": 2.650336858159723, "breakwaterd_client_expiration": 37230.078515116096, "breakwaterd_initial_credit": 357.2159301788418, "breakwaterd_slo": 76828.90980368319}}, {"target": -0.24876860845166585, "params": {"breakwater_a": 1.013643434380046, "breakwater_b": 0.25942567708425124, "breakwater_client_expiration": 4857.235156171241, "breakwater_initial_credit": 255.2559230344294, "breakwater_slo": 29376.92843176469, "breakwaterd_a": 5.131110863061058, "breakwaterd_b": 2.6723113783807806, "breakwaterd_client_expiration": 18617.550976151713, "breakwaterd_initial_credit": 52.32620604144705, "breakwaterd_slo": 71098.65914540812}}, {"target": -0.03851402157725339, "params": {"breakwater_a": 0.4698573949002698, "breakwater_b": 0.7459187470497881, "breakwater_client_expiration": 2322.224413905199, "breakwater_initial_credit": 135.74563089649072, "breakwater_slo": 34519.338201591985, "breakwaterd_a": 4.55759648257393, "breakwaterd_b": 8.471232665036245, "breakwaterd_client_expiration": 28542.33899138239, "breakwaterd_initial_credit": 149.97506350486628, "breakwaterd_slo": 66544.83146699227}}, {"target": -0.013338582789379666, "params": {"breakwater_a": 0.6141265358841046, "breakwater_b": 0.5692492179636935, "breakwater_client_expiration": 260.0521018723445, "breakwater_initial_credit": 216.8919162954432, "breakwater_slo": 41797.98033559961, "breakwaterd_a": 5.126560100706272, "breakwaterd_b": 3.8017546207950703, "breakwaterd_client_expiration": 20424.696382538947, "breakwaterd_initial_credit": 491.5173616870902, "breakwaterd_slo": 44460.57151805716}}, {"target": -0.2008140306813943, "params": {"breakwater_a": 1.6301526150075607, "breakwater_b": 0.44299477189670755, "breakwater_client_expiration": 3297.1468510096106, "breakwater_initial_credit": 167.92485130233712, "breakwater_slo": 27436.56046685684, "breakwaterd_a": 5.354583496489839, "breakwaterd_b": 3.972666218647991, "breakwaterd_client_expiration": 39648.26843776004, "breakwaterd_initial_credit": 138.5050858863551, "breakwaterd_slo": 61069.11798869367}}, {"target": -999999999.0, "params": {"breakwater_a": 1.4252333580869394, "breakwater_b": 0.41374704646398197, "breakwater_client_expiration": 1063.718949915083, "breakwater_initial_credit": 303.4294475080195, "breakwater_slo": 21509.545614423594, "breakwaterd_a": 5.85431473212733, "breakwaterd_b": 18.677123421518694, "breakwaterd_client_expiration": 38156.26311677905, "breakwaterd_initial_credit": 303.46684321862, "breakwaterd_slo": 42312.47917933022}}, {"target": 0.17856513736828727, "params": {"breakwater_a": 0.0, "breakwater_b": 0.4133521643294171, "breakwater_client_expiration": 3483.0388925472803, "breakwater_initial_credit": 11.829400944297168, "breakwater_slo": 29191.774554815678, "breakwaterd_a": 7.60051443169759, "breakwaterd_b": 0.05558218354714508, "breakwaterd_client_expiration": 39640.66778108018, "breakwaterd_initial_credit": 10.0, "breakwaterd_slo": 62146.15956880252}}, {"target": -0.07441552358312037, "params": {"breakwater_a": 1.5865786804149569, "breakwater_b": 0.7450363565545035, "breakwater_client_expiration": 653.129950679671, "breakwater_initial_credit": 439.82891713235784, "breakwater_slo": 34681.64736966253, "breakwaterd_a": 6.213176534698624, "breakwaterd_b": 18.81306710282471, "breakwaterd_client_expiration": 14329.690408907847, "breakwaterd_initial_credit": 403.5770689446473, "breakwaterd_slo": 65209.386359831704}}, {"target": -0.004917635079256593, "params": {"breakwater_a": 0.03267810707583152, "breakwater_b": 0.4856155279758889, "breakwater_client_expiration": 214.22957364566474, "breakwater_initial_credit": 317.959028446573, "breakwater_slo": 46739.44126765948, "breakwaterd_a": 3.9756827584393406, "breakwaterd_b": 6.506243813874921, "breakwaterd_client_expiration": 35414.84540150889, "breakwaterd_initial_credit": 268.3051412040079, "breakwaterd_slo": 67535.48579666365}}, {"target": -0.052262443059591476, "params": {"breakwater_a": 2.0, "breakwater_b": 0.026771374094651534, "breakwater_client_expiration": 566.2801919263011, "breakwater_initial_credit": 500.0, "breakwater_slo": 35209.0895308662, "breakwaterd_a": 10.0, "breakwaterd_b": 20.0, "breakwaterd_client_expiration": 14977.330525506602, "breakwaterd_initial_credit": 500.0, "breakwaterd_slo": 65129.6639179767}}, {"target": -999999999.0, "params": {"breakwater_a": 0.0, "breakwater_b": 1.0, "breakwater_client_expiration": 2907.579270639155, "breakwater_initial_credit": 499.6731965237802, "breakwater_slo": 28412.438079431606, "breakwaterd_a": 6.701713739921623, "breakwaterd_b": 6.856661683078501, "breakwaterd_client_expiration": 38934.58364113519, "breakwaterd_initial_credit": 10.0, "breakwaterd_slo": 60383.183663473035}}, {"target": -0.09043085094655445, "params": {"breakwater_a": 0.3147157607865225, "breakwater_b": 0.20569354120239502, "breakwater_client_expiration": 2381.075408097688, "breakwater_initial_credit": 98.24702360028742, "breakwater_slo": 35131.85824945111, "breakwaterd_a": 2.980181307728056, "breakwaterd_b": 11.901955108152983, "breakwaterd_client_expiration": 28721.617751289767, "breakwaterd_initial_credit": 335.5894528740211, "breakwaterd_slo": 66909.30508779912}}, {"target": -0.30755049577419197, "params": {"breakwater_a": 1.6031618320084802, "breakwater_b": 0.20367851233253342, "breakwater_client_expiration": 4288.170898273933, "breakwater_initial_credit": 259.78129695696714, "breakwater_slo": 42928.868339963425, "breakwaterd_a": 8.640645272812986, "breakwaterd_b": 0.0944350283729567, "breakwaterd_client_expiration": 14074.765130032805, "breakwaterd_initial_credit": 84.52094997613878, "breakwaterd_slo": 74318.07921022185}}, {"target": -0.2870019184692071, "params": {"breakwater_a": 0.1422158844666921, "breakwater_b": 0.9507328601832865, "breakwater_client_expiration": 3562.6943778936443, "breakwater_initial_credit": 173.01165837619757, "breakwater_slo": 32122.491683768625, "breakwaterd_a": 7.4319485305416455, "breakwaterd_b": 9.573492716685204, "breakwaterd_client_expiration": 27152.866520620577, "breakwaterd_initial_credit": 201.2728439139874, "breakwaterd_slo": 60076.042162802914}}, {"target": -0.09280533241872026, "params": {"breakwater_a": 0.011424122399285919, "breakwater_b": 0.6566284023581853, "breakwater_client_expiration": 3778.983777930902, "breakwater_initial_credit": 347.5217269396286, "breakwater_slo": 36803.16573909203, "breakwaterd_a": 6.9230316664449365, "breakwaterd_b": 4.303568924092365, "breakwaterd_client_expiration": 38315.44577699424, "breakwaterd_initial_credit": 250.82187361265488, "breakwaterd_slo": 53493.548644831855}}, {"target": -0.20338158656406685, "params": {"breakwater_a": 1.8985335784156294, "breakwater_b": 0.9783585700309793, "breakwater_client_expiration": 725.7272291923574, "breakwater_initial_credit": 246.62196926182716, "breakwater_slo": 42017.053265298775, "breakwaterd_a": 9.186846337637885, "breakwaterd_b": 12.282507398498204, "breakwaterd_client_expiration": 20647.434574065806, "breakwaterd_initial_credit": 424.4743106827201, "breakwaterd_slo": 44926.811684782864}}, {"target": -0.21042488580006594, "params": {"breakwater_a": 0.7189984480626066, "breakwater_b": 0.6925123654289568, "breakwater_client_expiration": 2252.17578202305, "breakwater_initial_credit": 258.83274469628526, "breakwater_slo": 41706.557544242954, "breakwaterd_a": 8.019542382745215, "breakwaterd_b": 4.760261244760975, "breakwaterd_client_expiration": 20352.140213336075, "breakwaterd_initial_credit": 275.48642823482055, "breakwaterd_slo": 45495.503041767886}}, {"target": -0.10721876380587977, "params": {"breakwater_a": 0.22536433933406141, "breakwater_b": 0.07604153651650436, "breakwater_client_expiration": 3231.876925733725, "breakwater_initial_credit": 371.71534569213736, "breakwater_slo": 28460.33258703084, "breakwaterd_a": 6.7163775598467055, "breakwaterd_b": 5.010138311630397, "breakwaterd_client_expiration": 22048.061203873414, "breakwaterd_initial_credit": 151.35145169822815, "breakwaterd_slo": 56076.46397856469}}]