[{"target": 0.8861565402839042, "params": {"latency_threshold": 1309.3638136374645, "price_step": 110.84542908190214, "price_update_rate": 1003.3168697030017, "token_update_rate": 9767.644606323352}}, {"target": 0.9124640311076697, "params": {"latency_threshold": 525.5920833696277, "price_step": 22.927403267631693, "price_update_rate": 6401.546129952456, "token_update_rate": 11021.261084248385}}, {"target": 0.8196450926748905, "params": {"latency_threshold": 1250.6256752689428, "price_step": 85.43434276046997, "price_update_rate": 13156.64091769555, "token_update_rate": 20871.365511506025}}, {"target": 0.6375602537956647, "params": {"latency_threshold": 692.9115242214006, "price_step": 132.93644109473234, "price_update_rate": 1794.240202739859, "token_update_rate": 20443.557795173663}}, {"target": 0.9801874110689625, "params": {"latency_threshold": 1310.1839268646681, "price_step": 88.21657598240523, "price_update_rate": 5071.221219261779, "token_update_rate": 6744.943183461485}}, {"target": 0.8749159610942417, "params": {"latency_threshold": 2422.1592491590563, "price_step": 145.55662060071566, "price_update_rate": 10089.301166618043, "token_update_rate": 21077.355854410107}}, {"target": 1.1430488519618986, "params": {"latency_threshold": 2641.528541658511, "price_step": 135.24493289053862, "price_update_rate": 3466.2821297235596, "token_update_rate": 2132.5887137535883}}, {"target": 0.6069535703718839, "params": {"latency_threshold": 592.5082167372498, "price_step": 132.93995048011783, "price_update_rate": 3852.058181158453, "token_update_rate": 13212.121125146512}}, {"target": 1.0157380521841035, "params": {"latency_threshold": 2877.8796374364556, "price_step": 84.6431398962224, "price_update_rate": 21064.436304563726, "token_update_rate": 10149.953299175826}}, {"target": 0.904367492444535, "params": {"latency_threshold": 2090.8526902765925, "price_step": 126.84759406563221, "price_update_rate": 1530.3600429815624, "token_update_rate": 22754.18513340406}}, {"target": 0.8377163574911946, "params": {"latency_threshold": 122.38758235395107, "price_step": 32.66053078977747, "price_update_rate": 21571.701990929952, "token_update_rate": 23177.368910756428}}, {"target": 0.8188078399151337, "params": {"latency_threshold": 1697.6150249349516, "price_step": 149.931618551208, "price_update_rate": 3209.477038487917, "token_update_rate": 3693.257415492363}}, {"target": 1.0146849669431575, "params": {"latency_threshold": 1907.8184902079038, "price_step": 41.25143512419247, "price_update_rate": 28813.744763672286, "token_update_rate": 24335.865434130013}}, {"target": 0.4814353470532626, "params": {"latency_threshold": 161.49819359262364, "price_step": 123.10337354774097, "price_update_rate": 28980.810691992458, "token_update_rate": 21360.117790064272}}, {"target": 1.0594115217582312, "params": {"latency_threshold": 1156.8156555455428, "price_step": 13.135735558698329, "price_update_rate": 5420.01603970573, "token_update_rate": 29174.12419256358}}, {"target": 0.7216312685253812, "params": {"latency_threshold": 2730.329292331192, "price_step": 105.31372111390316, "price_update_rate": 3627.909878790086, "token_update_rate": 2481.0076074550507}}, {"target": 1.1513137870295358, "params": {"latency_threshold": 2945.5707525378393, "price_step": 47.85842598735012, "price_update_rate": 24454.765524023274, "token_update_rate": 13950.220631736029}}, {"target": 0.7091611971188441, "params": {"latency_threshold": 1042.1397080571346, "price_step": 99.00939826601116, "price_update_rate": 12614.648171466615, "token_update_rate": 22795.08919752353}}, {"target": 0.8603164126608186, "params": {"latency_threshold": 987.1425399442885, "price_step": 104.73146256182373, "price_update_rate": 16990.070119974433, "token_update_rate": 10159.872367774211}}, {"target": 0.8633109986156206, "params": {"latency_threshold": 3000.0, "price_step": 150.0, "price_update_rate": 30000.0, "token_update_rate": 1000.0}}, {"target": 0.49251260211869297, "params": {"latency_threshold": 127.4445912599951, "price_step": 87.02859268408329, "price_update_rate": 5697.660012894986, "token_update_rate": 14856.17677600092}}, {"target": 0.7568905209496167, "params": {"latency_threshold": 1063.822729262769, "price_step": 77.87095091190793, "price_update_rate": 13087.962951961545, "token_update_rate": 24804.078095586887}}, {"target": 0.666935060775069, "params": {"latency_threshold": 778.7655151831002, "price_step": 72.58025979502185, "price_update_rate": 16953.18167831708, "token_update_rate": 28526.29793535431}}, {"target": 1.0071923517193224, "params": {"latency_threshold": 441.82608323090926, "price_step": 87.07435340873496, "price_update_rate": 15252.489073318351, "token_update_rate": 5232.856264035517}}, {"target": 1.0568998901700823, "params": {"latency_threshold": 861.8886051807262, "price_step": 13.056739743614703, "price_update_rate": 5856.624284425935, "token_update_rate": 19607.211142222877}}, {"target": 1.1397275872180963, "params": {"latency_threshold": 668.6357693134995, "price_step": 66.0516758467873, "price_update_rate": 15944.524364343655, "token_update_rate": 3032.4980454654365}}, {"target": 0.8591809654689124, "params": {"latency_threshold": 624.2867070653746, "price_step": 48.04798122924116, "price_update_rate": 24302.67791190655, "token_update_rate": 19793.11776420803}}, {"target": 0.7378658785892709, "params": {"latency_threshold": 487.7676354617892, "price_step": 81.09880520382784, "price_update_rate": 26783.996341098114, "token_update_rate": 17447.7586966637}}, {"target": 1.013133552384971, "params": {"latency_threshold": 100.0, "price_step": 10.000000003504509, "price_update_rate": 13949.13337284659, "token_update_rate": 14171.094612938216}}, {"target": 0.8776524945493002, "params": {"latency_threshold": 2472.3216521338445, "price_step": 32.8937396907733, "price_update_rate": 1435.963307469654, "token_update_rate": 5668.672549227299}}, {"target": 0.9230412169774772, "params": {"latency_threshold": 2959.4280993694692, "price_step": 109.16586958575937, "price_update_rate": 17892.879054487188, "token_update_rate": 22637.608260470475}}, {"target": 1.0183229163338856, "params": {"latency_threshold": 2707.097196661452, "price_step": 73.31072283304978, "price_update_rate": 12577.231076239217, "token_update_rate": 10034.318068078595}}, {"target": 0.9576566555708507, "params": {"latency_threshold": 2134.933135406693, "price_step": 63.79301631556931, "price_update_rate": 8782.595170350265, "token_update_rate": 15186.317982538549}}]