[{"target": -999999999.0, "params": {"latency_threshold": 1691.5591613892418, "price_step": 74.36704297351775, "price_update_rate": 18480.13790607767, "token_update_rate": 16801.612306910007}}, {"target": 0.5326324919405495, "params": {"latency_threshold": 1328.5989180828237, "price_step": 68.13047017599905, "price_update_rate": 13690.029126618083, "token_update_rate": 26861.417022680314}}, {"target": 0.11505314815238198, "params": {"latency_threshold": 2894.622005452985, "price_step": 44.50973669431999, "price_update_rate": 23960.02610439727, "token_update_rate": 16337.95267283423}}, {"target": -0.18948465830512287, "params": {"latency_threshold": 1747.3292271724038, "price_step": 93.3036974463395, "price_update_rate": 3060.0456877387214, "token_update_rate": 3526.7496913446807}}, {"target": 0.4585452418723375, "params": {"latency_threshold": 158.6333525769446, "price_step": 84.93578609931441, "price_update_rate": 23566.545777545663, "token_update_rate": 26230.352299157756}}, {"target": 0.31977685996275096, "params": {"latency_threshold": 2937.993192475016, "price_step": 81.92427077950512, "price_update_rate": 14382.901505335023, "token_update_rate": 23635.34611230721}}, {"target": 0.5034516275577168, "params": {"latency_threshold": 442.99583501990634, "price_step": 67.59289191947715, "price_update_rate": 5157.245334862346, "token_update_rate": 28395.39859443793}}, {"target": 0.432600735056038, "params": {"latency_threshold": 1613.3601330752078, "price_step": 47.319574599147124, "price_update_rate": 8672.112751034183, "token_update_rate": 23452.776993592284}}, {"target": 0.333826315490649, "params": {"latency_threshold": 1422.8359634279907, "price_step": 61.15905539817837, "price_update_rate": 1544.904212654299, "token_update_rate": 18911.429415200433}}, {"target": 0.3734272643302461, "params": {"latency_threshold": 1875.0775958950221, "price_step": 65.52405971872813, "price_update_rate": 28368.6942769241, "token_update_rate": 20772.788674001018}}, {"target": 0.2160058099248625, "params": {"latency_threshold": 1829.3310503321652, "price_step": 82.31889820493471, "price_update_rate": 20355.82786925277, "token_update_rate": 15860.303598328843}}, {"target": -0.24864111269708825, "params": {"latency_threshold": 1395.7209526639235, "price_step": 21.764915271570764, "price_update_rate": 19540.96091324055, "token_update_rate": 6111.824636217006}}, {"target": 0.22572230654837522, "params": {"latency_threshold": 1883.018597380897, "price_step": 87.07966091279637, "price_update_rate": 25235.43480520946, "token_update_rate": 18993.617086433245}}, {"target": -0.4232518228265245, "params": {"latency_threshold": 2745.828244808699, "price_step": 35.51264651371629, "price_update_rate": 20337.135978201786, "token_update_rate": 3480.779782605318}}, {"target": 0.3314032118511113, "params": {"latency_threshold": 2553.3777080138752, "price_step": 76.75629993885596, "price_update_rate": 10989.158114936992, "token_update_rate": 17567.67013072986}}, {"target": 0.16804975056081597, "params": {"latency_threshold": 127.84249509489253, "price_step": 15.304868758784956, "price_update_rate": 24610.973888533517, "token_update_rate": 24226.900339242107}}, {"target": 0.34573155567385694, "params": {"latency_threshold": 1802.803029727651, "price_step": 50.84760934147616, "price_update_rate": 27562.848305248695, "token_update_rate": 15667.388974385389}}, {"target": 0.439162705457544, "params": {"latency_threshold": 751.4988235081545, "price_step": 31.29199956686911, "price_update_rate": 24047.88282753623, "token_update_rate": 28131.912993080736}}, {"target": 0.5210351862756822, "params": {"latency_threshold": 471.6845775801182, "price_step": 82.52245360462558, "price_update_rate": 13807.193321030845, "token_update_rate": 25585.893691193152}}, {"target": 0.5330815226707698, "params": {"latency_threshold": 792.0031503204711, "price_step": 64.32963555490812, "price_update_rate": 13748.33957896629, "token_update_rate": 26297.206738246652}}, {"target": 0.5254853752640413, "params": {"latency_threshold": 830.8305203114013, "price_step": 56.725453570175716, "price_update_rate": 16615.317764537846, "token_update_rate": 22166.878934935587}}, {"target": 0.19922104623885184, "params": {"latency_threshold": 1489.625135810322, "price_step": 19.067737013786257, "price_update_rate": 8706.136572461022, "token_update_rate": 23565.359452987064}}, {"target": -0.20017083832177812, "params": {"latency_threshold": 2473.6306067705514, "price_step": 43.44852561832728, "price_update_rate": 27361.8996631423, "token_update_rate": 7097.896044338052}}, {"target": 0.1325587135906379, "params": {"latency_threshold": 2958.9723884146288, "price_step": 49.15262342268769, "price_update_rate": 14335.762038832649, "token_update_rate": 23758.35469517834}}, {"target": 0.01069217856880382, "params": {"latency_threshold": 2834.0948402976146, "price_step": 58.43637144785886, "price_update_rate": 23922.993993959844, "token_update_rate": 16421.220996697135}}, {"target": 0.237380431113233, "params": {"latency_threshold": 771.5389723167602, "price_step": 19.522517002619576, "price_update_rate": 11430.693125841524, "token_update_rate": 21421.109647542107}}, {"target": 0.37805243597944715, "params": {"latency_threshold": 1831.307632743864, "price_step": 76.14703575823113, "price_update_rate": 21920.885903450853, "token_update_rate": 14408.642113312993}}, {"target": 0.5251656813983011, "params": {"latency_threshold": 348.1576114327702, "price_step": 46.32950036272961, "price_update_rate": 5127.7858955951, "token_update_rate": 28504.930400511123}}, {"target": 0.07715370614043213, "params": {"latency_threshold": 173.13311382297644, "price_step": 15.615081317707542, "price_update_rate": 22205.57198396022, "token_update_rate": 16311.876298819863}}, {"target": 0.527583017240039, "params": {"latency_threshold": 1611.3727112158897, "price_step": 100.0, "price_update_rate": 17088.436001622704, "token_update_rate": 25501.425739638715}}, {"target": 0.262975050296255, "params": {"latency_threshold": 1046.2689995920646, "price_step": 23.359907908506692, "price_update_rate": 8559.785611608437, "token_update_rate": 19485.552131412693}}, {"target": 0.44562557991900703, "params": {"latency_threshold": 3000.0, "price_step": 100.0, "price_update_rate": 11034.125595374511, "token_update_rate": 25329.033270302058}}, {"target": 0.47717911395933726, "params": {"latency_threshold": 3000.0, "price_step": 100.0, "price_update_rate": 25488.15049137643, "token_update_rate": 22370.43192697193}}, {"target": 0.42068173863538777, "params": {"latency_threshold": 2745.943653356754, "price_step": 99.29429750843691, "price_update_rate": 26219.204360334992, "token_update_rate": 26269.468588350708}}, {"target": 0.3130524418607125, "params": {"latency_threshold": 1790.9442861171492, "price_step": 38.24435466338309, "price_update_rate": 10315.784326939562, "token_update_rate": 26936.785995672188}}, {"target": -0.2055473689054701, "params": {"latency_threshold": 2799.837597384731, "price_step": 20.47778537183475, "price_update_rate": 23933.032053833747, "token_update_rate": 16388.227087714826}}, {"target": 0.5333469868522636, "params": {"latency_threshold": 718.7955650585616, "price_step": 87.92598772270208, "price_update_rate": 27972.472696331042, "token_update_rate": 23905.8868909972}}, {"target": 0.5732368963641581, "params": {"latency_threshold": 428.97313503943434, "price_step": 49.50759565006207, "price_update_rate": 22738.89615708391, "token_update_rate": 29236.94013585487}}, {"target": 0.17158362731422444, "params": {"latency_threshold": 2997.5756718064517, "price_step": 42.9087280673815, "price_update_rate": 22257.774334063604, "token_update_rate": 24105.76372139203}}, {"target": 0.1889775582680695, "params": {"latency_threshold": 2189.2382870998063, "price_step": 52.2442500128812, "price_update_rate": 20512.079309093417, "token_update_rate": 27089.585145442936}}, {"target": 0.33888788109734497, "params": {"latency_threshold": 1274.665373925456, "price_step": 30.504343205125203, "price_update_rate": 21347.14746476791, "token_update_rate": 25463.749603180342}}, {"target": -0.17386241652920756, "params": {"latency_threshold": 2233.145401585557, "price_step": 30.84956598755644, "price_update_rate": 23250.61077989473, "token_update_rate": 5848.653742272012}}, {"target": 0.04035226892653227, "params": {"latency_threshold": 1373.6658824497217, "price_step": 37.99956385033429, "price_update_rate": 4994.8512716353935, "token_update_rate": 20607.871658530086}}, {"target": 0.49135960918798355, "params": {"latency_threshold": 1312.869366463841, "price_step": 94.51845496695147, "price_update_rate": 5125.431483959705, "token_update_rate": 17160.67203830514}}, {"target": 0.039518066151125505, "params": {"latency_threshold": 2768.4654444572284, "price_step": 50.25947910095008, "price_update_rate": 21671.494373672533, "token_update_rate": 16156.488274411255}}, {"target": 0.3022095623276429, "params": {"latency_threshold": 1387.0478837310259, "price_step": 31.998777321414444, "price_update_rate": 29219.714183081174, "token_update_rate": 28085.474388683306}}, {"target": 0.5512225667662022, "params": {"latency_threshold": 561.6327371954915, "price_step": 75.93264543774261, "price_update_rate": 8685.873826987596, "token_update_rate": 15831.309436553633}}, {"target": 0.41853710745834777, "params": {"latency_threshold": 2994.48095069364, "price_step": 88.39017046762687, "price_update_rate": 29817.317880791954, "token_update_rate": 25284.113822178915}}, {"target": 0.5511197196157216, "params": {"latency_threshold": 492.8733553282877, "price_step": 38.40235992537232, "price_update_rate": 5123.226436127573, "token_update_rate": 23995.66087760673}}, {"target": 0.5252594989879179, "params": {"latency_threshold": 793.1406959711368, "price_step": 75.74855966704867, "price_update_rate": 11454.943096577928, "token_update_rate": 21429.569746324214}}, {"target": 0.5383755792628518, "params": {"latency_threshold": 470.3890813546908, "price_step": 74.46855265016629, "price_update_rate": 14216.66118556209, "token_update_rate": 24741.17716384883}}]