[{"target": 0.5967267139414687, "params": {"latency_threshold": 4228.517846555483, "price_step": 110.84542908190214, "price_update_rate": 1003.3168697030017, "token_update_rate": 9767.644606323352}}, {"target": 0.7266630460893305, "params": {"latency_threshold": 1552.883319089419, "price_step": 22.927403267631693, "price_update_rate": 6401.546129952456, "token_update_rate": 11021.261084248385}}, {"target": 0.5534759892239078, "params": {"latency_threshold": 4027.997994883632, "price_step": 85.43434276046997, "price_update_rate": 13156.64091769555, "token_update_rate": 20871.365511506025}}, {"target": 0.4988347766366456, "params": {"latency_threshold": 2124.0772723420223, "price_step": 132.93644109473234, "price_update_rate": 1794.240202739859, "token_update_rate": 20443.557795173663}}, {"target": 0.7480729997914753, "params": {"latency_threshold": 4231.317543434557, "price_step": 88.21657598240523, "price_update_rate": 5071.221219261779, "token_update_rate": 6744.943183461485}}, {"target": 0.626238866118363, "params": {"latency_threshold": 8027.371229887813, "price_step": 145.55662060071566, "price_update_rate": 10089.301166618043, "token_update_rate": 21077.355854410107}}, {"target": 0.5486424037878448, "params": {"latency_threshold": 8776.25260773078, "price_step": 135.24493289053862, "price_update_rate": 3466.2821297235596, "token_update_rate": 2132.5887137535883}}, {"target": 0.5989361540416247, "params": {"latency_threshold": 1781.3211536892322, "price_step": 132.93995048011783, "price_update_rate": 3852.058181158453, "token_update_rate": 13212.121125146512}}, {"target": 0.7262815464092554, "params": {"latency_threshold": 9583.10634848997, "price_step": 84.6431398962224, "price_update_rate": 21064.436304563726, "token_update_rate": 10149.953299175826}}, {"target": 0.5650829693794367, "params": {"latency_threshold": 6896.359184047678, "price_step": 126.84759406563221, "price_update_rate": 1530.3600429815624, "token_update_rate": 22754.18513340406}}, {"target": 0.6145214583176517, "params": {"latency_threshold": 176.4265742427985, "price_step": 32.66053078977747, "price_update_rate": 21571.701990929952, "token_update_rate": 23177.368910756428}}, {"target": -999999999.0, "params": {"latency_threshold": 2943.4304251690064, "price_step": 60.16038515707598, "price_update_rate": 8047.081977369233, "token_update_rate": 7774.147988059506}}, {"target": 0.7648465039105314, "params": {"latency_threshold": 6271.518294158016, "price_step": 41.25143512419247, "price_update_rate": 28813.744763672286, "token_update_rate": 24335.865434130013}}, {"target": 0.3346741563307735, "params": {"latency_threshold": 309.9421091610255, "price_step": 123.10337354774097, "price_update_rate": 28980.810691992458, "token_update_rate": 21360.117790064272}}, {"target": 0.7201208135418623, "params": {"latency_threshold": 3707.7499965175425, "price_step": 13.135735558698329, "price_update_rate": 5420.01603970573, "token_update_rate": 29174.12419256358}}, {"target": -0.24197817725193235, "params": {"latency_threshold": 9953.472058888447, "price_step": 55.52415082357958, "price_update_rate": 24689.113506693127, "token_update_rate": 2294.384759409517}}, {"target": 0.7376946514458059, "params": {"latency_threshold": 9814.189810387796, "price_step": 47.85842598735012, "price_update_rate": 24454.765524023274, "token_update_rate": 13950.220631736029}}, {"target": 0.5794437019176029, "params": {"latency_threshold": 3316.2700378502186, "price_step": 99.00939826601116, "price_update_rate": 12614.648171466615, "token_update_rate": 22795.08919752353}}, {"target": 0.7097367704607903, "params": {"latency_threshold": 3128.5210846373984, "price_step": 104.73146256182373, "price_update_rate": 16990.070119974433, "token_update_rate": 10159.872367774211}}, {"target": 0.4384511148326985, "params": {"latency_threshold": 193.33789754581863, "price_step": 68.2700080992143, "price_update_rate": 11984.328723088964, "token_update_rate": 20170.895936009743}}, {"target": 0.5598763181892009, "params": {"latency_threshold": 3502.504334233402, "price_step": 145.13920768700862, "price_update_rate": 5244.635745474287, "token_update_rate": 29089.299506698633}}, {"target": 0.5999282392402847, "params": {"latency_threshold": 1732.3682280772557, "price_step": 134.67342719485265, "price_update_rate": 6433.768048442052, "token_update_rate": 11110.977021527624}}, {"target": 0.4107293454759181, "params": {"latency_threshold": 339.42607153481845, "price_step": 140.27175284388395, "price_update_rate": 7431.675591018747, "token_update_rate": 13265.694085646946}}, {"target": 0.6899095516183957, "params": {"latency_threshold": 5085.96551591621, "price_step": 115.53064617345173, "price_update_rate": 2573.784763887166, "token_update_rate": 6590.195696648944}}, {"target": -0.030909488572022883, "params": {"latency_threshold": 10000.0, "price_step": 149.99999999779945, "price_update_rate": 30000.0, "token_update_rate": 1000.0}}, {"target": 0.6177461642279555, "params": {"latency_threshold": 566.8511181836532, "price_step": 50.103961573848764, "price_update_rate": 5161.692649470011, "token_update_rate": 12723.879669626462}}, {"target": 0.7100719001388748, "params": {"latency_threshold": 7711.900075785947, "price_step": 104.18961715131444, "price_update_rate": 19550.1803481912, "token_update_rate": 13097.88210424237}}, {"target": 0.6237607304116481, "params": {"latency_threshold": 1423.758479679901, "price_step": 81.09880520382784, "price_update_rate": 26783.996341098114, "token_update_rate": 17447.7586966637}}, {"target": 0.7616337044473915, "params": {"latency_threshold": 10000.0, "price_step": 150.0, "price_update_rate": 26037.626023391756, "token_update_rate": 6799.388628856704}}, {"target": 0.6952412166174564, "params": {"latency_threshold": 1532.412821900473, "price_step": 33.74793167467834, "price_update_rate": 6147.920075596289, "token_update_rate": 10980.891179285183}}, {"target": 0.33325069371760896, "params": {"latency_threshold": 1677.2848339358168, "price_step": 10.0, "price_update_rate": 6335.637699815157, "token_update_rate": 11476.564339061495}}, {"target": -0.1791537921009413, "params": {"latency_threshold": 2094.4928790651843, "price_step": 10.0, "price_update_rate": 6364.667675947756, "token_update_rate": 10742.808622319917}}, {"target": 0.6483560489404943, "params": {"latency_threshold": 1995.951620730861, "price_step": 117.78699132449233, "price_update_rate": 6476.961643977947, "token_update_rate": 10827.497383189355}}]