[{"target": 0.19555581503250383, "params": {"dagor_admission_level_update_interval": 15488.135039273247, "dagor_alpha": 1.0727840495586292, "dagor_beta": 0.30138168803582194, "dagor_queuing_threshold": 181732.47744953452, "dagor_umax": 9.625786388100284}}, {"target": 0.2250849783445407, "params": {"dagor_admission_level_update_interval": 16458.94113066656, "dagor_alpha": 0.6563808168940388, "dagor_beta": 0.4458865003910399, "dagor_queuing_threshold": 244549.4140751544, "dagor_umax": 8.901947338863998}}, {"target": 0.3287699448357754, "params": {"dagor_admission_level_update_interval": 17917.250380826645, "dagor_alpha": 0.7933423796293567, "dagor_beta": 0.28402228054696615, "dagor_queuing_threshold": 238839.49574389914, "dagor_umax": 3.2786490475619647}}, {"target": 0.12474887571646325, "params": {"dagor_admission_level_update_interval": 10871.292997015407, "dagor_alpha": 0.03032759616048858, "dagor_beta": 0.416309922773969, "dagor_queuing_threshold": 216723.51264247758, "dagor_umax": 17.660218668442745}}, {"target": 0.11313164990085096, "params": {"dagor_admission_level_update_interval": 19786.18342232764, "dagor_alpha": 1.1987378463250855, "dagor_beta": 0.23073968112646592, "dagor_queuing_threshold": 217079.37644296832, "dagor_umax": 4.128939665640798}}, {"target": 0.20917704653829725, "params": {"dagor_admission_level_update_interval": 16399.210213275237, "dagor_alpha": 0.2150299311135696, "dagor_beta": 0.47233445852479194, "dagor_queuing_threshold": 178277.24826251075, "dagor_umax": 9.463914919829424}}, {"target": 0.1803263948311479, "params": {"dagor_admission_level_update_interval": 12645.55612104627, "dagor_alpha": 1.161350534151325, "dagor_beta": 0.22807516610827427, "dagor_queuing_threshold": 185265.09233029728, "dagor_umax": 2.3382164078543926}}, {"target": -0.1911921709608194, "params": {"dagor_admission_level_update_interval": 16176.35497075877, "dagor_alpha": 0.9181435840836321, "dagor_beta": 0.30846699843737846, "dagor_queuing_threshold": 241562.21177719362, "dagor_umax": 14.272765383862701}}, {"target": 0.11079380144734308, "params": {"dagor_admission_level_update_interval": 13595.07900573786, "dagor_alpha": 0.6555479306990122, "dagor_beta": 0.34881559796363243, "dagor_queuing_threshold": 109033.82074439048, "dagor_umax": 14.001800878022019}}, {"target": 0.23909259438655836, "params": {"dagor_admission_level_update_interval": 16706.378696181593, "dagor_alpha": 0.31557384161076135, "dagor_beta": 0.06446314882742665, "dagor_queuing_threshold": 147314.25263862757, "dagor_umax": 8.546793876967207}}, {"target": 0.12122054352819286, "params": {"dagor_admission_level_update_interval": 14328.763734464625, "dagor_alpha": 0.6672345857183983, "dagor_beta": 0.004618306272797856, "dagor_queuing_threshold": 214855.78220594762, "dagor_umax": 15.733999295609948}}, {"target": 0.07464309657999954, "params": {"dagor_admission_level_update_interval": 16753.096349788048, "dagor_alpha": 0.3350571396021627, "dagor_beta": 0.3721795177638936, "dagor_queuing_threshold": 173339.35563755556, "dagor_umax": 8.985051059430411}}, {"target": 0.5025958316942442, "params": {"dagor_admission_level_update_interval": 10417.681695197703, "dagor_alpha": 0.027128005220646012, "dagor_beta": 0.052927692877696164, "dagor_queuing_threshold": 103328.98279297948, "dagor_umax": 3.3944284645100096}}, {"target": 0.520416074269883, "params": {"dagor_admission_level_update_interval": 17397.8382532407, "dagor_alpha": 0.23556243601172044, "dagor_beta": 0.45592955952643255, "dagor_queuing_threshold": 215453.20970734148, "dagor_umax": 3.5188579519253365}}, {"target": 0.1580094721624395, "params": {"dagor_admission_level_update_interval": 16319.258922946774, "dagor_alpha": 0.5380807054470403, "dagor_beta": 0.15163516970456198, "dagor_queuing_threshold": 216884.70188328272, "dagor_umax": 12.352591301012218}}, {"target": 0.19961843175161778, "params": {"dagor_admission_level_update_interval": 18738.17176485163, "dagor_alpha": 0.5417578787145434, "dagor_beta": 0.1623540689436424, "dagor_queuing_threshold": 192223.01135995594, "dagor_umax": 9.55538535383365}}, {"target": 0.1575755260430816, "params": {"dagor_admission_level_update_interval": 15476.375155675536, "dagor_alpha": 1.3545482062832714, "dagor_beta": 0.16442047027769152, "dagor_queuing_threshold": 181725.39820212277, "dagor_umax": 2.7336601873600697}}, {"target": 0.09091553813457888, "params": {"dagor_admission_level_update_interval": 17464.521718629774, "dagor_alpha": 0.36350644219691636, "dagor_beta": 0.4149481258875395, "dagor_queuing_threshold": 215362.0031855707, "dagor_umax": 19.933264337289806}}, {"target": 0.13811833791318803, "params": {"dagor_admission_level_update_interval": 10055.644148003417, "dagor_alpha": 1.0740533800300214, "dagor_beta": 0.2376287232445743, "dagor_queuing_threshold": 186076.9890990749, "dagor_umax": 13.347066452482913}}, {"target": 0.07631518426776139, "params": {"dagor_admission_level_update_interval": 10000.0, "dagor_alpha": 0.805243565793243, "dagor_beta": 0.2792656334288759, "dagor_queuing_threshold": 241037.91007788456, "dagor_umax": 20.0}}, {"target": 0.4464402215172715, "params": {"dagor_admission_level_update_interval": 17316.79913633639, "dagor_alpha": 0.7121963033496772, "dagor_beta": 0.19796677389885925, "dagor_queuing_threshold": 215412.20817879782, "dagor_umax": 4.121698653001854}}, {"target": 0.18649972423087982, "params": {"dagor_admission_level_update_interval": 11406.384052285855, "dagor_alpha": 0.8682242342001836, "dagor_beta": 0.40037905191181944, "dagor_queuing_threshold": 200804.568282854, "dagor_umax": 4.44873769288956}}, {"target": -0.028201444028229918, "params": {"dagor_admission_level_update_interval": 17511.849384265006, "dagor_alpha": 1.069756694319659, "dagor_beta": 0.16489016497197445, "dagor_queuing_threshold": 215474.2288849461, "dagor_umax": 19.84394867163342}}, {"target": 0.12263087381408057, "params": {"dagor_admission_level_update_interval": 18027.2312311037, "dagor_alpha": 1.447547681506779, "dagor_beta": 0.1235199328410706, "dagor_queuing_threshold": 238963.9037882196, "dagor_umax": 14.735254339344985}}, {"target": -0.280088660476488, "params": {"dagor_admission_level_update_interval": 10000.0, "dagor_alpha": 1.3935715002544913, "dagor_beta": 0.5, "dagor_queuing_threshold": 233179.42334235276, "dagor_umax": 20.0}}, {"target": 0.19853343004822221, "params": {"dagor_admission_level_update_interval": 10284.039929431465, "dagor_alpha": 0.28978695302560603, "dagor_beta": 0.23181502222038397, "dagor_queuing_threshold": 103314.69099701855, "dagor_umax": 5.576824706312571}}, {"target": 0.07863274465851545, "params": {"dagor_admission_level_update_interval": 20000.0, "dagor_alpha": 1.5, "dagor_beta": 0.4999999998583483, "dagor_queuing_threshold": 211666.1980614575, "dagor_umax": 19.027715144608514}}, {"target": 0.22151210824317458, "params": {"dagor_admission_level_update_interval": 17219.828719422592, "dagor_alpha": 1.1133799463731282, "dagor_beta": 0.43632436871364405, "dagor_queuing_threshold": 215551.7738426238, "dagor_umax": 8.631327289294429}}, {"target": 0.3614476040451719, "params": {"dagor_admission_level_update_interval": 14172.471315001792, "dagor_alpha": 0.3884825595140316, "dagor_beta": 0.022776943932726668, "dagor_queuing_threshold": 242298.25612680602, "dagor_umax": 2.0014130831703603}}, {"target": 0.1922660700999741, "params": {"dagor_admission_level_update_interval": 17268.658432743447, "dagor_alpha": 0.28784201038030544, "dagor_beta": 0.48672715202510036, "dagor_queuing_threshold": 215371.07129839496, "dagor_umax": 9.108936490872509}}, {"target": 0.15660791366088736, "params": {"dagor_admission_level_update_interval": 17916.519058146012, "dagor_alpha": 0.4361951168035199, "dagor_beta": 0.0031935610262640024, "dagor_queuing_threshold": 238739.78396321842, "dagor_umax": 5.900570853919017}}, {"target": 0.15631860145149595, "params": {"dagor_admission_level_update_interval": 10508.35118505036, "dagor_alpha": 0.9861669786758347, "dagor_beta": 0.18927453809626021, "dagor_queuing_threshold": 103287.34093946726, "dagor_umax": 6.010132413431011}}, {"target": 0.17154378134926343, "params": {"dagor_admission_level_update_interval": 14316.208530490941, "dagor_alpha": 1.4320109078674172, "dagor_beta": 0.37212060191022717, "dagor_queuing_threshold": 242383.55208390305, "dagor_umax": 12.438179627204624}}]