[{"target": 0.3096203920367379, "params": {"dagor_admission_level_update_interval": 15488.135039273247, "dagor_alpha": 1.0727840495586292, "dagor_beta": 0.30138168803582194, "dagor_queuing_threshold": 181732.47744953452, "dagor_umax": 9.625786388100284}}, {"target": 0.3415048298026298, "params": {"dagor_admission_level_update_interval": 16458.94113066656, "dagor_alpha": 0.6563808168940388, "dagor_beta": 0.4458865003910399, "dagor_queuing_threshold": 244549.4140751544, "dagor_umax": 8.901947338863998}}, {"target": -1.2353808872745344, "params": {"dagor_admission_level_update_interval": 17917.250380826645, "dagor_alpha": 0.7933423796293567, "dagor_beta": 0.28402228054696615, "dagor_queuing_threshold": 238839.49574389914, "dagor_umax": 3.2786490475619647}}, {"target": 0.1645377123019302, "params": {"dagor_admission_level_update_interval": 10871.292997015407, "dagor_alpha": 0.03032759616048858, "dagor_beta": 0.416309922773969, "dagor_queuing_threshold": 216723.51264247758, "dagor_umax": 17.660218668442745}}, {"target": 0.69210268466634, "params": {"dagor_admission_level_update_interval": 19786.18342232764, "dagor_alpha": 1.1987378463250855, "dagor_beta": 0.23073968112646592, "dagor_queuing_threshold": 217079.37644296832, "dagor_umax": 4.128939665640798}}, {"target": 0.3342715001189436, "params": {"dagor_admission_level_update_interval": 16399.210213275237, "dagor_alpha": 0.2150299311135696, "dagor_beta": 0.47233445852479194, "dagor_queuing_threshold": 178277.24826251075, "dagor_umax": 9.463914919829424}}, {"target": -1.3468331696818268, "params": {"dagor_admission_level_update_interval": 12645.55612104627, "dagor_alpha": 1.161350534151325, "dagor_beta": 0.22807516610827427, "dagor_queuing_threshold": 185265.09233029728, "dagor_umax": 2.3382164078543926}}, {"target": 0.21387427406558512, "params": {"dagor_admission_level_update_interval": 16176.35497075877, "dagor_alpha": 0.9181435840836321, "dagor_beta": 0.30846699843737846, "dagor_queuing_threshold": 241562.21177719362, "dagor_umax": 14.272765383862701}}, {"target": 0.187903443952498, "params": {"dagor_admission_level_update_interval": 13595.07900573786, "dagor_alpha": 0.6555479306990122, "dagor_beta": 0.34881559796363243, "dagor_queuing_threshold": 109033.82074439048, "dagor_umax": 14.001800878022019}}, {"target": 0.34840313804031586, "params": {"dagor_admission_level_update_interval": 16706.378696181593, "dagor_alpha": 0.31557384161076135, "dagor_beta": 0.06446314882742665, "dagor_queuing_threshold": 147314.25263862757, "dagor_umax": 8.546793876967207}}, {"target": 0.18140771137951409, "params": {"dagor_admission_level_update_interval": 14328.763734464625, "dagor_alpha": 0.6672345857183983, "dagor_beta": 0.004618306272797856, "dagor_queuing_threshold": 214855.78220594762, "dagor_umax": 15.733999295609948}}, {"target": 0.3616493463673165, "params": {"dagor_admission_level_update_interval": 16753.096349788048, "dagor_alpha": 0.3350571396021627, "dagor_beta": 0.3721795177638936, "dagor_queuing_threshold": 173339.35563755556, "dagor_umax": 8.985051059430411}}, {"target": 0.3483512553465731, "params": {"dagor_admission_level_update_interval": 19798.97559232497, "dagor_alpha": 1.05561062143446, "dagor_beta": 0.06167297924546239, "dagor_queuing_threshold": 217439.4376047268, "dagor_umax": 8.11036654178109}}, {"target": -1.32401911299004, "params": {"dagor_admission_level_update_interval": 19558.756873507475, "dagor_alpha": 0.3711461453894002, "dagor_beta": 0.3579420190093803, "dagor_queuing_threshold": 216218.75076184017, "dagor_umax": 3.521982494155015}}, {"target": 0.14500628490103135, "params": {"dagor_admission_level_update_interval": 10000.0, "dagor_alpha": 0.32865069719647233, "dagor_beta": 0.41509179991421014, "dagor_queuing_threshold": 100000.0, "dagor_umax": 20.0}}, {"target": 0.3281322856785725, "params": {"dagor_admission_level_update_interval": 18738.17176485163, "dagor_alpha": 0.5417578787145434, "dagor_beta": 0.1623540689436424, "dagor_queuing_threshold": 192223.01135995594, "dagor_umax": 9.55538535383365}}, {"target": -1.2837031537933223, "params": {"dagor_admission_level_update_interval": 15476.375155675536, "dagor_alpha": 1.3545482062832714, "dagor_beta": 0.16442047027769152, "dagor_queuing_threshold": 181725.39820212277, "dagor_umax": 2.7336601873600697}}, {"target": -1.355809909837634, "params": {"dagor_admission_level_update_interval": 14205.04896433889, "dagor_alpha": 1.2401256062554267, "dagor_beta": 0.4152843304837744, "dagor_queuing_threshold": 241150.6721151955, "dagor_umax": 2.8089670390492056}}, {"target": 0.060365438848250665, "params": {"dagor_admission_level_update_interval": 10055.644148003417, "dagor_alpha": 1.0740533800300214, "dagor_beta": 0.2376287232445743, "dagor_queuing_threshold": 186076.9890990749, "dagor_umax": 13.347066452482913}}, {"target": 0.15045238968812186, "params": {"dagor_admission_level_update_interval": 16059.037153965393, "dagor_alpha": 1.3505219767659609, "dagor_beta": 0.09814535093023075, "dagor_queuing_threshold": 176314.70520139, "dagor_umax": 18.373491406078916}}, {"target": -0.05080321620044548, "params": {"dagor_admission_level_update_interval": 14079.226172478795, "dagor_alpha": 0.9349926751190887, "dagor_beta": 0.37876733681311586, "dagor_queuing_threshold": 149724.179397901, "dagor_umax": 18.623460911225703}}, {"target": 0.43704124362832536, "params": {"dagor_admission_level_update_interval": 11406.384052285855, "dagor_alpha": 0.8682242342001836, "dagor_beta": 0.40037905191181944, "dagor_queuing_threshold": 200804.568282854, "dagor_umax": 4.44873769288956}}, {"target": 0.184585384173886, "params": {"dagor_admission_level_update_interval": 15401.464160071751, "dagor_alpha": 1.2933190981863028, "dagor_beta": 0.16084810979746328, "dagor_queuing_threshold": 180868.9778898026, "dagor_umax": 8.22446346709355}}, {"target": 0.07690891471243155, "params": {"dagor_admission_level_update_interval": 10904.838744645765, "dagor_alpha": 0.9049319063068297, "dagor_beta": 0.3647674010804599, "dagor_queuing_threshold": 242715.85377635405, "dagor_umax": 14.322239965202881}}, {"target": 0.12792970482839566, "params": {"dagor_admission_level_update_interval": 19791.415713478025, "dagor_alpha": 0.7724411851907081, "dagor_beta": 0.0, "dagor_queuing_threshold": 220008.19920848057, "dagor_umax": 20.0}}, {"target": 0.537633650386072, "params": {"dagor_admission_level_update_interval": 12435.536947313587, "dagor_alpha": 1.1936384067446908, "dagor_beta": 0.40893293280703674, "dagor_queuing_threshold": 126988.81720803672, "dagor_umax": 5.3329862139284545}}, {"target": 0.1798281828434074, "params": {"dagor_admission_level_update_interval": 13641.513359487824, "dagor_alpha": 1.447443918858014, "dagor_beta": 0.45413726202048355, "dagor_queuing_threshold": 131299.13255242066, "dagor_umax": 16.916572851084545}}, {"target": 0.04744707765551466, "params": {"dagor_admission_level_update_interval": 12374.416845225462, "dagor_alpha": 0.37831423386407903, "dagor_beta": 0.05981181482213199, "dagor_queuing_threshold": 227022.416782172, "dagor_umax": 6.505420299830572}}, {"target": -1.0334541830765154, "params": {"dagor_admission_level_update_interval": 10000.0, "dagor_alpha": 0.0, "dagor_beta": 0.0, "dagor_queuing_threshold": 235487.20357798284, "dagor_umax": 2.0}}, {"target": -1.0582905837695837, "params": {"dagor_admission_level_update_interval": 11771.800662809252, "dagor_alpha": 0.6688747993745225, "dagor_beta": 0.13796539710767947, "dagor_queuing_threshold": 146056.64739808478, "dagor_umax": 3.883963200928878}}, {"target": -1.3183179975156711, "params": {"dagor_admission_level_update_interval": 12183.161924582204, "dagor_alpha": 1.267409055675993, "dagor_beta": 0.38929535341373217, "dagor_queuing_threshold": 162263.88728892454, "dagor_umax": 2.390186142814981}}, {"target": 0.24710152698550528, "params": {"dagor_admission_level_update_interval": 12122.501379808575, "dagor_alpha": 1.0939456007793669, "dagor_beta": 0.45090355871125654, "dagor_queuing_threshold": 180945.94033644578, "dagor_umax": 12.725291167817728}}, {"target": -0.1652720045923814, "params": {"dagor_admission_level_update_interval": 10036.377545631587, "dagor_alpha": 0.712604975950645, "dagor_beta": 0.31387536089434126, "dagor_queuing_threshold": 126702.62435267706, "dagor_umax": 10.183319967934995}}]