[{"target": 0.1578005078663014, "params": {"latency_threshold": 1100.8528112861777, "price_step": 60.42271454095107, "price_update_rate": 1003.3168697030017, "token_update_rate": 11046.651452636796}}, {"target": 0.12481062404060851, "params": {"latency_threshold": 452.2141379610713, "price_step": 16.463701633815845, "price_update_rate": 6401.546129952456, "token_update_rate": 11911.214540860954}}, {"target": -0.6062516953724469, "params": {"latency_threshold": 1052.2419381536079, "price_step": 47.71717138023499, "price_update_rate": 13156.64091769555, "token_update_rate": 18704.390007935188}}, {"target": 0.22267723128452038, "params": {"latency_threshold": 590.6853993556418, "price_step": 71.46822054736617, "price_update_rate": 1794.240202739859, "token_update_rate": 18409.350203568043}}, {"target": -0.5419723714212028, "params": {"latency_threshold": 1101.5315256811048, "price_step": 49.108287991202616, "price_update_rate": 5071.221219261779, "token_update_rate": 8962.029781697576}}, {"target": 0.10736233067051203, "params": {"latency_threshold": 2021.786964821288, "price_step": 77.77831030035783, "price_update_rate": 10089.301166618043, "token_update_rate": 18846.452313386282}}, {"target": -0.22267454889639002, "params": {"latency_threshold": 2203.333965510492, "price_step": 72.62246644526931, "price_update_rate": 3466.2821297235596, "token_update_rate": 5781.095664657647}}, {"target": 0.2944790309625742, "params": {"latency_threshold": 507.59300695496535, "price_step": 71.46997524005891, "price_update_rate": 3852.058181158453, "token_update_rate": 13422.152500101043}}, {"target": 0.06388337443352159, "params": {"latency_threshold": 2398.9348723612047, "price_step": 47.3215699481112, "price_update_rate": 21064.436304563726, "token_update_rate": 11310.312620121258}}, {"target": -0.22472707736318626, "params": {"latency_threshold": 1747.6022264358007, "price_step": 68.42379703281611, "price_update_rate": 1530.3600429815624, "token_update_rate": 20002.88629889935}}, {"target": -0.24684789195036683, "params": {"latency_threshold": 118.52765436189054, "price_step": 21.330265394888734, "price_update_rate": 21571.701990929952, "token_update_rate": 20294.737179832016}}, {"target": 0.13921949342811754, "params": {"latency_threshold": 1162.1375618931097, "price_step": 38.942949555384686, "price_update_rate": 16886.34342778445, "token_update_rate": 19884.031631504724}}, {"target": -0.07302406741799751, "params": {"latency_threshold": 1596.1256470686099, "price_step": 25.625717562096234, "price_update_rate": 28813.744763672286, "token_update_rate": 21093.700299400007}}, {"target": 0.23588493910297584, "params": {"latency_threshold": 100.0, "price_step": 80.0, "price_update_rate": 29229.024732176626, "token_update_rate": 21857.90930119249}}, {"target": -0.3176745066834576, "params": {"latency_threshold": 974.6060597618284, "price_step": 11.567867779349164, "price_update_rate": 5420.01603970573, "token_update_rate": 24430.430477630056}}, {"target": -0.5889690259316858, "params": {"latency_threshold": 2488.720499124472, "price_step": 32.762075411789795, "price_update_rate": 24689.113506693127, "token_update_rate": 5892.679144420356}}, {"target": -0.3419974050548158, "params": {"latency_threshold": 1126.6438566788804, "price_step": 57.344462432534186, "price_update_rate": 16741.847920112094, "token_update_rate": 19983.3765152831}}, {"target": 0.21254499833235058, "params": {"latency_threshold": 879.7018273576288, "price_step": 54.50469913300558, "price_update_rate": 12614.648171466615, "token_update_rate": 20031.09599829209}}, {"target": 0.11340085777676095, "params": {"latency_threshold": 834.1869296090663, "price_step": 57.36573128091187, "price_update_rate": 16990.070119974433, "token_update_rate": 11317.153357085663}}, {"target": 0.15833457671947648, "params": {"latency_threshold": 971.0966751439659, "price_step": 56.18918402482307, "price_update_rate": 16968.751757946862, "token_update_rate": 11198.155066524429}}, {"target": 0.01907748164270745, "params": {"latency_threshold": 122.7127651806856, "price_step": 48.514296342041646, "price_update_rate": 5697.660012894986, "token_update_rate": 14555.98398344891}}, {"target": 0.055732657581575015, "params": {"latency_threshold": 2500.0, "price_step": 80.0, "price_update_rate": 22510.76146036236, "token_update_rate": 8736.273320386406}}, {"target": 0.145522585743769, "params": {"latency_threshold": 1307.6990200500243, "price_step": 49.951664825298096, "price_update_rate": 10053.678449465762, "token_update_rate": 18384.98684561654}}, {"target": -0.08850349690052475, "params": {"latency_threshold": 2089.4059267481375, "price_step": 52.97882477961235, "price_update_rate": 10001.695847625902, "token_update_rate": 18742.745723452434}}, {"target": -0.335781838865689, "params": {"latency_threshold": 1946.251173808262, "price_step": 13.06805473723452, "price_update_rate": 10231.522394882268, "token_update_rate": 18883.643848937783}}, {"target": -0.3390396586283767, "params": {"latency_threshold": 2500.0, "price_step": 80.0, "price_update_rate": 4021.7756708010393, "token_update_rate": 5000.0}}, {"target": -0.3390396586283767, "params": {"latency_threshold": 533.8924472265169, "price_step": 29.02399061462058, "price_update_rate": 24302.67791190655, "token_update_rate": 17960.770871867608}}, {"target": -0.3390396586283767, "params": {"latency_threshold": 420.9111465890669, "price_step": 45.54940260191392, "price_update_rate": 26783.996341098114, "token_update_rate": 16343.281859768069}}, {"target": -0.3390396586283767, "params": {"latency_threshold": 100.0, "price_step": 10.0, "price_update_rate": 10291.302736016167, "token_update_rate": 19187.567278315983}}, {"target": -0.3390396586283767, "params": {"latency_threshold": 1699.9379460286552, "price_step": 47.98196635862194, "price_update_rate": 28845.074293509395, "token_update_rate": 21147.75015145469}}, {"target": -0.3390396586283767, "params": {"latency_threshold": 2466.4232546505955, "price_step": 59.58293479287968, "price_update_rate": 17892.879054487188, "token_update_rate": 19922.48845549688}}, {"target": -0.3390396586283767, "params": {"latency_threshold": 2500.0, "price_step": 80.0, "price_update_rate": 5950.7181141922365, "token_update_rate": 17964.50424378688}}, {"target": -0.3390396586283767, "params": {"latency_threshold": 1784.0825948193321, "price_step": 36.89650815778465, "price_update_rate": 8782.595170350265, "token_update_rate": 14783.667574164516}}]