[{"target": 0.09139635141023361, "params": {"breakwater_a": 0.834044009405148, "breakwater_b": 1.4406489868843162, "breakwater_client_expiration": 1.343010077217315, "breakwater_initial_credit": 121.63069648010406, "breakwater_rtt": 2935.117816342261, "breakwater_slo": 12770.157843063935, "breakwaterd_a": 1.862602113776709, "breakwaterd_b": 10.366821811291432, "breakwaterd_client_expiration": 21903.024226920097, "breakwaterd_initial_credit": 539.2779172693536, "breakwaterd_rtt": 8383.890288065895, "breakwaterd_slo": 64260.97501983798}}, {"target": -0.022053225088728135, "params": {"breakwater_a": 0.40890449946303487, "breakwater_b": 1.7562348727818908, "breakwater_client_expiration": 83.13539200058057, "breakwater_initial_credit": 268.5165365611825, "breakwater_rtt": 8346.09604734254, "breakwater_slo": 26760.694853372548, "breakwaterd_a": 1.4038693859523377, "breakwaterd_b": 5.943044672546364, "breakwaterd_client_expiration": 34022.3370602661, "breakwaterd_initial_credit": 968.2933141436781, "breakwaterd_rtt": 6268.483563184856, "breakwaterd_slo": 64616.130783465705}}, {"target": 0.01693621985793364, "params": {"breakwater_a": 1.7527783045920766, "breakwater_b": 1.7892133270076946, "breakwater_client_expiration": 256.0475898979639, "breakwater_initial_credit": 16.58285850992006, "breakwater_rtt": 3396.608391291378, "breakwater_slo": 36344.2751028824, "breakwaterd_a": 0.983468338330501, "breakwaterd_b": 12.633228750151565, "breakwaterd_client_expiration": 38736.68590451506, "breakwaterd_initial_credit": 533.6321196880441, "breakwaterd_rtt": 13837.542279009467, "breakwaterd_slo": 45775.781550303145}}, {"target": 0.02865160684460299, "params": {"breakwater_a": 1.3730018553631673, "breakwater_b": 1.6692513437947458, "breakwater_client_expiration": 55.846543755231224, "breakwater_initial_credit": 300.307581663042, "breakwater_rtt": 19777.221778129893, "breakwater_slo": 32444.969631395183, "breakwaterd_a": 2.804439920644052, "breakwaterd_b": 23.678379853544655, "breakwaterd_client_expiration": 13096.78019732926, "breakwaterd_initial_credit": 448.44563264972925, "breakwaterd_rtt": 18171.910061861912, "breakwaterd_slo": 44680.707418683975}}, {"target": 0.0638651959250622, "params": {"breakwater_a": 0.5755506771726975, "breakwater_b": 0.26005714423655535, "breakwater_client_expiration": 59.081506653020924, "breakwater_initial_credit": 271.8553776430165, "breakwater_rtt": 4232.5623200011805, "breakwater_slo": 17966.399781166787, "breakwaterd_a": 4.9157315928033825, "breakwaterd_b": 1.6008763535124115, "breakwaterd_client_expiration": 27223.52816476039, "breakwaterd_initial_credit": 147.58184633090434, "breakwaterd_rtt": 11786.110738065685, "breakwaterd_slo": 64987.91800104656}}, {"target": 0.04017826887937784, "params": {"breakwater_a": 0.20466885765565168, "breakwater_b": 0.8281119756391366, "breakwater_client_expiration": 2083.5060730255077, "breakwater_initial_credit": 166.25752854123417, "breakwater_rtt": 999.0691789217432, "breakwater_slo": 26076.89217746535, "breakwaterd_a": 6.637946452197888, "breakwaterd_b": 15.446673361749257, "breakwaterd_client_expiration": 38337.8426797244, "breakwaterd_initial_credit": 586.9684854614909, "breakwaterd_rtt": 18068.03830575767, "breakwaterd_slo": 36873.735207311875}}, {"target": 0.05746764844840845, "params": {"breakwater_a": 0.2785526945015171, "breakwater_b": 1.6147825774190476, "breakwater_client_expiration": 1193.6328341196152, "breakwater_initial_credit": 66.97632464965618, "breakwater_rtt": 18550.171607920678, "breakwater_slo": 20432.975792365196, "breakwaterd_a": 7.508121031361555, "breakwaterd_b": 21.779939560513544, "breakwaterd_client_expiration": 36499.18273617429, "breakwaterd_initial_credit": 624.0485348485532, "breakwaterd_rtt": 15018.848680546744, "breakwaterd_slo": 47444.917098892125}}, {"target": -999999999.0, "params": {"breakwater_a": 0.5398557835300521, "breakwater_b": 1.7917724363921337, "breakwater_client_expiration": 1284.8454784240134, "breakwater_initial_credit": 385.97117881220584, "breakwater_rtt": 13268.829956368962, "breakwater_slo": 28650.871606273653, "breakwaterd_a": 1.1474597295337519, "breakwaterd_b": 28.484677761212136, "breakwaterd_client_expiration": 23497.364004398216, "breakwaterd_initial_credit": 578.8112247727446, "breakwaterd_rtt": 8162.736055225623, "breakwaterd_slo": 41851.34901215139}}, {"target": 0.07297389568877348, "params": {"breakwater_a": 1.8067590411245076, "breakwater_b": 1.1473589733445717, "breakwater_client_expiration": 9.608110766445751, "breakwater_initial_credit": 247.2408205346688, "breakwater_rtt": 6532.898035441923, "breakwater_slo": 25811.74306772828, "breakwaterd_a": 8.859420993107745, "breakwaterd_b": 10.718092800074993, "breakwaterd_client_expiration": 37256.05452759398, "breakwaterd_initial_credit": 623.736755676011, "breakwaterd_rtt": 316.42485693112565, "breakwaterd_slo": 76471.86168718807}}, {"target": 0.0507188039554512, "params": {"breakwater_a": 1.381793835033848, "breakwater_b": 1.994645700902961, "breakwater_client_expiration": 517.8491845276403, "breakwater_initial_credit": 55.71716410192222, "breakwater_rtt": 18651.909260743272, "breakwater_slo": 30904.544844697004, "breakwaterd_a": 0.6600017272206249, "breakwaterd_b": 22.66389157807399, "breakwaterd_client_expiration": 32616.285653837393, "breakwaterd_initial_credit": 923.1015110109369, "breakwaterd_rtt": 14230.495172569435, "breakwaterd_slo": 36213.54809860823}}, {"target": 0.0335855917439182, "params": {"breakwater_a": 0.5161768264557793, "breakwater_b": 0.8345909791352324, "breakwater_client_expiration": 744.1912450138587, "breakwater_initial_credit": 385.49514190413015, "breakwater_rtt": 3333.152535090382, "breakwater_slo": 30192.073013345867, "breakwaterd_a": 7.343868416364185, "breakwaterd_b": 17.588199964458134, "breakwaterd_client_expiration": 34338.40691473376, "breakwaterd_initial_credit": 259.2227173098613, "breakwaterd_rtt": 8242.756394581103, "breakwaterd_slo": 59885.53997024032}}, {"target": 0.0711734311515701, "params": {"breakwater_a": 0.5681358064388753, "breakwater_b": 1.9746055612833329, "breakwater_client_expiration": 2968.7344412707293, "breakwater_initial_credit": 108.8021693336423, "breakwater_rtt": 18100.49426729358, "breakwater_slo": 23797.6266624464, "breakwaterd_a": 9.892631925098605, "breakwaterd_b": 21.48972803297928, "breakwaterd_client_expiration": 21743.653857029967, "breakwaterd_initial_credit": 283.58555897283674, "breakwaterd_rtt": 16735.398824700787, "breakwaterd_slo": 30954.257728524837}}, {"target": 0.08835159115458521, "params": {"breakwater_a": 1.6804859249349162, "breakwater_b": 0.9603760902316254, "breakwater_client_expiration": 2799.2100905270677, "breakwater_initial_credit": 379.92870677024456, "breakwater_rtt": 12881.350017090012, "breakwater_slo": 23215.539245649547, "breakwaterd_a": 8.065554750541684, "breakwaterd_b": 3.1759373948915126, "breakwaterd_client_expiration": 25078.618266617603, "breakwaterd_initial_credit": 745.5361501077966, "breakwaterd_rtt": 6809.0370481934115, "breakwaterd_slo": 64308.478771639944}}, {"target": 0.05657308343560536, "params": {"breakwater_a": 1.0923294104606187, "breakwater_b": 0.01975529948464838, "breakwater_client_expiration": 1723.4413145595865, "breakwater_initial_credit": 327.20051372938485, "breakwater_rtt": 1568.532516079668, "breakwater_slo": 36213.49479133911, "breakwaterd_a": 4.253680840602534, "breakwaterd_b": 15.850852614429298, "breakwaterd_client_expiration": 35712.53521495503, "breakwaterd_initial_credit": 645.9193746431399, "breakwaterd_rtt": 7198.218150327662, "breakwaterd_slo": 76102.4249210333}}, {"target": 0.007962343574862777, "params": {"breakwater_a": 0.27957419671687145, "breakwater_b": 0.6705975959327108, "breakwater_client_expiration": 1539.102329876889, "breakwater_initial_credit": 385.7617322501084, "breakwater_rtt": 6730.210794817322, "breakwater_slo": 16764.46663303493, "breakwaterd_a": 2.0127144757281568, "breakwaterd_b": 3.090671308900921, "breakwaterd_client_expiration": 23478.099419874292, "breakwaterd_initial_credit": 587.7146710352168, "breakwaterd_rtt": 9315.761407651042, "breakwaterd_slo": 45292.456239905645}}, {"target": -999999999.0, "params": {"breakwater_a": 0.18003568652002433, "breakwater_b": 0.6780465196670811, "breakwater_client_expiration": 1732.7946289066826, "breakwater_initial_credit": 99.88399050761188, "breakwater_rtt": 13908.12281482109, "breakwater_slo": 39456.31853303865, "breakwaterd_a": 3.5611458818869925, "breakwaterd_b": 10.874007300571115, "breakwaterd_client_expiration": 12784.17527618329, "breakwaterd_initial_credit": 244.09459359257102, "breakwaterd_rtt": 16184.039711869451, "breakwaterd_slo": 66065.87046358899}}, {"target": 0.023577199364705693, "params": {"breakwater_a": 0.5602935129613549, "breakwater_b": 0.19232841713408821, "breakwater_client_expiration": 2963.5468705503017, "breakwater_initial_credit": 151.25665852436546, "breakwater_rtt": 17211.574459360447, "breakwater_slo": 15278.095349031919, "breakwaterd_a": 4.135466728804742, "breakwaterd_b": 15.8840738312746, "breakwaterd_client_expiration": 35530.3001742067, "breakwaterd_initial_credit": 160.68950347693888, "breakwaterd_rtt": 18639.960085806742, "breakwaterd_slo": 74152.15494218266}}, {"target": 0.019255356461081053, "params": {"breakwater_a": 1.5133682428101267, "breakwater_b": 0.024327340763329985, "breakwater_client_expiration": 2852.9300408814024, "breakwater_initial_credit": 362.4715723398637, "breakwater_rtt": 10274.575861464527, "breakwater_slo": 10980.153821130998, "breakwaterd_a": 1.5280118517932095, "breakwaterd_b": 9.655253432456266, "breakwaterd_client_expiration": 18807.65984434706, "breakwaterd_initial_credit": 326.87508008469257, "breakwaterd_rtt": 2996.017697981337, "breakwaterd_slo": 58456.02728898218}}, {"target": 0.059408405957663515, "params": {"breakwater_a": 0.9860021708406059, "breakwater_b": 0.48089920372275685, "breakwater_client_expiration": 2592.3816221769307, "breakwater_initial_credit": 167.0904552741751, "breakwater_rtt": 12908.611744232838, "breakwater_slo": 20454.61442408459, "breakwaterd_a": 9.1850325109432, "breakwaterd_b": 5.114117400596907, "breakwaterd_client_expiration": 12282.328566847074, "breakwaterd_initial_credit": 260.2779039132506, "breakwaterd_rtt": 5577.654733313122, "breakwaterd_slo": 49411.2968823539}}, {"target": 0.03335220171646789, "params": {"breakwater_a": 1.5669495718521884, "breakwater_b": 0.48848903247532727, "breakwater_client_expiration": 2083.931667903246, "breakwater_initial_credit": 298.16325600934164, "breakwater_rtt": 8929.80869072452, "breakwater_slo": 37738.840112163074, "breakwaterd_a": 1.1099505166385704, "breakwaterd_b": 19.67124754891869, "breakwaterd_client_expiration": 26895.609165890593, "breakwaterd_initial_credit": 110.77168463502413, "breakwaterd_rtt": 5708.546489666484, "breakwaterd_slo": 56525.78166048256}}, {"target": 0.0770849253089048, "params": {"breakwater_a": 0.4902045845480638, "breakwater_b": 0.7166167774759533, "breakwater_client_expiration": 493.0502276487581, "breakwater_initial_credit": 240.896784403438, "breakwater_rtt": 4432.215968251845, "breakwater_slo": 18861.13641559328, "breakwaterd_a": 9.320958954207407, "breakwaterd_b": 12.431159490826246, "breakwaterd_client_expiration": 27971.18592903495, "breakwaterd_initial_credit": 888.4461743207066, "breakwaterd_rtt": 13847.380460846909, "breakwaterd_slo": 64699.61904059465}}, {"target": -0.00791452985289903, "params": {"breakwater_a": 0.0, "breakwater_b": 0.0, "breakwater_client_expiration": 2629.3744778676287, "breakwater_initial_credit": 171.34457240390765, "breakwater_rtt": 8744.95141275138, "breakwater_slo": 12375.494282440508, "breakwaterd_a": 0.21909077760535983, "breakwaterd_b": 1.0895253037665875, "breakwaterd_client_expiration": 27935.72104814085, "breakwaterd_initial_credit": 1000.0, "breakwaterd_rtt": 11219.889545432272, "breakwaterd_slo": 54900.284563121684}}, {"target": 0.05520760716276234, "params": {"breakwater_a": 0.6450325410371112, "breakwater_b": 0.16981286074875324, "breakwater_client_expiration": 1208.3322540780912, "breakwater_initial_credit": 163.20120949285254, "breakwater_rtt": 5395.386860165517, "breakwater_slo": 30158.038713967697, "breakwaterd_a": 3.4590390179367416, "breakwaterd_b": 8.2668260411535, "breakwaterd_client_expiration": 34749.65294664157, "breakwaterd_initial_credit": 788.7012884688309, "breakwaterd_rtt": 9100.694117147308, "breakwaterd_slo": 60505.995854034016}}, {"target": 0.00360120682829276, "params": {"breakwater_a": 0.0, "breakwater_b": 2.0, "breakwater_client_expiration": 1962.6803896099323, "breakwater_initial_credit": 67.52100987942843, "breakwater_rtt": 4043.2358038444427, "breakwater_slo": 10255.891703073596, "breakwaterd_a": 0.0, "breakwaterd_b": 0.0, "breakwaterd_client_expiration": 14153.026137127918, "breakwaterd_initial_credit": 345.9810181118099, "breakwaterd_rtt": 11165.837728864019, "breakwaterd_slo": 49452.18382508901}}, {"target": 0.0300577111232506, "params": {"breakwater_a": 0.0, "breakwater_b": 2.0, "breakwater_client_expiration": 1797.3338883294557, "breakwater_initial_credit": 1.0, "breakwater_rtt": 20000.0, "breakwater_slo": 23928.676558357965, "breakwaterd_a": 10.0, "breakwaterd_b": 12.68809917882896, "breakwaterd_client_expiration": 36989.70597764034, "breakwaterd_initial_credit": 701.1002904156287, "breakwaterd_rtt": 20000.0, "breakwaterd_slo": 30000.0}}, {"target": 0.10688322045217515, "params": {"breakwater_a": 1.5044230856472924, "breakwater_b": 1.8033542633530042, "breakwater_client_expiration": 2761.1971648532026, "breakwater_initial_credit": 168.8110844634322, "breakwater_rtt": 1616.4171442795582, "breakwater_slo": 33917.71086374804, "breakwaterd_a": 6.995262626643976, "breakwaterd_b": 7.5911595983696065, "breakwaterd_client_expiration": 26130.780401744836, "breakwaterd_initial_credit": 853.1591755132135, "breakwaterd_rtt": 7571.670816861289, "breakwaterd_slo": 35080.7799259486}}, {"target": 0.002175399561310992, "params": {"breakwater_a": 2.0, "breakwater_b": 2.0, "breakwater_client_expiration": 473.18543155475027, "breakwater_initial_credit": 365.43234229710987, "breakwater_rtt": 0.0, "breakwater_slo": 10000.0, "breakwaterd_a": 1.0708491291867586, "breakwaterd_b": 0.0, "breakwaterd_client_expiration": 27615.982286216175, "breakwaterd_initial_credit": 1.0, "breakwaterd_rtt": 15108.880358179456, "breakwaterd_slo": 44832.89159923591}}, {"target": 0.0028726033693470972, "params": {"breakwater_a": 0.0, "breakwater_b": 2.0, "breakwater_client_expiration": 459.4730143971062, "breakwater_initial_credit": 1.0, "breakwater_rtt": 13024.056661175968, "breakwater_slo": 35621.438179452765, "breakwaterd_a": 0.0, "breakwaterd_b": 9.647820458967777, "breakwaterd_client_expiration": 40000.0, "breakwaterd_initial_credit": 1000.0, "breakwaterd_rtt": 20000.0, "breakwaterd_slo": 33498.19796558513}}, {"target": 0.06642732063503581, "params": {"breakwater_a": 0.2856956398154791, "breakwater_b": 1.205505171860279, "breakwater_client_expiration": 374.3973898294571, "breakwater_initial_credit": 44.48964759439934, "breakwater_rtt": 7161.189360475572, "breakwater_slo": 34576.10328249361, "breakwaterd_a": 6.220078760941653, "breakwaterd_b": 18.36396722760678, "breakwaterd_client_expiration": 21248.025565351418, "breakwaterd_initial_credit": 933.4163909262456, "breakwaterd_rtt": 14796.527997709618, "breakwaterd_slo": 76304.45494448565}}, {"target": 0.017782649388019597, "params": {"breakwater_a": 1.9999999932478119, "breakwater_b": 0.41636328778947146, "breakwater_client_expiration": 1627.8920707577347, "breakwater_initial_credit": 98.57685042803224, "breakwater_rtt": 7326.327129615334, "breakwater_slo": 25479.074944075233, "breakwaterd_a": 9.99999998280382, "breakwaterd_b": 4.599285905185279, "breakwaterd_client_expiration": 29807.13807649298, "breakwaterd_initial_credit": 1000.0, "breakwaterd_rtt": 12479.288318388755, "breakwaterd_slo": 77456.23899916971}}, {"target": 0.017192272571327213, "params": {"breakwater_a": 1.999999998086908, "breakwater_b": 0.9650739270035673, "breakwater_client_expiration": 349.8791940887811, "breakwater_initial_credit": 381.3978067961412, "breakwater_rtt": 0.0, "breakwater_slo": 11168.246537539822, "breakwaterd_a": 3.5830969251509927e-09, "breakwaterd_b": 3.038071126536516e-09, "breakwaterd_client_expiration": 24031.779269571027, "breakwaterd_initial_credit": 999.9999999982581, "breakwaterd_rtt": 2678.429398444871, "breakwaterd_slo": 50373.321373580766}}, {"target": 0.034023689472747524, "params": {"breakwater_a": 0.43358444891653436, "breakwater_b": 0.32175461074150813, "breakwater_client_expiration": 1448.6977124072139, "breakwater_initial_credit": 242.39417292066906, "breakwater_rtt": 18290.776975900313, "breakwater_slo": 24776.052339786733, "breakwaterd_a": 8.306870560381276, "breakwaterd_b": 2.988064402044588, "breakwaterd_client_expiration": 25424.802938630535, "breakwaterd_initial_credit": 482.23567210908874, "breakwaterd_rtt": 7471.994053620283, "breakwaterd_slo": 41257.645524922365}}, {"target": 0.06252834880351915, "params": {"breakwater_a": 0.03928351382870044, "breakwater_b": 0.039283514134635024, "breakwater_client_expiration": 1680.6914036278054, "breakwater_initial_credit": 253.45266581254086, "breakwater_rtt": 5244.894489385521, "breakwater_slo": 12239.599061144037, "breakwaterd_a": 4.170089668165288, "breakwaterd_b": 4.117210635737156, "breakwaterd_client_expiration": 21916.83657592366, "breakwaterd_initial_credit": 627.1858451870291, "breakwaterd_rtt": 8305.665542692122, "breakwaterd_slo": 51397.05356721587}}, {"target": 0.037809102092645645, "params": {"breakwater_a": 1.2503176492581018, "breakwater_b": 1.6109237425654988, "breakwater_client_expiration": 779.8379198716835, "breakwater_initial_credit": 316.44100229867587, "breakwater_rtt": 3841.7778968079188, "breakwater_slo": 13752.78754667968, "breakwaterd_a": 6.1644222578173675, "breakwaterd_b": 23.889918511485632, "breakwaterd_client_expiration": 20180.067116676968, "breakwaterd_initial_credit": 378.5364859537292, "breakwaterd_rtt": 7858.789575953296, "breakwaterd_slo": 63794.44334457529}}, {"target": 0.054063378537208134, "params": {"breakwater_a": 1.7883289166286074, "breakwater_b": 1.8637592066459385, "breakwater_client_expiration": 1995.298582943238, "breakwater_initial_credit": 97.60536907158362, "breakwater_rtt": 19224.1286074069, "breakwater_slo": 18270.218349685125, "breakwaterd_a": 4.558693661123239, "breakwaterd_b": 9.773145808425635, "breakwaterd_client_expiration": 25090.532346499753, "breakwaterd_initial_credit": 117.84472197463799, "breakwaterd_rtt": 5223.0065032938255, "breakwaterd_slo": 42540.24945929868}}, {"target": 0.038302815545947305, "params": {"breakwater_a": 1.6342665220403203, "breakwater_b": 0.008352718669634607, "breakwater_client_expiration": 591.324041271187, "breakwater_initial_credit": 394.57944218564825, "breakwater_rtt": 18996.411353992153, "breakwater_slo": 18563.217663121326, "breakwaterd_a": 9.37363014332338, "breakwaterd_b": 0.6540711241535113, "breakwaterd_client_expiration": 30611.796618733155, "breakwaterd_initial_credit": 932.0212360091546, "breakwaterd_rtt": 9324.304244642464, "breakwaterd_slo": 39496.5599744335}}, {"target": 0.026493723211212426, "params": {"breakwater_a": 0.8305073454451708, "breakwater_b": 1.5119100363111193, "breakwater_client_expiration": 2781.7052495708767, "breakwater_initial_credit": 34.05133804130352, "breakwater_rtt": 17667.112175454422, "breakwater_slo": 17679.949835534248, "breakwaterd_a": 9.729996430282714, "breakwaterd_b": 28.486033920641876, "breakwaterd_client_expiration": 23649.68654674317, "breakwaterd_initial_credit": 23.563887494146968, "breakwaterd_rtt": 1569.1357451035938, "breakwaterd_slo": 70520.66503461191}}, {"target": 0.0465452390941057, "params": {"breakwater_a": 1.4732483960139602, "breakwater_b": 1.5826104954061875, "breakwater_client_expiration": 2282.990102700922, "breakwater_initial_credit": 2.047215147644475, "breakwater_rtt": 19543.42388895316, "breakwater_slo": 25490.15949938044, "breakwaterd_a": 8.115340337667064, "breakwaterd_b": 13.581612171560543, "breakwaterd_client_expiration": 20216.62854512164, "breakwaterd_initial_credit": 393.00245771814576, "breakwaterd_rtt": 1343.01078295473, "breakwaterd_slo": 39639.056747515104}}, {"target": 0.01221027247317013, "params": {"breakwater_a": 0.9661807337532058, "breakwater_b": 1.2885750632096458, "breakwater_client_expiration": 2366.306546256464, "breakwater_initial_credit": 151.55276817417365, "breakwater_rtt": 7834.024652259508, "breakwater_slo": 17844.408753613916, "breakwaterd_a": 0.12320344007898609, "breakwaterd_b": 27.853405876748692, "breakwaterd_client_expiration": 37099.009102572294, "breakwaterd_initial_credit": 173.97141907799758, "breakwaterd_rtt": 17387.661941637034, "breakwaterd_slo": 52922.864228311024}}, {"target": 0.02701186145736748, "params": {"breakwater_a": 1.1700876069721666, "breakwater_b": 0.7345984968723225, "breakwater_client_expiration": 1927.416368385272, "breakwater_initial_credit": 357.42293785921765, "breakwater_rtt": 13974.975525503301, "breakwater_slo": 35503.75631462862, "breakwaterd_a": 1.5903813736796424, "breakwaterd_b": 25.67779854969148, "breakwaterd_client_expiration": 24863.580292179307, "breakwaterd_initial_credit": 290.39295638429604, "breakwaterd_rtt": 342.4930781456115, "breakwaterd_slo": 64166.69458272471}}, {"target": -0.17331539598549514, "params": {"breakwater_a": 1.7637520848680777, "breakwater_b": 1.0096950749189497, "breakwater_client_expiration": 2252.9197181054947, "breakwater_initial_credit": 212.78112852810196, "breakwater_rtt": 15243.131807397927, "breakwater_slo": 12806.848277211857, "breakwaterd_a": 0.9505574603569622, "breakwaterd_b": 28.45602616332738, "breakwaterd_client_expiration": 27948.3352798831, "breakwaterd_initial_credit": 564.0246475612508, "breakwaterd_rtt": 14275.025163915487, "breakwaterd_slo": 58145.41807281065}}, {"target": -999999999.0, "params": {"breakwater_a": 0.7664440628746554, "breakwater_b": 1.576249745