[{"target": -999999999.0, "params": {"breakwater_a": 2.179974510710019, "breakwater_b": 0.003566696950961242, "breakwater_client_expiration": 2752.815764614759, "breakwater_initial_credit": 440.9691686920941, "breakwater_slo": 26814.712083499562, "breakwaterd_a": 3.3033549066905312, "breakwaterd_b": 0.02126021476974641, "breakwaterd_client_expiration": 31153.912834357852, "breakwaterd_initial_credit": 150.52768216358706, "breakwaterd_slo": 140745.36480040464}}, {"target": -0.32183644145180085, "params": {"breakwater_a": 3.1056691638464744, "breakwater_b": 0.05338506733342687, "breakwater_client_expiration": 681.5539272712184, "breakwater_initial_credit": 518.442340053089, "breakwater_slo": 17377.594625876613, "breakwaterd_a": 7.853353624815257, "breakwaterd_b": 0.08554355397130939, "breakwaterd_client_expiration": 24964.723450405425, "breakwaterd_initial_credit": 423.43418119337656, "breakwaterd_slo": 49026.28373443989}}, {"target": -0.362166235198694, "params": {"breakwater_a": 2.52623045060852, "breakwater_b": 0.007463363934300933, "breakwater_client_expiration": 2146.3304147109734, "breakwater_initial_credit": 105.56560650400644, "breakwater_slo": 15086.3988680511, "breakwaterd_a": 5.967457122332868, "breakwaterd_b": 0.023375188059819352, "breakwaterd_client_expiration": 5793.811373344157, "breakwaterd_initial_credit": 110.93279732820929, "breakwaterd_slo": 181414.87965161665}}, {"target": -0.362166235198694, "params": {"breakwater_a": 2.338937422911501, "breakwater_b": 0.020972579400231568, "breakwater_client_expiration": 3205.6295588224248, "breakwater_initial_credit": 488.23913719623414, "breakwater_slo": 30209.468800741965, "breakwaterd_a": 3.868932642259082, "breakwaterd_b": 0.07957010798971613, "breakwaterd_client_expiration": 29210.20685445143, "breakwaterd_initial_credit": 81.98700065265463, "breakwaterd_slo": 353368.6498375066}}, {"target": -0.35979677819309724, "params": {"breakwater_a": 4.437320819545467, "breakwater_b": 0.02529511578438806, "breakwater_client_expiration": 2437.867764729046, "breakwater_initial_credit": 591.8200667764175, "breakwater_slo": 16522.716202807846, "breakwaterd_a": 1.6357485932290703, "breakwaterd_b": 0.08294495404231242, "breakwaterd_client_expiration": 46759.29744645299, "breakwaterd_initial_credit": 142.56955646565115, "breakwaterd_slo": 370203.2267878548}}, {"target": -0.35559150547298934, "params": {"breakwater_a": 1.959710287535004, "breakwater_b": 0.0029250234688775155, "breakwater_client_expiration": 1889.917642737798, "breakwater_initial_credit": 534.0339045452854, "breakwater_slo": 25650.272926951788, "breakwaterd_a": 6.768492019290422, "breakwaterd_b": 0.024911478016959754, "breakwaterd_client_expiration": 17897.090329197687, "breakwaterd_initial_credit": 127.35944643141191, "breakwaterd_slo": 384484.7383902474}}, {"target": -0.33475259252143064, "params": {"breakwater_a": 1.6196008723864015, "breakwater_b": 0.0028905793574401165, "breakwater_client_expiration": 1099.9133974481501, "breakwater_initial_credit": 475.98259304922055, "breakwater_slo": 44429.87851777318, "breakwaterd_a": 2.6676232000427027, "breakwaterd_b": 0.07068085043079846, "breakwaterd_client_expiration": 9009.577697246232, "breakwaterd_initial_credit": 232.1658377125189, "breakwaterd_slo": 261900.73780253532}}, {"target": -0.3076806594377844, "params": {"breakwater_a": 4.795157221049541, "breakwater_b": 0.05938517438332112, "breakwater_client_expiration": 2048.9564957994767, "breakwater_initial_credit": 550.9891907722043, "breakwater_slo": 16419.00076131848, "breakwaterd_a": 3.5674913578845877, "breakwaterd_b": 0.002963584452706383, "breakwaterd_client_expiration": 26085.361092333904, "breakwaterd_initial_credit": 268.10780837950654, "breakwaterd_slo": 499222.25658513006}}, {"target": -0.3624256615833458, "params": {"breakwater_a": 0.13692755211152097, "breakwater_b": 0.06741467721594514, "breakwater_client_expiration": 1937.3473679038354, "breakwater_initial_credit": 114.44089285344101, "breakwater_slo": 19613.846752318157, "breakwaterd_a": 10.0, "breakwaterd_b": 0.02309948446160526, "breakwaterd_client_expiration": 500.0, "breakwaterd_initial_credit": 73.93911216179612, "breakwaterd_slo": 221157.21984974088}}, {"target": -0.304240508656291, "params": {"breakwater_a": 4.845489312639037, "breakwater_b": 0.030725261518075128, "breakwater_client_expiration": 1822.0382252354584, "breakwater_initial_credit": 987.2944290902334, "breakwater_slo": 24404.421169178742, "breakwaterd_a": 9.54228102073243, "breakwaterd_b": 0.04225813546051553, "breakwaterd_client_expiration": 40393.90961224238, "breakwaterd_initial_credit": 483.63378654748425, "breakwaterd_slo": 385113.4474673661}}, {"target": -0.3593579597041338, "params": {"breakwater_a": 3.776517071865477, "breakwater_b": 0.030115127006703196, "breakwater_client_expiration": 10.000000009976016, "breakwater_initial_credit": 645.844919844037, "breakwater_slo": 50000.0, "breakwaterd_a": 7.4806937043960255, "breakwaterd_b": 0.023607560964822232, "breakwaterd_client_expiration": 500.0, "breakwaterd_initial_credit": 409.1297750270181, "breakwaterd_slo": 449952.4712768172}}, {"target": -0.35474975353165267, "params": {"breakwater_a": 4.294568015436684, "breakwater_b": 0.08653716473616159, "breakwater_client_expiration": 91.18474241732659, "breakwater_initial_credit": 864.9702141019668, "breakwater_slo": 37727.04672116827, "breakwaterd_a": 9.93859929426638, "breakwaterd_b": 0.06604981892640219, "breakwaterd_client_expiration": 39468.75042589322, "breakwaterd_initial_credit": 55.37640429119576, "breakwaterd_slo": 86626.77741999444}}, {"target": -0.36042976994772064, "params": {"breakwater_a": 1.557477945496647, "breakwater_b": 0.06383277238308398, "breakwater_client_expiration": 1303.8822055619196, "breakwater_initial_credit": 675.1573603907821, "breakwater_slo": 47741.00983472474, "breakwaterd_a": 9.39660904298121, "breakwaterd_b": 0.019523836251086897, "breakwaterd_client_expiration": 48419.93804335307, "breakwaterd_initial_credit": 358.50113729623047, "breakwaterd_slo": 167632.89931701488}}, {"target": -0.35813248818943855, "params": {"breakwater_a": 0.4452720652082959, "breakwater_b": 0.02878392967714898, "breakwater_client_expiration": 77.03692153698736, "breakwater_initial_credit": 648.838940455633, "breakwater_slo": 50000.0, "breakwaterd_a": 5.344870194124256, "breakwaterd_b": 0.016811757813777903, "breakwaterd_client_expiration": 50000.0, "breakwaterd_initial_credit": 358.20826562747527, "breakwaterd_slo": 198333.58227840744}}]