[{"target": 0.16946283704343013, "params": {"dagor_admission_level_update_interval": 15488.135039273247, "dagor_alpha": 1.0727840495586292, "dagor_beta": 0.30138168803582194, "dagor_queuing_threshold": 181732.47744953452, "dagor_umax": 9.625786388100284}}, {"target": 0.1625117032689531, "params": {"dagor_admission_level_update_interval": 16458.94113066656, "dagor_alpha": 0.6563808168940388, "dagor_beta": 0.4458865003910399, "dagor_queuing_threshold": 244549.4140751544, "dagor_umax": 8.901947338863998}}, {"target": 0.2009929892767106, "params": {"dagor_admission_level_update_interval": 17917.250380826645, "dagor_alpha": 0.7933423796293567, "dagor_beta": 0.28402228054696615, "dagor_queuing_threshold": 238839.49574389914, "dagor_umax": 3.2786490475619647}}, {"target": 0.0845571521331045, "params": {"dagor_admission_level_update_interval": 10871.292997015407, "dagor_alpha": 0.03032759616048858, "dagor_beta": 0.416309922773969, "dagor_queuing_threshold": 216723.51264247758, "dagor_umax": 17.660218668442745}}, {"target": 0.35404938210222797, "params": {"dagor_admission_level_update_interval": 19786.18342232764, "dagor_alpha": 1.1987378463250855, "dagor_beta": 0.23073968112646592, "dagor_queuing_threshold": 217079.37644296832, "dagor_umax": 4.128939665640798}}, {"target": 0.14970661969618865, "params": {"dagor_admission_level_update_interval": 16399.210213275237, "dagor_alpha": 0.2150299311135696, "dagor_beta": 0.47233445852479194, "dagor_queuing_threshold": 178277.24826251075, "dagor_umax": 9.463914919829424}}, {"target": 0.4194534337631987, "params": {"dagor_admission_level_update_interval": 12645.55612104627, "dagor_alpha": 1.161350534151325, "dagor_beta": 0.22807516610827427, "dagor_queuing_threshold": 185265.09233029728, "dagor_umax": 2.3382164078543926}}, {"target": 0.11083918125533755, "params": {"dagor_admission_level_update_interval": 16176.35497075877, "dagor_alpha": 0.9181435840836321, "dagor_beta": 0.30846699843737846, "dagor_queuing_threshold": 241562.21177719362, "dagor_umax": 14.272765383862701}}, {"target": 0.09057558130991637, "params": {"dagor_admission_level_update_interval": 13595.07900573786, "dagor_alpha": 0.6555479306990122, "dagor_beta": 0.34881559796363243, "dagor_queuing_threshold": 109033.82074439048, "dagor_umax": 14.001800878022019}}, {"target": 0.1767539866578366, "params": {"dagor_admission_level_update_interval": 16706.378696181593, "dagor_alpha": 0.31557384161076135, "dagor_beta": 0.06446314882742665, "dagor_queuing_threshold": 147314.25263862757, "dagor_umax": 8.546793876967207}}, {"target": 0.09484517641766368, "params": {"dagor_admission_level_update_interval": 14328.763734464625, "dagor_alpha": 0.6672345857183983, "dagor_beta": 0.004618306272797856, "dagor_queuing_threshold": 214855.78220594762, "dagor_umax": 15.733999295609948}}, {"target": 0.11247558906299307, "params": {"dagor_admission_level_update_interval": 11618.085732811258, "dagor_alpha": 0.007424338953548437, "dagor_beta": 0.08570123107865657, "dagor_queuing_threshold": 186835.77642399224, "dagor_umax": 15.502699983702103}}, {"target": 0.45275405209991243, "params": {"dagor_admission_level_update_interval": 10417.681695197703, "dagor_alpha": 0.027128005220646012, "dagor_beta": 0.052927692877696164, "dagor_queuing_threshold": 103328.98279297948, "dagor_umax": 3.3944284645100096}}, {"target": 0.19987701999100618, "params": {"dagor_admission_level_update_interval": 17397.8382532407, "dagor_alpha": 0.23556243601172044, "dagor_beta": 0.45592955952643255, "dagor_queuing_threshold": 215453.20970734148, "dagor_umax": 3.5188579519253365}}, {"target": 0.12122479249484763, "params": {"dagor_admission_level_update_interval": 16319.258922946774, "dagor_alpha": 0.5380807054470403, "dagor_beta": 0.15163516970456198, "dagor_queuing_threshold": 216884.70188328272, "dagor_umax": 12.352591301012218}}, {"target": 0.15576942204678124, "params": {"dagor_admission_level_update_interval": 18738.17176485163, "dagor_alpha": 0.5417578787145434, "dagor_beta": 0.1623540689436424, "dagor_queuing_threshold": 192223.01135995594, "dagor_umax": 9.55538535383365}}, {"target": 0.29215511872548994, "params": {"dagor_admission_level_update_interval": 16766.44401481643, "dagor_alpha": 1.3396975477840285, "dagor_beta": 0.49881681875865197, "dagor_queuing_threshold": 188489.84193187303, "dagor_umax": 5.746776258854932}}, {"target": 0.3911684991277269, "params": {"dagor_admission_level_update_interval": 14205.04896433889, "dagor_alpha": 1.2401256062554267, "dagor_beta": 0.4152843304837744, "dagor_queuing_threshold": 241150.6721151955, "dagor_umax": 2.8089670390492056}}, {"target": -0.11448178876681643, "params": {"dagor_admission_level_update_interval": 10055.644148003417, "dagor_alpha": 1.0740533800300214, "dagor_beta": 0.2376287232445743, "dagor_queuing_threshold": 186076.9890990749, "dagor_umax": 13.347066452482913}}, {"target": 0.07036864613723019, "params": {"dagor_admission_level_update_interval": 16059.037153965393, "dagor_alpha": 1.3505219767659609, "dagor_beta": 0.09814535093023075, "dagor_queuing_threshold": 176314.70520139, "dagor_umax": 18.373491406078916}}, {"target": -0.15382794760196367, "params": {"dagor_admission_level_update_interval": 14079.226172478795, "dagor_alpha": 0.9349926751190887, "dagor_beta": 0.37876733681311586, "dagor_queuing_threshold": 149724.179397901, "dagor_umax": 18.623460911225703}}, {"target": 0.1759627908612821, "params": {"dagor_admission_level_update_interval": 20000.0, "dagor_alpha": 0.0, "dagor_beta": 0.0, "dagor_queuing_threshold": 250000.0, "dagor_umax": 2.0}}, {"target": 0.46233740677476565, "params": {"dagor_admission_level_update_interval": 10364.819891263334, "dagor_alpha": 1.034085025910413, "dagor_beta": 0.20519186803982775, "dagor_queuing_threshold": 103820.12158997275, "dagor_umax": 3.7804081387235664}}, {"target": -0.09391018828840389, "params": {"dagor_admission_level_update_interval": 16863.431932673673, "dagor_alpha": 0.34328510329691125, "dagor_beta": 0.49609845028593036, "dagor_queuing_threshold": 188538.7354151652, "dagor_umax": 11.739168855927243}}, {"target": 0.38233192016344564, "params": {"dagor_admission_level_update_interval": 10000.0, "dagor_alpha": 1.5, "dagor_beta": 0.21616911855076948, "dagor_queuing_threshold": 250000.0, "dagor_umax": 2.0}}, {"target": 0.0013913502545384517, "params": {"dagor_admission_level_update_interval": 12435.536947313587, "dagor_alpha": 1.1936384067446908, "dagor_beta": 0.40893293280703674, "dagor_queuing_threshold": 126988.81720803672, "dagor_umax": 5.3329862139284545}}, {"target": 0.08003720731583772, "params": {"dagor_admission_level_update_interval": 13641.513359487824, "dagor_alpha": 1.447443918858014, "dagor_beta": 0.45413726202048355, "dagor_queuing_threshold": 131299.13255242066, "dagor_umax": 16.916572851084545}}, {"target": 0.21966711662947955, "params": {"dagor_admission_level_update_interval": 12374.416845225462, "dagor_alpha": 0.37831423386407903, "dagor_beta": 0.05981181482213199, "dagor_queuing_threshold": 227022.416782172, "dagor_umax": 6.505420299830572}}, {"target": 0.05896296113815774, "params": {"dagor_admission_level_update_interval": 20000.0, "dagor_alpha": 0.0, "dagor_beta": 0.5, "dagor_queuing_threshold": 117386.20082935112, "dagor_umax": 20.0}}, {"target": 0.23214924936344883, "params": {"dagor_admission_level_update_interval": 11771.800662809252, "dagor_alpha": 0.6688747993745225, "dagor_beta": 0.13796539710767947, "dagor_queuing_threshold": 146056.64739808478, "dagor_umax": 3.883963200928878}}, {"target": 0.45049857022166273, "params": {"dagor_admission_level_update_interval": 12183.161924582204, "dagor_alpha": 1.267409055675993, "dagor_beta": 0.38929535341373217, "dagor_queuing_threshold": 162263.88728892454, "dagor_umax": 2.390186142814981}}, {"target": 0.11612738077835097, "params": {"dagor_admission_level_update_interval": 12122.501379808575, "dagor_alpha": 1.0939456007793669, "dagor_beta": 0.45090355871125654, "dagor_queuing_threshold": 180945.94033644578, "dagor_umax": 12.725291167817728}}, {"target": 0.14793875886620825, "params": {"dagor_admission_level_update_interval": 10036.377545631587, "dagor_alpha": 0.712604975950645, "dagor_beta": 0.31387536089434126, "dagor_queuing_threshold": 126702.62435267706, "dagor_umax": 10.183319967934995}}]