[{"target": -0.701439253935307, "params": {"breakwater_a": 8.34044009405148, "breakwater_b": 0.07203244934421581, "breakwater_client_expiration": 10.570730338550984, "breakwater_initial_credit": 605.3628126910477, "breakwater_slo": 672.3479741867409}}, {"target": -0.9263618185511732, "params": {"breakwater_a": 1.846771895375956, "breakwater_b": 0.018626021137767092, "breakwater_client_expiration": 1734.3480279448083, "breakwater_initial_credit": 794.1381809871092, "breakwater_slo": 2201.385262613092}}, {"target": -999999999.0, "params": {"breakwater_a": 8.383890288065896, "breakwater_b": 0.06852195003967596, "breakwater_client_expiration": 1030.216726160272, "breakwater_initial_credit": 1756.3567553454998, "breakwater_slo": 206.81161347191204}}, {"target": -0.36085541042377556, "params": {"breakwater_a": 13.409350203568044, "breakwater_b": 0.0417304802367127, "breakwater_client_expiration": 2797.8622439443006, "breakwater_initial_credit": 281.6334902518723, "breakwater_slo": 872.5958074310273}}, {"target": -2.5232355423953967, "params": {"breakwater_a": 16.014891373510732, "breakwater_b": 0.09682615757193976, "breakwater_client_expiration": 1573.9866490146217, "breakwater_initial_credit": 1384.952908722959, "breakwater_slo": 3517.9176939545496}}, {"target": -3.1241448727476655, "params": {"breakwater_a": 17.892133270076947, "breakwater_b": 0.008504421136977792, "breakwater_client_expiration": 204.883368332083, "breakwater_initial_credit": 340.49100870957324, "breakwater_slo": 3524.755763374711}}, {"target": -2.53310022478484, "params": {"breakwater_a": 1.966936676661002, "breakwater_b": 0.04211076250050522, "breakwater_client_expiration": 4789.868755451004, "breakwater_initial_credit": 1066.7974046610611, "breakwater_slo": 2798.320744406846}}, {"target": -4.839493504788345, "params": {"breakwater_a": 6.310312620121259, "breakwater_b": 0.06865009276815837, "breakwater_client_expiration": 4174.782102767891, "breakwater_initial_credit": 37.55826641103942, "breakwater_slo": 3025.562828285373}}, {"target": -0.5547016311857302, "params": {"breakwater_a": 19.777221778129896, "breakwater_b": 0.07481656543798394, "breakwater_client_expiration": 1409.4155204013819, "breakwater_initial_credit": 1578.7693775745256, "breakwater_slo": 502.5814256528039}}, {"target": -0.5731965763269058, "params": {"breakwater_a": 8.957870523518103, "breakwater_b": 0.09085955030930956, "breakwater_client_expiration": 1475.1346003846606, "breakwater_initial_credit": 576.2629018341112, "breakwater_slo": 607.1114312612829}}, {"target": -1.0547528537844064, "params": {"breakwater_a": 15.608462173129393, "breakwater_b": 0.09486867824137592, "breakwater_client_expiration": 1177.9914113480677, "breakwater_initial_credit": 1865.782541848688, "breakwater_slo": 1095.7910227588104}}, {"target": -999999999.0, "params": {"breakwater_a": 5.997972657240968, "breakwater_b": 0.04584627199742204, "breakwater_client_expiration": 2934.827395884785, "breakwater_initial_credit": 1486.432271125594, "breakwater_slo": 1949.3705828127086}}, {"target": -999999999.0, "params": {"breakwater_a": 14.723576065547414, "breakwater_b": 0.0690460336497513, "breakwater_client_expiration": 488.363610417932, "breakwater_initial_credit": 1349.5747558868156, "breakwater_slo": 2642.318605348428}}, {"target": -1.1603547434314294, "params": {"breakwater_a": 7.769550804854665, "breakwater_b": 0.09257522059765683, "breakwater_client_expiration": 4245.3482292296585, "breakwater_initial_credit": 1173.4813627754872, "breakwater_slo": 955.607401489993}}, {"target": -999999999.0, "params": {"breakwater_a": 3.8101007846511514, "breakwater_b": 0.053088760885484344, "breakwater_client_expiration": 119.43654166401882, "breakwater_initial_credit": 1969.2569009312638, "breakwater_slo": 181.100605454589}}, {"target": -3.013863697670164, "params": {"breakwater_a": 4.676903856883293, "breakwater_b": 0.01373789474400865, "breakwater_client_expiration": 4420.967948683579, "breakwater_initial_credit": 12.761889559970317, "breakwater_slo": 3020.737079971334}}, {"target": -0.4469732473206448, "params": {"breakwater_a": 16.226227003040883, "breakwater_b": 0.05432855784880654, "breakwater_client_expiration": 4308.103665565218, "breakwater_initial_credit": 1144.3550542682735, "breakwater_slo": 978.3487698204186}}, {"target": -0.7440277919015753, "params": {"breakwater_a": 20.0, "breakwater_b": 0.07850699244908659, "breakwater_client_expiration": 1742.5678324922849, "breakwater_initial_credit": 1292.380892157399, "breakwater_slo": 987.3564518596146}}, {"target": -2.5559485352654745, "params": {"breakwater_a": 20.0, "breakwater_b": 0.0, "breakwater_client_expiration": 10.0, "breakwater_initial_credit": 221.24488128745617, "breakwater_slo": 3933.0835139965534}}, {"target": -999999999.0, "params": {"breakwater_a": 10.566548206532989, "breakwater_b": 0.027271259554491323, "breakwater_client_expiration": 2225.4928089447017, "breakwater_initial_credit": 1126.0483336309567, "breakwater_slo": 212.71765406429353}}, {"target": -999999999.0, "params": {"breakwater_a": 7.691962188867729, "breakwater_b": 0.053229910957931274, "breakwater_client_expiration": 163.1792537907365, "breakwater_initial_credit": 268.1446448588068, "breakwater_slo": 340.9385330100748}}, {"target": -3.5151927731499995, "params": {"breakwater_a": 20.0, "breakwater_b": 0.1, "breakwater_client_expiration": 5000.0, "breakwater_initial_credit": 2000.0, "breakwater_slo": 4000.0}}, {"target": -3.3232728777006546, "params": {"breakwater_a": 3.3730079246863465, "breakwater_b": 0.07501396912688756, "breakwater_client_expiration": 937.312730466853, "breakwater_initial_credit": 980.437176194291, "breakwater_slo": 2895.732890666644}}, {"target": -4.75921526157285, "params": {"breakwater_a": 0.0, "breakwater_b": 1.8124422588229013e-12, "breakwater_client_expiration": 10.000000015235617, "breakwater_initial_credit": 1999.9999999733902, "breakwater_slo": 3999.99999998311}}, {"target": -0.6692612950967195, "params": {"breakwater_a": 9.936722734955303, "breakwater_b": 0.061325382250060165, "breakwater_client_expiration": 4366.362392619169, "breakwater_initial_credit": 1111.3683799104815, "breakwater_slo": 1120.0650463838333}}, {"target": -2.3618099894154656, "params": {"breakwater_a": 1.616451169492954, "breakwater_b": 0.026655044130329576, "breakwater_client_expiration": 2392.119883049901, "breakwater_initial_credit": 1285.1263998553236, "breakwater_slo": 3643.2060867160276}}, {"target": -0.9218487031987243, "params": {"breakwater_a": 17.183438918392003, "breakwater_b": 0.00421955800671805, "breakwater_client_expiration": 2113.232152110786, "breakwater_initial_credit": 1906.567614613298, "breakwater_slo": 583.6832329748183}}, {"target": -3.4140959379197886, "params": {"breakwater_a": 2.1479702926344726, "breakwater_b": 0.017304475806791703, "breakwater_client_expiration": 1611.8656146314252, "breakwater_initial_credit": 819.2196793978253, "breakwater_slo": 2320.532068269033}}, {"target": 0.2090819508179219, "params": {"breakwater_a": 0.0, "breakwater_b": 0.1, "breakwater_client_expiration": 10.0, "breakwater_initial_credit": 1.0, "breakwater_slo": 3084.6357910075035}}, {"target": -2.076122866285948, "params": {"breakwater_a": 0.0, "breakwater_b": 0.0, "breakwater_client_expiration": 10.0, "breakwater_initial_credit": 2000.0, "breakwater_slo": 4000.0}}, {"target": -3.7371535225279366, "params": {"breakwater_a": 0.9396646909677187, "breakwater_b": 0.024342169700072802, "breakwater_client_expiration": 2323.4892702307143, "breakwater_initial_credit": 774.5247720338036, "breakwater_slo": 3979.670387706679}}, {"target": -1.8980162934910114, "params": {"breakwater_a": 0.0, "breakwater_b": 0.020163158524930593, "breakwater_client_expiration": 10.0, "breakwater_initial_credit": 2000.0, "breakwater_slo": 4000.0}}, {"target": -1.6967230215847684, "params": {"breakwater_a": 18.309191912855415, "breakwater_b": 0.09200284038085474, "breakwater_client_expiration": 885.6643889825018, "breakwater_initial_credit": 1954.2088197399023, "breakwater_slo": 2519.774616896202}}]