[{"target": 0.7211898348860477, "params": {"breakwater_a": 12.51066014107722, "breakwater_b": 0.7203244934421581, "breakwater_client_expiration": 0.5718740867244332, "breakwater_initial_credit": 605.3628126910477, "breakwater_slo": 3020.4422272605498}}, {"target": -0.599352490646066, "params": {"breakwater_a": 2.770157843063934, "breakwater_b": 0.1862602113776709, "breakwater_client_expiration": 1727.8036352152387, "breakwater_initial_credit": 794.1381809871092, "breakwater_slo": 10822.453006666803}}, {"target": 0.6182681674389089, "params": {"breakwater_a": 12.575835432098843, "breakwater_b": 0.6852195003967595, "breakwater_client_expiration": 1022.2612486575872, "breakwater_initial_credit": 1756.3567553454998, "breakwater_slo": 645.0131046387306}}, {"target": 0.6757102401042834, "params": {"breakwater_a": 20.114025305352065, "breakwater_b": 0.41730480236712697, "breakwater_client_expiration": 2793.4491422287583, "breakwater_initial_credit": 281.6334902518723, "breakwater_slo": 4042.219632789088}}, {"target": -0.6332891212765773, "params": {"breakwater_a": 24.0223370602661, "breakwater_b": 0.9682615757193975, "breakwater_client_expiration": 1567.120890796214, "breakwater_initial_credit": 1384.952908722959, "breakwater_slo": 17540.144130691162}}, {"target": -0.4267304520862295, "params": {"breakwater_a": 26.83819990511542, "breakwater_b": 0.08504421136977791, "breakwater_client_expiration": 195.27391616441182, "breakwater_initial_credit": 340.49100870957324, "breakwater_slo": 17575.03581824532}}, {"target": -0.6393095122051817, "params": {"breakwater_a": 2.950405014991503, "breakwater_b": 0.42110762500505217, "breakwater_client_expiration": 4789.44765075251, "breakwater_initial_credit": 1066.7974046610611, "breakwater_slo": 13868.35456761442}}, {"target": -0.45348422037407743, "params": {"breakwater_a": 9.465468930181888, "breakwater_b": 0.6865009276815837, "breakwater_client_expiration": 4173.128359486865, "breakwater_initial_credit": 37.55826641103942, "breakwater_slo": 15027.871867404852}}, {"target": 0.8374493818673376, "params": {"breakwater_a": 29.66583266719484, "breakwater_b": 0.7481656543798394, "breakwater_client_expiration": 1402.2199603220258, "breakwater_initial_credit": 1578.7693775745256, "breakwater_slo": 2154.1975308950764}}, {"target": 0.830421917841523, "params": {"breakwater_a": 13.436805785277155, "breakwater_b": 0.9085955030930956, "breakwater_client_expiration": 1468.0707418683976, "breakwater_initial_credit": 576.2629018341112, "breakwater_slo": 2687.5685851537255}}, {"target": 0.9121632502610298, "params": {"breakwater_a": 0.0, "breakwater_b": 0.0, "breakwater_client_expiration": 1386.4695265404478, "breakwater_initial_credit": 2000.0, "breakwater_slo": 4979.856122599738}}, {"target": 0.6025387889043078, "params": {"breakwater_a": 21.99367984872666, "breakwater_b": 0.2962660336440808, "breakwater_client_expiration": 2059.227034636664, "breakwater_initial_credit": 1999.6084481089006, "breakwater_slo": 6171.217709742962}}, {"target": 0.6701283246333244, "params": {"breakwater_a": 0.0, "breakwater_b": 0.9999998807780608, "breakwater_client_expiration": 2328.9163957558176, "breakwater_initial_credit": 2000.0, "breakwater_slo": 6616.845321460362}}, {"target": -0.4996278502978023, "params": {"breakwater_a": 26.543772959536607, "breakwater_b": 0.0, "breakwater_client_expiration": 80.07072611522288, "breakwater_initial_credit": 1.0, "breakwater_slo": 17921.554760374383}}, {"target": -999999999.0, "params": {"breakwater_a": 0.0, "breakwater_b": 1.0, "breakwater_client_expiration": 5000.0, "breakwater_initial_credit": 2000.0, "breakwater_slo": 100.0}}, {"target": 0.5414961186533834, "params": {"breakwater_a": 0.0, "breakwater_b": 0.7660001879488362, "breakwater_client_expiration": 313.6903664699572, "breakwater_initial_credit": 1.0, "breakwater_slo": 7805.02413387901}}, {"target": -0.5914857828621365, "params": {"breakwater_a": 30.0, "breakwater_b": 0.0, "breakwater_client_expiration": 5000.0, "breakwater_initial_credit": 1.0, "breakwater_slo": 20000.0}}, {"target": -0.43844532615942927, "params": {"breakwater_a": 25.1849843566541, "breakwater_b": 0.6173383183533256, "breakwater_client_expiration": 4932.121880791811, "breakwater_initial_credit": 33.12648234861379, "breakwater_slo": 9512.596588269547}}, {"target": 0.8021427139817248, "params": {"breakwater_a": 0.0, "breakwater_b": 0.0, "breakwater_client_expiration": 0.0, "breakwater_initial_credit": 2000.0, "breakwater_slo": 20000.0}}, {"target": 0.8237454189967058, "params": {"breakwater_a": 30.0, "breakwater_b": 0.0, "breakwater_client_expiration": 0.0, "breakwater_initial_credit": 2000.0, "breakwater_slo": 13739.19766507399}}, {"target": -0.020354250205580092, "params": {"breakwater_a": 29.90191579664491, "breakwater_b": 0.31363485911072797, "breakwater_client_expiration": 2339.777895741866, "breakwater_initial_credit": 1979.0939942513714, "breakwater_slo": 6691.807533368283}}, {"target": 0.5855533251163207, "params": {"breakwater_a": 0.0, "breakwater_b": 1.0, "breakwater_client_expiration": 441.1583219668503, "breakwater_initial_credit": 1542.3376264620515, "breakwater_slo": 17521.45272324197}}, {"target": -0.47939307736955145, "params": {"breakwater_a": 5.05951188702952, "breakwater_b": 0.7501396912688755, "breakwater_client_expiration": 929.1710726120772, "breakwater_initial_credit": 980.437176194291, "breakwater_slo": 14365.406288273389}}, {"target": 0.6111194213825892, "params": {"breakwater_a": 0.0, "breakwater_b": 1.0, "breakwater_client_expiration": 0.0, "breakwater_initial_credit": 1.0, "breakwater_slo": 19216.150580548947}}, {"target": -0.3739459773790704, "params": {"breakwater_a": 20.002015993197844, "breakwater_b": 0.9122860783823982, "breakwater_client_expiration": 465.66691670563046, "breakwater_initial_credit": 1957.9381200999615, "breakwater_slo": 9447.62557112803}}, {"target": 0.7915975602406768, "params": {"breakwater_a": 30.0, "breakwater_b": 0.0, "breakwater_client_expiration": 2371.1274988037485, "breakwater_initial_credit": 2000.0, "breakwater_slo": 6651.255461908083}}, {"target": 0.6573166426856797, "params": {"breakwater_a": 0.0, "breakwater_b": 1.0, "breakwater_client_expiration": 2571.740917268554, "breakwater_initial_credit": 2000.0, "breakwater_slo": 7165.849995477332}}, {"target": 0.4567096285440557, "params": {"breakwater_a": 0.0, "breakwater_b": 1.0, "breakwater_client_expiration": 819.0178430716519, "breakwater_initial_credit": 1.0, "breakwater_slo": 2778.120597368271}}, {"target": 0.6517072747922824, "params": {"breakwater_a": 30.0, "breakwater_b": 0.0, "breakwater_client_expiration": 0.0, "breakwater_initial_credit": 2000.0, "breakwater_slo": 1454.3036506791448}}, {"target": 0.6029154624273882, "params": {"breakwater_a": 0.0, "breakwater_b": 0.952237693704588, "breakwater_client_expiration": 0.0, "breakwater_initial_credit": 1.0, "breakwater_slo": 20000.0}}, {"target": 0.577369826269639, "params": {"breakwater_a": 30.0, "breakwater_b": 1.0, "breakwater_client_expiration": 2094.4034791547383, "breakwater_initial_credit": 1850.9455000104667, "breakwater_slo": 6144.668403231124}}, {"target": 0.9706409185867048, "params": {"breakwater_a": 7.903819920948721, "breakwater_b": 0.5466579447566957, "breakwater_client_expiration": 3890.827429279962, "breakwater_initial_credit": 1995.0143775422493, "breakwater_slo": 4694.308808210585}}, {"target": 0.10912535169906737, "params": {"breakwater_a": 30.0, "breakwater_b": 0.0, "breakwater_client_expiration": 2423.705446189128, "breakwater_initial_credit": 1933.975423074419, "breakwater_slo": 6586.305045553269}}]