[{"target": -8.30645357986689, "params": {"breakwater_a": 12.51066014107722, "breakwater_b": 7.203244934421581, "breakwater_client_expiration": 1.5717597119070883, "breakwater_initial_credit": 121.63069648010406, "breakwater_rtt": 2935.117816342261, "breakwater_slo": 13693.543790751912, "breakwaterd_a": 1.862602113776709, "breakwaterd_b": 3.4556072704304777, "breakwaterd_client_expiration": 45709.07268076029, "breakwaterd_initial_credit": 2694.5448532827813, "breakwaterd_rtt": 8964.695773662601, "breakwaterd_slo": 57965.365027773165}}, {"target": -5.300393307965373, "params": {"breakwater_a": 6.133567491945523, "breakwater_b": 8.781174363909454, "breakwater_client_expiration": 137.9105783964329, "breakwater_initial_credit": 268.5165365611825, "breakwater_rtt": 8346.09604734254, "breakwater_slo": 32347.593137830067, "breakwaterd_a": 1.4038693859523377, "breakwaterd_b": 1.981014890848788, "breakwaterd_client_expiration": 82067.0111807983, "breakwaterd_initial_credit": 4841.339617021268, "breakwaterd_rtt": 6955.059385025614, "breakwaterd_slo": 58462.58309685199}}, {"target": -1.3993920238947026, "params": {"breakwater_a": 26.29167456888115, "breakwater_b": 8.946066635038473, "breakwater_client_expiration": 426.1360126375198, "breakwater_initial_credit": 16.58285850992006, "breakwater_rtt": 3396.608391291378, "breakwater_slo": 45125.70013717652, "breakwaterd_a": 0.983468338330501, "breakwaterd_b": 4.211076250050522, "breakwaterd_client_expiration": 96210.05771354517, "breakwaterd_initial_credit": 2666.293259580112, "breakwaterd_rtt": 14145.665165058994, "breakwaterd_slo": 32086.094170424407}}, {"target": -0.10988617545851817, "params": {"breakwater_a": 20.59502783044751, "breakwater_b": 8.346256718973729, "breakwater_client_expiration": 92.42309844361483, "breakwater_initial_credit": 300.307581663042, "breakwater_rtt": 19777.221778129893, "breakwater_slo": 39926.626175193574, "breakwaterd_a": 2.804439920644052, "breakwaterd_b": 7.892793284514886, "breakwaterd_client_expiration": 19290.340591987784, "breakwaterd_initial_credit": 2240.01973735335, "breakwaterd_rtt": 18263.314558768816, "breakwaterd_slo": 30552.990386157566}}, {"target": -10.08868578659893, "params": {"breakwater_a": 8.633260157590462, "breakwater_b": 1.3002857211827767, "breakwater_client_expiration": 97.81542239361508, "breakwater_initial_credit": 271.8553776430165, "breakwater_rtt": 4232.5623200011805, "breakwater_slo": 20621.866374889047, "breakwaterd_a": 4.9157315928033825, "breakwaterd_b": 0.5336254511708038, "breakwaterd_client_expiration": 61670.584494281175, "breakwaterd_initial_credit": 734.4961459541449, "breakwaterd_rtt": 12196.8052011624, "breakwaterd_slo": 58983.08520146518}}, {"target": -0.022467503629386515, "params": {"breakwater_a": 3.070032864834775, "breakwater_b": 4.140559878195683, "breakwater_client_expiration": 3472.3063884809976, "breakwater_initial_credit": 166.25752854123417, "breakwater_rtt": 999.0691789217432, "breakwater_slo": 31435.856236620464, "breakwaterd_a": 6.637946452197888, "breakwaterd_b": 5.148891120583086, "breakwaterd_client_expiration": 95013.5280391732, "breakwaterd_initial_credit": 2933.1886474694625, "breakwaterd_rtt": 18164.636390469786, "breakwaterd_slo": 19623.229290236624}}, {"target": -8.525367244139803, "params": {"breakwater_a": 4.178290417522756, "breakwater_b": 8.073912887095238, "breakwater_client_expiration": 1988.9865080906823, "breakwater_initial_credit": 66.97632464965618, "breakwater_rtt": 18550.171607920678, "breakwater_slo": 23910.63438982026, "breakwaterd_a": 7.508121031361555, "breakwaterd_b": 7.259979853504515, "breakwaterd_client_expiration": 89497.54820852289, "breakwaterd_initial_credit": 3118.737363070989, "breakwaterd_rtt": 15267.906246519406, "breakwaterd_slo": 34422.88393844898}}, {"target": -0.7559273251872506, "params": {"breakwater_a": 8.097836752950782, "breakwater_b": 8.958862181960669, "breakwater_client_expiration": 2141.0278581666034, "breakwater_initial_credit": 385.97117881220584, "breakwater_rtt": 13268.829956368962, "breakwater_slo": 34867.82880836487, "breakwaterd_a": 1.1474597295337519, "breakwaterd_b": 9.494892587070712, "breakwaterd_client_expiration": 50492.09201319465, "breakwaterd_initial_credit": 2892.3696823212717, "breakwaterd_rtt": 8754.599252464342, "breakwaterd_slo": 26591.88861701194}}, {"target": -19.882904247342317, "params": {"breakwater_a": 27.101385616867613, "breakwater_b": 5.7367948667228585, "breakwater_client_expiration": 15.348764828763692, "breakwater_initial_credit": 247.2408205346688, "breakwater_rtt": 6532.898035441923, "breakwater_slo": 31082.324090304373, "breakwaterd_a": 8.859420993107745, "breakwaterd_b": 3.5726976000249975, "breakwaterd_client_expiration": 91768.16358278193, "breakwaterd_initial_credit": 3117.177218843222, "breakwaterd_rtt": 1300.6036140845695, "breakwaterd_slo": 75060.60636206329}}, {"target": -2.255846940575489, "params": {"breakwater_a": 20.72690752550772, "breakwater_b": 9.973228504514806, "breakwater_client_expiration": 862.5302012182974, "breakwater_initial_credit": 55.71716410192222, "breakwater_rtt": 18651.909260743272, "breakwater_slo": 37872.72645959601, "breakwaterd_a": 0.6600017272206249, "breakwaterd_b": 7.554630526024663, "breakwaterd_client_expiration": 77848.85696151217, "breakwaterd_initial_credit": 4615.19965319687, "breakwaterd_rtt": 14518.970413940964, "breakwaterd_slo": 18698.96733805153}}, {"target": -10.906006705573528, "params": {"breakwater_a": 7.74265239683669, "breakwater_b": 4.1729548956761615, "breakwater_client_expiration": 1239.8172837026607, "breakwater_initial_credit": 385.49514190413015, "breakwater_rtt": 3333.152535090382, "breakwater_slo": 36922.764017794485, "breakwaterd_a": 7.343868416364185, "breakwaterd_b": 5.862733321486044, "breakwaterd_client_expiration": 83015.22074420127, "breakwaterd_initial_credit": 1293.14751134334, "breakwaterd_rtt": 8830.618574852047, "breakwaterd_slo": 51839.75595833645}}, {"target": -999999999.0, "params": {"breakwater_a": 8.52203709658313, "breakwater_b": 9.873027806416664, "breakwater_client_expiration": 4947.883785232536, "breakwater_initial_credit": 108.8021693336423, "breakwater_rtt": 18100.49426729358, "breakwater_slo": 28396.835549928535, "breakwaterd_a": 9.892631925098605, "breakwaterd_b": 7.16324267765976, "breakwaterd_client_expiration": 45230.961571089894, "breakwaterd_initial_credit": 1415.0592685737847, "breakwaterd_rtt": 16898.628883465746, "breakwaterd_slo": 11335.960819934773}}, {"target": -31.63264210141817, "params": {"breakwater_a": 25.207288874023742, "breakwater_b": 4.801880451158127, "breakwater_client_expiration": 4665.305516020277, "breakwater_initial_credit": 379.92870677024456, "breakwater_rtt": 12881.350017090012, "breakwater_slo": 27620.718994199397, "breakwaterd_a": 8.065554750541684, "breakwaterd_b": 1.0586457982971709, "breakwaterd_client_expiration": 55235.85479985281, "breakwaterd_initial_credit": 3726.6618762651406, "breakwaterd_rtt": 7468.585195783741, "breakwaterd_slo": 58031.87028029592}}, {"target": -2.2799089070777927, "params": {"breakwater_a": 26.597193359457375, "breakwater_b": 6.693619456104091, "breakwater_client_expiration": 376.49186259716197, "breakwater_initial_credit": 392.0121310055545, "breakwater_rtt": 10168.12335022257, "breakwater_slo": 35541.82491869185, "breakwaterd_a": 0.0, "breakwaterd_b": 9.747840959593562, "breakwaterd_client_expiration": 63224.46797103197, "breakwaterd_initial_credit": 3612.990396595264, "breakwaterd_rtt": 6884.70605277399, "breakwaterd_slo": 38610.57398584219}}, {"target": -6.247443420608968, "params": {"breakwater_a": 4.193612950753072, "breakwater_b": 3.3529879796635544, "breakwater_client_expiration": 2564.845797617395, "breakwater_initial_credit": 385.7617322501084, "breakwater_rtt": 6730.210794817322, "breakwater_slo": 19019.28884404657, "breakwaterd_a": 2.0127144757281568, "breakwaterd_b": 1.0302237696336403, "breakwaterd_client_expiration": 50434.298259622876, "breakwaterd_initial_credit": 2936.922563068117, "breakwaterd_rtt": 9849.97333726849, "breakwaterd_slo": 31409.4387358679}}, {"target": 0.3441876040371489, "params": {"breakwater_a": 0.0, "breakwater_b": 10.0, "breakwater_client_expiration": 1.0, "breakwater_initial_credit": 400.0, "breakwater_rtt": 6542.182181312563, "breakwater_slo": 35176.20601191316, "breakwaterd_a": 0.0, "breakwaterd_b": 0.0, "breakwaterd_client_expiration": 42682.750201981005, "breakwaterd_initial_credit": 3653.519283470038, "breakwaterd_rtt": 2544.256565590139, "breakwaterd_slo": 40805.193778836256}}, {"target": -18.711199990958914, "params": {"breakwater_a": 8.404402694420323, "breakwater_b": 0.9616420856704411, "breakwater_client_expiration": 4939.236680853937, "breakwater_initial_credit": 151.25665852436546, "breakwater_rtt": 17211.574459360447, "breakwater_slo": 17037.46046537589, "breakwaterd_a": 4.135466728804742, "breakwaterd_b": 5.294691277091533, "breakwaterd_client_expiration": 86590.90052262008, "breakwaterd_initial_credit": 800.0869147960134, "breakwaterd_rtt": 18707.962081516405, "breakwaterd_slo": 71813.01691905572}}, {"target": -8.314950796876525, "params": {"breakwater_a": 22.7005236421519, "breakwater_b": 0.12163670381664993, "breakwater_client_expiration": 4754.8507083581635, "breakwater_initial_credit": 362.4715723398637, "breakwater_rtt": 10274.575861464527, "breakwater_slo": 11306.871761507997, "breakwaterd_a": 1.5280118517932095, "breakwaterd_b": 3.2184178108187558, "breakwaterd_client_expiration": 36422.97953304119, "breakwaterd_initial_credit": 1631.6802055489272, "breakwaterd_rtt": 3846.21681308227, "breakwaterd_slo": 49838.438204575046}}, {"target": -2.932677464568086, "params": {"breakwater_a": 14.790032562609088, "breakwater_b": 2.4044960186137843, "breakwater_client_expiration": 4320.545424895791, "breakwater_initial_credit": 167.0904552741751, "breakwater_rtt": 12908.611744232838, "breakwater_slo": 23939.48589877945, "breakwaterd_a": 9.1850325109432, "breakwaterd_b": 1.704705800198969, "breakwaterd_client_expiration": 16846.985700541227, "breakwaterd_initial_credit": 1298.4276693316715, "breakwaterd_rtt": 6298.771996647466, "breakwaterd_slo": 37175.81563529546}}, {"target": -2.857342915278414, "params": {"breakwater_a": 23.504243577782827, "breakwater_b": 2.4424451623766363, "breakwater_client_expiration": 3473.0158078854042, "breakwater_initial_credit": 298.16325600934164, "breakwater_rtt": 8929.80869072452, "breakwater_slo": 46985.12014955077, "breakwaterd_a": 1.1099505166385704, "breakwaterd_b": 6.557082516306229, "breakwaterd_client_expiration": 60686.82749767179, "breakwaterd_initial_credit": 550.2979494399256, "breakwaterd_rtt": 6423.11916518316, "breakwaterd_slo": 47136.09432467558}}, {"target": -22.808026290683635, "params": {"breakwater_a": 20.729688670527914, "breakwater_b": 6.773646863654683, "breakwater_client_expiration": 4499.303856187973, "breakwater_initial_credit": 146.5051586624801, "breakwater_rtt": 14378.038147330066, "breakwater_slo": 27109.70336204077, "breakwaterd_a": 3.1832280950645897, "breakwaterd_b": 2.3545609183922958, "breakwaterd_client_expiration": 54915.90297091998, "breakwaterd_initial_credit": 2403.9918052593202, "breakwaterd_rtt": 5389.093864786467, "breakwaterd_slo": 57729.81008111808}}, {"target": -3.444823141514803, "params": {"breakwater_a": 30.0, "breakwater_b": 4.857397505530941, "breakwater_client_expiration": 1.0, "breakwater_initial_credit": 376.2652197671908, "breakwater_rtt": 20000.0, "breakwater_slo": 38063.93817837036, "breakwaterd_a": 2.704326093240681, "breakwaterd_b": 10.0, "breakwaterd_client_expiration": 22644.382335890074, "breakwaterd_initial_credit": 662.6259884978263, "breakwaterd_rtt": 18646.56621790145, "breakwaterd_slo": 58223.92979663191}}, {"target": -11.336478167534876, "params": {"breakwater_a": 8.509350009378666, "breakwater_b": 6.791314174750113, "breakwater_client_expiration": 2110.5356634527066, "breakwater_initial_credit": 113.55150103947976, "breakwater_rtt": 6785.486165236052, "breakwater_slo": 37120.19852676419, "breakwaterd_a": 2.259476933796638, "breakwaterd_b": 2.7014187010858928, "breakwaterd_client_expiration": 43301.5301866424, "breakwaterd_initial_credit": 3361.1908842803573, "breakwaterd_rtt": 1509.6819842900186, "breakwaterd_slo": 41907.59858125064}}, {"target": -0.45075720591809804, "params": {"breakwater_a": 30.0, "breakwater_b": 10.0, "breakwater_client_expiration": 1.0, "breakwater_initial_credit": 47.60776775650615, "breakwater_rtt": 0.0, "breakwater_slo": 50000.0, "breakwaterd_a": 0.0, "breakwaterd_b": 10.0, "breakwaterd_client_expiration": 10000.0, "breakwaterd_initial_credit": 5000.0, "breakwaterd_rtt": 12060.454917533898, "breakwaterd_slo": 43944.85597066842}}, {"target": 0.04640764512667789, "params": {"breakwater_a": 0.0, "breakwater_b": 10.0, "breakwater_client_expiration": 1.0, "breakwater_initial_credit": 400.0, "breakwater_rtt": 0.0, "breakwater_slo": 50000.0, "breakwaterd_a": 0.0, "breakwaterd_b": 0.0, "breakwaterd_client_expiration": 58277.62921609043, "breakwaterd_initial_credit": 5000.0, "breakwaterd_rtt": 1000.0, "breakwaterd_slo": 24564.418055683098}}, {"target": -0.13303535663256139, "params": {"breakwater_a": 22.566346284709386, "breakwater_b": 9.016771316765022, "breakwater_client_expiration": 4601.942189763641, "breakwater_initial_credit": 168.8110844634322, "breakwater_rtt": 1616.4171442795582, "breakwater_slo": 41890.281151664065, "breakwaterd_a": 6.995262626643976, "breakwaterd_b": 2.530386532789869, "breakwaterd_client_expiration": 58392.341205234516, "breakwaterd_initial_credit": 4265.207926316872, "breakwaterd_rtt": 8193.087276018225, "breakwaterd_slo": 17113.091896328035}}, {"target": -999999999.0, "params": {"breakwater_a": 0.0, "breakwater_b": 5.869718014120387, "breakwater_client_expiration": 5000.0, "breakwater_initial_credit": 39.827095024091776, "breakwater_rtt": 0.0, "breakwater_slo": 10000.0, "breakwaterd_a": 7.437312332026095, "breakwaterd_b": 5.174572597597655, "breakwaterd_client_expiration": 100000.0, "breakwaterd_initial_credit": 1.0, "breakwaterd_rtt": 1665.8014378928679, "breakwaterd_slo": 50928.329930483014}}, {"target": -5.785676998995053, "params": {"breakwater_a": 30.0, "breakwater_b": 10.0, "breakwater_client_expiration": 1.0, "breakwater_initial_credit": 2.009028640183596, "breakwater_rtt": 19043.774828348654, "breakwater_slo": 47517.32390356097, "breakwaterd_a": 10.0, "breakwaterd_b": 10.0, "breakwaterd_client_expiration": 81171.48219808606, "breakwaterd_initial_credit": 1.0, "breakwaterd_rtt": 20000.0, "breakwaterd_slo": 75560.0135758157}}, {"target": -14.457628913725653, "params": {"breakwater_a": 4.285434597232186, "breakwater_b": 6.027525859301395, "breakwater_client_expiration": 623.4119879151237, "breakwater_initial_credit": 44.48964759439934, "breakwater_rtt": 7161.189360475572, "breakwater_slo": 42768.13770999148, "breakwaterd_a": 6.220078760941653, "breakwaterd_b": 6.121322409202259, "breakwaterd_client_expiration": 43744.07669605426, "breakwaterd_initial_credit": 4666.815353593896, "breakwaterd_rtt": 15056.701597824138, "breakwaterd_slo": 74826.2369222799}}, {"target": 0.20808559053381923, "params": {"breakwater_a": 0.0, "breakwater_b": 0.0, "breakwater_client_expiration": 1.0, "breakwater_initial_credit": 1.0, "breakwater_rtt": 20000.0, "breakwater_slo": 10000.0, "breakwaterd_a": 3.0191397655521914, "breakwaterd_b": 2.9589084273494204, "breakwaterd_client_expiration": 56193.4052521164, "breakwaterd_initial_credit": 1.0, "breakwaterd_rtt": 20000.0, "breakwaterd_slo": 80000.0}}, {"target": -22.445569897618658, "params": {"breakwater_a": 30.0, "breakwater_b": 0.0, "breakwater_client_expiration": 1.0, "breakwater_initial_credit": 400.0, "breakwater_rtt": 0.0, "breakwater_slo": 50000.0, "breakwaterd_a": 10.0, "breakwaterd_b": 0.0, "breakwaterd_client_expiration": 71045.28567253164, "breakwaterd_initial_credit": 1.0, "breakwaterd_rtt": 1000.0, "breakwaterd_slo": 80000.0}}, {"target": -4.20635482489813, "params": {"breakwater_a": 6.503766733748016, "breakwater_b": 1.6087730537075406, "breakwater_client_expiration": 2414.151338554072, "breakwater_initial_credit": 242.39417292066906, "breakwater_rtt": 18290.776975900313, "breakwater_slo": 29701.403119715644, "breakwaterd_a": 8.306870560381276, "breakwaterd_b": 0.996021467348196, "breakwaterd_client_expiration": 56274.40881589161, "breakwaterd_initial_credit": 2409.105230103438, "breakwaterd_rtt": 8098.394350939269, "breakwaterd_slo": 25760.703734891315}}, {"target": -2.2666056162444925, "params": {"breakwater_a": 0.0, "breakwater_b": 1.8718380326117234, "breakwater_client_expiration": 5000.0, "breakwater_initial_credit": 1.0, "breakwater_rtt": 0.0, "breakwater_slo": 21907.216361559076, "breakwaterd_a": 10.0, "breakwaterd_b": 10.0, "breakwaterd_client_expiration": 10000.0, "breakwaterd_initial_credit": 5000.0, "breakwaterd_rtt": 1000.0, "breakwaterd_slo": 74493.57826235324}}, {"target": 0.031979260993252996, "params": {"breakwater_a": 29.62463349780546, "breakwater_b": 4.404825298920225, "breakwater_client_expiration": 1931.2511331683468, "breakwater_initial_credit": 20.13644078248805, "breakwater_rtt": 6161.335091064529, "breakwater_slo": 41123.539729865915, "breakwaterd_a": 9.3646076548434, "breakwaterd_b": 2.8996238751116534, "breakwaterd_client_expiration": 90802.81891431575, "breakwaterd_initial_credit": 3618.842005376652, "breakwaterd_rtt": 12031.063831475078, "breakwaterd_slo": 11686.879383735064}}, {"target": -999999999.0, "params": {"breakwater_a": 0.0, "breakwater_b": 0.0, "breakwater_client_expiration": 1.0, "breakwater_initial_credit": 400.0, "breakwater_rtt": 20000.0, "breakwater_slo": 10000.0, "breakwaterd_a": 8.505479665859447, "breakwaterd_b": 7.72166788728895, "breakwaterd_client_expiration": 16985.353580459087, "breakwaterd_initial_credit": 1.0, "breakwaterd_rtt": 20000.0, "breakwaterd_slo": 80000.0}}, {"target": -12.80334956483351, "params": {"breakwater_a": 26.154298343447156, "breakwater_b": 3.7811415287445915, "breakwater_client_expiration": 1226.3111339394145, "breakwater_initial_credit": 284.6320835672342, "breakwater_rtt": 2041.7488215968206, "breakwater_slo": 36612.88127171573, "breakwaterd_a": 4.703647189033075, "breakwaterd_b": 7.395110901258947, "breakwaterd_client_expiration": 82394.5169127636, "breakwaterd_initial_credit": 426.70752908975504, "breakwaterd_rtt": 8315.366117815163, "breakwaterd_slo": 52347.57978786566}}, {"target": -8.369920692151537, "params": {"breakwater_a": 30.0, "breakwater_b": 8.426804826741824, "breakwater_client_expiration": 5000.0, "breakwater_initial_credit": 1.0, "breakwater_rtt": 0.0, "breakwater_slo": 50000.0, "breakwaterd_a": 10.0, "breakwaterd_b": 10.0, "breakwaterd_client_expiration": 10000.0, "breakwaterd_initial_credit": 1.0, "breakwaterd_rtt": 1000.0, "breakwaterd_slo": 75529.35568174523}}, {"target": 0.41976254437656696, "params": {"breakwater_a": 0.0, "breakwater_b": 0.0, "breakwater_client_expiration": 5000.0, "breakwater_initial_credit": 400.0, "breakwater_rtt": 20000.0, "breakwater_slo": 50000.0, "breakwaterd_a": 10.0, "breakwaterd_b": 10.0, "breakwaterd_client_expiration": 10000.0, "breakwaterd_initial_credit": 5000.0, "breakwaterd_rtt": 1000.0, "breakwaterd_slo": 48987.60499840247}}, {"target": -3.5692580210167786, "params": {"breakwater_a": 14.492711006298087, "breakwater_b": 6.442875316048228, "breakwater_client_expiration": 3943.703376037367, "breakwater_initial_credit": 151.55276817417365, "breakwater_rtt": 7834.024652259508, "breakwater_slo": 20459.21167148522, "breakwaterd_a": 0.12320344007898609, "breakwaterd_b": 9.284468625582896, "breakwaterd_client_expiration": 91297.02730771687, "breakwaterd_initial_credit": 866.5496736445544, "breakwaterd_rtt": 17518.27884455518, "breakwaterd_slo": 42092.009919635435}}, {"target": -14.964169879437401, "params": {"breakwater_a": 17.5513141045825, "breakwater_b": 3.6729924843616124, "breakwater_client_expiration": 3212.122182580185, "breakwater_initial_credit": 357.42293785921765, "breakwater_rtt": 13974.975525503301, "breakwater_slo": 44005.008419504826, "breakwaterd_a": 1.5903813736796424, "breakwaterd_b": 8.559266183230495, "breakwaterd_client_expiration": 54590.74087653792, "breakwaterd_initial_credit": 1449.1235124775735, "breakwaterd_rtt": 1325.3684242383308, "breakwaterd_slo": 57833.37241581459}}, {"target": -1.3902940597603066, "params": {"breakwater_a": 26.456281273021165, "breakwater_b": 5.048475374594749, "breakwater_client_expiration": 3754.7001236443375, "breakwater_initial_credit": 212.78112852810196, "breakwater_rtt": 15243.131807397927, "breakwater_slo": 13742.46436961581, "breakwaterd_a": 0.9505574603569622, "breakwaterd_b": 9.485342054442459, "breakwaterd_client_expiration": 63845.0058396493, "breakwaterd_initial_credit": 2818.3775907494423, "breakwaterd_rtt": 14561.273905719712, "breakwaterd_slo": 49403.585301934916}}, {"target": 0.009172171871975424, "params": {"breakwater_a": 11.496660943119831, "breakwater_b": 7.881248725181699, "breakwater_client_expiration": 2348.788180040215, "breakwater_initial_credit": 374.63101459210003, "breakwater_rtt": 8037.0304401767535, "breakwater_slo": 32987.14389854204, "breakwaterd_a": 4.394356103439662, "breakwaterd_b": 5.439704757586611, "breakwaterd_client_expiration": 25108.83628226634, "breakwaterd_initial_credit": 2153.822129196015, "breakwaterd_rtt": 7755.099880036968, "breakwaterd_slo": 11742.393366875402}}, {"target": -2.9025241047509254, "params": {"breakwater_a": 13.850953905547232, "breakwater_b": 8.817481427326914, "breakwater_client_expiration": 3948.3896314827743, "breakwater_initial_credit": 81.68379443711316, "breakwater_rtt": 6948.550122581148, "breakwater_slo": 10424.39359515353, "breakwaterd_a": 5.140404683488389, "breakwaterd_b": 5.205675243737323, "breakwaterd_client_expiration": 79478.80950291973, "breakwaterd_initial_credit": 464.6354971456503, "breakwaterd_rtt": 14705.122644331619, "breakwaterd_slo": 47635.34044875595}}, {"target": -3.752016275487102, "params": {"breakwater_a": 21.878413678986753