[{"target": 0.4492156127145944, "params": {"breakwater_a": 0.834044009405148, "breakwater_b": 0.7203244934421581, "breakwater_client_expiration": 1.5717597119070883, "breakwater_initial_credit": 151.86395374328805, "breakwater_slo": 24402.676724513392, "breakwaterd_a": 0.923385947687978, "breakwaterd_b": 3.725204227553418, "breakwaterd_client_expiration": 20366.821811291433, "breakwaterd_initial_credit": 204.41606237302827, "breakwaterd_slo": 56940.83670016785}}, {"target": 0.5351012042703395, "params": {"breakwater_a": 0.8383890288065896, "breakwater_b": 0.6852195003967595, "breakwater_client_expiration": 1023.0567964078557, "breakwater_initial_credit": 439.18060075908176, "breakwater_slo": 20821.627795937784, "breakwaterd_a": 6.704675101784022, "breakwaterd_b": 8.34609604734254, "breakwaterd_client_expiration": 26760.694853372548, "breakwaterd_initial_credit": 78.78959991166455, "breakwaterd_slo": 39905.074454243935}}, {"target": -0.24435212988466445, "params": {"breakwater_a": 1.6014891373510733, "breakwater_b": 0.9682615757193975, "breakwater_client_expiration": 1567.807466618055, "breakwater_initial_credit": 346.4689852189877, "breakwater_slo": 46291.67456888115, "breakwaterd_a": 8.946066635038473, "breakwaterd_b": 1.7008842273955582, "breakwaterd_client_expiration": 11171.643496986471, "breakwaterd_initial_credit": 93.21690558663876, "breakwaterd_slo": 73907.12517147066}}, {"target": 0.25864111355847397, "params": {"breakwater_a": 0.1966936676661002, "breakwater_b": 0.42110762500505217, "breakwater_client_expiration": 4789.489761222359, "breakwater_initial_credit": 267.0494772015355, "breakwater_slo": 40756.3134185142, "breakwaterd_a": 3.1551563100606295, "breakwaterd_b": 13.730018553631673, "breakwaterd_client_expiration": 35038.770156921186, "breakwaterd_initial_credit": 18.961255898653985, "breakwaterd_slo": 67507.21574724838}}, {"target": 0.41583850970927705, "params": {"breakwater_a": 1.9777221778129894, "breakwater_b": 0.7481656543798394, "breakwater_client_expiration": 1402.9395163299614, "breakwater_initial_credit": 394.85038489729277, "breakwater_slo": 23096.78019732926, "breakwaterd_a": 4.478935261759052, "breakwaterd_b": 18.17191006186191, "breakwaterd_client_expiration": 18808.424451210383, "breakwaterd_initial_credit": 151.00991590731087, "breakwaterd_slo": 36501.42860591388}}, {"target": 0.41185779484430457, "params": {"breakwater_a": 0.03873391574059415, "breakwater_b": 0.678835532939891, "breakwater_client_expiration": 1058.9289518842952, "breakwater_initial_credit": 133.50778302674087, "breakwater_slo": 34747.19477841015, "breakwaterd_a": 0.5336254511708038, "breakwaterd_b": 11.482352109840262, "breakwaterd_client_expiration": 14401.857247174305, "breakwaterd_initial_credit": 298.75971308260927, "breakwaterd_slo": 64987.91800104656}}, {"target": 0.2442718381124878, "params": {"breakwater_a": 0.20466885765565168, "breakwater_b": 0.4140559878195683, "breakwater_client_expiration": 3472.3063884809976, "breakwater_initial_credit": 207.67545549392443, "breakwater_slo": 21498.603768382614, "breakwaterd_a": 5.358964059155116, "breakwaterd_b": 13.275892904395777, "breakwaterd_client_expiration": 25446.673361749257, "breakwaterd_initial_credit": 472.8514304354985, "breakwaterd_slo": 59327.752025099646}}, {"target": 0.3129850883956316, "params": {"breakwater_a": 1.806803830575767, "breakwater_b": 0.13747470414623753, "breakwater_client_expiration": 697.242459906542, "breakwater_initial_credit": 403.88825306605236, "breakwater_slo": 31930.305109566005, "breakwaterd_a": 1.6535419711693278, "breakwaterd_b": 18.550171607920678, "breakwaterd_client_expiration": 20432.975792365196, "breakwaterd_initial_credit": 377.8979305367162, "breakwaterd_slo": 66299.89926752257}}, {"target": -0.06224335305089055, "params": {"breakwater_a": 1.7666121824116197, "breakwater_b": 0.6236722070556089, "breakwater_client_expiration": 3754.9612277026586, "breakwater_initial_credit": 175.1002726469434, "breakwater_slo": 28097.83675295078, "breakwaterd_a": 8.958862181960669, "breakwaterd_b": 8.561823797425898, "breakwaterd_client_expiration": 38945.20141445157, "breakwaterd_initial_credit": 335.0863339310396, "breakwaterd_slo": 61084.78601045609}}, {"target": -0.005740534936971494, "params": {"breakwater_a": 0.22949194590675037, "breakwater_b": 0.9494892587070712, "breakwater_client_expiration": 2250.110755266223, "breakwater_initial_credit": 289.61641757917874, "breakwater_slo": 32244.104082838436, "breakwaterd_a": 2.3702698024302773, "breakwaterd_b": 18.067590411245074, "breakwaterd_client_expiration": 27210.384600168574, "breakwaterd_initial_credit": 11.406460245267896, "breakwaterd_slo": 60857.24568103619}}, {"target": 0.5768020877170118, "params": {"breakwater_a": 1.811565305450816, "breakwater_b": 0.20791174854080263, "breakwater_client_expiration": 3378.0622840042183, "breakwater_initial_credit": 413.57891696655463, "breakwater_slo": 27842.041673341882, "breakwaterd_a": 0.005046252765890102, "breakwaterd_b": 12.646400670757297, "breakwaterd_client_expiration": 36654.04885574446, "breakwaterd_initial_credit": 379.1900358368239, "breakwaterd_slo": 44277.106062723484}}, {"target": 0.4475922776723037, "params": {"breakwater_a": 1.908262905050984, "breakwater_b": 0.07709570886051176, "breakwater_client_expiration": 3339.7768060142957, "breakwater_initial_credit": 386.9239391726823, "breakwater_slo": 32974.09581912272, "breakwaterd_a": 1.6727191971745237, "breakwaterd_b": 2.497604519463845, "breakwaterd_client_expiration": 17881.831963033088, "breakwaterd_initial_credit": 26.033178992203954, "breakwaterd_slo": 60224.3170367519}}, {"target": 0.5336321572891433, "params": {"breakwater_a": 0.3941199385214633, "breakwater_b": 0.2747070218531593, "breakwater_client_expiration": 675.5988051469484, "breakwater_initial_credit": 34.45225788707298, "breakwater_slo": 24071.61467005851, "breakwaterd_a": 7.6129833565291785, "breakwaterd_b": 14.984809292427405, "breakwaterd_client_expiration": 20414.776556435754, "breakwaterd_initial_credit": 56.47897279730298, "breakwaterd_slo": 56992.55927275095}}]