[{"target": 0.480447948471904, "params": {"latency_threshold": 4228.517846555483, "price_step": 110.84542908190214, "price_update_rate": 1003.3168697030017, "token_update_rate": 9767.644606323352}}, {"target": -999999999.0, "params": {"latency_threshold": 1552.883319089419, "price_step": 22.927403267631693, "price_update_rate": 6401.546129952456, "token_update_rate": 11021.261084248385}}, {"target": -0.4403957155060043, "params": {"latency_threshold": 4027.997994883632, "price_step": 85.43434276046997, "price_update_rate": 13156.64091769555, "token_update_rate": 20871.365511506025}}, {"target": 0.46132217190339087, "params": {"latency_threshold": 2124.0772723420223, "price_step": 132.93644109473234, "price_update_rate": 1794.240202739859, "token_update_rate": 20443.557795173663}}, {"target": -2.1622743695728355, "params": {"latency_threshold": 4231.317543434557, "price_step": 88.21657598240523, "price_update_rate": 5071.221219261779, "token_update_rate": 6744.943183461485}}, {"target": -1.3752004593311995, "params": {"latency_threshold": 8027.371229887813, "price_step": 145.55662060071566, "price_update_rate": 10089.301166618043, "token_update_rate": 21077.355854410107}}, {"target": -1.9642995502582496, "params": {"latency_threshold": 8776.25260773078, "price_step": 135.24493289053862, "price_update_rate": 3466.2821297235596, "token_update_rate": 2132.5887137535883}}, {"target": 0.4577324347990481, "params": {"latency_threshold": 1781.3211536892322, "price_step": 132.93995048011783, "price_update_rate": 3852.058181158453, "token_update_rate": 13212.121125146512}}, {"target": -1.1023700715511038, "params": {"latency_threshold": 9583.10634848997, "price_step": 84.6431398962224, "price_update_rate": 21064.436304563726, "token_update_rate": 10149.953299175826}}, {"target": 0.481481221703867, "params": {"latency_threshold": 6896.359184047678, "price_step": 126.84759406563221, "price_update_rate": 1530.3600429815624, "token_update_rate": 22754.18513340406}}, {"target": -0.41872424982097983, "params": {"latency_threshold": 176.4265742427985, "price_step": 32.66053078977747, "price_update_rate": 21571.701990929952, "token_update_rate": 23177.368910756428}}, {"target": -0.5592648940885274, "params": {"latency_threshold": 4481.317442809077, "price_step": 67.88589911076937, "price_update_rate": 16886.34342778445, "token_update_rate": 22581.84586568185}}, {"target": -4.6377163020602215, "params": {"latency_threshold": 6271.518294158016, "price_step": 41.25143512419247, "price_update_rate": 28813.744763672286, "token_update_rate": 24335.865434130013}}, {"target": 0.3061882192580527, "params": {"latency_threshold": 309.9421091610255, "price_step": 123.10337354774097, "price_update_rate": 28980.810691992458, "token_update_rate": 21360.117790064272}}, {"target": -6.445399134821576, "params": {"latency_threshold": 3707.7499965175425, "price_step": 13.135735558698329, "price_update_rate": 5420.01603970573, "token_update_rate": 29174.12419256358}}, {"target": -30.648836318099388, "params": {"latency_threshold": 9953.472058888447, "price_step": 55.52415082357958, "price_update_rate": 24689.113506693127, "token_update_rate": 2294.384759409517}}, {"target": -2.8895800046203752, "params": {"latency_threshold": 9814.189810387796, "price_step": 47.85842598735012, "price_update_rate": 24454.765524023274, "token_update_rate": 13950.220631736029}}, {"target": 0.4764856020644878, "params": {"latency_threshold": 3316.2700378502186, "price_step": 99.00939826601116, "price_update_rate": 12614.648171466615, "token_update_rate": 22795.08919752353}}, {"target": -0.2759586173606656, "params": {"latency_threshold": 3128.5210846373984, "price_step": 104.73146256182373, "price_update_rate": 16990.070119974433, "token_update_rate": 10159.872367774211}}, {"target": -0.11232579962037585, "params": {"latency_threshold": 4032.1268551241315, "price_step": 37.18490549868701, "price_update_rate": 2532.8233319978367, "token_update_rate": 11003.608904305262}}, {"target": -2.9537146316079896, "params": {"latency_threshold": 2889.2854178220955, "price_step": 10.0, "price_update_rate": 14997.770459998337, "token_update_rate": 22139.77495798315}}, {"target": 0.29623920714878316, "params": {"latency_threshold": 3390.291386103935, "price_step": 77.87095091190793, "price_update_rate": 13087.962951961545, "token_update_rate": 24804.078095586887}}, {"target": -0.016636517782614966, "params": {"latency_threshold": 2280.296390064893, "price_step": 32.728983763579215, "price_update_rate": 1344.328500165429, "token_update_rate": 14067.800816975168}}, {"target": 0.4178587599918925, "params": {"latency_threshold": 1614.8218206827914, "price_step": 150.0, "price_update_rate": 3607.891882584122, "token_update_rate": 16275.672666386015}}, {"target": -6.983984544089506, "params": {"latency_threshold": 2700.9300659617898, "price_step": 13.056739743614703, "price_update_rate": 5856.624284425935, "token_update_rate": 19607.211142222877}}, {"target": -17.88081676885665, "params": {"latency_threshold": 9003.42821664103, "price_step": 61.395084814374854, "price_update_rate": 3323.4305233335863, "token_update_rate": 2353.2046501318828}}, {"target": 0.03015256318095394, "params": {"latency_threshold": 1889.8063448093822, "price_step": 48.04798122924116, "price_update_rate": 24302.67791190655, "token_update_rate": 19793.11776420803}}, {"target": 0.28601180873231513, "params": {"latency_threshold": 1423.758479679901, "price_step": 81.09880520382784, "price_update_rate": 26783.996341098114, "token_update_rate": 17447.7586966637}}, {"target": -0.3631605014115088, "params": {"latency_threshold": 1601.204373653873, "price_step": 38.59697692738906, "price_update_rate": 20501.79358887989, "token_update_rate": 26369.543964588305}}, {"target": -0.9498447041105003, "params": {"latency_threshold": 5958.636540249842, "price_step": 150.0, "price_update_rate": 2067.1426860298025, "token_update_rate": 5193.1958770236815}}, {"target": -18.65150888953669, "params": {"latency_threshold": 7488.851904319747, "price_step": 10.0, "price_update_rate": 6233.224342065941, "token_update_rate": 5004.867475734939}}, {"target": -33.780643268831355, "params": {"latency_threshold": 3980.446897762303, "price_step": 10.0, "price_update_rate": 5020.454485421516, "token_update_rate": 2772.8814702426316}}, {"target": -0.4010004626587107, "params": {"latency_threshold": 6030.080177996877, "price_step": 116.28006650836352, "price_update_rate": 2082.913825331738, "token_update_rate": 14387.525048745283}}, {"target": -22.8271076690185, "params": {"latency_threshold": 9779.103343978515, "price_step": 17.05933520180395, "price_update_rate": 24285.963730665368, "token_update_rate": 14110.107842832756}}, {"target": 0.26203406245917277, "params": {"latency_threshold": 2519.731658334818, "price_step": 84.362617868977, "price_update_rate": 25582.7907304312, "token_update_rate": 24566.121326324363}}, {"target": 0.5803113181980973, "params": {"latency_threshold": 4006.7730120722063, "price_step": 100.80910697513396, "price_update_rate": 5548.476011476231, "token_update_rate": 13102.920022854645}}, {"target": 0.5551885426361547, "params": {"latency_threshold": 5002.1182448418185, "price_step": 150.0, "price_update_rate": 5201.012115702379, "token_update_rate": 15614.560418862487}}, {"target": 0.354112213864638, "params": {"latency_threshold": 7121.078278307517, "price_step": 150.0, "price_update_rate": 5072.361816873436, "token_update_rate": 12674.039690056688}}, {"target": -9.664890547306605, "params": {"latency_threshold": 4114.807771579839, "price_step": 11.95569350204373, "price_update_rate": 12836.36817607503, "token_update_rate": 23848.243392314314}}, {"target": -0.05635916835627013, "params": {"latency_threshold": 4707.634222935277, "price_step": 52.20748782350024, "price_update_rate": 21831.804467548372, "token_update_rate": 22995.5540698616}}, {"target": 0.3649816480335837, "params": {"latency_threshold": 3083.6138628015333, "price_step": 98.51958153988775, "price_update_rate": 26893.620095362967, "token_update_rate": 15619.470109562022}}, {"target": 0.5666238038878936, "params": {"latency_threshold": 4850.989349055874, "price_step": 150.0, "price_update_rate": 27542.627401416517, "token_update_rate": 20298.195794350402}}, {"target": -0.5907017533265507, "params": {"latency_threshold": 3660.678210492562, "price_step": 80.97200638006781, "price_update_rate": 22020.25164762771, "token_update_rate": 16106.990235986934}}, {"target": 0.3535577170570067, "params": {"latency_threshold": 4907.952187236096, "price_step": 106.371899973955, "price_update_rate": 19781.19411726401, "token_update_rate": 24229.98971266078}}, {"target": -7.221645446074208, "params": {"latency_threshold": 8220.034199046015, "price_step": 27.1654972266804, "price_update_rate": 3030.9738773848057, "token_update_rate": 8450.563904190345}}, {"target": -0.5276690812246816, "params": {"latency_threshold": 2003.9418236472472, "price_step": 46.3179455537976, "price_update_rate": 19166.24156312766, "token_update_rate": 19538.677253000726}}, {"target": 0.2802141660728791, "params": {"latency_threshold": 3680.5889811948027, "price_step": 64.37724819241049, "price_update_rate": 4693.844107718417, "token_update_rate": 24132.022619632742}}, {"target": -2.667728698573197, "params": {"latency_threshold": 6792.916864759081, "price_step": 30.487389020792047, "price_update_rate": 23396.441845784615, "token_update_rate": 18498.585363053666}}, {"target": 0.6132725644215299, "params": {"latency_threshold": 6445.651717639321, "price_step": 150.0, "price_update_rate": 18913.64797854456, "token_update_rate": 18869.45086161324}}, {"target": -0.9730117788566742, "params": {"latency_threshold": 7087.169326523761, "price_step": 150.0, "price_update_rate": 19825.657746344623, "token_update_rate": 14001.964967914366}}, {"target": -16.75159132240102, "params": {"latency_threshold": 5691.976907792038, "price_step": 10.0, "price_update_rate": 23773.66809908316, "token_update_rate": 12274.778167111997}}, {"target": -6.955869044378819, "params": {"latency_threshold": 9904.136218014524, "price_step": 100.16556639917879, "price_update_rate": 3546.495390805016, "token_update_rate": 3047.945334507749}}, {"target": -1.7164016595153166, "params": {"latency_threshold": 4343.280351745932, "price_step": 34.56031801727909, "price_update_rate": 13091.000461665564, "token_update_rate": 25688.89859200591}}, {"target": -9.244183829170113, "params": {"latency_threshold": 6922.0708806524335, "price_step": 26.49856716954303, "price_update_rate": 16761.997624422525, "token_update_rate": 21284.258033428097}}, {"target": -1.2977804015100747, "params": {"latency_threshold": 3863.612181243784, "price_step": 128.7754165266673, "price_update_rate": 12917.201183312334, "token_update_rate": 11812.301225442616}}, {"target": 0.5347057046676951, "params": {"latency_threshold": 3623.955929743144, "price_step": 134.04680655558033, "price_update_rate": 16269.043664345172, "token_update_rate": 15249.793534493183}}, {"target": -0.8743833377894149, "params": {"latency_threshold": 7473.838981917857, "price_step": 106.62619363087505, "price_update_rate": 16279.669286204278, "token_update_rate": 10458.677921630553}}, {"target": -0.052722920790486114, "params": {"latency_threshold": 7600.062236845484, "price_step": 117.6199636438359, "price_update_rate": 14119.753669919352, "token_update_rate": 16778.70426006597}}, {"target": -4.663983176426438, "params": {"latency_threshold": 5285.032965705176, "price_step": 62.06153206416929, "price_update_rate": 20771.660250882403, "token_update_rate": 8366.028339019522}}, {"target": 0.3833425664718176, "params": {"latency_threshold": 5785.279036363561, "price_step": 78.40558155389817, "price_update_rate": 8549.667016028692, "token_update_rate": 26106.10562912009}}, {"target": -0.8217309716830768, "params": {"latency_threshold": 9397.973326545129, "price_step": 146.0648239317732, "price_update_rate": 8197.200420481877, "token_update_rate": 5015.274751058418}}, {"target": -1.9154750913188592, "params": {"latency_threshold": 1681.1157996900283, "price_step": 150.0, "price_update_rate": 21109.79212148886, "token_update_rate": 11895.490977095966}}, {"target": 0.5274132086694473, "params": {"latency_threshold": 4818.786786410573, "price_step": 124.1631352675686, "price_update_rate": 19266.562283920237, "token_update_rate": 27431.259342572102}}, {"target": -6.480235029589084, "params": {"latency_threshold": 8404.030470742951, "price_step": 10.0, "price_update_rate": 5884.0352454004205, "token_update_rate": 23155.618862365707}}, {"target": -3.629244271002662, "params": {"latency_threshold": 1674.2877285173627, "price_step": 76.9811030964749, "price_update_rate": 15694.050826645262, "token_update_rate": 4513.013508054183}}]