[{"target": 0.012752723923494982, "params": {"breakwater_a": 2.7440675196366238, "breakwater_b": 0.35759468318620974, "breakwater_client_expiration": 3017.789246597503, "breakwater_initial_credit": 549.4343511669279, "breakwater_slo": 21759.085167606332, "breakwaterd_a": 6.458944671725431, "breakwaterd_b": 0.4375872112626925, "breakwaterd_client_expiration": 44642.76353871295, "breakwaterd_initial_credit": 481.8677174900136, "breakwaterd_slo": 19788.634422463107}}, {"target": -1.2145584158138816, "params": {"breakwater_a": 3.958625190413323, "breakwater_b": 0.26444745987645224, "breakwater_client_expiration": 2844.542359858722, "breakwater_initial_credit": 926.3406719097344, "breakwater_slo": 4480.76685169646, "breakwaterd_a": 0.8713021257224101, "breakwaterd_b": 0.02021839744032572, "breakwaterd_client_expiration": 41714.68235462293, "breakwaterd_initial_credit": 389.3002187239754, "breakwaterd_slo": 43630.59526409414}}, {"target": -0.5823766535721338, "params": {"breakwater_a": 4.89309171116382, "breakwater_b": 0.3995792821083618, "breakwater_client_expiration": 2312.78201764213, "breakwater_initial_credit": 782.7238845235909, "breakwater_slo": 6795.446867577728, "breakwaterd_a": 6.399213814065025, "breakwaterd_b": 0.1433532874090464, "breakwaterd_client_expiration": 47261.1113939544, "breakwaterd_initial_credit": 261.40231255328575, "breakwaterd_slo": 21318.435059535655}}, {"target": 0.03013788239252157, "params": {"breakwater_a": 1.322778060523135, "breakwater_b": 0.38711684471710833, "breakwater_client_expiration": 2286.190157760577, "breakwater_initial_credit": 572.7496093799621, "breakwater_slo": 1920.7002213814021, "breakwaterd_a": 6.1763587944038, "breakwaterd_b": 0.6120957227224214, "breakwaterd_client_expiration": 31038.232845300467, "breakwaterd_initial_credit": 471.93029117879746, "breakwaterd_slo": 34409.194656070686}}, {"target": 0.018061154177433248, "params": {"breakwater_a": 1.79753950286893, "breakwater_b": 0.21851597689967073, "breakwater_client_expiration": 3491.179667677052, "breakwater_initial_credit": 69.62321691297714, "breakwater_slo": 33671.56905683772, "breakwaterd_a": 6.706381989802898, "breakwaterd_b": 0.2103825610738409, "breakwaterd_client_expiration": 6881.851733915239, "breakwaterd_initial_credit": 158.39874711116775, "breakwaterd_slo": 18821.827776188507}}, {"target": -999999999.0, "params": {"breakwater_a": 2.8509838520893984, "breakwater_b": 0.21930075673116017, "breakwater_client_expiration": 4941.985451915539, "breakwater_initial_credit": 111.02436264054779, "breakwater_slo": 11234.9610486469, "breakwaterd_a": 1.6131035657547839, "breakwaterd_b": 0.6531083254653984, "breakwaterd_client_expiration": 13037.934325719214, "breakwaterd_initial_credit": 233.68907565529685, "breakwaterd_slo": 12976.854008078535}}, {"target": 0.01219593876179853, "params": {"breakwater_a": 0.7948479182275986, "breakwater_b": 0.05518757058215257, "breakwater_client_expiration": 3285.0846514317145, "breakwater_initial_credit": 146.80112183512767, "breakwater_slo": 10632.535722322622, "breakwaterd_a": 3.6872580193579347, "breakwaterd_b": 0.8209932298479351, "breakwaterd_client_expiration": 5306.513151756533, "breakwaterd_initial_credit": 419.13450884190314, "breakwaterd_slo": 5708.821986804191}}, {"target": -999999999.0, "params": {"breakwater_a": 4.882297325066979, "breakwater_b": 0.2343256008238508, "breakwater_client_expiration": 4884.037830069782, "breakwater_initial_credit": 608.7970645475955, "breakwater_slo": 37223.915390516784, "breakwaterd_a": 0.39188753066528426, "breakwaterd_b": 0.2828069625764096, "breakwaterd_client_expiration": 6449.729780051861, "breakwaterd_initial_credit": 148.7739585635503, "breakwaterd_slo": 6817.658228757959}}, {"target": -999999999.0, "params": {"breakwater_a": 1.5899158969698801, "breakwater_b": 0.20713149725733498, "breakwater_client_expiration": 330.096006780434, "breakwater_initial_credit": 695.5473981763197, "breakwater_slo": 28763.471256122182, "breakwaterd_a": 2.653902255499545, "breakwaterd_b": 0.5232480534666997, "breakwaterd_client_expiration": 5150.055282542863, "breakwaterd_initial_credit": 288.3973012825335, "breakwaterd_slo": 46535.513681234486}}, {"target": -999999999.0, "params": {"breakwater_a": 1.5928447622566182, "breakwater_b": 0.33370518998184084, "breakwater_client_expiration": 667.6713333979169, "breakwater_initial_credit": 719.1639320773799, "breakwater_slo": 15180.898554412854, "breakwaterd_a": 1.8319217881575485, "breakwaterd_b": 0.5865129348100832, "breakwaterd_client_expiration": 1495.323536280931, "breakwaterd_initial_credit": 414.6410745794642, "breakwaterd_slo": 1230.0783334348062}}, {"target": -1.1899645668495744, "params": {"breakwater_a": 4.195324093959354, "breakwater_b": 0.2809330934687703, "breakwater_client_expiration": 2598.4822020295132, "breakwater_initial_credit": 772.289471491914, "breakwater_slo": 33413.41144128843, "breakwaterd_a": 5.7913047075664865, "breakwaterd_b": 0.5433097959704504, "breakwaterd_client_expiration": 38558.63752480366, "breakwaterd_initial_credit": 485.4590826053327, "breakwaterd_slo": 15943.35794738519}}, {"target": -1.2363883885938882, "params": {"breakwater_a": 3.044521099769196, "breakwater_b": 0.4303749198029794, "breakwater_client_expiration": 3899.1033221537637, "breakwater_initial_credit": 931.272586487211, "breakwater_slo": 22143.680902997592, "breakwaterd_a": 1.2343360082611952, "breakwaterd_b": 0.7180394382501523, "breakwaterd_client_expiration": 20898.950129786896, "breakwaterd_initial_credit": 473.28295762959544, "breakwaterd_slo": 24407.558567997523}}, {"target": -999999999.0, "params": {"breakwater_a": 0.4975764245991676, "breakwater_b": 0.47493686625957227, "breakwater_client_expiration": 470.23145926780927, "breakwater_initial_credit": 194.60953021836647, "breakwater_slo": 41807.76713014696, "breakwaterd_a": 0.5388663133477711, "breakwaterd_b": 0.8072256290894135, "breakwaterd_client_expiration": 1293.4356198734586, "breakwaterd_initial_credit": 465.63245242707086, "breakwaterd_slo": 24796.67546438659}}, {"target": -0.6168955442685411, "params": {"breakwater_a": 1.1945833452032317, "breakwater_b": 0.16806092576866677, "breakwater_client_expiration": 4591.475227562885, "breakwater_initial_credit": 667.9169132052837, "breakwater_slo": 45969.11013233998, "breakwaterd_a": 0.060445894571163734, "breakwaterd_b": 0.14239504768531297, "breakwaterd_client_expiration": 29591.896140237408, "breakwaterd_initial_credit": 66.69409877275679, "breakwaterd_slo": 7866.733729715906}}, {"target": -1.290849242862057, "params": {"breakwater_a": 2.789098297254461, "breakwater_b": 0.33830174899942844, "breakwater_client_expiration": 5000.0, "breakwater_initial_credit": 579.264074138628, "breakwater_slo": 50000.0, "breakwaterd_a": 1e-05, "breakwaterd_b": 0.22678855910512397, "breakwaterd_client_expiration": 50000.0, "breakwaterd_initial_credit": 1.0, "breakwaterd_slo": 37616.68929541021}}, {"target": -1.3342862366307446, "params": {"breakwater_a": 2.6200917002972064, "breakwater_b": 0.11948378577286334, "breakwater_client_expiration": 3867.8264492191615, "breakwater_initial_credit": 513.2386568279378, "breakwater_slo": 43784.62502356765, "breakwaterd_a": 1.8147448558235793, "breakwaterd_b": 0.03169681689503945, "breakwaterd_client_expiration": 23502.723862152812, "breakwaterd_initial_credit": 241.17920123989822, "breakwaterd_slo": 23338.377501543644}}, {"target": -999999999.0, "params": {"breakwater_a": 2.1219716996830917, "breakwater_b": 0.13841750330963143, "breakwater_client_expiration": 4815.567772885903, "breakwater_initial_credit": 457.0539646353536, "breakwater_slo": 24236.489355105205, "breakwaterd_a": 2.775287844803011, "breakwaterd_b": 0.11819064884567976, "breakwaterd_client_expiration": 4290.421377237265, "breakwaterd_initial_credit": 413.0503056278513, "breakwaterd_slo": 13295.861072000816}}, {"target": -1.2383784803539946, "params": {"breakwater_a": 2.599177374008937, "breakwater_b": 0.2637368227903104, "breakwater_client_expiration": 1610.0225166133469, "breakwater_initial_credit": 693.3683394977595, "breakwater_slo": 27003.937931445886, "breakwaterd_a": 9.990147470627113, "breakwaterd_b": 0.1790491760066215, "breakwaterd_client_expiration": 44881.04670942108, "breakwaterd_initial_credit": 462.0083273346911, "breakwaterd_slo": 34904.12652413694}}, {"target": -1.2889804605771478, "params": {"breakwater_a": 1.5855303053497867, "breakwater_b": 0.15530140557921573, "breakwater_client_expiration": 1332.7208478574569, "breakwater_initial_credit": 715.5316581971392, "breakwater_slo": 49722.377602785455, "breakwaterd_a": 8.939113539892817, "breakwaterd_b": 0.860686999214545, "breakwaterd_client_expiration": 32334.667029278735, "breakwaterd_initial_credit": 495.7279661165303, "breakwaterd_slo": 29414.598168650213}}, {"target": -1.2225137434733089, "params": {"breakwater_a": 1.2711339138798734, "breakwater_b": 0.3321804475718678, "breakwater_client_expiration": 1590.3815001994092, "breakwater_initial_credit": 167.02038776977375, "breakwater_slo": 42337.84246783818, "breakwaterd_a": 7.111297375195402, "breakwaterd_b": 0.35525430977140093, "breakwaterd_client_expiration": 16408.11848094549, "breakwaterd_initial_credit": 449.1930999468296, "breakwaterd_slo": 29681.590850098295}}, {"target": -999999999.0, "params": {"breakwater_a": 0.8977757233105149, "breakwater_b": 0.032233831914620814, "breakwater_client_expiration": 4765.418576851136, "breakwater_initial_credit": 793.005206940772, "breakwater_slo": 25418.485687894845, "breakwaterd_a": 9.912272963146084, "breakwaterd_b": 0.029556352330974867, "breakwaterd_client_expiration": 10487.058300001292, "breakwaterd_initial_credit": 60.44191645316127, "breakwaterd_slo": 35077.639004081364}}, {"target": -1.1981992488449271, "params": {"breakwater_a": 2.4194935702455798, "breakwater_b": 0.11700048593424595, "breakwater_client_expiration": 3530.294512662388, "breakwater_initial_credit": 267.310591653975, "breakwater_slo": 38824.783370799625, "breakwaterd_a": 4.343227390442874, "breakwaterd_b": 0.6539211285039633, "breakwaterd_client_expiration": 21657.241360952798, "breakwaterd_initial_credit": 274.6648355682622, "breakwaterd_slo": 29624.485939986855}}, {"target": -1.2304419804619595, "params": {"breakwater_a": 1.952905407674936, "breakwater_b": 0.019480502571037228, "breakwater_client_expiration": 2029.839911163043, "breakwater_initial_credit": 1000.0, "breakwater_slo": 39729.17678918996, "breakwaterd_a": 7.560060147584566, "breakwaterd_b": 0.8719476620890765, "breakwaterd_client_expiration": 50000.0, "breakwaterd_initial_credit": 500.0, "breakwaterd_slo": 50000.0}}, {"target": -1.3102058603585809, "params": {"breakwater_a": 1.788841355587204, "breakwater_b": 0.29306857410611553, "breakwater_client_expiration": 2897.8213237598125, "breakwater_initial_credit": 336.56264945439403, "breakwater_slo": 42381.53670825029, "breakwaterd_a": 5.181617684143298, "breakwaterd_b": 0.3692427403625834, "breakwaterd_client_expiration": 20388.242452513452, "breakwaterd_initial_credit": 330.044185113946, "breakwaterd_slo": 26937.566559989467}}, {"target": -0.6379087998633417, "params": {"breakwater_a": 0.043150925018829514, "breakwater_b": 0.0, "breakwater_client_expiration": 2179.9910553036993, "breakwater_initial_credit": 594.9178037475709, "breakwater_slo": 40883.887181180304, "breakwaterd_a": 1e-05, "breakwaterd_b": 0.0, "breakwaterd_client_expiration": 30761.199526820583, "breakwaterd_initial_credit": 436.6534819037413, "breakwaterd_slo": 24122.062814893718}}, {"target": -999999999.0, "params": {"breakwater_a": 5.0, "breakwater_b": 0.5, "breakwater_client_expiration": 4608.249648845556, "breakwater_initial_credit": 1000.0, "breakwater_slo": 1000.0, "breakwaterd_a": 1e-05, "breakwaterd_b": 0.0, "breakwaterd_client_expiration": 500.0, "breakwaterd_initial_credit": 1.0000000138464258, "breakwaterd_slo": 1000.0}}, {"target": -1.2217475038671226, "params": {"breakwater_a": 4.981284752783862, "breakwater_b": 0.5, "breakwater_client_expiration": 2226.0401997499507, "breakwater_initial_credit": 690.7422839628881, "breakwater_slo": 29085.62272914083, "breakwaterd_a": 5.134954891636539, "breakwaterd_b": 0.11145549553721044, "breakwaterd_client_expiration": 41706.083772632985, "breakwaterd_initial_credit": 467.4758394474528, "breakwaterd_slo": 25815.615690520135}}, {"target": -1.323804462811015, "params": {"breakwater_a": 4.444564439229322, "breakwater_b": 0.18474175608324722, "breakwater_client_expiration": 2710.394431312427, "breakwater_initial_credit": 316.3188469936295, "breakwater_slo": 2766.9326010718055, "breakwaterd_a": 0.9748448949215058, "breakwaterd_b": 0.23521202365562544, "breakwaterd_client_expiration": 31361.779927468993, "breakwaterd_initial_credit": 216.58447419126094, "breakwaterd_slo": 34472.87364006593}}, {"target": -999999999.0, "params": {"breakwater_a": 1.6032794826037289, "breakwater_b": 0.19389420564561433, "breakwater_client_expiration": 3788.2334837597896, "breakwater_initial_credit": 949.2527647435347, "breakwater_slo": 35846.55356312198, "breakwaterd_a": 1.0103267862661462, "breakwaterd_b": 0.877530974812822, "breakwaterd_client_expiration": 4289.924299306782, "breakwaterd_initial_credit": 482.4141169125317, "breakwaterd_slo": 7116.307386979503}}, {"target": -999999999.0, "params": {"breakwater_a": 5.0, "breakwater_b": 0.3099138626723192, "breakwater_client_expiration": 10.0, "breakwater_initial_credit": 1000.0, "breakwater_slo": 1000.0, "breakwaterd_a": 1e-05, "breakwaterd_b": 0.3257024499393808, "breakwaterd_client_expiration": 500.0, "breakwaterd_initial_credit": 500.0, "breakwaterd_slo": 50000.0}}, {"target": -1.334362421686747, "params": {"breakwater_a": 3.1703178641335454, "breakwater_b": 0.05855782908941498, "breakwater_client_expiration": 1239.44633511836, "breakwater_initial_credit": 305.81917777544874, "breakwater_slo": 33876.706271405405, "breakwaterd_a": 5.5819050945482935, "breakwaterd_b": 0.01993019689701392, "breakwaterd_client_expiration": 3219.649253449112, "breakwaterd_initial_credit": 42.33008307775103, "breakwaterd_slo": 26497.29140068018}}, {"target": -1.257760773052723, "params": {"breakwater_a": 3.5554712252759515, "breakwater_b": 0.23749632668352894, "breakwater_client_expiration": 716.1821251281684, "breakwater_initial_credit": 10.906216180380017, "breakwater_slo": 14744.979326331664, "breakwaterd_a": 7.239145816566559, "breakwaterd_b": 0.5899823198551294, "breakwaterd_client_expiration": 17182.849681289932, "breakwaterd_initial_credit": 122.83752498721435, "breakwaterd_slo": 48692.34017843632}}, {"target": -999999999.0, "params": {"breakwater_a": 1.8860870660853006, "breakwater_b": 0.12466770989556503, "breakwater_client_expiration": 5000.0, "breakwater_initial_credit": 10.000000000020664, "breakwater_slo": 1000.0, "breakwaterd_a": 1e-05, "breakwaterd_b": 0.004859672177542573, "breakwaterd_client_expiration": 25138.915249628506, "breakwaterd_initial_credit": 1.0, "breakwaterd_slo": 45599.08368587696}}]