[{"target": 0.09586292736137905, "params": {"breakwater_a": 10.976270078546495, "breakwater_b": 0.07151893663724194, "breakwater_client_expiration": 6031.606126955722, "breakwater_initial_credit": 545.3382998139, "breakwater_slo": 1752.2537174217284}}, {"target": 0.11860930487370978, "params": {"breakwater_a": 12.917882261333123, "breakwater_b": 0.04375872112626925, "breakwater_client_expiration": 8918.812277812976, "breakwater_initial_credit": 963.6990977405283, "breakwater_slo": 1595.421923420533}}, {"target": -0.3802588108282795, "params": {"breakwater_a": 15.834500761653292, "breakwater_b": 0.05288949197529045, "breakwater_client_expiration": 5684.765165328384, "breakwater_initial_credit": 925.6710416543684, "breakwater_slo": 377.0406269717591}}, {"target": -0.21124379838543997, "params": {"breakwater_a": 1.7425859940308142, "breakwater_b": 0.002021839744032572, "breakwater_client_expiration": 8327.8722570239, "breakwater_initial_credit": 778.3785941989006, "breakwater_slo": 3493.0473781625947}}, {"target": 0.6053481472824408, "params": {"breakwater_a": 19.57236684465528, "breakwater_b": 0.07991585642167237, "breakwater_client_expiration": 4620.178828906789, "breakwater_initial_credit": 780.748647110169, "breakwater_slo": 561.2702608888396}}, {"target": -0.002022597527062703, "params": {"breakwater_a": 12.798420426550477, "breakwater_b": 0.014335328740904641, "breakwater_client_expiration": 9447.242481325344, "breakwater_initial_credit": 522.3264734283216, "breakwater_slo": 1717.181565963042}}, {"target": -999999999.0, "params": {"breakwater_a": 5.29111224209254, "breakwater_b": 0.07742336894342167, "breakwater_client_expiration": 4566.94181884332, "breakwater_initial_credit": 568.8655149197799, "breakwater_slo": 173.28022170178505}}, {"target": -0.3029376480300738, "params": {"breakwater_a": 12.352709941517542, "breakwater_b": 0.06120957227224214, "breakwater_client_expiration": 6173.170628778822, "breakwater_initial_credit": 943.8043304361096, "breakwater_slo": 2759.0991665035854}}, {"target": -0.15395630878551148, "params": {"breakwater_a": 7.19015801147572, "breakwater_b": 0.04370319537993415, "breakwater_client_expiration": 6979.335647313376, "breakwater_initial_credit": 61.16524615764057, "breakwater_slo": 2700.390190238104}}, {"target": 0.1784718265893524, "params": {"breakwater_a": 13.412757392363188, "breakwater_b": 0.021038256107384093, "breakwater_client_expiration": 1297.9737135719845, "breakwater_initial_credit": 316.11292257325965, "breakwater_slo": 1518.4720066762281}}, {"target": -0.17847789207936357, "params": {"breakwater_a": 8.657527468929251, "breakwater_b": 0.04448230571455989, "breakwater_client_expiration": 102.27375933050116, "breakwater_initial_credit": 765.939509491611, "breakwater_slo": 3075.6998473821554}}, {"target": 0.10012660548879722, "params": {"breakwater_a": 13.506192699576097, "breakwater_b": 0.02233714264014418, "breakwater_client_expiration": 7446.146764922593, "breakwater_initial_credit": 489.4401085461201, "breakwater_slo": 1613.4277295432555}}, {"target": 0.5670928127305926, "params": {"breakwater_a": 0.8353633903954072, "breakwater_b": 0.0018085336813764008, "breakwater_client_expiration": 1067.4953036963693, "breakwater_initial_credit": 23.17102540124337, "breakwater_slo": 402.126167310502}}, {"target": 0.6430172354285145, "params": {"breakwater_a": 14.795676506481403, "breakwater_b": 0.015704162400781364, "breakwater_client_expiration": 9119.472599338122, "breakwater_initial_credit": 769.9183766508942, "breakwater_slo": 429.0858895838229}}, {"target": -0.11271760961220145, "params": {"breakwater_a": 12.638517845893546, "breakwater_b": 0.03587204702980269, "breakwater_client_expiration": 3039.6706906971485, "breakwater_initial_credit": 779.4521145426629, "breakwater_slo": 2343.061448552647}}, {"target": 0.030792962532584785, "params": {"breakwater_a": 17.47634352970326, "breakwater_b": 0.0361171919143029, "breakwater_client_expiration": 3253.834297493975, "breakwater_initial_credit": 615.2052556573066, "breakwater_slo": 1737.0001599972907}}, {"target": 0.5615194403795208, "params": {"breakwater_a": 13.53288802963286, "breakwater_b": 0.08931316985226857, "breakwater_client_expiration": 9976.360038797866, "breakwater_initial_credit": 590.3423472662744, "breakwater_slo": 911.8015227519019}}, {"target": 0.562843390355, "params": {"breakwater_a": 8.41009792867778, "breakwater_b": 0.08267504041702844, "breakwater_client_expiration": 8307.380923065812, "breakwater_initial_credit": 941.0634762872022, "breakwater_slo": 275.2761917939945}}, {"target": -0.01211447900363621, "params": {"breakwater_a": 0.11128829600683288, "breakwater_b": 0.0716035586686681, "breakwater_client_expiration": 4757.821890426594, "breakwater_initial_credit": 574.2727473998389, "breakwater_slo": 2558.531064704631}}, {"target": -0.5137379023651903, "params": {"breakwater_a": 12.118074307930787, "breakwater_b": 0.09003479845106406, "breakwater_client_expiration": 1970.9441115860102, "breakwater_initial_credit": 509.2559366412574, "breakwater_slo": 3647.589804650432}}, {"target": -0.2962451620759636, "params": {"breakwater_a": 8.15845234495759, "breakwater_b": 0.062332845007939244, "breakwater_client_expiration": 7577.771389526055, "breakwater_initial_credit": 332.16303479002073, "breakwater_slo": 3701.7498640989024}}, {"target": 0.5495686066118471, "params": {"breakwater_a": 2.8127681045717123, "breakwater_b": 0.05788161561334557, "breakwater_client_expiration": 8009.573457198152, "breakwater_initial_credit": 672.3584247638074, "breakwater_slo": 630.5598334594048}}, {"target": -0.0008511773797637488, "params": {"breakwater_a": 9.18015577206804, "breakwater_b": 0.05057891165651971, "breakwater_client_expiration": 3258.794733485236, "breakwater_initial_credit": 622.7731073718465, "breakwater_slo": 1728.7016992907743}}, {"target": 0.47046844047690894, "params": {"breakwater_a": 4.679108127040836, "breakwater_b": 0.021926984445206788, "breakwater_client_expiration": 4728.102518512835, "breakwater_initial_credit": 830.9339631226766, "breakwater_slo": 932.6452565448242}}, {"target": 0.3680649603274312, "params": {"breakwater_a": 19.86949792252403, "breakwater_b": 0.009372458663043471, "breakwater_client_expiration": 4393.021713911449, "breakwater_initial_credit": 962.8810254956985, "breakwater_slo": 797.7666737873978}}, {"target": 0.5320596051532284, "params": {"breakwater_a": 8.956670250411134, "breakwater_b": 0.0, "breakwater_client_expiration": 8597.588274393605, "breakwater_initial_credit": 690.1751868944397, "breakwater_slo": 576.2702067554216}}, {"target": 0.4825429746938964, "params": {"breakwater_a": 19.702649784444958, "breakwater_b": 0.05421135433676717, "breakwater_client_expiration": 8281.050120127422, "breakwater_initial_credit": 447.3553376704463, "breakwater_slo": 280.03601396844596}}, {"target": 0.5117324092675163, "params": {"breakwater_a": 20.0, "breakwater_b": 0.017116477783551326, "breakwater_client_expiration": 4962.419210704328, "breakwater_initial_credit": 1000.0, "breakwater_slo": 643.0727522331545}}, {"target": -999999999.0, "params": {"breakwater_a": 8.344942630003585, "breakwater_b": 0.02589883730093544, "breakwater_client_expiration": 465.0833397758788, "breakwater_initial_credit": 948.7063858045282, "breakwater_slo": 100.30616802024473}}, {"target": 0.15109327130467226, "params": {"breakwater_a": 13.150678574600924, "breakwater_b": 0.00016967355077695794, "breakwater_client_expiration": 9316.813178291673, "breakwater_initial_credit": 714.3248372913757, "breakwater_slo": 1108.4049613943337}}, {"target": -999999999.0, "params": {"breakwater_a": 4.3663238491644085, "breakwater_b": 0.0844939370450662, "breakwater_client_expiration": 7788.121161206369, "breakwater_initial_credit": 415.67748934423736, "breakwater_slo": 184.54033094324586}}, {"target": 0.45920363464798464, "params": {"breakwater_a": 15.238594774227213, "breakwater_b": 0.09818242549251527, "breakwater_client_expiration": 8265.83425712418, "breakwater_initial_credit": 781.188916028892, "breakwater_slo": 948.8904153043064}}, {"target": -999999999.0, "params": {"breakwater_a": 20.0, "breakwater_b": 0.09387839673203445, "breakwater_client_expiration": 8683.276568996625, "breakwater_initial_credit": 565.904773442827, "breakwater_slo": 114.75140445021643}}, {"target": 0.5644384102300676, "params": {"breakwater_a": 17.881607491559823, "breakwater_b": 0.0024601628404576584, "breakwater_client_expiration": 8322.378833068346, "breakwater_initial_credit": 926.8191013486726, "breakwater_slo": 590.0734130452081}}, {"target": 0.33581589745572776, "params": {"breakwater_a": 12.638080873914967, "breakwater_b": 0.0691371399104941, "breakwater_client_expiration": 8246.804235026453, "breakwater_initial_credit": 428.2826419603216, "breakwater_slo": 825.572075423671}}, {"target": 0.2858543364714405, "params": {"breakwater_a": 10.356336747979208, "breakwater_b": 0.0, "breakwater_client_expiration": 8945.224368525176, "breakwater_initial_credit": 785.2009981284023, "breakwater_slo": 826.2094939346349}}, {"target": 0.5049303124933775, "params": {"breakwater_a": 10.505170915047247, "breakwater_b": 0.07809979527647817, "breakwater_client_expiration": 9421.879069016428, "breakwater_initial_credit": 744.0374873174235, "breakwater_slo": 700.7113449736099}}, {"target": -0.15980615082476915, "params": {"breakwater_a": 11.098750613999302, "breakwater_b": 0.03466323581800993, "breakwater_client_expiration": 7565.90586074291, "breakwater_initial_credit": 323.5710031096026, "breakwater_slo": 3717.847403157421}}, {"target": 0.1795742456927968, "params": {"breakwater_a": 7.48285084908467, "breakwater_b": 0.09912086126669038, "breakwater_client_expiration": 9004.095740138639, "breakwater_initial_credit": 499.8192303269376, "breakwater_slo": 1462.6200206803126}}, {"target": 0.490714440534, "params": {"breakwater_a": 0.42695015834455896, "breakwater_b": 0.06036027757849693, "breakwater_client_expiration": 8671.784632559122, "breakwater_initial_credit": 518.7251330258086, "breakwater_slo": 1091.0601342204516}}, {"target": 0.21562078747477362, "params": {"breakwater_a": 13.103647609810485, "breakwater_b": 0.09470500931145338, "breakwater_client_expiration": 9512.667357435765, "breakwater_initial_credit": 247.1432293839396, "breakwater_slo": 1201.7503278314928}}, {"target": 0.2510052909303983, "params": {"breakwater_a": 7.360070037435409, "breakwater_b": 0.03895404480678664, "breakwater_client_expiration": 1308.543359220506, "breakwater_initial_credit": 322.7248237447545, "breakwater_slo": 1522.9084776937573}}, {"target": 0.16979927726387556, "params": {"breakwater_a": 5.19521592898506, "breakwater_b": 0.011853823271803666, "breakwater_client_expiration": 9836.942052484388, "breakwater_initial_credit": 654.849720319941, "breakwater_slo": 1397.0185418044102}}, {"target": 0.32298519271816656, "params": {"breakwater_a": 12.91631609801005, "breakwater_b": 0.03958012637425275, "breakwater_client_expiration": 9080.554506733402, "breakwater_initial_credit": 262.4433415033013, "breakwater_slo": 937.9068187571529}}, {"target": 0.42677013495590127, "params": {"breakwater_a": 8.045707623740874, "breakwater_b": 0.07710348742164372, "breakwater_client_expiration": 9625.78917933993, "breakwater_initial_credit": 255.58209790674894, "breakwater_slo": 567.1902359620015}}, {"target": 0.5086234401475411, "params": {"breakwater_a": 14.347157768586428, "breakwater_b": 0.062111743415817745, "breakwater_client_expiration": 4616.542274718766, "breakwater_initial_credit": 788.353790393773, "breakwater_slo": 569.7066243774459}}, {"target": -0.09399534019698387, "params": {"breakwater_a": 19.590309885344848, "breakwater_b": 0.05171465156101323, "breakwater_client_expiration": 3938.0197343496507, "breakwater_initial_credit": 129.15019702357583, "breakwater_slo": 2364.7408065144864}}, {"target": 0.6418807747328067, "params": {"breakwater_a": 0.0, "breakwater_b": 0.1, "breakwater_client_expiration": 3579.707766005386, "breakwater_initial_credit": 576.571941465387, "breakwater_slo": 2225.867360910012}}, {"target": -0.05596129088647924, "params": {"breakwater_a": 4.231525544204282, "breakwater_b": 0.08295385423000985, "breakwater_client_expiration": 4192.259715269305, "breakwater_initial_credit": 645.5869388721401, "breakwater_slo": 2432.1363892795466}}, {"target": 0.6577720255965674, "params": {"breakwater_a": 0.0, "breakwater_b": 0.06223519107051735, "breakwater_client_expiration": 4367.002590034615, "breakwater_initial_credit": 204.90015155281787, "breakwater_slo": 2738.6642475598965}}, {"target": -0.06002836271220485, "params": {"breakwater_a": 0.4857537294642046, "breakwater_b": 0.0, "breakwater_client_expiration": 4479.9402428086005, "breakwater_initial_credit": 232.56673966272618, "breakwater_slo": 2186.564857163508}}, {"target": -0.006576637655854392, "params": {"breakwater_a": 20.0, "breakwater_b": 0.0, "breakwater_client_expiration": 4014.9220038928365, "breakwater_initial_credit": 459.2470589839276, "breakwater_slo": 1886.799479992295}}, {"target": 0.6351546600642685, "params": {"breakwater_a": 0.0, "breakwater_b": 0.1, "breakwater_client_expiration": 3565.321946322545, "breakwater_initial_credit": 111.19683892933003, "breakwater_slo": 1887.7409877309162}}, {"target": -0.2914914723517898, "params": {"breakwater_a": 8.028184405908165, "breakwater_b": 0.0713338998744372, "breakwater_client_expiration": 2925.6296456578093, "breakwater_initial_credit": 681.6009175261058, "breakwater_slo": 3634.1010987307327}}, {"target": -0.0044362658168585764, "params": {"breakwater_a": 8.582487976605462, "breakwater_b": 0.01221891931509408, "breakwater_client_expiration": 3149.6058492842512, "breakwater_initial_credit": 227.97999715781748, "breakwater_slo": 2268.9053526023927}}, {"target": -0.2683094298551875, "params": {"breakwater_a": 2.6974749621361216, "breakwater_b": 0.038065689480883125, "breakwater_client_expiration": 3486.6154141812817, "breakwater_initial_credit": 394.2024787119367, "breakwater_slo": 2720.2547802695135}}, {"target": -0.1564961744533197, "params": {"breakwater_a": 6.943213600584441, "breakwater_b": 0.0850477950276467, "breakwater_client_expiration": 4583.049445542321, "breakwater_initial_credit": 768.3003353467196, "breakwater_slo": 2055.0653385584283}}, {"target": 0.028253616463150274, "params": {"breakwater_a": 11.354015329543719, "breakwater_b": 0.03776385412705701, "breakwater_client_expiration": 7583.657378019523, "breakwater_initial_credit": 480.5606380149685, "breakwater_slo": 2291.7279761284703}}, {"target": -0.003985678351721003, "params": {"breakwater_a": 11.666843280533953, "breakwater_b": 0.05628372522683261, "breakwater_client_expiration": 7035.370986846976, "breakwater_initial_credit": 322.9404190893835, "breakwater_slo": 2152.045466869986}}, {"target": -0.19862276793129002, "params": {"breakwater_a": 10.372393004895528, "breakwater_b": 0.0, "breakwater_client_expiration": 6630.559667511987, "breakwater_initial_credit": 533.0747254964962, "breakwater_slo": 2550.250612370283}}, {"target": -0.08504076649367394, "params": {"breakwater_a": 13.944455284667985, "breakwater_b": 0.0334833335877759, "breakwater_client_expiration": 7215.979430270154, "breakwater_initial_credit": 544.3375975072876, "breakwater_slo": 2683.5870993808385}}, {"target": -0.0044697986458776765, "params": {"breakwater_a": 14.38327507792075, "breakwater_b": 0.07306124680433711, "breakwater_client_expiration": 7078.876167442841, "breakwater_initial_credit": 866.4296159555487, "breakwater_slo": 2119.619573975481}}, {"target": -0.24077924043757015, "params": {"breakwater_a": 19.93579878503227, "breakwater_b": 0.04494832963031267, "breakwater_client_expiration": 148.52253237470973, "breakwater_initial_credit": 407.3007404462471, "breakwater_slo": 3263.652942601486}}, {"target": 0.09463716425989978, "params": {"breakwater_a": 3.7475581818613257, "breakwater_b": 0.047886008871571385, "breakwater_client_expiration": 6032.0928925887965, "breakwater_initial_credit": 538.5188567867579, "breakwater_slo": 1757.7983485352931}}, {"target": 0.09285933238983052, "params": {"breakwater_a": 20.0, "breakwater_b": 0.04664483422215869, "breakwater_client_expiration": 6539.671031886368, "breakwater_initial_credit": 690.2295610167034, "breakwater_slo": 1986.5715877965304}}]