[{"target": 0.19555581503250383, "params": {"dagor_admission_level_update_interval": 15488.135039273247, "dagor_alpha": 1.0727840495586292, "dagor_beta": 0.30138168803582194, "dagor_queuing_threshold": 181732.47744953452, "dagor_umax": 9.625786388100284}}, {"target": 0.2250849783445407, "params": {"dagor_admission_level_update_interval": 16458.94113066656, "dagor_alpha": 0.6563808168940388, "dagor_beta": 0.4458865003910399, "dagor_queuing_threshold": 244549.4140751544, "dagor_umax": 8.901947338863998}}, {"target": 0.3287699448357754, "params": {"dagor_admission_level_update_interval": 17917.250380826645, "dagor_alpha": 0.7933423796293567, "dagor_beta": 0.28402228054696615, "dagor_queuing_threshold": 238839.49574389914, "dagor_umax": 3.2786490475619647}}, {"target": 0.12474887571646325, "params": {"dagor_admission_level_update_interval": 10871.292997015407, "dagor_alpha": 0.03032759616048858, "dagor_beta": 0.416309922773969, "dagor_queuing_threshold": 216723.51264247758, "dagor_umax": 17.660218668442745}}, {"target": 0.11313164990085096, "params": {"dagor_admission_level_update_interval": 19786.18342232764, "dagor_alpha": 1.1987378463250855, "dagor_beta": 0.23073968112646592, "dagor_queuing_threshold": 217079.37644296832, "dagor_umax": 4.128939665640798}}, {"target": 0.20917704653829725, "params": {"dagor_admission_level_update_interval": 16399.210213275237, "dagor_alpha": 0.2150299311135696, "dagor_beta": 0.47233445852479194, "dagor_queuing_threshold": 178277.24826251075, "dagor_umax": 9.463914919829424}}, {"target": 0.1803263948311479, "params": {"dagor_admission_level_update_interval": 12645.55612104627, "dagor_alpha": 1.161350534151325, "dagor_beta": 0.22807516610827427, "dagor_queuing_threshold": 185265.09233029728, "dagor_umax": 2.3382164078543926}}, {"target": -0.1911921709608194, "params": {"dagor_admission_level_update_interval": 16176.35497075877, "dagor_alpha": 0.9181435840836321, "dagor_beta": 0.30846699843737846, "dagor_queuing_threshold": 241562.21177719362, "dagor_umax": 14.272765383862701}}, {"target": 0.11079380144734308, "params": {"dagor_admission_level_update_interval": 13595.07900573786, "dagor_alpha": 0.6555479306990122, "dagor_beta": 0.34881559796363243, "dagor_queuing_threshold": 109033.82074439048, "dagor_umax": 14.001800878022019}}, {"target": 0.23909259438655836, "params": {"dagor_admission_level_update_interval": 16706.378696181593, "dagor_alpha": 0.31557384161076135, "dagor_beta": 0.06446314882742665, "dagor_queuing_threshold": 147314.25263862757, "dagor_umax": 8.546793876967207}}, {"target": 0.12122054352819286, "params": {"dagor_admission_level_update_interval": 14328.763734464625, "dagor_alpha": 0.6672345857183983, "dagor_beta": 0.004618306272797856, "dagor_queuing_threshold": 214855.78220594762, "dagor_umax": 15.733999295609948}}, {"target": 0.07464309657999954, "params": {"dagor_admission_level_update_interval": 16753.096349788048, "dagor_alpha": 0.3350571396021627, "dagor_beta": 0.3721795177638936, "dagor_queuing_threshold": 173339.35563755556, "dagor_umax": 8.985051059430411}}, {"target": 0.5207322824873706, "params": {"dagor_admission_level_update_interval": 10417.681695197703, "dagor_alpha": 0.027128005220646012, "dagor_beta": 0.052927692877696164, "dagor_queuing_threshold": 103328.98279297948, "dagor_umax": 3.3944284645100096}}, {"target": 0.520416074269883, "params": {"dagor_admission_level_update_interval": 17397.8382532407, "dagor_alpha": 0.23556243601172044, "dagor_beta": 0.45592955952643255, "dagor_queuing_threshold": 215453.20970734148, "dagor_umax": 3.5188579519253365}}, {"target": 0.1580094721624395, "params": {"dagor_admission_level_update_interval": 16319.258922946774, "dagor_alpha": 0.5380807054470403, "dagor_beta": 0.15163516970456198, "dagor_queuing_threshold": 216884.70188328272, "dagor_umax": 12.352591301012218}}, {"target": 0.19961843175161778, "params": {"dagor_admission_level_update_interval": 18738.17176485163, "dagor_alpha": 0.5417578787145434, "dagor_beta": 0.1623540689436424, "dagor_queuing_threshold": 192223.01135995594, "dagor_umax": 9.55538535383365}}, {"target": 0.3488622666216407, "params": {"dagor_admission_level_update_interval": 16766.44401481643, "dagor_alpha": 1.3396975477840285, "dagor_beta": 0.49881681875865197, "dagor_queuing_threshold": 188489.84193187303, "dagor_umax": 5.746776258854932}}, {"target": 0.21683133088536233, "params": {"dagor_admission_level_update_interval": 14205.04896433889, "dagor_alpha": 1.2401256062554267, "dagor_beta": 0.4152843304837744, "dagor_queuing_threshold": 241150.6721151955, "dagor_umax": 2.8089670390492056}}, {"target": 0.13811833791318803, "params": {"dagor_admission_level_update_interval": 10055.644148003417, "dagor_alpha": 1.0740533800300214, "dagor_beta": 0.2376287232445743, "dagor_queuing_threshold": 186076.9890990749, "dagor_umax": 13.347066452482913}}, {"target": 0.11384258295942168, "params": {"dagor_admission_level_update_interval": 16059.037153965393, "dagor_alpha": 1.3505219767659609, "dagor_beta": 0.09814535093023075, "dagor_queuing_threshold": 176314.70520139, "dagor_umax": 18.373491406078916}}, {"target": -0.07600005577978075, "params": {"dagor_admission_level_update_interval": 14079.226172478795, "dagor_alpha": 0.9349926751190887, "dagor_beta": 0.37876733681311586, "dagor_queuing_threshold": 149724.179397901, "dagor_umax": 18.623460911225703}}, {"target": 0.15230845493798928, "params": {"dagor_admission_level_update_interval": 10406.291702618057, "dagor_alpha": 1.3377153971269076, "dagor_beta": 0.3297492653506757, "dagor_queuing_threshold": 103332.73582363005, "dagor_umax": 13.230790439485787}}, {"target": 0.22548680530073617, "params": {"dagor_admission_level_update_interval": 15401.464160071751, "dagor_alpha": 1.2933190981863028, "dagor_beta": 0.16084810979746328, "dagor_queuing_threshold": 180868.9778898026, "dagor_umax": 8.22446346709355}}, {"target": 0.11905113633244208, "params": {"dagor_admission_level_update_interval": 10904.838744645765, "dagor_alpha": 0.9049319063068297, "dagor_beta": 0.3647674010804599, "dagor_queuing_threshold": 242715.85377635405, "dagor_umax": 14.322239965202881}}, {"target": 0.24350374951413295, "params": {"dagor_admission_level_update_interval": 15299.896583814148, "dagor_alpha": 0.8992319792884984, "dagor_beta": 0.13598281458212624, "dagor_queuing_threshold": 180856.68802687427, "dagor_umax": 7.120070331031174}}, {"target": 0.14577054686678184, "params": {"dagor_admission_level_update_interval": 14168.741597333299, "dagor_alpha": 1.016390804156479, "dagor_beta": 0.27508734483134906, "dagor_queuing_threshold": 241158.66691596093, "dagor_umax": 13.826247492289745}}, {"target": 0.102460239920707, "params": {"dagor_admission_level_update_interval": 17905.173045751737, "dagor_alpha": 1.3721271352764373, "dagor_beta": 0.18141076487687052, "dagor_queuing_threshold": 238899.40745921634, "dagor_umax": 19.676447585291257}}, {"target": 0.07928914252391299, "params": {"dagor_admission_level_update_interval": 16446.365868205903, "dagor_alpha": 0.6581270242064932, "dagor_beta": 0.4558073160308574, "dagor_queuing_threshold": 244575.93884754702, "dagor_umax": 19.420722655163203}}, {"target": 0.09453738213596595, "params": {"dagor_admission_level_update_interval": 13753.153918770278, "dagor_alpha": 1.491533131491203, "dagor_beta": 0.0, "dagor_queuing_threshold": 246724.82240038406, "dagor_umax": 19.904442819835882}}, {"target": -0.2039437354800185, "params": {"dagor_admission_level_update_interval": 15373.750237793593, "dagor_alpha": 0.4375194961340811, "dagor_beta": 0.4096237124229284, "dagor_queuing_threshold": 180803.1377537198, "dagor_umax": 13.030822196302752}}, {"target": 0.12071137306636315, "params": {"dagor_admission_level_update_interval": 12183.161924582204, "dagor_alpha": 1.267409055675993, "dagor_beta": 0.38929535341373217, "dagor_queuing_threshold": 162263.88728892454, "dagor_umax": 2.390186142814981}}, {"target": 0.15631860145149595, "params": {"dagor_admission_level_update_interval": 10508.35118505036, "dagor_alpha": 0.9861669786758347, "dagor_beta": 0.18927453809626021, "dagor_queuing_threshold": 103287.34093946726, "dagor_umax": 6.010132413431011}}, {"target": 0.02859779248617525, "params": {"dagor_admission_level_update_interval": 10036.377545631587, "dagor_alpha": 0.712604975950645, "dagor_beta": 0.31387536089434126, "dagor_queuing_threshold": 126702.62435267706, "dagor_umax": 10.183319967934995}}]