[{"target": -1.1817621266574456, "params": {"latency_threshold": 1309.3638136374645, "price_step": 110.84542908190214, "price_update_rate": 1003.3168697030017, "token_update_rate": 9767.644606323352}}, {"target": -2.21538485847895, "params": {"latency_threshold": 525.5920833696277, "price_step": 22.927403267631693, "price_update_rate": 6401.546129952456, "token_update_rate": 11021.261084248385}}, {"target": -0.649679331268864, "params": {"latency_threshold": 1250.6256752689428, "price_step": 85.43434276046997, "price_update_rate": 13156.64091769555, "token_update_rate": 20871.365511506025}}, {"target": -0.2898463374157728, "params": {"latency_threshold": 692.9115242214006, "price_step": 132.93644109473234, "price_update_rate": 1794.240202739859, "token_update_rate": 20443.557795173663}}, {"target": -1.5361466528412602, "params": {"latency_threshold": 1310.1839268646681, "price_step": 88.21657598240523, "price_update_rate": 5071.221219261779, "token_update_rate": 6744.943183461485}}, {"target": -0.5715756241917618, "params": {"latency_threshold": 2422.1592491590563, "price_step": 145.55662060071566, "price_update_rate": 10089.301166618043, "token_update_rate": 21077.355854410107}}, {"target": -2.230110612723398, "params": {"latency_threshold": 2641.528541658511, "price_step": 135.24493289053862, "price_update_rate": 3466.2821297235596, "token_update_rate": 2132.5887137535883}}, {"target": -0.716305976532428, "params": {"latency_threshold": 592.5082167372498, "price_step": 132.93995048011783, "price_update_rate": 3852.058181158453, "token_update_rate": 13212.121125146512}}, {"target": -1.5524400480436562, "params": {"latency_threshold": 2877.8796374364556, "price_step": 84.6431398962224, "price_update_rate": 21064.436304563726, "token_update_rate": 10149.953299175826}}, {"target": -1.0949084928019368, "params": {"latency_threshold": 2090.8526902765925, "price_step": 126.84759406563221, "price_update_rate": 1530.3600429815624, "token_update_rate": 22754.18513340406}}, {"target": -1.693578413160667, "params": {"latency_threshold": 122.38758235395107, "price_step": 32.66053078977747, "price_update_rate": 21571.701990929952, "token_update_rate": 23177.368910756428}}, {"target": -0.5736846024470033, "params": {"latency_threshold": 1383.4162206208407, "price_step": 67.88589911076937, "price_update_rate": 16886.34342778445, "token_update_rate": 22581.84586568185}}, {"target": -1.6073722817038991, "params": {"latency_threshold": 1907.8184902079038, "price_step": 41.25143512419247, "price_update_rate": 28813.744763672286, "token_update_rate": 24335.865434130013}}, {"target": -0.19893426607070083, "params": {"latency_threshold": 161.49819359262364, "price_step": 123.10337354774097, "price_update_rate": 28980.810691992458, "token_update_rate": 21360.117790064272}}, {"target": -2.074153153832985, "params": {"latency_threshold": 1156.8156555455428, "price_step": 13.135735558698329, "price_update_rate": 5420.01603970573, "token_update_rate": 29174.12419256358}}, {"target": -2.3313581348376493, "params": {"latency_threshold": 2986.370603108737, "price_step": 55.52415082357958, "price_update_rate": 24689.113506693127, "token_update_rate": 2294.384759409517}}, {"target": -2.10708226353724, "params": {"latency_threshold": 2945.5707525378393, "price_step": 47.85842598735012, "price_update_rate": 24454.765524023274, "token_update_rate": 13950.220631736029}}, {"target": -1.069018183372471, "params": {"latency_threshold": 1042.1397080571346, "price_step": 99.00939826601116, "price_update_rate": 12614.648171466615, "token_update_rate": 22795.08919752353}}, {"target": -1.6482037702259136, "params": {"latency_threshold": 987.1425399442885, "price_step": 104.73146256182373, "price_update_rate": 16990.070119974433, "token_update_rate": 10159.872367774211}}, {"target": -1.547682771518287, "params": {"latency_threshold": 1251.8351393797961, "price_step": 37.18490549868701, "price_update_rate": 2532.8233319978367, "token_update_rate": 11003.608904305262}}, {"target": -1.3573174340659797, "params": {"latency_threshold": 1070.6430067822512, "price_step": 87.37533822170467, "price_update_rate": 29789.79642717291, "token_update_rate": 20115.195818362605}}, {"target": -1.3309180661214566, "params": {"latency_threshold": 1063.822729262769, "price_step": 77.87095091190793, "price_update_rate": 13087.962951961545, "token_update_rate": 24804.078095586887}}, {"target": -0.6424923349078263, "params": {"latency_threshold": 1958.611148094107, "price_step": 120.5668685111613, "price_update_rate": 11524.688378003453, "token_update_rate": 20981.14899412314}}, {"target": -0.46196779461167514, "params": {"latency_threshold": 2191.781089244772, "price_step": 90.09505038491503, "price_update_rate": 14937.00344321457, "token_update_rate": 21174.489380324216}}, {"target": -2.9892651944748954, "params": {"latency_threshold": 861.8886051807262, "price_step": 13.056739743614703, "price_update_rate": 5856.624284425935, "token_update_rate": 19607.211142222877}}, {"target": -1.563410510574842, "params": {"latency_threshold": 668.6357693134995, "price_step": 66.0516758467873, "price_update_rate": 15944.524364343655, "token_update_rate": 3032.4980454654365}}, {"target": -0.3591880767049318, "params": {"latency_threshold": 100.0, "price_step": 69.02170206392951, "price_update_rate": 12215.780102609931, "token_update_rate": 20299.993566742898}}, {"target": -1.2677403273662964, "params": {"latency_threshold": 487.7676354617892, "price_step": 81.09880520382784, "price_update_rate": 26783.996341098114, "token_update_rate": 17447.7586966637}}, {"target": -3.075867840502505, "params": {"latency_threshold": 3000.0, "price_step": 10.0, "price_update_rate": 1000.0, "token_update_rate": 1000.0}}, {"target": -1.7313891144900824, "params": {"latency_threshold": 100.0, "price_step": 10.000000000261467, "price_update_rate": 1482.504561356576, "token_update_rate": 12486.998834449052}}, {"target": -1.7726410741172207, "params": {"latency_threshold": 141.2600314951904, "price_step": 65.48189363353282, "price_update_rate": 6366.160287438266, "token_update_rate": 12232.018043671194}}, {"target": -1.1400246092962278, "params": {"latency_threshold": 107.74790016331846, "price_step": 107.10066552311065, "price_update_rate": 3423.5416061825536, "token_update_rate": 13213.172816931035}}, {"target": -1.287213517117403, "params": {"latency_threshold": 2134.933135406693, "price_step": 63.79301631556931, "price_update_rate": 8782.595170350265, "token_update_rate": 15186.317982538549}}]