[{"target": 0.4492156127145944, "params": {"breakwater_a": 0.834044009405148, "breakwater_b": 0.7203244934421581, "breakwater_client_expiration": 1.5717597119070883, "breakwater_initial_credit": 151.86395374328805, "breakwater_slo": 24402.676724513392, "breakwaterd_a": 0.923385947687978, "breakwaterd_b": 3.725204227553418, "breakwaterd_client_expiration": 20366.821811291433, "breakwaterd_initial_credit": 204.41606237302827, "breakwaterd_slo": 56940.83670016785}}, {"target": 0.5351012042703395, "params": {"breakwater_a": 0.8383890288065896, "breakwater_b": 0.6852195003967595, "breakwater_client_expiration": 1023.0567964078557, "breakwater_initial_credit": 439.18060075908176, "breakwater_slo": 20821.627795937784, "breakwaterd_a": 6.704675101784022, "breakwaterd_b": 8.34609604734254, "breakwaterd_client_expiration": 26760.694853372548, "breakwaterd_initial_credit": 78.78959991166455, "breakwaterd_slo": 39905.074454243935}}, {"target": -0.24435212988466457, "params": {"breakwater_a": 1.6014891373510733, "breakwater_b": 0.9682615757193975, "breakwater_client_expiration": 1567.807466618055, "breakwater_initial_credit": 346.4689852189877, "breakwater_slo": 46291.67456888115, "breakwaterd_a": 8.946066635038473, "breakwaterd_b": 1.7008842273955582, "breakwaterd_client_expiration": 11171.643496986471, "breakwaterd_initial_credit": 93.21690558663876, "breakwaterd_slo": 73907.12517147066}}, {"target": 0.25864111355847397, "params": {"breakwater_a": 0.1966936676661002, "breakwater_b": 0.42110762500505217, "breakwater_client_expiration": 4789.489761222359, "breakwater_initial_credit": 267.0494772015355, "breakwater_slo": 40756.3134185142, "breakwaterd_a": 3.1551563100606295, "breakwaterd_b": 13.730018553631673, "breakwaterd_client_expiration": 35038.770156921186, "breakwaterd_initial_credit": 18.961255898653985, "breakwaterd_slo": 67507.21574724838}}, {"target": 0.41583850970927705, "params": {"breakwater_a": 1.9777221778129894, "breakwater_b": 0.7481656543798394, "breakwater_client_expiration": 1402.9395163299614, "breakwater_initial_credit": 394.85038489729277, "breakwater_slo": 23096.78019732926, "breakwaterd_a": 4.478935261759052, "breakwaterd_b": 18.17191006186191, "breakwaterd_client_expiration": 18808.424451210383, "breakwaterd_initial_credit": 151.00991590731087, "breakwaterd_slo": 36501.42860591388}}, {"target": 0.4118577948443045, "params": {"breakwater_a": 0.03873391574059415, "breakwater_b": 0.678835532939891, "breakwater_client_expiration": 1058.9289518842952, "breakwater_initial_credit": 133.50778302674087, "breakwater_slo": 34747.19477841015, "breakwaterd_a": 0.5336254511708038, "breakwaterd_b": 11.482352109840262, "breakwaterd_client_expiration": 14401.857247174305, "breakwaterd_initial_credit": 298.75971308260927, "breakwaterd_slo": 64987.91800104656}}, {"target": 0.2442718381124878, "params": {"breakwater_a": 0.20466885765565168, "breakwater_b": 0.4140559878195683, "breakwater_client_expiration": 3472.3063884809976, "breakwater_initial_credit": 207.67545549392443, "breakwater_slo": 21498.603768382614, "breakwaterd_a": 5.358964059155116, "breakwaterd_b": 13.275892904395777, "breakwaterd_client_expiration": 25446.673361749257, "breakwaterd_initial_credit": 472.8514304354985, "breakwaterd_slo": 59327.752025099646}}, {"target": 0.31298508839563166, "params": {"breakwater_a": 1.806803830575767, "breakwater_b": 0.13747470414623753, "breakwater_client_expiration": 697.242459906542, "breakwater_initial_credit": 403.88825306605236, "breakwater_slo": 31930.305109566005, "breakwaterd_a": 1.6535419711693278, "breakwaterd_b": 18.550171607920678, "breakwaterd_client_expiration": 20432.975792365196, "breakwaterd_initial_credit": 377.8979305367162, "breakwaterd_slo": 66299.89926752257}}, {"target": -0.06224335305089055, "params": {"breakwater_a": 1.7666121824116197, "breakwater_b": 0.6236722070556089, "breakwater_client_expiration": 3754.9612277026586, "breakwater_initial_credit": 175.1002726469434, "breakwater_slo": 28097.83675295078, "breakwaterd_a": 8.958862181960669, "breakwaterd_b": 8.561823797425898, "breakwaterd_client_expiration": 38945.20141445157, "breakwaterd_initial_credit": 335.0863339310396, "breakwaterd_slo": 61084.78601045609}}, {"target": -0.005740534936971631, "params": {"breakwater_a": 0.22949194590675037, "breakwater_b": 0.9494892587070712, "breakwater_client_expiration": 2250.110755266223, "breakwater_initial_credit": 289.61641757917874, "breakwater_slo": 32244.104082838436, "breakwaterd_a": 2.3702698024302773, "breakwaterd_b": 18.067590411245074, "breakwaterd_client_expiration": 27210.384600168574, "breakwaterd_initial_credit": 11.406460245267896, "breakwaterd_slo": 60857.24568103619}}, {"target": 0.5768020877170118, "params": {"breakwater_a": 1.811565305450816, "breakwater_b": 0.20791174854080263, "breakwater_client_expiration": 3378.0622840042183, "breakwater_initial_credit": 413.57891696655463, "breakwater_slo": 27842.041673341882, "breakwaterd_a": 0.005046252765890102, "breakwaterd_b": 12.646400670757297, "breakwaterd_client_expiration": 36654.04885574446, "breakwaterd_initial_credit": 379.1900358368239, "breakwaterd_slo": 44277.106062723484}}, {"target": 0.4475922776723037, "params": {"breakwater_a": 1.908262905050984, "breakwater_b": 0.07709570886051176, "breakwater_client_expiration": 3339.7768060142957, "breakwater_initial_credit": 386.9239391726823, "breakwater_slo": 32974.09581912272, "breakwaterd_a": 1.6727191971745237, "breakwaterd_b": 2.497604519463845, "breakwaterd_client_expiration": 17881.831963033088, "breakwaterd_initial_credit": 26.033178992203954, "breakwaterd_slo": 60224.3170367519}}, {"target": 0.5336321572891433, "params": {"breakwater_a": 0.3941199385214633, "breakwater_b": 0.2747070218531593, "breakwater_client_expiration": 675.5988051469484, "breakwater_initial_credit": 34.45225788707298, "breakwater_slo": 24071.61467005851, "breakwaterd_a": 7.6129833565291785, "breakwaterd_b": 14.984809292427405, "breakwaterd_client_expiration": 20414.776556435754, "breakwaterd_initial_credit": 56.47897279730298, "breakwaterd_slo": 56992.55927275095}}, {"target": 0.2965559006333232, "params": {"breakwater_a": 1.642376499676837, "breakwater_b": 0.8753798133578404, "breakwater_client_expiration": 3559.6603164770336, "breakwater_initial_credit": 366.90014585329624, "breakwater_slo": 22802.522237821166, "breakwaterd_a": 4.074756884062921, "breakwaterd_b": 8.407541946986559, "breakwaterd_client_expiration": 18917.425635664826, "breakwaterd_initial_credit": 88.0478580614839, "breakwaterd_slo": 55685.012347936776}}, {"target": 0.21676686609660245, "params": {"breakwater_a": 1.5718462809826468, "breakwater_b": 0.3326764597363263, "breakwater_client_expiration": 1234.79912133956, "breakwater_initial_credit": 148.86789060829838, "breakwater_slo": 26782.986016264385, "breakwaterd_a": 4.29782918626005, "breakwaterd_b": 12.003743219564756, "breakwaterd_client_expiration": 35531.351167409564, "breakwaterd_initial_credit": 64.378239724282, "breakwaterd_slo": 45007.00503288475}}, {"target": -0.11973318692032763, "params": {"breakwater_a": 0.20604475392672805, "breakwater_b": 0.44926998066247636, "breakwater_client_expiration": 2936.922563068117, "breakwater_initial_credit": 233.4282471208935, "breakwater_slo": 29175.47374394339, "breakwaterd_a": 7.06923938300282, "breakwaterd_b": 2.650336858159723, "breakwaterd_client_expiration": 37230.078515116096, "breakwaterd_initial_credit": 357.2159301788418, "breakwaterd_slo": 76828.90980368319}}, {"target": 0.08616334552325784, "params": {"breakwater_a": 1.013643434380046, "breakwater_b": 0.25942567708425124, "breakwater_client_expiration": 4857.235156171241, "breakwater_initial_credit": 255.2559230344294, "breakwater_slo": 29376.92843176469, "breakwaterd_a": 5.131110863061058, "breakwaterd_b": 2.6723113783807806, "breakwaterd_client_expiration": 18617.550976151713, "breakwaterd_initial_credit": 52.32620604144705, "breakwaterd_slo": 71098.65914540812}}, {"target": 0.4590400267089157, "params": {"breakwater_a": 0.4698573949002698, "breakwater_b": 0.7459187470497881, "breakwater_client_expiration": 2322.224413905199, "breakwater_initial_credit": 135.74563089649072, "breakwater_slo": 34519.338201591985, "breakwaterd_a": 4.55759648257393, "breakwaterd_b": 8.471232665036245, "breakwaterd_client_expiration": 28542.33899138239, "breakwaterd_initial_credit": 149.97506350486628, "breakwaterd_slo": 66544.83146699227}}, {"target": -0.13158399263670892, "params": {"breakwater_a": 1.2487338099986365, "breakwater_b": 0.4968633209503589, "breakwater_client_expiration": 2288.4528850168576, "breakwater_initial_credit": 314.7668186913356, "breakwater_slo": 34843.623924641965, "breakwaterd_a": 2.771441301838075, "breakwaterd_b": 13.948605460394244, "breakwaterd_client_expiration": 28109.718623844223, "breakwaterd_initial_credit": 405.4189246999857, "breakwaterd_slo": 66347.90522725674}}, {"target": 0.1944843115371089, "params": {"breakwater_a": 1.9898115828814793, "breakwater_b": 0.7699586154095659, "breakwater_client_expiration": 3237.625128819958, "breakwater_initial_credit": 103.48454017019051, "breakwater_slo": 41860.00290574999, "breakwaterd_a": 1.7570047170645253, "breakwaterd_b": 2.0490243842634337, "breakwaterd_client_expiration": 30195.562942380428, "breakwaterd_initial_credit": 329.69645476372193, "breakwaterd_slo": 49626.64942440762}}, {"target": 0.404758251368597, "params": {"breakwater_a": 1.4252333580869394, "breakwater_b": 0.41374704646398197, "breakwater_client_expiration": 1063.718949915083, "breakwater_initial_credit": 303.4294475080195, "breakwater_slo": 21509.545614423594, "breakwaterd_a": 5.85431473212733, "breakwaterd_b": 18.677123421518694, "breakwaterd_client_expiration": 38156.26311677905, "breakwaterd_initial_credit": 303.46684321862, "breakwaterd_slo": 42312.47917933022}}, {"target": 0.5778782607680454, "params": {"breakwater_a": 1.3368965615985322, "breakwater_b": 0.8062718949680542, "breakwater_client_expiration": 68.7951322001455, "breakwater_initial_credit": 122.37488737372637, "breakwater_slo": 20717.28353975912, "breakwaterd_a": 8.083695719053086, "breakwaterd_b": 12.614998345976376, "breakwaterd_client_expiration": 29647.338947101645, "breakwaterd_initial_credit": 28.031902996329578, "breakwaterd_slo": 72923.52781243323}}, {"target": 0.3764631722964937, "params": {"breakwater_a": 0.24063841152538856, "breakwater_b": 0.6659739353777645, "breakwater_client_expiration": 2233.7490055946173, "breakwater_initial_credit": 141.24236122137899, "breakwater_slo": 20046.44923272747, "breakwaterd_a": 6.941271744659533, "breakwaterd_b": 0.7798611669244071, "breakwaterd_client_expiration": 13438.358755565889, "breakwaterd_initial_credit": 36.69056986510759, "breakwaterd_slo": 73101.41043740604}}, {"target": 0.2533309183114284, "params": {"breakwater_a": 0.03267810707583152, "breakwater_b": 0.4856155279758889, "breakwater_client_expiration": 214.22957364566474, "breakwater_initial_credit": 317.959028446573, "breakwater_slo": 46739.44126765948, "breakwaterd_a": 3.9756827584393406, "breakwaterd_b": 6.506243813874921, "breakwaterd_client_expiration": 35414.84540150889, "breakwaterd_initial_credit": 268.3051412040079, "breakwaterd_slo": 67535.48579666365}}, {"target": 0.208547772597782, "params": {"breakwater_a": 0.09240198886894291, "breakwater_b": 0.6597890786927361, "breakwater_client_expiration": 4100.223782988882, "breakwater_initial_credit": 291.5250278595393, "breakwater_slo": 41694.84015796476, "breakwaterd_a": 9.686119262313062, "breakwaterd_b": 1.7997039108697832, "breakwaterd_client_expiration": 33602.25536996614, "breakwaterd_initial_credit": 130.87864831179076, "breakwaterd_slo": 47619.81691374861}}, {"target": 0.435941479038536, "params": {"breakwater_a": 1.9968024653555758, "breakwater_b": 0.25375824984455586, "breakwater_client_expiration": 2303.382550362659, "breakwater_initial_credit": 47.14611067023442, "breakwater_slo": 43383.43949911069, "breakwaterd_a": 0.5235326270166674, "breakwaterd_b": 12.034903515410665, "breakwaterd_client_expiration": 31934.786955605734, "breakwaterd_initial_credit": 401.1632313858392, "breakwaterd_slo": 68803.72438821528}}, {"target": 0.23311409137143035, "params": {"breakwater_a": 0.021836716024121072, "breakwater_b": 0.39248276099018153, "breakwater_client_expiration": 4086.6615704407363, "breakwater_initial_credit": 495.399977704792, "breakwater_slo": 34910.598411024745, "breakwaterd_a": 6.411507472102879, "breakwaterd_b": 4.980662698750105, "breakwaterd_client_expiration": 39501.81071039998, "breakwaterd_initial_credit": 436.3019261470387, "breakwaterd_slo": 61601.864700675214}}, {"target": 0.2818725728708139, "params": {"breakwater_a": 0.5415241031119749, "breakwater_b": 0.8318229609727962, "breakwater_client_expiration": 208.2860829068971, "breakwater_initial_credit": 227.42487974208342, "breakwater_slo": 42728.63311090083, "breakwaterd_a": 6.5186497251488875, "breakwaterd_b": 12.988439872666863, "breakwaterd_client_expiration": 32005.769799210368, "breakwaterd_initial_credit": 267.20423531863946, "breakwaterd_slo": 37625.25723757288}}, {"target": 0.12174956430617265, "params": {"breakwater_a": 1.3229991276027113, "breakwater_b": 0.9022246544450455, "breakwater_client_expiration": 515.155808866276, "breakwater_initial_credit": 121.20080936836969, "breakwater_slo": 43711.77584188256, "breakwaterd_a": 4.903601372362255, "breakwaterd_b": 14.703287758019506, "breakwaterd_client_expiration": 31503.470455682906, "breakwaterd_initial_credit": 133.13853266793188, "breakwaterd_slo": 53528.634226515846}}, {"target": 0.22229403838557765, "params": {"breakwater_a": 0.011424122399285919, "breakwater_b": 0.6566284023581853, "breakwater_client_expiration": 3778.983777930902, "breakwater_initial_credit": 347.5217269396286, "breakwater_slo": 36803.16573909203, "breakwaterd_a": 6.9230316664449365, "breakwaterd_b": 4.303568924092365, "breakwaterd_client_expiration": 38315.44577699424, "breakwaterd_initial_credit": 250.82187361265488, "breakwaterd_slo": 53493.548644831855}}, {"target": 0.15079602266409106, "params": {"breakwater_a": 1.277835976731429, "breakwater_b": 0.3614851392726204, "breakwater_client_expiration": 1501.418619289598, "breakwater_initial_credit": 440.08373525895166, "breakwater_slo": 20923.27865819439, "breakwaterd_a": 8.755146916495246, "breakwaterd_b": 12.467769821002575, "breakwaterd_client_expiration": 19075.21657834171, "breakwaterd_initial_credit": 140.9385626728377, "breakwaterd_slo": 34987.615575877}}, {"target": 0.4926763571500247, "params": {"breakwater_a": 1.2117006391223026, "breakwater_b": 0.9765535591420941, "breakwater_client_expiration": 397.8686013059732, "breakwater_initial_credit": 96.62832860288894, "breakwater_slo": 38756.61381261276, "breakwaterd_a": 0.4954353267277112, "breakwaterd_b": 7.321998874671436, "breakwaterd_client_expiration": 16548.946190650266, "breakwaterd_initial_credit": 317.6594412828446, "breakwaterd_slo": 37351.1482891207}}, {"target": 0.3510872370762764, "params": {"breakwater_a": 0.22536433933406141, "breakwater_b": 0.07604153651650436, "breakwater_client_expiration": 3231.876925733725, "breakwater_initial_credit": 371.71534569213736, "breakwater_slo": 28460.33258703084, "breakwaterd_a": 6.7163775598467055, "breakwaterd_b": 5.010138311630397, "breakwaterd_client_expiration": 22048.061203873414, "breakwaterd_initial_credit": 151.35145169822815, "breakwaterd_slo": 56076.46397856469}}, {"target": 0.32235136508027334, "params": {"breakwater_a": 0.17908333220788708, "breakwater_b": 0.5312876914821816, "breakwater_client_expiration": 2826.7392573024454, "breakwater_initial_credit": 368.855030932972, "breakwater_slo": 36654.104518627515, "breakwaterd_a": 4.371791981511649, "breakwaterd_b": 14.118445836709936, "breakwaterd_client_expiration": 38485.1846866214, "breakwaterd_initial_credit": 354.0355417089807, "breakwaterd_slo": 43889.28509727119}}, {"target": 0.19882200528902938, "params": {"breakwater_a": 0.6655794459452655, "breakwater_b": 0.5928404616705858, "breakwater_client_expiration": 2563.2368636630904, "breakwater_initial_credit": 222.7697909652734, "breakwater_slo": 35265.194025637065, "breakwaterd_a": 6.868612644292291, "breakwaterd_b": 12.367605369549995, "breakwaterd_client_expiration": 37936.38405484504, "breakwaterd_initial_credit": 228.48027494770056, "breakwaterd_slo": 37181.66406945528}}, {"target": 0.37951501273794364, "params": {"breakwater_a": 0.6045309317306458, "breakwater_b": 0.7414913070251339, "breakwater_client_expiration": 1332.0366782929113, "breakwater_initial_credit": 240.84547900933083, "breakwater_slo": 28979.594353222226, "breakwaterd_a": 4.427184383619592, "breakwaterd_b": 10.723459762175793, "breakwaterd_client_expiration": 26952.20444854677, "breakwaterd_initial_credit": 75.2571123996333, "breakwaterd_slo": 75000.70889953087}}, {"target": 0.40470437564262146, "params": {"breakwater_a": 1.008279500252883, "breakwater_b": 0.07006784089314577, "breakwater_client_expiration": 3048.5468992649053, "breakwater_initial_credit": 396.13371937314366, "breakwater_slo": 34860.4911582547, "breakwaterd_a": 9.845720948899299, "breakwaterd_b": 7.336451571706226, "breakwaterd_client_expiration": 11339.826717848879, "breakwaterd_initial_credit": 107.2162884247277, "breakwaterd_slo": 51515.29912156443}}, {"target": 0.1810467119311515, "params": {"breakwater_a": 1.7480755361815146, "breakwater_b": 0.7633259369149402, "breakwater_client_expiration": 4378.184091518921, "breakwater_initial_credit": 124.3141529067533, "breakwater_slo": 35216.38178933025, "breakwaterd_a": 8.99466886175257, "breakwaterd_b": 5.324034750385911, "breakwaterd_client_expiration": 10382.405976337082, "breakwaterd_initial_credit": 327.85899634325654, "breakwaterd_slo": 35257.56088775467}}, {"target": 0.08188723658470629, "params": {"breakwater_a": 1.8560885141746615, "breakwater_b": 0.7188683848045471, "breakwater_client_expiration": 2516.7762137720038, "breakwater_initial_credit": 146.4184169326467, "breakwater_slo": 33437.24183305773, "breakwaterd_a": 2.742407088983491, "breakwaterd_b": 10.9799757526641, "breakwaterd_client_expiration": 28960.313357254887, "breakwaterd_initial_credit": 398.59478191819875, "breakwaterd_slo": 55856.8603410137}}, {"target": 0.11732303349482492, "params": {"breakwater_a": 1.7468378352068517, "breakwater_b": 0.049522325872191963, "breakwater_client_expiration": 2659.828256965494, "breakwater_initial_credit": 171.55039990524136, "breakwater_slo": 37764.23424595014, "breakwaterd_a": 0.9257703747648038, "breakwaterd_b": 2.8457284608472655, "breakwaterd_client_expiration": 32226.603485016105, "breakwaterd_initial_credit": 223.93783991316468, "breakwaterd_slo": 79529.83584825635}}, {"target": 0.5377433114632127, "params": {"breakwater_a": 0.6049849808480336, "breakwater_b": 0.015614577491411707, "breakwater_client_expiration": 1564.0128918168466, "breakwater_initial_credit": 199.72529310967678, "breakwater_slo": 43825.73874970778, "breakwaterd_a": 0.051014370843726065, "breakwaterd_b": 3.502400741956171, "breakwaterd_client_expiration": 28122.298438287544, "breakwaterd_initial_credit": 264.72420129333767, "breakwaterd_slo": 32844.60240004672}}, {"target": 0.37903959592060227, "params": {"breakwater_a": 1.094895319310453, "breakwater_b": 0.23977143621511687, "breakwater_client_expiration": 4821.6350530392965, "breakwater_initial_credit": 213.8481126633516, "breakwater_slo": 45241.9977667617, "breakwaterd_a": 4.801816075763718, "breakwaterd_b": 15.946173212590203, "breakwaterd_client_expiration": 17023.508612867958, "breakwaterd_initial_credit": 345.3197037640494, "breakwaterd_slo": 31944.82864403534}}, {"target": 0.24060100185109917, "params": {"breakwater_a": 1.4740952560238048, "breakwater_b": 0.995097043820958, "breakwater_client_expiration": 4488.06613229506, "breakwater_initial_credit": 240.39859612143712, "breakwater_slo": 29768.746607023757, "breakwaterd_a": 5.166706208051188, "breakwaterd_b": 19.347960944703914, "breakwaterd_client_expiration": 23755.07655911864, "breakwaterd_initial_credit": 325.14038258432424, "breakwaterd_slo": 36637.38304503195}}, {"target": 0.07157199337951, "params": {"breakwater_a": 0.130029068226011, "breakwater_b": 0.6796659548674696, "breakwater_client_expiration": 4214.057774182728, "breakwater_initial_credit": 97.2622099582677, "breakwater_slo": 22613.625522664028, "breakwaterd_a": 8.674575029346059, "breakwaterd_b": 0.25207958560133026, "breakwaterd_client_expiration": 36874.055603906156, "breakwaterd_initial_credit": 172.70729446979752, "breakwaterd_slo": 58594.02544804431}}, {"target": 0.39184016486727175, "params": {"breakwater_a": 1.6283029088687724, "breakwater_b": 0.4691555760974021, "breakwater_client_expiration": 969.0497861474769, "breakwater_initial_credit": 207.03558917016215, "breakwater_slo": 45876.40688085115, "breakwaterd_a": 5.405164856325408, "breakwaterd_b": 14.812969032329066, "breakwaterd_client_expiration": 35843.95178441335, "breakwaterd_initial_credit": 263.04342764401736, "breakwaterd_slo": 47858.95631422286}}, {"target": -999999999.0, "params": {"breakwater_a": 1.470793700844558, "breakwater_b": 0.6376122325375146, "breakwater_client_expiration": 2682.961970572361, "breakwater_initial_credit": 482.33351208660986, "breakwater_slo": 43973.16702012603, "breakwaterd_a": 4.548255479052452, "breakwaterd_b": 8.438620989868454, "breakwaterd_client_expiration": 24218.159430871157, "breakwaterd_initial_credit": 16.411912627536942, "breakwaterd_slo": 37226.19626974129}}, {"target": 0.29757831548391334, "params": {"breakwater_a": 1.8501589977646788, "breakwater_b": 0.6544405084093817, "breakwater_client_expiration": 2828.995434938087, "breakwater_initial_credit": 457.78276205040004, "breakwater_slo": 24677.210490218444, "breakwaterd_a": 5.137875507890519, "breakwaterd_b": 3.1985660685206008, "breakwaterd_client_expiration": 31491.119880074133, "breakwaterd_initial_credit": 109.26658040631307, "breakwaterd_slo": 58777.09204413356}}, {"target": 0.36135335269066216, "params": {"breakwater_a