[{"target": 0.8953266919088398, "params": {"breakwater_a": 8.34044009405148, "breakwater_b": 0.7203244934421581, "breakwater_client_expiration": 0.5718740867244332, "breakwater_initial_credit": 605.3628126910477, "breakwater_slo": 3020.4422272605498}}, {"target": 1.3388184259257485, "params": {"breakwater_a": 1.846771895375956, "breakwater_b": 0.1862602113776709, "breakwater_client_expiration": 1727.8036352152387, "breakwater_initial_credit": 794.1381809871092, "breakwater_slo": 10822.453006666803}}, {"target": 1.006746654695681, "params": {"breakwater_a": 8.383890288065896, "breakwater_b": 0.6852195003967595, "breakwater_client_expiration": 1022.2612486575872, "breakwater_initial_credit": 1756.3567553454998, "breakwater_slo": 645.0131046387306}}, {"target": 1.2946300862223612, "params": {"breakwater_a": 13.409350203568044, "breakwater_b": 0.41730480236712697, "breakwater_client_expiration": 2793.4491422287583, "breakwater_initial_credit": 281.6334902518723, "breakwater_slo": 4042.219632789088}}, {"target": 1.3631813679508293, "params": {"breakwater_a": 16.014891373510732, "breakwater_b": 0.9682615757193975, "breakwater_client_expiration": 1567.120890796214, "breakwater_initial_credit": 1384.952908722959, "breakwater_slo": 17540.144130691162}}, {"target": -2.519749381786983, "params": {"breakwater_a": 17.892133270076947, "breakwater_b": 0.08504421136977791, "breakwater_client_expiration": 195.27391616441182, "breakwater_initial_credit": 340.49100870957324, "breakwater_slo": 17575.03581824532}}, {"target": 1.2780136042859496, "params": {"breakwater_a": 1.966936676661002, "breakwater_b": 0.42110762500505217, "breakwater_client_expiration": 4789.44765075251, "breakwater_initial_credit": 1066.7974046610611, "breakwater_slo": 13868.35456761442}}, {"target": 1.192444994278756, "params": {"breakwater_a": 6.310312620121259, "breakwater_b": 0.6865009276815837, "breakwater_client_expiration": 4173.128359486865, "breakwater_initial_credit": 37.55826641103942, "breakwater_slo": 15027.871867404852}}, {"target": 1.230798714273909, "params": {"breakwater_a": 19.777221778129896, "breakwater_b": 0.7481656543798394, "breakwater_client_expiration": 1402.2199603220258, "breakwater_initial_credit": 1578.7693775745256, "breakwater_slo": 2154.1975308950764}}, {"target": 1.100794262425645, "params": {"breakwater_a": 8.957870523518103, "breakwater_b": 0.9085955030930956, "breakwater_client_expiration": 1468.0707418683976, "breakwater_initial_credit": 576.2629018341112, "breakwater_slo": 2687.5685851537255}}, {"target": 1.012471287297507, "params": {"breakwater_a": 18.49411560302488, "breakwater_b": 0.9131355022381041, "breakwater_client_expiration": 1652.9271753479375, "breakwater_initial_credit": 1445.1599572235812, "breakwater_slo": 17781.050321952407}}, {"target": 1.371590203183507, "params": {"breakwater_a": 2.492663169300555, "breakwater_b": 0.07269307524206192, "breakwater_client_expiration": 1903.356932737894, "breakwater_initial_credit": 1821.0297744681318, "breakwater_slo": 16686.324065709152}}, {"target": -999999999.0, "params": {"breakwater_a": 20.0, "breakwater_b": 4.7679457227228774e-08, "breakwater_client_expiration": 2491.846599409681, "breakwater_initial_credit": 1.0, "breakwater_slo": 100.0}}, {"target": 1.3195086937375182, "params": {"breakwater_a": 7.769550804854665, "breakwater_b": 0.9257522059765683, "breakwater_client_expiration": 4243.835901031722, "breakwater_initial_credit": 1173.4813627754872, "breakwater_slo": 4465.79161273099}}, {"target": 1.186768669082394, "params": {"breakwater_a": 15.84153954601526, "breakwater_b": 1.0, "breakwater_client_expiration": 4188.16214433202, "breakwater_initial_credit": 1.0, "breakwater_slo": 16480.881029434593}}, {"target": 1.0693898769694514, "params": {"breakwater_a": 0.0, "breakwater_b": 1.0, "breakwater_client_expiration": 2554.694333161293, "breakwater_initial_credit": 1.0, "breakwater_slo": 19285.205489628763}}, {"target": 1.1993539426045325, "params": {"breakwater_a": 0.0, "breakwater_b": 0.9003122317809891, "breakwater_client_expiration": 1337.895531071685, "breakwater_initial_credit": 2000.0, "breakwater_slo": 6663.881042824645}}, {"target": 1.3510162885201098, "params": {"breakwater_a": 8.340192821538198, "breakwater_b": 0.0, "breakwater_client_expiration": 4814.91774156885, "breakwater_initial_credit": 274.8925424317605, "breakwater_slo": 8312.924658225373}}, {"target": 0.9945965115514049, "params": {"breakwater_a": 2.8168545218203866, "breakwater_b": 0.2668389761128145, "breakwater_client_expiration": 4253.255550753887, "breakwater_initial_credit": 898.5473972166934, "breakwater_slo": 14238.820239563327}}, {"target": 1.3362184506568986, "params": {"breakwater_a": 10.88227084971212, "breakwater_b": 0.03189478464668294, "breakwater_client_expiration": 27.189322538069828, "breakwater_initial_credit": 326.25777291176007, "breakwater_slo": 13593.529358827867}}, {"target": 0.9359784425951697, "params": {"breakwater_a": 17.639292705014697, "breakwater_b": 0.9288585807055765, "breakwater_client_expiration": 1890.7602961199716, "breakwater_initial_credit": 1881.7731702471103, "breakwater_slo": 16744.349901760834}}, {"target": 0.8952654038173072, "params": {"breakwater_a": 20.0, "breakwater_b": 0.999999887600119, "breakwater_client_expiration": 0.0, "breakwater_initial_credit": 2000.0, "breakwater_slo": 20000.0}}, {"target": 1.1987439012232677, "params": {"breakwater_a": 3.3730079246863465, "breakwater_b": 0.7501396912688755, "breakwater_client_expiration": 929.1710726120772, "breakwater_initial_credit": 980.437176194291, "breakwater_slo": 14365.406288273389}}, {"target": 0.5811118582380351, "params": {"breakwater_a": 0.0, "breakwater_b": 0.0, "breakwater_client_expiration": 5000.0, "breakwater_initial_credit": 2000.0, "breakwater_slo": 19073.580888624034}}, {"target": -1.532212109873119, "params": {"breakwater_a": 14.464101247121226, "breakwater_b": 0.035126098099350744, "breakwater_client_expiration": 3918.779599450691, "breakwater_initial_credit": 39.37714613926088, "breakwater_slo": 19950.56310653605}}, {"target": 1.3754732691681568, "params": {"breakwater_a": 3.353567267658734, "breakwater_b": 0.6656486959984413, "breakwater_client_expiration": 4334.105893687563, "breakwater_initial_credit": 1054.8688932278942, "breakwater_slo": 14421.333183920999}}, {"target": 1.100854701326683, "params": {"breakwater_a": 7.865605210000159, "breakwater_b": 0.7302363211689166, "breakwater_client_expiration": 952.8807819599331, "breakwater_initial_credit": 1841.8152988081483, "breakwater_slo": 689.4115423466192}}, {"target": 0.9235010055010782, "params": {"breakwater_a": 9.526011995859996, "breakwater_b": 0.4408075759394253, "breakwater_client_expiration": 1088.8542188372344, "breakwater_initial_credit": 1819.9850026392226, "breakwater_slo": 630.4482300410194}}, {"target": 0.8845972544689208, "params": {"breakwater_a": 7.826874484851994, "breakwater_b": 0.7961127680516943, "breakwater_client_expiration": 946.4646183138489, "breakwater_initial_credit": 1789.801072498768, "breakwater_slo": 458.3946570156608}}, {"target": 1.116342880756147, "params": {"breakwater_a": 20.0, "breakwater_b": 0.12702222037929622, "breakwater_client_expiration": 5000.0, "breakwater_initial_credit": 1145.4581674241167, "breakwater_slo": 10940.502390486741}}, {"target": 1.0611146920939734, "params": {"breakwater_a": 20.0, "breakwater_b": 0.0, "breakwater_client_expiration": 1034.2612579174677, "breakwater_initial_credit": 1746.2394737517882, "breakwater_slo": 680.729821130361}}, {"target": 0.9950186748931433, "params": {"breakwater_a": 0.0, "breakwater_b": 0.0, "breakwater_client_expiration": 1029.7322098837628, "breakwater_initial_credit": 1752.3244142879348, "breakwater_slo": 662.7908006151159}}, {"target": 0.7245509987356183, "params": {"breakwater_a": 5.88001270463363, "breakwater_b": 0.7747068881055854, "breakwater_client_expiration": 4907.203294105299, "breakwater_initial_credit": 134.4163491098587, "breakwater_slo": 8690.860111784752}}]