[{"target": -1.3902339866952884, "params": {"breakwater_a": 0.834044009405148, "breakwater_b": 1.4406489868843162, "breakwater_client_expiration": 1.343010077217315, "breakwater_initial_credit": 121.63069648010406, "breakwater_slo": 14402.676724513392, "breakwaterd_a": 0.923385947687978, "breakwaterd_b": 5.587806341330127, "breakwaterd_client_expiration": 20366.821811291433, "breakwaterd_initial_credit": 397.3707067564393, "breakwaterd_slo": 56940.83670016785}}, {"target": -5.093070942427874, "params": {"breakwater_a": 0.8383890288065896, "breakwater_b": 1.370439000793519, "breakwater_client_expiration": 614.1522969448208, "breakwater_initial_credit": 351.36885711998724, "breakwater_slo": 10821.627795937784, "breakwaterd_a": 6.704675101784022, "breakwaterd_b": 12.519144071013809, "breakwaterd_client_expiration": 26760.694853372548, "breakwaterd_initial_credit": 141.24655165663853, "breakwaterd_slo": 39905.074454243935}}, {"target": -7.790886059825113, "params": {"breakwater_a": 1.6014891373510733, "breakwater_b": 1.936523151438795, "breakwater_client_expiration": 940.9591102995693, "breakwater_initial_credit": 277.2367236520563, "breakwater_slo": 36291.67456888115, "breakwaterd_a": 8.946066635038473, "breakwaterd_b": 2.551326341093337, "breakwaterd_client_expiration": 11171.643496986471, "breakwaterd_initial_credit": 170.66058914500434, "breakwaterd_slo": 73907.12517147066}}, {"target": -2.4584377999674776, "params": {"breakwater_a": 0.1966936676661002, "breakwater_b": 0.8422152500101043, "breakwater_client_expiration": 2873.7107009213555, "breakwater_initial_credit": 213.73294870423382, "breakwater_slo": 30756.3134185142, "breakwaterd_a": 3.1551563100606295, "breakwaterd_b": 20.59502783044751, "breakwaterd_client_expiration": 35038.770156921186, "breakwaterd_initial_credit": 19.269989066847614, "breakwaterd_slo": 67507.21574724838}}, {"target": -2.631496361971532, "params": {"breakwater_a": 1.9777221778129894, "breakwater_b": 1.4963313087596788, "breakwater_client_expiration": 842.0515322011511, "breakwater_initial_credit": 315.9224520521439, "breakwater_slo": 13096.78019732926, "breakwaterd_a": 4.478935261759052, "breakwaterd_b": 27.257865092792866, "breakwaterd_client_expiration": 18808.424451210383, "breakwaterd_initial_credit": 288.4875632477624, "breakwaterd_slo": 36501.42860591388}}, {"target": -1.1789031773913927, "params": {"breakwater_a": 0.03873391574059415, "breakwater_b": 1.357671065879782, "breakwater_client_expiration": 635.672719884177, "breakwater_initial_credit": 106.95311708951826, "breakwater_slo": 24747.19477841015, "breakwaterd_a": 0.5336254511708038, "breakwaterd_b": 17.223528164760392, "breakwaterd_client_expiration": 14401.857247174305, "breakwaterd_initial_credit": 589.716231366381, "breakwaterd_slo": 64987.91800104656}}, {"target": -6.246309508682409, "params": {"breakwater_a": 0.20466885765565168, "breakwater_b": 0.8281119756391366, "breakwater_client_expiration": 2083.5060730255077, "breakwater_initial_credit": 166.25752854123417, "breakwater_slo": 11498.603768382614, "breakwaterd_a": 5.358964059155116, "breakwaterd_b": 19.913839356593666, "breakwaterd_client_expiration": 25446.673361749257, "breakwaterd_initial_credit": 944.6501612348225, "breakwaterd_slo": 59327.752025099646}}, {"target": -4.763004955864561, "params": {"breakwater_a": 1.806803830575767, "breakwater_b": 0.27494940829247505, "breakwater_client_expiration": 418.6897654050249, "breakwater_initial_credit": 323.1491241951, "breakwater_slo": 21930.305109566005, "breakwaterd_a": 1.6535419711693278, "breakwaterd_b": 27.82525741188102, "breakwaterd_client_expiration": 20432.975792365196, "breakwaterd_initial_credit": 751.0612910330194, "breakwaterd_slo": 66299.89926752257}}, {"target": -10.385099282434153, "params": {"breakwater_a": 1.7666121824116197, "breakwater_b": 1.2473444141112178, "breakwater_client_expiration": 2253.076359647984, "breakwater_initial_credit": 140.21043844915917, "breakwater_slo": 18097.83675295078, "breakwaterd_a": 8.958862181960669, "breakwaterd_b": 12.842735696138847, "breakwaterd_client_expiration": 38945.20141445157, "breakwaterd_initial_credit": 663.7780563206296, "breakwaterd_slo": 61084.78601045609}}, {"target": -1.6010740887252133, "params": {"breakwater_a": 0.22949194590675037, "breakwater_b": 1.8989785174141425, "breakwater_client_expiration": 1350.2864883063417, "breakwater_initial_credit": 231.77745614046557, "breakwater_slo": 22244.104082838436, "breakwaterd_a": 2.3702698024302773, "breakwaterd_b": 27.101385616867613, "breakwaterd_client_expiration": 27210.384600168574, "breakwaterd_initial_credit": 3.867456704127811, "breakwaterd_slo": 60857.24568103619}}, {"target": -1.9773745168438588, "params": {"breakwater_a": 1.811565305450816, "breakwater_b": 0.41582349708160526, "breakwater_client_expiration": 2026.9671513760054, "breakwater_initial_credit": 330.8977712818744, "breakwater_slo": 17842.041673341882, "breakwaterd_a": 0.005046252765890102, "breakwaterd_b": 18.969601006135946, "breakwaterd_client_expiration": 36654.04885574446, "breakwaterd_initial_credit": 753.6956036754839, "breakwaterd_slo": 44277.106062723484}}, {"target": -3.766415532125074, "params": {"breakwater_a": 1.908262905050984, "breakwater_b": 0.15419141772102352, "breakwater_client_expiration": 2003.9989280329812, "breakwater_initial_credit": 309.5844724046097, "breakwater_slo": 22974.09581912272, "breakwaterd_a": 1.6727191971745237, "breakwaterd_b": 3.746406779195768, "breakwaterd_client_expiration": 17881.831963033088, "breakwaterd_initial_credit": 33.68805268002398, "breakwaterd_slo": 60224.3170367519}}, {"target": -9.5197826247435, "params": {"breakwater_a": 0.4399531750248651, "breakwater_b": 1.710912249803219, "breakwater_client_expiration": 2384.821490702586, "breakwater_initial_credit": 140.3674757198844, "breakwater_slo": 24377.308697333603, "breakwaterd_a": 5.5585675889355555, "breakwaterd_b": 13.330491072962088, "breakwaterd_client_expiration": 31019.302430642987, "breakwaterd_initial_credit": 368.06831052206905, "breakwaterd_slo": 79793.60870591333}}, {"target": -1.634256784069256, "params": {"breakwater_a": 0.47166708360771914, "breakwater_b": 2.0, "breakwater_client_expiration": 1.0, "breakwater_initial_credit": 400.0, "breakwater_slo": 10288.943058658126, "breakwaterd_a": 10.0, "breakwaterd_b": 26.45260779218948, "breakwaterd_client_expiration": 35652.004677943216, "breakwaterd_initial_credit": 1.0, "breakwaterd_slo": 38942.869836779}}, {"target": -4.241283149514271, "params": {"breakwater_a": 1.2974790129304548, "breakwater_b": 0.5382068790893952, "breakwater_client_expiration": 718.0897553120483, "breakwater_initial_credit": 87.64616286820218, "breakwater_slo": 23188.31914682784, "breakwaterd_a": 3.1366550531047865, "breakwaterd_b": 24.765515332433758, "breakwaterd_client_expiration": 14295.697093935403, "breakwaterd_initial_credit": 924.2522672757458, "breakwaterd_slo": 64233.033865312864}}, {"target": -10.569610607587189, "params": {"breakwater_a": 0.20604475392672805, "breakwater_b": 0.8985399613249527, "breakwater_client_expiration": 1762.318617051667, "breakwater_initial_credit": 186.8494400826383, "breakwater_slo": 19175.47374394339, "breakwaterd_a": 7.06923938300282, "breakwaterd_b": 3.9755052872395846, "breakwaterd_client_expiration": 37230.078515116096, "breakwaterd_initial_credit": 708.895335201353, "breakwaterd_slo": 76828.90980368319}}, {"target": -7.744417813899432, "params": {"breakwater_a": 1.013643434380046, "breakwater_b": 0.5188513541685025, "breakwater_client_expiration": 2914.3525171749457, "breakwater_initial_credit": 204.3028322459666, "breakwater_slo": 19376.92843176469, "breakwaterd_a": 5.131110863061058, "breakwaterd_b": 4.008467067571171, "breakwaterd_client_expiration": 18617.550976151713, "breakwaterd_initial_credit": 87.29363231715429, "breakwaterd_slo": 71098.65914540812}}, {"target": -8.06019046657805, "params": {"breakwater_a": 0.4698573949002698, "breakwater_b": 1.4918374940995762, "breakwater_client_expiration": 1393.548913242987, "breakwater_initial_credit": 108.7424984523042, "breakwater_slo": 24519.338201591985, "breakwaterd_a": 4.55759648257393, "breakwaterd_b": 12.706848997554369, "breakwaterd_client_expiration": 28542.33899138239, "breakwaterd_initial_credit": 286.3777315129825, "breakwaterd_slo": 66544.83146699227}}, {"target": -3.2984268257792273, "params": {"breakwater_a": 0.6141265358841046, "breakwater_b": 1.138498435927387, "breakwater_client_expiration": 156.41053280959414, "breakwater_initial_credit": 173.62700321018406, "breakwater_slo": 31797.98033559961, "breakwaterd_a": 5.126560100706272, "breakwaterd_b": 5.702631931192606, "breakwaterd_client_expiration": 20424.696382538947, "breakwaterd_initial_credit": 982.7058047457206, "breakwaterd_slo": 44460.57151805716}}, {"target": -7.353425408161689, "params": {"breakwater_a": 1.791618412988807, "breakwater_b": 1.5462341377743933, "breakwater_client_expiration": 1450.2137479097046, "breakwater_initial_credit": 70.27194184562028, "breakwater_slo": 25748.228951587873, "breakwaterd_a": 9.663935264174237, "breakwaterd_b": 5.40137249932587, "breakwaterd_client_expiration": 15539.19929038503, "breakwaterd_initial_credit": 529.2267568276125, "breakwaterd_slo": 63655.579850724396}}, {"target": -4.618609813215431, "params": {"breakwater_a": 1.6903160987698105, "breakwater_b": 1.3854273981666172, "breakwater_client_expiration": 2855.278612725444, "breakwater_initial_credit": 257.0102020019486, "breakwater_slo": 30659.315942083576, "breakwaterd_a": 9.472336432129373, "breakwaterd_b": 20.180987263302463, "breakwaterd_client_expiration": 34102.43982722354, "breakwaterd_initial_credit": 966.7056340838311, "breakwaterd_slo": 67372.32044037731}}, {"target": -4.07756063729952, "params": {"breakwater_a": 0.16775185487951338, "breakwater_b": 1.0114266922969615, "breakwater_client_expiration": 1041.1727422313647, "breakwater_initial_credit": 155.69275702931506, "breakwater_slo": 23725.29546611724, "breakwaterd_a": 7.266238019388405, "breakwaterd_b": 0.13156444377544152, "breakwaterd_client_expiration": 28040.795074447356, "breakwaterd_initial_credit": 611.3753469158914, "breakwaterd_slo": 60341.35663688059}}, {"target": -4.866605969145199, "params": {"breakwater_a": 0.24063841152538856, "breakwater_b": 1.331947870755529, "breakwater_client_expiration": 1340.4707477051925, "breakwater_initial_credit": 113.13767961388821, "breakwater_slo": 10046.449232727473, "breakwaterd_a": 6.941271744659533, "breakwaterd_b": 1.1697917503866107, "breakwaterd_client_expiration": 13438.358755565889, "breakwaterd_initial_credit": 55.41608019437241, "breakwaterd_slo": 73101.41043740604}}, {"target": -2.509169534275884, "params": {"breakwater_a": 0.0, "breakwater_b": 2.0, "breakwater_client_expiration": 3000.0, "breakwater_initial_credit": 35.34891180704727, "breakwater_slo": 16793.433318510226, "breakwaterd_a": 9.9641536875298, "breakwaterd_b": 29.107782452601977, "breakwaterd_client_expiration": 37297.55321040395, "breakwaterd_initial_credit": 1000.0, "breakwaterd_slo": 80000.0}}, {"target": -5.804740889600511, "params": {"breakwater_a": 0.11061065067256082, "breakwater_b": 1.3139552394548744, "breakwater_client_expiration": 911.8919553221242, "breakwater_initial_credit": 50.18055969963993, "breakwater_slo": 24421.324112247923, "breakwaterd_a": 8.356570126361534, "breakwaterd_b": 16.399266741349074, "breakwaterd_client_expiration": 13439.79734289158, "breakwaterd_initial_credit": 419.1995622974554, "breakwaterd_slo": 65839.13622642991}}, {"target": -1.2151394492191552, "params": {"breakwater_a": 2.0, "breakwater_b": 2.0, "breakwater_client_expiration": 3000.0, "breakwater_initial_credit": 400.0, "breakwater_slo": 40000.0, "breakwaterd_a": 0.0, "breakwaterd_b": 29.99999996140609, "breakwaterd_client_expiration": 10000.0, "breakwaterd_initial_credit": 1000.0, "breakwaterd_slo": 30000.0}}, {"target": -0.16591951425510923, "params": {"breakwater_a": 0.0, "breakwater_b": 2.0, "breakwater_client_expiration": 1.0, "breakwater_initial_credit": 400.0, "breakwater_slo": 29555.98182562856, "breakwaterd_a": 9.897089238150873, "breakwaterd_b": 30.0, "breakwaterd_client_expiration": 10000.0, "breakwaterd_initial_credit": 1000.0, "breakwaterd_slo": 72869.5325989787}}, {"target": -2.359373531634265, "params": {"breakwater_a": 0.5415241031119749, "breakwater_b": 1.6636459219455924, "breakwater_client_expiration": 125.35506354026494, "breakwater_initial_credit": 182.0491523388603, "breakwater_slo": 32728.63311090083, "breakwaterd_a": 6.5186497251488875, "breakwaterd_b": 19.482659809000296, "breakwaterd_client_expiration": 32005.769799210368, "breakwaterd_initial_credit": 525.3816960884099, "breakwaterd_slo": 37625.25723757288}}, {"target": -1.6041769086253954, "params": {"breakwater_a": 1.3229991276027113, "breakwater_b": 1.804449308890091, "breakwater_client_expiration": 309.4523446269177, "breakwater_initial_credit": 97.1124708175942, "breakwater_slo": 33711.77584188256, "breakwaterd_a": 4.903601372362255, "breakwaterd_b": 22.05493163702926, "breakwaterd_client_expiration": 31503.470455682906, "breakwaterd_initial_credit": 252.0518247658448, "breakwaterd_slo": 53528.634226515846}}, {"target": -7.496567942682945, "params": {"breakwater_a": 0.011424122399285919, "breakwater_b": 1.3132568047163706, "breakwater_client_expiration": 2267.4879675964744, "breakwater_initial_credit": 278.0784950879996, "breakwater_slo": 26803.165739092026, "breakwaterd_a": 6.9230316664449365, "breakwaterd_b": 6.4553533861385475, "breakwaterd_client_expiration": 38315.44577699424, "breakwaterd_initial_credit": 491.9817382429433, "breakwaterd_slo": 53493.548644831855}}, {"target": -4.52066370509537, "params": {"breakwater_a": 1.277835976731429, "breakwater_b": 0.7229702785452408, "breakwater_client_expiration": 901.1311140727154, "breakwater_initial_credit": 352.09100274212767, "breakwater_slo": 10923.278658194391, "breakwaterd_a": 8.755146916495246, "breakwaterd_b": 18.70165473150386, "breakwaterd_client_expiration": 19075.21657834171, "breakwaterd_initial_credit": 267.9543349187038, "breakwaterd_slo": 34987.615575877}}, {"target": -1.55027397220779, "params": {"breakwater_a": 1.2117006391223026, "breakwater_b": 1.9531071182841881, "breakwater_client_expiration": 239.08940494431158, "breakwater_initial_credit": 77.46433489489516, "breakwater_slo": 28756.61381261276, "breakwaterd_a": 0.4954353267277112, "breakwaterd_b": 10.982998312007155, "breakwaterd_client_expiration": 16548.946190650266, "breakwaterd_initial_credit": 628.2485343705342, "breakwaterd_slo": 37351.1482891207}}, {"target": -7.8136752599912604, "params": {"breakwater_a": 0.5823753386070737, "breakwater_b": 1.1596524013025915, "breakwater_client_expiration": 1011.9687086784766, "breakwater_initial_credit": 282.1401169429507, "breakwater_slo": 26816.647038221312, "breakwaterd_a": 9.719676608617016, "breakwaterd_b": 29.45690181581229, "breakwaterd_client_expiration": 14002.079364882073, "breakwaterd_initial_credit": 719.4757326550243, "breakwaterd_slo": 66405.40577212346}}]