[{"target": 0.5855164374734677, "params": {"breakwater_a": 10.976270078546495, "breakwater_b": 0.07151893663724194, "breakwater_client_expiration": 6031.606126955722, "breakwater_initial_credit": 545.3382998139, "breakwater_slo": 1752.2537174217284}}, {"target": 0.3575285436782895, "params": {"breakwater_a": 12.917882261333123, "breakwater_b": 0.04375872112626925, "breakwater_client_expiration": 8918.812277812976, "breakwater_initial_credit": 963.6990977405283, "breakwater_slo": 1595.421923420533}}, {"target": -999999999.0, "params": {"breakwater_a": 15.834500761653292, "breakwater_b": 0.05288949197529045, "breakwater_client_expiration": 5684.765165328384, "breakwater_initial_credit": 925.6710416543684, "breakwater_slo": 377.0406269717591}}, {"target": 0.3474395817757571, "params": {"breakwater_a": 1.7425859940308142, "breakwater_b": 0.002021839744032572, "breakwater_client_expiration": 8327.8722570239, "breakwater_initial_credit": 778.3785941989006, "breakwater_slo": 3493.0473781625947}}, {"target": 0.4796573870815844, "params": {"breakwater_a": 19.57236684465528, "breakwater_b": 0.07991585642167237, "breakwater_client_expiration": 4620.178828906789, "breakwater_initial_credit": 780.748647110169, "breakwater_slo": 561.2702608888396}}, {"target": 0.5399712262220155, "params": {"breakwater_a": 12.798420426550477, "breakwater_b": 0.014335328740904641, "breakwater_client_expiration": 9447.242481325344, "breakwater_initial_credit": 522.3264734283216, "breakwater_slo": 1717.181565963042}}, {"target": 0.5296999756472642, "params": {"breakwater_a": 5.29111224209254, "breakwater_b": 0.07742336894342167, "breakwater_client_expiration": 4566.94181884332, "breakwater_initial_credit": 568.8655149197799, "breakwater_slo": 173.28022170178505}}, {"target": 0.3289983616936073, "params": {"breakwater_a": 12.352709941517542, "breakwater_b": 0.06120957227224214, "breakwater_client_expiration": 6173.170628778822, "breakwater_initial_credit": 943.8043304361096, "breakwater_slo": 2759.0991665035854}}, {"target": 0.31039224333089205, "params": {"breakwater_a": 7.19015801147572, "breakwater_b": 0.04370319537993415, "breakwater_client_expiration": 6979.335647313376, "breakwater_initial_credit": 61.16524615764057, "breakwater_slo": 2700.390190238104}}, {"target": 0.5292127888790106, "params": {"breakwater_a": 13.412757392363188, "breakwater_b": 0.021038256107384093, "breakwater_client_expiration": 1297.9737135719845, "breakwater_initial_credit": 316.11292257325965, "breakwater_slo": 1518.4720066762281}}, {"target": 0.8003864564470313, "params": {"breakwater_a": 18.483082541112555, "breakwater_b": 0.1, "breakwater_client_expiration": 3764.45410987915, "breakwater_initial_credit": 600.184245523187, "breakwater_slo": 613.1408721107052}}, {"target": 0.7700399315495431, "params": {"breakwater_a": 0.0, "breakwater_b": 0.0, "breakwater_client_expiration": 5772.641500004494, "breakwater_initial_credit": 1.0, "breakwater_slo": 2600.123739532658}}, {"target": 0.3872753484988974, "params": {"breakwater_a": 18.30443383273072, "breakwater_b": 0.0675343368679761, "breakwater_client_expiration": 7521.345016609622, "breakwater_initial_credit": 996.7520906153669, "breakwater_slo": 2171.458675147509}}, {"target": 0.6202090813887617, "params": {"breakwater_a": 0.0, "breakwater_b": 0.0, "breakwater_client_expiration": 8381.351377446183, "breakwater_initial_credit": 40.07241437279121, "breakwater_slo": 2357.5498477645097}}, {"target": 0.12671112354638045, "params": {"breakwater_a": 20.0, "breakwater_b": 0.0, "breakwater_client_expiration": 9095.852970391004, "breakwater_initial_credit": 1000.0, "breakwater_slo": 2699.8981187778263}}, {"target": 0.5014495707186155, "params": {"breakwater_a": 17.47634352970326, "breakwater_b": 0.0361171919143029, "breakwater_client_expiration": 3253.834297493975, "breakwater_initial_credit": 615.2052556573066, "breakwater_slo": 1737.0001599972907}}, {"target": 0.7256123745258972, "params": {"breakwater_a": 13.53288802963286, "breakwater_b": 0.08931316985226857, "breakwater_client_expiration": 9976.360038797866, "breakwater_initial_credit": 590.3423472662744, "breakwater_slo": 911.8015227519019}}, {"target": 0.6336086093215453, "params": {"breakwater_a": 8.41009792867778, "breakwater_b": 0.08267504041702844, "breakwater_client_expiration": 8307.380923065812, "breakwater_initial_credit": 941.0634762872022, "breakwater_slo": 275.2761917939945}}, {"target": 0.5227620096008283, "params": {"breakwater_a": 10.029252452938234, "breakwater_b": 0.09823053109193643, "breakwater_client_expiration": 7955.451457554952, "breakwater_initial_credit": 70.75410391883733, "breakwater_slo": 170.50635208394635}}, {"target": -999999999.0, "params": {"breakwater_a": 20.0, "breakwater_b": 0.005780158890246151, "breakwater_client_expiration": 7506.407240804903, "breakwater_initial_credit": 1000.0, "breakwater_slo": 100.0}}, {"target": 0.18021250283846826, "params": {"breakwater_a": 8.15845234495759, "breakwater_b": 0.062332845007939244, "breakwater_client_expiration": 7577.771389526055, "breakwater_initial_credit": 332.16303479002073, "breakwater_slo": 3701.7498640989024}}, {"target": 0.7597212638133688, "params": {"breakwater_a": 2.8127681045717123, "breakwater_b": 0.05788161561334557, "breakwater_client_expiration": 8009.573457198152, "breakwater_initial_credit": 672.3584247638074, "breakwater_slo": 630.5598334594048}}, {"target": 0.6750123415599468, "params": {"breakwater_a": 13.87287851196548, "breakwater_b": 0.09535416410451177, "breakwater_client_expiration": 3244.6989868385017, "breakwater_initial_credit": 587.5708560239178, "breakwater_slo": 1633.0923841269325}}, {"target": 0.4923971851715196, "params": {"breakwater_a": 14.927078754401688, "breakwater_b": 0.08655866526080652, "breakwater_client_expiration": 7389.069557976471, "breakwater_initial_credit": 986.0551377042804, "breakwater_slo": 1772.3747830674697}}, {"target": 0.5871977211447243, "params": {"breakwater_a": 0.5127694311675085, "breakwater_b": 0.087537785076972, "breakwater_client_expiration": 3475.5462022909214, "breakwater_initial_credit": 571.2352196134051, "breakwater_slo": 1735.002009482434}}, {"target": 0.7611930000796948, "params": {"breakwater_a": 8.989942399554236, "breakwater_b": 0.023553239185452615, "breakwater_client_expiration": 4606.712977129971, "breakwater_initial_credit": 767.1472573463332, "breakwater_slo": 586.9397238232627}}, {"target": -999999999.0, "params": {"breakwater_a": 0.0, "breakwater_b": 0.1, "breakwater_client_expiration": 9600.606192172683, "breakwater_initial_credit": 764.1407407993544, "breakwater_slo": 100.0}}, {"target": 0.1712864995604237, "params": {"breakwater_a": 6.467103472578573, "breakwater_b": 0.038665957756434555, "breakwater_client_expiration": 7168.80398032298, "breakwater_initial_credit": 32.3784066031895, "breakwater_slo": 3017.3010402903633}}, {"target": -999999999.0, "params": {"breakwater_a": 8.344942630003585, "breakwater_b": 0.02589883730093544, "breakwater_client_expiration": 465.0833397758788, "breakwater_initial_credit": 948.7063858045282, "breakwater_slo": 100.30616802024473}}, {"target": 0.3090710158893494, "params": {"breakwater_a": 0.09976018635355441, "breakwater_b": 0.00041949494675407365, "breakwater_client_expiration": 5667.8860350154955, "breakwater_initial_credit": 147.6565588877337, "breakwater_slo": 2876.7209355748705}}, {"target": 0.1697137557947562, "params": {"breakwater_a": 6.218448905172178, "breakwater_b": 0.1, "breakwater_client_expiration": 5945.991218571494, "breakwater_initial_credit": 1000.0, "breakwater_slo": 4000.0}}, {"target": 0.2768726570603814, "params": {"breakwater_a": 20.0, "breakwater_b": 0.05030387135444286, "breakwater_client_expiration": 10.0, "breakwater_initial_credit": 1.0, "breakwater_slo": 4000.0}}, {"target": 0.5175068520019274, "params": {"breakwater_a": 0.07275509126317248, "breakwater_b": 0.04750699839670967, "breakwater_client_expiration": 6281.229710668938, "breakwater_initial_credit": 178.83947818882925, "breakwater_slo": 1873.0526597192488}}]