[{"target": 0.7091128152232695, "params": {"dagor_admission_level_update_interval": 14170.220047025741, "dagor_alpha": 1.0804867401632372, "dagor_beta": 5.718740867244332e-05, "dagor_queuing_threshold": 145349.88589477597, "dagor_umax": 4.641606034708035}}, {"target": 0.25786221234857787, "params": {"dagor_admission_level_update_interval": 10923.385947687979, "dagor_alpha": 0.27939031706650636, "dagor_beta": 0.17278036352152387, "dagor_queuing_threshold": 159515.1211346005, "dagor_umax": 11.698701212060424}}, {"target": -111.14346761834138, "params": {"dagor_admission_level_update_interval": 14191.945144032947, "dagor_alpha": 1.0278292505951392, "dagor_beta": 0.10222612486575872, "dagor_queuing_threshold": 231717.6154586418, "dagor_umax": 2.492976677562671}}, {"target": -50.134780481178005, "params": {"dagor_admission_level_update_interval": 16704.67510178402, "dagor_alpha": 0.6259572035506904, "dagor_beta": 0.27934491422287583, "dagor_queuing_threshold": 121058.04078928506, "dagor_umax": 5.565826803527818}}, {"target": 0.17353250154961383, "params": {"dagor_admission_level_update_interval": 18007.445686755367, "dagor_alpha": 1.4523923635790963, "dagor_beta": 0.15671208907962142, "dagor_queuing_threshold": 203848.39235039713, "dagor_umax": 17.77500474132869}}, {"target": 0.177883867716126, "params": {"dagor_admission_level_update_interval": 18946.06663503847, "dagor_alpha": 0.12756631705466687, "dagor_beta": 0.01952739161644118, "dagor_queuing_threshold": 125474.56293468534, "dagor_umax": 17.806565061729437}}, {"target": 0.2615868862906701, "params": {"dagor_admission_level_update_interval": 10983.468338330502, "dagor_alpha": 0.6316614375075782, "dagor_beta": 0.47894476507525097, "dagor_queuing_threshold": 179974.79274595255, "dagor_umax": 14.453788051108521}}, {"target": 0.1979520626794866, "params": {"dagor_admission_level_update_interval": 13155.156310060629, "dagor_alpha": 1.0297513915223755, "dagor_beta": 0.41731283594868646, "dagor_queuing_threshold": 102743.24160162878, "dagor_umax": 15.502597669009415}}, {"target": -0.021067553255560686, "params": {"dagor_admission_level_update_interval": 19888.61088906495, "dagor_alpha": 1.122248481569759, "dagor_beta": 0.1402219960322026, "dagor_queuing_threshold": 218391.89926772326, "dagor_umax": 3.8580681183975565}}, {"target": 0.6980260574534418, "params": {"dagor_admission_level_update_interval": 14478.935261759052, "dagor_alpha": 1.3628932546396433, "dagor_beta": 0.14680707418683975, "dagor_queuing_threshold": 143166.30078795232, "dagor_umax": 4.340514298128998}}, {"target": -52.660006708540934, "params": {"dagor_admission_level_update_interval": 13897.488900672994, "dagor_alpha": 1.3287157695012315, "dagor_beta": 0.47780288973758384, "dagor_queuing_threshold": 145321.87879931147, "dagor_umax": 10.297099063327673}}, {"target": 0.307914665042722, "params": {"dagor_admission_level_update_interval": 12998.986328620485, "dagor_alpha": 0.6876940799613306, "dagor_beta": 0.29306887734316484, "dagor_queuing_threshold": 211463.15191037476, "dagor_umax": 10.535556536058655}}, {"target": 0.2128220395996571, "params": {"dagor_admission_level_update_interval": 17361.788032773708, "dagor_alpha": 1.0356905047462694, "dagor_beta": 0.04793222549277876, "dagor_queuing_threshold": 201193.7035432828, "dagor_umax": 13.733778178531207}}, {"target": 0.5787546365542783, "params": {"dagor_admission_level_update_interval": 13884.775402427333, "dagor_alpha": 1.3886283089648523, "dagor_beta": 0.42438359010317217, "dagor_queuing_threshold": 187980.0922542887, "dagor_umax": 5.9489572376461215}}, {"target": 0.19760690919011695, "params": {"dagor_admission_level_update_interval": 10808.995175291104, "dagor_alpha": 1.274951644843664, "dagor_beta": 0.4006406623738474, "dagor_queuing_threshold": 203185.56076679338, "dagor_umax": 15.608254184665082}}, {"target": 0.23861777151541538, "params": {"dagor_admission_level_update_interval": 12338.451928441646, "dagor_alpha": 0.20606842116012974, "dagor_beta": 0.4419807563811202, "dagor_queuing_threshold": 100882.58300850203, "dagor_umax": 15.48032498448308}}, {"target": 0.2795757485578296, "params": {"dagor_admission_level_update_interval": 15504.439576831915, "dagor_alpha": 0.32107721115507, "dagor_beta": 0.4913333882098755, "dagor_queuing_threshold": 163953.26647136494, "dagor_umax": 16.850880462578097}}, {"target": 0.3137791996092518, "params": {"dagor_admission_level_update_interval": 16613.404124819855, "dagor_alpha": 0.7563710766138294, "dagor_beta": 0.1305362387321991, "dagor_queuing_threshold": 193345.33169227504, "dagor_umax": 9.322581268865653}}, {"target": 0.19131179694562428, "params": {"dagor_admission_level_update_interval": 11408.427260910194, "dagor_alpha": 0.40025846416922173, "dagor_beta": 0.4253255550753887, "dagor_queuing_threshold": 167349.72965608005, "dagor_umax": 14.788882628750748}}, {"target": 0.2361824479219859, "params": {"dagor_admission_level_update_interval": 14689.155116143347, "dagor_alpha": 0.056480472186507535, "dagor_beta": 0.06511211599343114, "dagor_queuing_threshold": 205852.94606223295, "dagor_umax": 10.432745041021587}}, {"target": -999999999.0, "params": {"dagor_admission_level_update_interval": 13845.981094433864, "dagor_alpha": 0.798448664368969, "dagor_beta": 0.015348622624322295, "dagor_queuing_threshold": 120045.87130006053, "dagor_umax": 3.112023998508038}}, {"target": 0.2654843794200254, "params": {"dagor_admission_level_update_interval": 11395.564033027686, "dagor_alpha": 0.8213262519537147, "dagor_beta": 0.44792197193099675, "dagor_queuing_threshold": 207977.58603934775, "dagor_umax": 11.291464100532629}}, {"target": 0.1946328326364385, "params": {"dagor_admission_level_update_interval": 11686.503962343173, "dagor_alpha": 1.1252095369033133, "dagor_beta": 0.09291710726120772, "dagor_queuing_threshold": 173494.535482313, "dagor_umax": 14.903382572307587}}, {"target": 0.14715550334180488, "params": {"dagor_admission_level_update_interval": 14141.647574126655, "dagor_alpha": 1.5, "dagor_beta": 0.09738634715229144, "dagor_queuing_threshold": 202366.6422250935, "dagor_umax": 20.0}}, {"target": 0.20304182204171467, "params": {"dagor_admission_level_update_interval": 11556.868321112133, "dagor_alpha": 0.9869879847502716, "dagor_beta": 0.07970216169910915, "dagor_queuing_threshold": 163294.97092701844, "dagor_umax": 14.905698373934412}}, {"target": 0.18015173487880892, "params": {"dagor_admission_level_update_interval": 19976.02144068692, "dagor_alpha": 0.6482479250640738, "dagor_beta": 0.39700807966635016, "dagor_queuing_threshold": 201385.31111627695, "dagor_umax": 17.17004296602273}}, {"target": 0.7207618477985801, "params": {"dagor_admission_level_update_interval": 15491.395377720406, "dagor_alpha": 0.04292670500595219, "dagor_beta": 0.10926301132512634, "dagor_queuing_threshold": 164008.81044841668, "dagor_umax": 4.458766821929796}}, {"target": 0.393716799709371, "params": {"dagor_admission_level_update_interval": 15967.510319456096, "dagor_alpha": 1.0730091364022978, "dagor_beta": 0.17956511600969946, "dagor_queuing_threshold": 164123.16638439434, "dagor_umax": 7.681150483717121}}, {"target": 0.14481666844747637, "params": {"dagor_admission_level_update_interval": 14017.273480494478, "dagor_alpha": 1.5, "dagor_beta": 0.13009211618411173, "dagor_queuing_threshold": 163686.13649323423, "dagor_umax": 20.0}}, {"target": 0.20161503077182721, "params": {"dagor_admission_level_update_interval": 15375.544508523803, "dagor_alpha": 1.5, "dagor_beta": 0.5, "dagor_queuing_threshold": 164010.84067950083, "dagor_umax": 20.0}}, {"target": 0.2981700472030002, "params": {"dagor_admission_level_update_interval": 14801.41444372993, "dagor_alpha": 0.7266528649778701, "dagor_beta": 0.4938050474311672, "dagor_queuing_threshold": 165952.26134916436, "dagor_umax": 12.95968089783415}}, {"target": -118.82809260651099, "params": {"dagor_admission_level_update_interval": 15543.280219992608, "dagor_alpha": 0.8197417644578381, "dagor_beta": 0.0, "dagor_queuing_threshold": 163963.74902168824, "dagor_umax": 2.0}}, {"target": -72.82489443439549, "params": {"dagor_admission_level_update_interval": 18467.164860934645, "dagor_alpha": 0.7614930219255539, "dagor_beta": 0.33109575628917604, "dagor_queuing_threshold": 203752.89930436766, "dagor_umax": 2.048554095415571}}]