[{"target": 0.8402543291179015, "params": {"breakwater_a": 8.34044009405148, "breakwater_b": 1.4406489868843162, "breakwater_client_expiration": 0.5718740867244332, "breakwater_initial_credit": 605.3628126910477, "breakwater_slo": 3020.4422272605498}}, {"target": 1.0783671081828707, "params": {"breakwater_a": 1.846771895375956, "breakwater_b": 0.3725204227553418, "breakwater_client_expiration": 1727.8036352152387, "breakwater_initial_credit": 794.1381809871092, "breakwater_slo": 10822.453006666803}}, {"target": 1.0343471253283418, "params": {"breakwater_a": 8.383890288065896, "breakwater_b": 1.370439000793519, "breakwater_client_expiration": 1022.2612486575872, "breakwater_initial_credit": 1756.3567553454998, "breakwater_slo": 645.0131046387306}}, {"target": 1.2034440622000406, "params": {"breakwater_a": 13.409350203568044, "breakwater_b": 0.8346096047342539, "breakwater_client_expiration": 2793.4491422287583, "breakwater_initial_credit": 281.6334902518723, "breakwater_slo": 4042.219632789088}}, {"target": 0.6399602121680656, "params": {"breakwater_a": 16.014891373510732, "breakwater_b": 1.936523151438795, "breakwater_client_expiration": 1567.120890796214, "breakwater_initial_credit": 1384.952908722959, "breakwater_slo": 17540.144130691162}}, {"target": 0.7874883666655953, "params": {"breakwater_a": 17.892133270076947, "breakwater_b": 0.17008842273955582, "breakwater_client_expiration": 195.27391616441182, "breakwater_initial_credit": 340.49100870957324, "breakwater_slo": 17575.03581824532}}, {"target": 0.7517801281367038, "params": {"breakwater_a": 1.966936676661002, "breakwater_b": 0.8422152500101043, "breakwater_client_expiration": 4789.44765075251, "breakwater_initial_credit": 1066.7974046610611, "breakwater_slo": 13868.35456761442}}, {"target": 0.8546834413342447, "params": {"breakwater_a": 6.310312620121259, "breakwater_b": 1.3730018553631673, "breakwater_client_expiration": 4173.128359486865, "breakwater_initial_credit": 37.55826641103942, "breakwater_slo": 15027.871867404852}}, {"target": 1.0482735528851892, "params": {"breakwater_a": 19.777221778129896, "breakwater_b": 1.4963313087596788, "breakwater_client_expiration": 1402.2199603220258, "breakwater_initial_credit": 1578.7693775745256, "breakwater_slo": 2154.1975308950764}}, {"target": 1.1699175839203961, "params": {"breakwater_a": 8.957870523518103, "breakwater_b": 1.8171910061861911, "breakwater_client_expiration": 1468.0707418683976, "breakwater_initial_credit": 576.2629018341112, "breakwater_slo": 2687.5685851537255}}, {"target": 1.10179154756746, "params": {"breakwater_a": 19.51881484605479, "breakwater_b": 0.5789827881011322, "breakwater_client_expiration": 2635.1930356502735, "breakwater_initial_credit": 189.86385708412277, "breakwater_slo": 4079.628438175914}}, {"target": 0.6379088128293593, "params": {"breakwater_a": 0.0, "breakwater_b": 1.959910599309572, "breakwater_client_expiration": 0.0, "breakwater_initial_credit": 1303.6260862896384, "breakwater_slo": 1205.4743038082543}}, {"target": 1.1951668659308838, "params": {"breakwater_a": 0.19988482767884896, "breakwater_b": 0.9513320302604935, "breakwater_client_expiration": 1596.0198805188768, "breakwater_initial_credit": 997.6506419420355, "breakwater_slo": 2663.27447381895}}, {"target": 0.0805073597290451, "params": {"breakwater_a": 0.0, "breakwater_b": 2.0, "breakwater_client_expiration": 0.0, "breakwater_initial_credit": 2000.0, "breakwater_slo": 100.0}}, {"target": 0.9825141212187278, "params": {"breakwater_a": 19.999999997314283, "breakwater_b": 2.0, "breakwater_client_expiration": 5000.0, "breakwater_initial_credit": 1.0, "breakwater_slo": 20000.0}}, {"target": 0.9149795643495156, "params": {"breakwater_a": 20.0, "breakwater_b": 0.0, "breakwater_client_expiration": 4.547473508864641e-13, "breakwater_initial_credit": 1.0, "breakwater_slo": 20000.0}}, {"target": 0.9904087414816488, "params": {"breakwater_a": 16.678422744237437, "breakwater_b": 1.1052641465447572, "breakwater_client_expiration": 2701.4196659860336, "breakwater_initial_credit": 218.70917499869608, "breakwater_slo": 4087.0134972639157}}, {"target": 1.1683325157014521, "params": {"breakwater_a": 3.966216186370135, "breakwater_b": 1.8085261202148848, "breakwater_client_expiration": 2855.4396701223545, "breakwater_initial_credit": 179.0053377009065, "breakwater_slo": 3901.043217725779}}, {"target": 1.0905397532890675, "params": {"breakwater_a": 20.0, "breakwater_b": 1.6938675148249538, "breakwater_client_expiration": 1695.5998990769635, "breakwater_initial_credit": 2000.0, "breakwater_slo": 3873.189244518096}}, {"target": 1.0020849773596174, "params": {"breakwater_a": 9.820345619705682, "breakwater_b": 0.21577622188015688, "breakwater_client_expiration": 2849.491078865713, "breakwater_initial_credit": 341.6655208013198, "breakwater_slo": 4036.0533685609753}}, {"target": 1.0105327880118231, "params": {"breakwater_a": 20.0, "breakwater_b": 0.016020196573169384, "breakwater_client_expiration": 81.65355225412893, "breakwater_initial_credit": 1.0, "breakwater_slo": 20000.0}}, {"target": 1.0801896300271838, "params": {"breakwater_a": 13.502099354586164, "breakwater_b": 1.665048780152722, "breakwater_client_expiration": 2251.063680992099, "breakwater_initial_credit": 773.1426412464323, "breakwater_slo": 16882.685190163917}}, {"target": 0.8619342647062864, "params": {"breakwater_a": 3.3730079246863465, "breakwater_b": 1.500279382537751, "breakwater_client_expiration": 929.1710726120772, "breakwater_initial_credit": 980.437176194291, "breakwater_slo": 14365.406288273389}}, {"target": 0.5266376173309645, "params": {"breakwater_a": 8.502637777034906, "breakwater_b": 0.758870180685943, "breakwater_client_expiration": 137.64137541564136, "breakwater_initial_credit": 1970.081612599485, "breakwater_slo": 13492.640117532826}}, {"target": 1.2357841278011839, "params": {"breakwater_a": 0.6834779540530311, "breakwater_b": 1.5638457321583676, "breakwater_client_expiration": 2744.160890428238, "breakwater_initial_credit": 42.868260636065884, "breakwater_slo": 4005.5386085829}}, {"target": 0.9086201041961587, "params": {"breakwater_a": 20.0, "breakwater_b": 1.9999997459170133, "breakwater_client_expiration": 0.0, "breakwater_initial_credit": 1.0, "breakwater_slo": 20000.0}}, {"target": 1.048063396818761, "params": {"breakwater_a": 6.3883100824215875, "breakwater_b": 1.3788512834738256, "breakwater_client_expiration": 4163.056934032002, "breakwater_initial_credit": 19.424649796987495, "breakwater_slo": 15047.424568690889}}, {"target": 0.8575773873218899, "params": {"breakwater_a": 0.0, "breakwater_b": 0.0, "breakwater_client_expiration": 0.0, "breakwater_initial_credit": 1.0, "breakwater_slo": 20000.0}}, {"target": 0.9334733107676635, "params": {"breakwater_a": 17.382475588097364, "breakwater_b": 0.5257797657568264, "breakwater_client_expiration": 159.95883342181938, "breakwater_initial_credit": 1976.918547285057, "breakwater_slo": 12847.631751889558}}, {"target": 0.8752268162609999, "params": {"breakwater_a": 0.0, "breakwater_b": 0.7713988112472681, "breakwater_client_expiration": 0.0, "breakwater_initial_credit": 1.0, "breakwater_slo": 20000.0}}, {"target": 0.9599203283299783, "params": {"breakwater_a": 15.776600634655795, "breakwater_b": 1.501316715071816, "breakwater_client_expiration": 3257.7678338999362, "breakwater_initial_credit": 358.99725143577075, "breakwater_slo": 4444.5098580180975}}, {"target": 0.7252316922935494, "params": {"breakwater_a": 1.7763568394002505e-15, "breakwater_b": 1.959955558661543, "breakwater_client_expiration": 0.0, "breakwater_initial_credit": 1303.6233285281694, "breakwater_slo": 1205.481191127161}}, {"target": 0.8263181464481968, "params": {"breakwater_a": 0.5748947510377178, "breakwater_b": 1.4723296179561782, "breakwater_client_expiration": 23.20515890588293, "breakwater_initial_credit": 230.20278124339848, "breakwater_slo": 19998.836400107146}}]