[{"target": -999999999.0, "params": {"breakwater_a": 8.34044009405148, "breakwater_b": 1.4406489868843162, "breakwater_client_expiration": 0.5718740867244332, "breakwater_initial_credit": 605.3628126910477, "breakwater_rtt": 2935.117816342261, "breakwater_slo": 1937.5380358990762}}, {"target": -1.8500146276651115, "params": {"breakwater_a": 3.725204227553418, "breakwater_b": 0.6911214540860955, "breakwater_client_expiration": 1983.8373711533497, "breakwater_initial_credit": 1078.0946512727105, "breakwater_rtt": 8383.890288065895, "breakwater_slo": 13735.868057895514}}, {"target": -999999999.0, "params": {"breakwater_a": 4.089044994630349, "breakwater_b": 1.7562348727818908, "breakwater_client_expiration": 136.9379659896308, "breakwater_initial_credit": 1341.264552846626, "breakwater_rtt": 8346.09604734254, "breakwater_slo": 11217.927586070458}}, {"target": -1.6575379624316706, "params": {"breakwater_a": 2.8077387719046754, "breakwater_b": 0.3962029781697576, "breakwater_client_expiration": 4003.722843377683, "breakwater_initial_credit": 1936.5548898630757, "breakwater_rtt": 6268.483563184856, "breakwater_slo": 13877.22005181935}}, {"target": -1.595283293574742, "params": {"breakwater_a": 17.527783045920767, "breakwater_b": 1.7892133270076946, "breakwater_client_expiration": 425.22105684888953, "breakwater_initial_credit": 79.07051168253184, "breakwater_rtt": 3396.608391291378, "breakwater_slo": 17575.03581824532}}, {"target": -999999999.0, "params": {"breakwater_a": 1.966936676661002, "breakwater_b": 0.8422152500101043, "breakwater_client_expiration": 4789.44765075251, "breakwater_initial_credit": 1066.7974046610611, "breakwater_rtt": 13837.542279009467, "breakwater_slo": 6378.7610570206525}}, {"target": -999999999.0, "params": {"breakwater_a": 13.730018553631673, "breakwater_b": 1.6692513437947458, "breakwater_client_expiration": 91.44138672095903, "breakwater_initial_credit": 1500.5384855749899, "breakwater_rtt": 19777.221778129893, "breakwater_slo": 14988.496522158805}}, {"target": -999999999.0, "params": {"breakwater_a": 5.608879841288104, "breakwater_b": 1.578558656902977, "breakwater_client_expiration": 516.1300328882102, "breakwater_initial_credit": 896.3391588256344, "breakwater_rtt": 18171.910061861912, "breakwater_slo": 5942.921552636222}}, {"target": -999999999.0, "params": {"breakwater_a": 5.755506771726974, "breakwater_b": 0.26005714423655535, "breakwater_client_expiration": 96.83478935148537, "breakwater_initial_credit": 1357.992230346842, "breakwater_rtt": 4232.5623200011805, "breakwater_slo": 5384.378521507301}}, {"target": -0.5400983715916416, "params": {"breakwater_a": 9.831463185606765, "breakwater_b": 0.10672509023416077, "breakwater_client_expiration": 2870.5880274600654, "breakwater_initial_credit": 294.3104212367145, "breakwater_rtt": 11786.110738065685, "breakwater_slo": 14025.19136441653}}, {"target": -1.331610051755221, "params": {"breakwater_a": 11.228577611147019, "breakwater_b": 0.7507479522010945, "breakwater_client_expiration": 2394.485158473913, "breakwater_initial_credit": 1122.9309073217646, "breakwater_rtt": 2755.213848530631, "breakwater_slo": 12925.874479347869}}, {"target": -1.981733373266007, "params": {"breakwater_a": 17.488048879814162, "breakwater_b": 0.0, "breakwater_client_expiration": 4737.16942172948, "breakwater_initial_credit": 1.0, "breakwater_rtt": 8111.399814538597, "breakwater_slo": 17547.252230116348}}, {"target": -0.9419217023036519, "params": {"breakwater_a": 0.0, "breakwater_b": 0.0, "breakwater_client_expiration": 5000.0, "breakwater_initial_credit": 2000.0, "breakwater_rtt": 0.0, "breakwater_slo": 14984.925702077164}}, {"target": -999999999.0, "params": {"breakwater_a": 8.190369647040887, "breakwater_b": 0.24459444387932971, "breakwater_client_expiration": 3649.9080739473557, "breakwater_initial_credit": 1736.3039168072821, "breakwater_rtt": 13257.763437163137, "breakwater_slo": 7960.407581662137}}, {"target": -0.7969217392476823, "params": {"breakwater_a": 0.0, "breakwater_b": 0.0, "breakwater_client_expiration": 0.0, "breakwater_initial_credit": 2000.0, "breakwater_rtt": 0.0, "breakwater_slo": 11263.948218738531}}, {"target": -999999999.0, "params": {"breakwater_a": 0.0, "breakwater_b": 0.0, "breakwater_client_expiration": 5000.0, "breakwater_initial_credit": 2000.0, "breakwater_rtt": 16540.556417628326, "breakwater_slo": 20000.0}}, {"target": -0.21508111606565472, "params": {"breakwater_a": 0.0, "breakwater_b": 1.3777352065688222, "breakwater_client_expiration": 0.0, "breakwater_initial_credit": 2000.0, "breakwater_rtt": 8950.059237087667, "breakwater_slo": 18603.264359443685}}, {"target": -0.8774729996737911, "params": {"breakwater_a": 0.09234388041268637, "breakwater_b": 1.6420264012065484, "breakwater_client_expiration": 2562.261781735911, "breakwater_initial_credit": 1073.8159839912814, "breakwater_rtt": 14767.943554983549, "breakwater_slo": 18910.609475756984}}, {"target": -0.4193716483944088, "params": {"breakwater_a": 20.0, "breakwater_b": 2.0, "breakwater_client_expiration": 2085.058285463847, "breakwater_initial_credit": 1.0, "breakwater_rtt": 11513.303415896185, "breakwater_slo": 17149.163619015577}}, {"target": -999999999.0, "params": {"breakwater_a": 5.0980462566526175, "breakwater_b": 1.399644686292887, "breakwater_client_expiration": 9.383827383558918, "breakwater_initial_credit": 1941.8719979059254, "breakwater_rtt": 14158.783301019366, "breakwater_slo": 17574.622254016715}}, {"target": -999999999.0, "params": {"breakwater_a": 0.0, "breakwater_b": 0.0, "breakwater_client_expiration": 5000.0, "breakwater_initial_credit": 2000.0, "breakwater_rtt": 20000.0, "breakwater_slo": 100.0}}, {"target": -0.9461284764181468, "params": {"breakwater_a": 15.166390757724063, "breakwater_b": 0.40750021650226187, "breakwater_client_expiration": 1167.0621608347049, "breakwater_initial_credit": 1170.9249931427935, "breakwater_rtt": 15333.458657033367, "breakwater_slo": 19318.999829266057}}, {"target": -0.3623764829983332, "params": {"breakwater_a": 0.0, "breakwater_b": 0.0, "breakwater_client_expiration": 1938.5664456901698, "breakwater_initial_credit": 1.0, "breakwater_rtt": 6930.527670581722, "breakwater_slo": 17023.134548595153}}, {"target": -1.8969983814869753, "params": {"breakwater_a": 20.0, "breakwater_b": 2.0, "breakwater_client_expiration": 5000.0, "breakwater_initial_credit": 2000.0, "breakwater_rtt": 2943.4042161841676, "breakwater_slo": 17947.20101743175}}, {"target": -1.1443778761721985, "params": {"breakwater_a": 11.20164630556524, "breakwater_b": 1.1791247016355608, "breakwater_client_expiration": 3624.003630903277, "breakwater_initial_credit": 1517.40891038594, "breakwater_rtt": 8733.619147997164, "breakwater_slo": 13241.857551831627}}, {"target": -999999999.0, "params": {"breakwater_a": 20.0, "breakwater_b": 0.0, "breakwater_client_expiration": 4999.999999997688, "breakwater_initial_credit": 2000.0, "breakwater_rtt": 19999.999999990752, "breakwater_slo": 8649.244276013469}}, {"target": -999999999.0, "params": {"breakwater_a": 20.0, "breakwater_b": 2.0, "breakwater_client_expiration": 2313.3162285809913, "breakwater_initial_credit": 851.5154290880341, "breakwater_rtt": 8293.97047033078, "breakwater_slo": 16596.23997093089}}, {"target": -1.3941377424901857, "params": {"breakwater_a": 19.999999970819335, "breakwater_b": 1.9999999970819335, "breakwater_client_expiration": 0.0, "breakwater_initial_credit": 1.0, "breakwater_rtt": 0.0, "breakwater_slo": 20000.0}}, {"target": -2.2599735546216957, "params": {"breakwater_a": 3.293550496019801, "breakwater_b": 1.01378469052798, "breakwater_client_expiration": 4152.987326454034, "breakwater_initial_credit": 1983.7180612648667, "breakwater_rtt": 6438.04037097985, "breakwater_slo": 13747.838833466849}}, {"target": -0.4472764653428992, "params": {"breakwater_a": 0.0, "breakwater_b": 0.0, "breakwater_client_expiration": 3117.0732415607863, "breakwater_initial_credit": 767.8124513520947, "breakwater_rtt": 6951.764517462763, "breakwater_slo": 13094.83383886737}}, {"target": -999999999.0, "params": {"breakwater_a": 0.2895180150248522, "breakwater_b": 1.2813105474595612, "breakwater_client_expiration": 82.6284382855358, "breakwater_initial_credit": 1776.1414339205649, "breakwater_rtt": 18779.319052122937, "breakwater_slo": 4618.573999263251}}, {"target": -1.8776388288989148, "params": {"breakwater_a": 8.848892551707632, "breakwater_b": 1.0599081857419994, "breakwater_client_expiration": 2412.61101384379, "breakwater_initial_credit": 686.3079172623422, "breakwater_rtt": 3752.6765926017756, "breakwater_slo": 16725.90465450942}}, {"target": -999999999.0, "params": {"breakwater_a": 9.66808227454984, "breakwater_b": 1.5207634843425957, "breakwater_client_expiration": 4055.198338738721, "breakwater_initial_credit": 1562.201108388585, "breakwater_rtt": 17520.32915977042, "breakwater_slo": 14270.151802032677}}]