[{"target": 0.16254220671027492, "params": {"dagor_admission_level_update_interval": 15488.135039273247, "dagor_alpha": 1.0727840495586292, "dagor_beta": 0.30138168803582194, "dagor_queuing_threshold": 181732.47744953452, "dagor_umax": 9.625786388100284}}, {"target": 0.1801437486227028, "params": {"dagor_admission_level_update_interval": 16458.94113066656, "dagor_alpha": 0.6563808168940388, "dagor_beta": 0.4458865003910399, "dagor_queuing_threshold": 244549.4140751544, "dagor_umax": 8.901947338863998}}, {"target": 0.242306996251708, "params": {"dagor_admission_level_update_interval": 17917.250380826645, "dagor_alpha": 0.7933423796293567, "dagor_beta": 0.28402228054696615, "dagor_queuing_threshold": 238839.49574389914, "dagor_umax": 3.2786490475619647}}, {"target": 0.09432701209032072, "params": {"dagor_admission_level_update_interval": 10871.292997015407, "dagor_alpha": 0.03032759616048858, "dagor_beta": 0.416309922773969, "dagor_queuing_threshold": 216723.51264247758, "dagor_umax": 17.660218668442745}}, {"target": 0.3536518577552496, "params": {"dagor_admission_level_update_interval": 19786.18342232764, "dagor_alpha": 1.1987378463250855, "dagor_beta": 0.23073968112646592, "dagor_queuing_threshold": 217079.37644296832, "dagor_umax": 4.128939665640798}}, {"target": 0.15456018748415692, "params": {"dagor_admission_level_update_interval": 16399.210213275237, "dagor_alpha": 0.2150299311135696, "dagor_beta": 0.47233445852479194, "dagor_queuing_threshold": 178277.24826251075, "dagor_umax": 9.463914919829424}}, {"target": 0.6267701906261924, "params": {"dagor_admission_level_update_interval": 12645.55612104627, "dagor_alpha": 1.161350534151325, "dagor_beta": 0.22807516610827427, "dagor_queuing_threshold": 185265.09233029728, "dagor_umax": 2.3382164078543926}}, {"target": 0.0968934908982745, "params": {"dagor_admission_level_update_interval": 16176.35497075877, "dagor_alpha": 0.9181435840836321, "dagor_beta": 0.30846699843737846, "dagor_queuing_threshold": 241562.21177719362, "dagor_umax": 14.272765383862701}}, {"target": 0.10959270233859024, "params": {"dagor_admission_level_update_interval": 13595.07900573786, "dagor_alpha": 0.6555479306990122, "dagor_beta": 0.34881559796363243, "dagor_queuing_threshold": 109033.82074439048, "dagor_umax": 14.001800878022019}}, {"target": -0.0281532735664269, "params": {"dagor_admission_level_update_interval": 16706.378696181593, "dagor_alpha": 0.31557384161076135, "dagor_beta": 0.06446314882742665, "dagor_queuing_threshold": 147314.25263862757, "dagor_umax": 8.546793876967207}}, {"target": -0.13645284869662624, "params": {"dagor_admission_level_update_interval": 14328.763734464625, "dagor_alpha": 0.6672345857183983, "dagor_beta": 0.004618306272797856, "dagor_queuing_threshold": 214855.78220594762, "dagor_umax": 15.733999295609948}}, {"target": -0.09758858833248427, "params": {"dagor_admission_level_update_interval": 11143.98495018033, "dagor_alpha": 0.14389703478158516, "dagor_beta": 0.34565469523190046, "dagor_queuing_threshold": 185669.1364733428, "dagor_umax": 19.365477321745438}}, {"target": 0.49834035822064027, "params": {"dagor_admission_level_update_interval": 10417.681695197703, "dagor_alpha": 0.027128005220646012, "dagor_beta": 0.052927692877696164, "dagor_queuing_threshold": 103328.98279297948, "dagor_umax": 3.3944284645100096}}, {"target": 0.45734674316781004, "params": {"dagor_admission_level_update_interval": 17397.8382532407, "dagor_alpha": 0.23556243601172044, "dagor_beta": 0.45592955952643255, "dagor_queuing_threshold": 215453.20970734148, "dagor_umax": 3.5188579519253365}}, {"target": 0.1207063236441435, "params": {"dagor_admission_level_update_interval": 16319.258922946774, "dagor_alpha": 0.5380807054470403, "dagor_beta": 0.15163516970456198, "dagor_queuing_threshold": 216884.70188328272, "dagor_umax": 12.352591301012218}}, {"target": 0.1552956272965074, "params": {"dagor_admission_level_update_interval": 18738.17176485163, "dagor_alpha": 0.5417578787145434, "dagor_beta": 0.1623540689436424, "dagor_queuing_threshold": 192223.01135995594, "dagor_umax": 9.55538535383365}}, {"target": 0.29412869013997794, "params": {"dagor_admission_level_update_interval": 16766.44401481643, "dagor_alpha": 1.3396975477840285, "dagor_beta": 0.49881681875865197, "dagor_queuing_threshold": 188489.84193187303, "dagor_umax": 5.746776258854932}}, {"target": 0.7142560359976351, "params": {"dagor_admission_level_update_interval": 14205.04896433889, "dagor_alpha": 1.2401256062554267, "dagor_beta": 0.4152843304837744, "dagor_queuing_threshold": 241150.6721151955, "dagor_umax": 2.8089670390492056}}, {"target": 0.07663638756201094, "params": {"dagor_admission_level_update_interval": 14874.289349441227, "dagor_alpha": 1.1202750057113744, "dagor_beta": 0.30557921271093597, "dagor_queuing_threshold": 242147.5900991131, "dagor_umax": 19.279600796708458}}, {"target": 0.18188574191978374, "params": {"dagor_admission_level_update_interval": 16700.256243373355, "dagor_alpha": 0.0, "dagor_beta": 0.0, "dagor_queuing_threshold": 146864.58382002357, "dagor_umax": 8.035684136782058}}, {"target": 0.08581806180868293, "params": {"dagor_admission_level_update_interval": 14079.226172478795, "dagor_alpha": 0.9349926751190887, "dagor_beta": 0.37876733681311586, "dagor_queuing_threshold": 149724.179397901, "dagor_umax": 18.623460911225703}}, {"target": 0.1637095589991008, "params": {"dagor_admission_level_update_interval": 16437.960566965372, "dagor_alpha": 0.5702123752526834, "dagor_beta": 0.0, "dagor_queuing_threshold": 145572.02494858534, "dagor_umax": 9.055019778083699}}, {"target": 0.07934825574547956, "params": {"dagor_admission_level_update_interval": 17511.849384265006, "dagor_alpha": 1.069756694319659, "dagor_beta": 0.16489016497197445, "dagor_queuing_threshold": 215474.2288849461, "dagor_umax": 19.84394867163342}}, {"target": -0.09053040245683038, "params": {"dagor_admission_level_update_interval": 10904.838744645765, "dagor_alpha": 0.9049319063068297, "dagor_beta": 0.3647674010804599, "dagor_queuing_threshold": 242715.85377635405, "dagor_umax": 14.322239965202881}}, {"target": 0.07746239277138682, "params": {"dagor_admission_level_update_interval": 16923.679651175025, "dagor_alpha": 1.5, "dagor_beta": 0.0, "dagor_queuing_threshold": 147219.75031055542, "dagor_umax": 19.999999955261806}}, {"target": -0.07281752909295695, "params": {"dagor_admission_level_update_interval": 14168.741597333299, "dagor_alpha": 1.016390804156479, "dagor_beta": 0.27508734483134906, "dagor_queuing_threshold": 241158.66691596093, "dagor_umax": 13.826247492289745}}, {"target": 0.06802922680990788, "params": {"dagor_admission_level_update_interval": 10000.0, "dagor_alpha": 1.4281334295621861, "dagor_beta": 0.4292371917895812, "dagor_queuing_threshold": 100000.0, "dagor_umax": 20.0}}, {"target": 0.040765807884733975, "params": {"dagor_admission_level_update_interval": 12374.416845225462, "dagor_alpha": 0.37831423386407903, "dagor_beta": 0.05981181482213199, "dagor_queuing_threshold": 227022.416782172, "dagor_umax": 6.505420299830572}}, {"target": 0.08668110794807865, "params": {"dagor_admission_level_update_interval": 16721.649594336624, "dagor_alpha": 0.0, "dagor_beta": 0.5, "dagor_queuing_threshold": 146381.69281499565, "dagor_umax": 19.566457537620984}}, {"target": 0.4783381504181516, "params": {"dagor_admission_level_update_interval": 11771.800662809252, "dagor_alpha": 0.6688747993745225, "dagor_beta": 0.13796539710767947, "dagor_queuing_threshold": 146056.64739808478, "dagor_umax": 3.883963200928878}}, {"target": 0.6800103137265779, "params": {"dagor_admission_level_update_interval": 12183.161924582204, "dagor_alpha": 1.267409055675993, "dagor_beta": 0.38929535341373217, "dagor_queuing_threshold": 162263.88728892454, "dagor_umax": 2.390186142814981}}, {"target": -0.09494045155666807, "params": {"dagor_admission_level_update_interval": 12122.501379808575, "dagor_alpha": 1.0939456007793669, "dagor_beta": 0.45090355871125654, "dagor_queuing_threshold": 180945.94033644578, "dagor_umax": 12.725291167817728}}, {"target": -0.11382389788399905, "params": {"dagor_admission_level_update_interval": 10036.377545631587, "dagor_alpha": 0.712604975950645, "dagor_beta": 0.31387536089434126, "dagor_queuing_threshold": 126702.62435267706, "dagor_umax": 10.183319967934995}}]