[{"target": 0.34092042395483413, "params": {"breakwater_a": 12.51066014107722, "breakwater_b": 7.203244934421581, "breakwater_client_expiration": 1.5717597119070883, "breakwater_initial_credit": 121.63069648010406, "breakwater_rtt": 2935.117816342261, "breakwater_slo": 13693.543790751912, "breakwaterd_a": 1.862602113776709, "breakwaterd_b": 3.4556072704304777, "breakwaterd_client_expiration": 45709.07268076029, "breakwaterd_initial_credit": 2694.5448532827813, "breakwaterd_rtt": 8964.695773662601, "breakwaterd_slo": 57965.365027773165}}, {"target": 0.1791912840888748, "params": {"breakwater_a": 6.133567491945523, "breakwater_b": 8.781174363909454, "breakwater_client_expiration": 137.9105783964329, "breakwater_initial_credit": 268.5165365611825, "breakwater_rtt": 8346.09604734254, "breakwater_slo": 32347.593137830067, "breakwaterd_a": 1.4038693859523377, "breakwaterd_b": 1.981014890848788, "breakwaterd_client_expiration": 82067.0111807983, "breakwaterd_initial_credit": 4841.339617021268, "breakwaterd_rtt": 6955.059385025614, "breakwaterd_slo": 58462.58309685199}}, {"target": -999999999.0, "params": {"breakwater_a": 26.29167456888115, "breakwater_b": 8.946066635038473, "breakwater_client_expiration": 426.1360126375198, "breakwater_initial_credit": 16.58285850992006, "breakwater_rtt": 3396.608391291378, "breakwater_slo": 45125.70013717652, "breakwaterd_a": 0.983468338330501, "breakwaterd_b": 4.211076250050522, "breakwaterd_client_expiration": 96210.05771354517, "breakwaterd_initial_credit": 2666.293259580112, "breakwaterd_rtt": 14145.665165058994, "breakwaterd_slo": 32086.094170424407}}, {"target": -999999999.0, "params": {"breakwater_a": 20.59502783044751, "breakwater_b": 8.346256718973729, "breakwater_client_expiration": 92.42309844361483, "breakwater_initial_credit": 300.307581663042, "breakwater_rtt": 19777.221778129893, "breakwater_slo": 39926.626175193574, "breakwaterd_a": 2.804439920644052, "breakwaterd_b": 7.892793284514886, "breakwaterd_client_expiration": 19290.340591987784, "breakwaterd_initial_credit": 2240.01973735335, "breakwaterd_rtt": 18263.314558768816, "breakwaterd_slo": 30552.990386157566}}, {"target": 0.29006203866180486, "params": {"breakwater_a": 8.633260157590462, "breakwater_b": 1.3002857211827767, "breakwater_client_expiration": 97.81542239361508, "breakwater_initial_credit": 271.8553776430165, "breakwater_rtt": 4232.5623200011805, "breakwater_slo": 20621.866374889047, "breakwaterd_a": 4.9157315928033825, "breakwaterd_b": 0.5336254511708038, "breakwaterd_client_expiration": 61670.584494281175, "breakwaterd_initial_credit": 734.4961459541449, "breakwaterd_rtt": 12196.8052011624, "breakwaterd_slo": 58983.08520146518}}, {"target": 0.20634236451682872, "params": {"breakwater_a": 3.070032864834775, "breakwater_b": 4.140559878195683, "breakwater_client_expiration": 3472.3063884809976, "breakwater_initial_credit": 166.25752854123417, "breakwater_rtt": 999.0691789217432, "breakwater_slo": 31435.856236620464, "breakwaterd_a": 6.637946452197888, "breakwaterd_b": 5.148891120583086, "breakwaterd_client_expiration": 95013.5280391732, "breakwaterd_initial_credit": 2933.1886474694625, "breakwaterd_rtt": 18164.636390469786, "breakwaterd_slo": 19623.229290236624}}, {"target": 0.33580689562196303, "params": {"breakwater_a": 4.178290417522756, "breakwater_b": 8.073912887095238, "breakwater_client_expiration": 1988.9865080906823, "breakwater_initial_credit": 66.97632464965618, "breakwater_rtt": 18550.171607920678, "breakwater_slo": 23910.63438982026, "breakwaterd_a": 7.508121031361555, "breakwaterd_b": 7.259979853504515, "breakwaterd_client_expiration": 89497.54820852289, "breakwaterd_initial_credit": 3118.737363070989, "breakwaterd_rtt": 15267.906246519406, "breakwaterd_slo": 34422.88393844898}}, {"target": 0.1763941466644073, "params": {"breakwater_a": 8.097836752950782, "breakwater_b": 8.958862181960669, "breakwater_client_expiration": 2141.0278581666034, "breakwater_initial_credit": 385.97117881220584, "breakwater_rtt": 13268.829956368962, "breakwater_slo": 34867.82880836487, "breakwaterd_a": 1.1474597295337519, "breakwaterd_b": 9.494892587070712, "breakwaterd_client_expiration": 50492.09201319465, "breakwaterd_initial_credit": 2892.3696823212717, "breakwaterd_rtt": 8754.599252464342, "breakwaterd_slo": 26591.88861701194}}, {"target": -4.236725874346923, "params": {"breakwater_a": 27.101385616867613, "breakwater_b": 5.7367948667228585, "breakwater_client_expiration": 15.348764828763692, "breakwater_initial_credit": 247.2408205346688, "breakwater_rtt": 6532.898035441923, "breakwater_slo": 31082.324090304373, "breakwaterd_a": 8.859420993107745, "breakwaterd_b": 3.5726976000249975, "breakwaterd_client_expiration": 91768.16358278193, "breakwaterd_initial_credit": 3117.177218843222, "breakwaterd_rtt": 1300.6036140845695, "breakwaterd_slo": 75060.60636206329}}, {"target": 0.22088613094881734, "params": {"breakwater_a": 20.72690752550772, "breakwater_b": 9.973228504514806, "breakwater_client_expiration": 862.5302012182974, "breakwater_initial_credit": 55.71716410192222, "breakwater_rtt": 18651.909260743272, "breakwater_slo": 37872.72645959601, "breakwaterd_a": 0.6600017272206249, "breakwaterd_b": 7.554630526024663, "breakwaterd_client_expiration": 77848.85696151217, "breakwaterd_initial_credit": 4615.19965319687, "breakwaterd_rtt": 14518.970413940964, "breakwaterd_slo": 18698.96733805153}}, {"target": 0.22078915507469965, "params": {"breakwater_a": 7.74265239683669, "breakwater_b": 4.1729548956761615, "breakwater_client_expiration": 1239.8172837026607, "breakwater_initial_credit": 385.49514190413015, "breakwater_rtt": 3333.152535090382, "breakwater_slo": 36922.764017794485, "breakwaterd_a": 7.343868416364185, "breakwaterd_b": 5.862733321486044, "breakwaterd_client_expiration": 83015.22074420127, "breakwaterd_initial_credit": 1293.14751134334, "breakwaterd_rtt": 8830.618574852047, "breakwaterd_slo": 51839.75595833645}}, {"target": -999999999.0, "params": {"breakwater_a": 8.52203709658313, "breakwater_b": 9.873027806416664, "breakwater_client_expiration": 4947.883785232536, "breakwater_initial_credit": 108.8021693336423, "breakwater_rtt": 18100.49426729358, "breakwater_slo": 28396.835549928535, "breakwaterd_a": 9.892631925098605, "breakwaterd_b": 7.16324267765976, "breakwaterd_client_expiration": 45230.961571089894, "breakwaterd_initial_credit": 1415.0592685737847, "breakwaterd_rtt": 16898.628883465746, "breakwaterd_slo": 11335.960819934773}}, {"target": 0.38154530852849994, "params": {"breakwater_a": 25.207288874023742, "breakwater_b": 4.801880451158127, "breakwater_client_expiration": 4665.305516020277, "breakwater_initial_credit": 379.92870677024456, "breakwater_rtt": 12881.350017090012, "breakwater_slo": 27620.718994199397, "breakwaterd_a": 8.065554750541684, "breakwaterd_b": 1.0586457982971709, "breakwaterd_client_expiration": 55235.85479985281, "breakwaterd_initial_credit": 3726.6618762651406, "breakwaterd_rtt": 7468.585195783741, "breakwaterd_slo": 58031.87028029592}}, {"target": 0.19838632439342593, "params": {"breakwater_a": 0.0, "breakwater_b": 5.382034363135034e-11, "breakwater_client_expiration": 3374.7362847272634, "breakwater_initial_credit": 400.0, "breakwater_rtt": 7734.367481058886, "breakwater_slo": 22367.32007765813, "breakwaterd_a": 1.087293260065755e-10, "breakwaterd_b": 9.999999999660456, "breakwaterd_client_expiration": 73223.5591000816, "breakwaterd_initial_credit": 1525.5765820779195, "breakwaterd_rtt": 8570.323764319948, "breakwaterd_slo": 47015.535228037435}}, {"target": 0.24808286614295694, "params": {"breakwater_a": 4.193612950753072, "breakwater_b": 3.3529879796635544, "breakwater_client_expiration": 2564.845797617395, "breakwater_initial_credit": 385.7617322501084, "breakwater_rtt": 6730.210794817322, "breakwater_slo": 19019.28884404657, "breakwaterd_a": 2.0127144757281568, "breakwaterd_b": 1.0302237696336403, "breakwaterd_client_expiration": 50434.298259622876, "breakwaterd_initial_credit": 2936.922563068117, "breakwaterd_rtt": 9849.97333726849, "breakwaterd_slo": 31409.4387358679}}, {"target": 0.1960011672585133, "params": {"breakwater_a": 0.0, "breakwater_b": 4.097279311405175, "breakwater_client_expiration": 4667.017860139812, "breakwater_initial_credit": 291.76934011878615, "breakwater_rtt": 6454.131827539204, "breakwater_slo": 20324.831217793326, "breakwaterd_a": 4.319481513141069, "breakwaterd_b": 10.0, "breakwaterd_client_expiration": 89645.12375709713, "breakwaterd_initial_credit": 3700.6782923568653, "breakwaterd_rtt": 18790.561152711864, "breakwaterd_slo": 16482.035519177993}}, {"target": 0.18251293500666146, "params": {"breakwater_a": 8.404402694420323, "breakwater_b": 0.9616420856704411, "breakwater_client_expiration": 4939.236680853937, "breakwater_initial_credit": 151.25665852436546, "breakwater_rtt": 17211.574459360447, "breakwater_slo": 17037.46046537589, "breakwaterd_a": 4.135466728804742, "breakwaterd_b": 5.294691277091533, "breakwaterd_client_expiration": 86590.90052262008, "breakwaterd_initial_credit": 800.0869147960134, "breakwaterd_rtt": 18707.962081516405, "breakwaterd_slo": 71813.01691905572}}, {"target": 0.24990506345564792, "params": {"breakwater_a": 22.7005236421519, "breakwater_b": 0.12163670381664993, "breakwater_client_expiration": 4754.8507083581635, "breakwater_initial_credit": 362.4715723398637, "breakwater_rtt": 10274.575861464527, "breakwater_slo": 11306.871761507997, "breakwaterd_a": 1.5280118517932095, "breakwaterd_b": 3.2184178108187558, "breakwaterd_client_expiration": 36422.97953304119, "breakwaterd_initial_credit": 1631.6802055489272, "breakwaterd_rtt": 3846.21681308227, "breakwaterd_slo": 49838.438204575046}}, {"target": -999999999.0, "params": {"breakwater_a": 14.790032562609088, "breakwater_b": 2.4044960186137843, "breakwater_client_expiration": 4320.545424895791, "breakwater_initial_credit": 167.0904552741751, "breakwater_rtt": 12908.611744232838, "breakwater_slo": 23939.48589877945, "breakwaterd_a": 9.1850325109432, "breakwaterd_b": 1.704705800198969, "breakwaterd_client_expiration": 16846.985700541227, "breakwaterd_initial_credit": 1298.4276693316715, "breakwaterd_rtt": 6298.771996647466, "breakwaterd_slo": 37175.81563529546}}, {"target": 0.32891216987055966, "params": {"breakwater_a": 23.504243577782827, "breakwater_b": 2.4424451623766363, "breakwater_client_expiration": 3473.0158078854042, "breakwater_initial_credit": 298.16325600934164, "breakwater_rtt": 8929.80869072452, "breakwater_slo": 46985.12014955077, "breakwaterd_a": 1.1099505166385704, "breakwaterd_b": 6.557082516306229, "breakwaterd_client_expiration": 60686.82749767179, "breakwaterd_initial_credit": 550.2979494399256, "breakwaterd_rtt": 6423.11916518316, "breakwaterd_slo": 47136.09432467558}}, {"target": 0.2702468494106761, "params": {"breakwater_a": 20.729688670527914, "breakwater_b": 6.773646863654683, "breakwater_client_expiration": 4499.303856187973, "breakwater_initial_credit": 146.5051586624801, "breakwater_rtt": 14378.038147330066, "breakwater_slo": 27109.70336204077, "breakwaterd_a": 3.1832280950645897, "breakwaterd_b": 2.3545609183922958, "breakwaterd_client_expiration": 54915.90297091998, "breakwaterd_initial_credit": 2403.9918052593202, "breakwaterd_rtt": 5389.093864786467, "breakwaterd_slo": 57729.81008111808}}, {"target": 0.29082590294435495, "params": {"breakwater_a": 2.5358929226401683, "breakwater_b": 0.0, "breakwater_client_expiration": 5000.0, "breakwater_initial_credit": 400.0, "breakwater_rtt": 20000.0, "breakwater_slo": 10000.0, "breakwaterd_a": 6.9522007653769595, "breakwaterd_b": 4.840624413393262, "breakwaterd_client_expiration": 54490.75920912376, "breakwaterd_initial_credit": 5000.0, "breakwaterd_rtt": 17529.949380704504, "breakwaterd_slo": 54870.424148449325}}, {"target": 0.3096588759769738, "params": {"breakwater_a": 9.675488115556668, "breakwater_b": 0.8490643037437662, "breakwater_client_expiration": 2013.4888089817866, "breakwater_initial_credit": 163.20120949285254, "breakwater_rtt": 5395.386860165517, "breakwater_slo": 36877.384951956934, "breakwaterd_a": 3.4590390179367416, "breakwaterd_b": 2.7556086803845004, "breakwaterd_client_expiration": 84248.95883992469, "breakwaterd_initial_credit": 3942.660401457142, "breakwaterd_rtt": 9645.659411289942, "breakwaterd_slo": 52708.39419564763}}, {"target": -999999999.0, "params": {"breakwater_a": 0.7423632143911318, "breakwater_b": 0.057827971961323645, "breakwater_client_expiration": 5000.0, "breakwater_initial_credit": 1.0, "breakwater_rtt": 1322.013897023548, "breakwater_slo": 40458.969455727434, "breakwaterd_a": 0.0, "breakwaterd_b": 0.03528798625585445, "breakwaterd_client_expiration": 78536.57019179125, "breakwaterd_initial_credit": 1.0, "breakwaterd_rtt": 15851.600980558682, "breakwaterd_slo": 64832.610651168034}}, {"target": 0.33151050635191814, "params": {"breakwater_a": 30.0, "breakwater_b": 9.300456093340252e-09, "breakwater_client_expiration": 1193.667401154909, "breakwater_initial_credit": 400.0, "breakwater_rtt": 13327.029920890023, "breakwater_slo": 35620.373073167175, "breakwaterd_a": 8.86072379478301e-08, "breakwaterd_b": 3.9653902730850756, "breakwaterd_client_expiration": 48236.70665652307, "breakwaterd_initial_credit": 1101.6821367212085, "breakwaterd_rtt": 4885.316387241605, "breakwaterd_slo": 52667.007290426984}}, {"target": 0.2217491916091491, "params": {"breakwater_a": 22.566346284709386, "breakwater_b": 9.016771316765022, "breakwater_client_expiration": 4601.942189763641, "breakwater_initial_credit": 168.8110844634322, "breakwater_rtt": 1616.4171442795582, "breakwater_slo": 41890.281151664065, "breakwaterd_a": 6.995262626643976, "breakwaterd_b": 2.530386532789869, "breakwaterd_client_expiration": 58392.341205234516, "breakwaterd_initial_credit": 4265.207926316872, "breakwaterd_rtt": 8193.087276018225, "breakwaterd_slo": 17113.091896328035}}, {"target": 0.16507668687781735, "params": {"breakwater_a": 2.9386976058046333e-08, "breakwater_b": 9.99999999020434, "breakwater_client_expiration": 1.0, "breakwater_initial_credit": 1.000000176230936, "breakwater_rtt": 12945.19528432453, "breakwater_slo": 41482.383851685816, "breakwaterd_a": 9.795658686015444e-09, "breakwaterd_b": 9.795658686015444e-09, "breakwaterd_client_expiration": 85136.81383620347, "breakwaterd_initial_credit": 5000.0, "breakwaterd_rtt": 1000.0, "breakwaterd_slo": 48223.611229090086}}, {"target": -999999999.0, "params": {"breakwater_a": 0.46158287733440173, "breakwater_b": 0.0, "breakwater_client_expiration": 5000.0, "breakwater_initial_credit": 169.77142035330309, "breakwater_rtt": 8146.150162524687, "breakwater_slo": 10013.368299016818, "breakwaterd_a": 0.0, "breakwaterd_b": 10.0, "breakwaterd_client_expiration": 10000.0, "breakwaterd_initial_credit": 1.0, "breakwaterd_rtt": 5836.49033278537, "breakwaterd_slo": 37337.7624511382}}, {"target": 0.20577547541638172, "params": {"breakwater_a": 6.233079197701818, "breakwater_b": 1.9010699397800745e-07, "breakwater_client_expiration": 5000.0, "breakwater_initial_credit": 1.0, "breakwater_rtt": 20000.0, "breakwater_slo": 47282.66026850003, "breakwaterd_a": 10.0, "breakwaterd_b": 8.182791071314698, "breakwaterd_client_expiration": 52245.3486031521, "breakwaterd_initial_credit": 3500.7290351609545, "breakwaterd_rtt": 5075.8867499021235, "breakwaterd_slo": 58167.408924267154}}, {"target": -999999999.0, "params": {"breakwater_a": 30.0, "breakwater_b": 0.0, "breakwater_client_expiration": 3227.8626333797465, "breakwater_initial_credit": 400.0, "breakwater_rtt": 17966.791068650848, "breakwater_slo": 18568.94447685712, "breakwaterd_a": 1.512397558107722, "breakwaterd_b": 0.0, "breakwaterd_client_expiration": 59322.50573668086, "breakwaterd_initial_credit": 1.0, "breakwaterd_rtt": 9525.960210384288, "breakwaterd_slo": 66494.33987938696}}, {"target": 0.302160035803976, "params": {"breakwater_a": 11.444168937806836, "breakwater_b": 10.0, "breakwater_client_expiration": 5000.0, "breakwater_initial_credit": 150.90512507016885, "breakwater_rtt": 16117.12181654776, "breakwater_slo": 30355.7574608454, "breakwaterd_a": 6.136952915501849, "breakwaterd_b": 0.0, "breakwaterd_client_expiration": 56301.838537263204, "breakwaterd_initial_credit": 5000.0, "breakwaterd_rtt": 5001.284235896662, "breakwaterd_slo": 50534.64052371788}}]