[{"target": 0.34429087269837155, "params": {"breakwater_a": 8.34044009405148, "breakwater_b": 0.7203244934421581, "breakwater_client_expiration": 0.5718740867244332, "breakwater_initial_credit": 605.3628126910477, "breakwater_slo": 819.1038650038539}}, {"target": -8.016119763660827, "params": {"breakwater_a": 1.846771895375956, "breakwater_b": 0.1862602113776709, "breakwater_client_expiration": 1727.8036352152387, "breakwater_initial_credit": 794.1381809871092, "breakwater_slo": 2740.201996616449}}, {"target": -999999999.0, "params": {"breakwater_a": 8.383890288065896, "breakwater_b": 0.6852195003967595, "breakwater_client_expiration": 1022.2612486575872, "breakwater_initial_credit": 1756.3567553454998, "breakwater_slo": 234.1992066698382}}, {"target": -0.3496572674317146, "params": {"breakwater_a": 13.409350203568044, "breakwater_b": 0.41730480236712697, "breakwater_client_expiration": 2793.4491422287583, "breakwater_initial_credit": 281.6334902518723, "breakwater_slo": 1070.6972965159061}}, {"target": -1.9852928371383947, "params": {"breakwater_a": 16.014891373510732, "breakwater_b": 0.9682615757193975, "breakwater_client_expiration": 1567.120890796214, "breakwater_initial_credit": 1384.952908722959, "breakwater_slo": 4394.306846250588}}, {"target": -2.7135198039452733, "params": {"breakwater_a": 17.892133270076947, "breakwater_b": 0.08504421136977791, "breakwater_client_expiration": 195.27391616441182, "breakwater_initial_credit": 340.49100870957324, "breakwater_slo": 4402.898266804124}}, {"target": -3.6887733710582555, "params": {"breakwater_a": 1.966936676661002, "breakwater_b": 0.42110762500505217, "breakwater_client_expiration": 4789.44765075251, "breakwater_initial_credit": 1066.7974046610611, "breakwater_slo": 3490.1978583573195}}, {"target": -2.4445454658527375, "params": {"breakwater_a": 6.310312620121259, "breakwater_b": 0.6865009276815837, "breakwater_client_expiration": 4173.128359486865, "breakwater_initial_credit": 37.55826641103942, "breakwater_slo": 3775.7071432303405}}, {"target": -0.4397458774876437, "params": {"breakwater_a": 19.777221778129896, "breakwater_b": 0.7481656543798394, "breakwater_client_expiration": 1402.2199603220258, "breakwater_initial_credit": 1578.7693775745256, "breakwater_slo": 605.807432230446}}, {"target": -0.176504112324089, "params": {"breakwater_a": 8.957870523518103, "breakwater_b": 0.9085955030930956, "breakwater_client_expiration": 1468.0707418683976, "breakwater_initial_credit": 576.2629018341112, "breakwater_slo": 737.1400033795607}}, {"target": -1.1727498845259223, "params": {"breakwater_a": 15.608462173129393, "breakwater_b": 0.9486867824137591, "breakwater_client_expiration": 1170.332075499066, "breakwater_initial_credit": 1865.782541848688, "breakwater_slo": 1351.1220542354285}}, {"target": -2.082398019367378, "params": {"breakwater_a": 5.997972657240968, "breakwater_b": 0.4584627199742204, "breakwater_client_expiration": 2930.6887734316483, "breakwater_initial_credit": 1486.432271125594, "breakwater_slo": 2423.5681681493006}}, {"target": -2.4355390245076305, "params": {"breakwater_a": 14.723576065547414, "breakwater_b": 0.6904603364975129, "breakwater_client_expiration": 479.3222549277876, "breakwater_initial_credit": 1349.5747558868156, "breakwater_slo": 3294.1951708223837}}, {"target": -0.3201146085456049, "params": {"breakwater_a": 7.769550804854665, "breakwater_b": 0.9257522059765683, "breakwater_client_expiration": 4243.835901031722, "breakwater_initial_credit": 1173.4813627754872, "breakwater_slo": 1174.9939146925553}}, {"target": -2.8659074570481926, "params": {"breakwater_a": 2.624038683842911, "breakwater_b": 0.12185558816373021, "breakwater_client_expiration": 1564.508930205203, "breakwater_initial_credit": 851.4463209833909, "breakwater_slo": 1210.0348074721098}}, {"target": -2.5926097142933253, "params": {"breakwater_a": 4.676903856883293, "breakwater_b": 0.1373789474400865, "breakwater_client_expiration": 4419.807563811202, "breakwater_initial_credit": 12.761889559970317, "breakwater_slo": 3769.644023553727}}, {"target": -2.6541027853260033, "params": {"breakwater_a": 11.008879153663829, "breakwater_b": 0.21405147410338, "breakwater_client_expiration": 4913.333882098755, "breakwater_initial_credit": 853.2838645083901, "breakwater_slo": 4142.739681479592}}, {"target": -0.25679725835059763, "params": {"breakwater_a": 16.716914611801073, "breakwater_b": 0.6354097106711127, "breakwater_client_expiration": 1522.3495085393736, "breakwater_initial_credit": 1243.7400382273934, "breakwater_slo": 862.1466213868882}}, {"target": -0.5799578929690182, "params": {"breakwater_a": 0.7228602907406101, "breakwater_b": 0.1537842472558918, "breakwater_client_expiration": 1365.1745732316251, "breakwater_initial_credit": 426.27941712348553, "breakwater_slo": 1279.7652421747775}}, {"target": -0.21298831609484042, "params": {"breakwater_a": 20.0, "breakwater_b": 0.5385950312286141, "breakwater_client_expiration": 1613.5366551902187, "breakwater_initial_credit": 1726.9865840937607, "breakwater_slo": 993.1944861254076}}, {"target": -999999999.0, "params": {"breakwater_a": 4.798188577112958, "breakwater_b": 0.7504374738238592, "breakwater_client_expiration": 1415.2505849395945, "breakwater_initial_credit": 598.077388955584, "breakwater_slo": 678.0222350426146}}, {"target": -4.742186872548152, "params": {"breakwater_a": 6.778855109976892, "breakwater_b": 0.9864880778035064, "breakwater_client_expiration": 1842.8434415451627, "breakwater_initial_credit": 1987.861828634627, "breakwater_slo": 4938.919865652019}}, {"target": -2.094002591948396, "params": {"breakwater_a": 3.3730079246863465, "breakwater_b": 0.7501396912688755, "breakwater_client_expiration": 929.1710726120772, "breakwater_initial_credit": 980.437176194291, "breakwater_slo": 3612.587478017065}}, {"target": -2.43361380034771, "params": {"breakwater_a": 4.5872737413332825, "breakwater_b": 0.6001449412129564, "breakwater_client_expiration": 1480.8241711672426, "breakwater_initial_credit": 1681.3478728441135, "breakwater_slo": 1811.4947609164353}}, {"target": -2.2984166677741373, "params": {"breakwater_a": 10.610081579971833, "breakwater_b": 0.57668438293028, "breakwater_client_expiration": 4410.163908997519, "breakwater_initial_credit": 1674.7832617490365, "breakwater_slo": 3680.2656810703234}}, {"target": -2.7218599737605924, "params": {"breakwater_a": 1.616451169492954, "breakwater_b": 0.26655044130329575, "breakwater_client_expiration": 2386.8936703906825, "breakwater_initial_credit": 1285.1263998553236, "breakwater_slo": 4551.720467925265}}, {"target": -0.30245664148458135, "params": {"breakwater_a": 17.183438918392003, "breakwater_b": 0.042195580067180494, "breakwater_client_expiration": 2107.4470462031923, "breakwater_initial_credit": 1906.567614613298, "breakwater_slo": 707.7045747632333}}, {"target": -0.4240206759526518, "params": {"breakwater_a": 2.954721323413556, "breakwater_b": 0.594940424818692, "breakwater_client_expiration": 3357.4651057721494, "breakwater_initial_credit": 105.87136478899639, "breakwater_slo": 1513.983293920252}}, {"target": -0.2260640879958146, "params": {"breakwater_a": 3.2706229867048076, "breakwater_b": 0.5980232035266866, "breakwater_client_expiration": 236.6474439991395, "breakwater_initial_credit": 114.28693737397073, "breakwater_slo": 1937.9337023751043}}, {"target": -5.624375526765535, "params": {"breakwater_a": 1.8587243924757146, "breakwater_b": 0.1995678684389538, "breakwater_client_expiration": 1544.476599746508, "breakwater_initial_credit": 1415.3100208921476, "breakwater_slo": 2853.7540060866227}}, {"target": -3.894290994977136, "params": {"breakwater_a": 0.9396646909677187, "breakwater_b": 0.24342169700072802, "breakwater_client_expiration": 2318.125521273261, "breakwater_initial_credit": 774.5247720338036, "breakwater_slo": 4974.457666605827}}, {"target": -4.0473164641395005, "params": {"breakwater_a": 14.474008137274229, "breakwater_b": 0.6665810525620547, "breakwater_client_expiration": 2909.115466182475, "breakwater_initial_credit": 63.41225138806364, "breakwater_slo": 4039.756078992018}}, {"target": -0.9146819835540589, "params": {"breakwater_a": 8.015517145252556, "breakwater_b": 0.016852980842659404, "breakwater_client_expiration": 4238.319334072529, "breakwater_initial_credit": 1161.3779180344418, "breakwater_slo": 1218.8161379826329}}]