[{"target": -0.21257917394757742, "params": {"breakwater_a": 5.488180157922855, "breakwater_b": 0.021740491624800164, "breakwater_client_expiration": 15466.321025719453, "breakwater_initial_credit": 549.4343511669279, "breakwater_slo": 853073.0506844204}}, {"target": -0.551041605528974, "params": {"breakwater_a": 6.458976541255255, "breakwater_b": 0.013690029126618083, "breakwater_client_expiration": 22402.552018769915, "breakwater_initial_credit": 964.026132896019, "breakwater_slo": 773048.6224632977}}, {"target": -0.16606593537261558, "params": {"breakwater_a": 7.917271208322838, "breakwater_b": 0.01633795267283423, "breakwater_client_expiration": 14633.069466254376, "breakwater_initial_credit": 926.3406719097344, "breakwater_slo": 151361.75581379503}}, {"target": -0.21158471903243653, "params": {"breakwater_a": 0.8713842840854369, "breakwater_b": 0.0015863335257694459, "breakwater_client_expiration": 20982.87629315051, "breakwater_initial_credit": 780.375183440352, "breakwater_slo": 1741324.17501117}}, {"target": -0.2717707092138629, "params": {"breakwater_a": 9.786185560493417, "breakwater_b": 0.024175598362284983, "breakwater_client_expiration": 12075.504694070365, "breakwater_initial_credit": 782.7238845235909, "breakwater_slo": 245366.1074791771}}, {"target": -0.3698549336870026, "params": {"breakwater_a": 6.399246221173105, "breakwater_b": 0.005157245334862346, "breakwater_client_expiration": 23672.054009190015, "breakwater_initial_credit": 526.629838532571, "breakwater_slo": 835177.2605811419}}, {"target": -0.2646601690885072, "params": {"breakwater_a": 2.6456296654850595, "breakwater_b": 0.023452776993592283, "breakwater_client_expiration": 11947.607973197166, "breakwater_initial_credit": 572.7496093799621, "breakwater_slo": 47391.70286834673}}, {"target": 0.18620329411764708, "params": {"breakwater_a": 6.176393207209063, "breakwater_b": 0.018750775958950222, "breakwater_client_expiration": 15806.415924994166, "breakwater_initial_credit": 944.3105977294779, "breakwater_slo": 1366822.395215932}}, {"target": -0.363824410760806, "params": {"breakwater_a": 3.595143054947803, "breakwater_b": 0.013673926660180902, "breakwater_client_expiration": 17743.148702254355, "breakwater_initial_credit": 69.62321691297714, "breakwater_slo": 1336865.7637368788}}, {"target": -0.3792086839022847, "params": {"breakwater_a": 6.706411632394632, "breakwater_b": 0.007101094271141386, "breakwater_client_expiration": 4094.2311437164794, "breakwater_initial_credit": 322.274067414942, "breakwater_slo": 733784.434175819}}, {"target": 0.1250827156021608, "params": {"breakwater_a": 4.328820446827281, "breakwater_b": 0.013899868657222366, "breakwater_client_expiration": 1221.6787010942971, "breakwater_initial_credit": 768.0481625592541, "breakwater_slo": 1528369.9221257665}}, {"target": 0.17337688901912723, "params": {"breakwater_a": 6.75312881882455, "breakwater_b": 0.007477771365641812, "breakwater_client_expiration": 18864.61685266689, "breakwater_initial_credit": 494.03974720786675, "breakwater_slo": 782236.200459251}}, {"target": -0.21989338269779238, "params": {"breakwater_a": 0.4177775183807516, "breakwater_b": 0.0015244747675991562, "breakwater_client_expiration": 3540.5292581294157, "breakwater_initial_credit": 31.9712864336646, "breakwater_slo": 164161.81357638436}}, {"target": -0.32331237622711595, "params": {"breakwater_a": 7.397864274858169, "breakwater_b": 0.005554207096226595, "breakwater_client_expiration": 22884.61885726876, "breakwater_initial_credit": 771.9911840684537, "breakwater_slo": 177918.18468507886}}, {"target": -0.3596078204090271, "params": {"breakwater_a": 6.319295730357544, "breakwater_b": 0.011402893638642778, "breakwater_client_expiration": 8278.488145818974, "breakwater_initial_credit": 781.439032429666, "breakwater_slo": 1154536.4827230175}}, {"target": -0.24112524434268676, "params": {"breakwater_a": 8.738184383133982, "breakwater_b": 0.011473985655147838, "breakwater_client_expiration": 8792.995309294834, "breakwater_initial_credit": 618.6718749757092, "breakwater_slo": 845289.8252293867}}, {"target": -0.15686342376445847, "params": {"breakwater_a": 6.766476350376282, "breakwater_b": 0.026900819257157885, "breakwater_client_expiration": 24943.207300415295, "breakwater_initial_credit": 594.032956750362, "breakwater_slo": 424226.93084007304}}, {"target": -0.2460655913796746, "params": {"breakwater_a": 4.205106913849247, "breakwater_b": 0.02497576172093825, "breakwater_client_expiration": 20933.64786322117, "breakwater_initial_credit": 941.5944359602904, "breakwater_slo": 99435.80042821771}}, {"target": 0.13488098646250032, "params": {"breakwater_a": 0.05574359156193641, "breakwater_b": 0.02176503201391375, "breakwater_client_expiration": 12406.178715739567, "breakwater_initial_credit": 578.1081280538943, "breakwater_slo": 1264481.2355800553}}, {"target": -0.2788727403452196, "params": {"breakwater_a": 6.0590765635938535, "breakwater_b": 0.027110091550808575, "breakwater_client_expiration": 5710.976844651076, "breakwater_initial_credit": 513.677054329174, "breakwater_slo": 1820180.4387831693}}, {"target": -0.29089090052632977, "params": {"breakwater_a": 4.07928538021707, "breakwater_b": 0.019076525052302378, "breakwater_client_expiration": 19180.832167029563, "breakwater_initial_credit": 338.1795840261467, "breakwater_slo": 1847815.9562966195}}, {"target": -0.27992499064521303, "params": {"breakwater_a": 1.4064699884453333, "breakwater_b": 0.017785668527870214, "breakwater_client_expiration": 20218.19449176733, "breakwater_initial_credit": 675.3101506668362, "breakwater_slo": 280721.55604723474}}, {"target": -0.3240425605824781, "params": {"breakwater_a": 5.401510145430151, "breakwater_b": 0.026004169231601853, "breakwater_client_expiration": 8720.709270278237, "breakwater_initial_credit": 543.7352540726971, "breakwater_slo": 698149.0166397868}}, {"target": -0.24170847128378378, "params": {"breakwater_a": 0.9049296962583186, "breakwater_b": 0.018495350188598707, "breakwater_client_expiration": 18508.835251862074, "breakwater_initial_credit": 951.9246349239368, "breakwater_slo": 1372292.085041874}}, {"target": -0.16804572892412953, "params": {"breakwater_a": 2.2778678665151784, "breakwater_b": 0.029833120912496302, "breakwater_client_expiration": 16928.758927068953, "breakwater_initial_credit": 455.68120648953175, "breakwater_slo": 1366403.18504563}}, {"target": -0.2803405125209124, "params": {"breakwater_a": 2.435612591944115, "breakwater_b": 0.02407700919706402, "breakwater_client_expiration": 20628.780774737763, "breakwater_initial_credit": 188.12619357304234, "breakwater_slo": 378480.142539868}}, {"target": 0.12881426418088057, "params": {"breakwater_a": 9.098391893224662, "breakwater_b": 0.014669933150292382, "breakwater_client_expiration": 18341.310919766573, "breakwater_initial_credit": 907.0539744199522, "breakwater_slo": 782009.3599383296}}, {"target": -0.2828903774874798, "params": {"breakwater_a": 2.37449310105701, "breakwater_b": 0.008314075188038861, "breakwater_client_expiration": 3870.9671114623357, "breakwater_initial_credit": 848.347950762335, "breakwater_slo": 508099.24425904657}}, {"target": 0.16230989285148203, "params": {"breakwater_a": 2.996784127679142, "breakwater_b": 0.015873939902983133, "breakwater_client_expiration": 24921.57686367851, "breakwater_initial_credit": 558.9232252802751, "breakwater_slo": 424364.1339973318}}, {"target": -0.22829613831934556, "params": {"breakwater_a": 8.560276385306036, "breakwater_b": 0.0056555910178231585, "breakwater_client_expiration": 12323.848266011006, "breakwater_initial_credit": 720.5552531617014, "breakwater_slo": 1264758.5890129933}}, {"target": 0.1681354654181741, "params": {"breakwater_a": 2.1832400929629587, "breakwater_b": 0.0255032417430692, "breakwater_client_expiration": 19686.176963859143, "breakwater_initial_credit": 420.94165610690186, "breakwater_slo": 53137.24578898955}}, {"target": 0.1314918531720772, "params": {"breakwater_a": 2.1225801547947767, "breakwater_b": 0.022149614948401092, "breakwater_client_expiration": 22643.370818140313, "breakwater_initial_credit": 544.2432062205422, "breakwater_slo": 1195740.5235531821}}, {"target": 0.14836316966067864, "params": {"breakwater_a": 0.03647718185612993, "breakwater_b": 0.014777029535045803, "breakwater_client_expiration": 16066.017322928381, "breakwater_initial_credit": 186.23732072766862, "breakwater_slo": 914711.4853439244}}]