[{"target": 1.0900677408645747, "params": {"latency_threshold": 4228.517846555483, "price_step": 110.84542908190214, "price_update_rate": 1003.3168697030017, "token_update_rate": 9767.644606323352}}, {"target": 1.109503849367068, "params": {"latency_threshold": 1552.883319089419, "price_step": 22.927403267631693, "price_update_rate": 6401.546129952456, "token_update_rate": 11021.261084248385}}, {"target": 1.0186269832117132, "params": {"latency_threshold": 4027.997994883632, "price_step": 85.43434276046997, "price_update_rate": 13156.64091769555, "token_update_rate": 20871.365511506025}}, {"target": 0.8959553152596025, "params": {"latency_threshold": 2124.0772723420223, "price_step": 132.93644109473234, "price_update_rate": 1794.240202739859, "token_update_rate": 20443.557795173663}}, {"target": 1.111020672762084, "params": {"latency_threshold": 4231.317543434557, "price_step": 88.21657598240523, "price_update_rate": 5071.221219261779, "token_update_rate": 6744.943183461485}}, {"target": 1.1303556654951386, "params": {"latency_threshold": 8027.371229887813, "price_step": 145.55662060071566, "price_update_rate": 10089.301166618043, "token_update_rate": 21077.355854410107}}, {"target": 1.06766428672044, "params": {"latency_threshold": 8776.25260773078, "price_step": 135.24493289053862, "price_update_rate": 3466.2821297235596, "token_update_rate": 2132.5887137535883}}, {"target": 0.9234228364193626, "params": {"latency_threshold": 1781.3211536892322, "price_step": 132.93995048011783, "price_update_rate": 3852.058181158453, "token_update_rate": 13212.121125146512}}, {"target": 1.2330832486555092, "params": {"latency_threshold": 9583.10634848997, "price_step": 84.6431398962224, "price_update_rate": 21064.436304563726, "token_update_rate": 10149.953299175826}}, {"target": 1.016551203358011, "params": {"latency_threshold": 6896.359184047678, "price_step": 126.84759406563221, "price_update_rate": 1530.3600429815624, "token_update_rate": 22754.18513340406}}, {"target": 0.8501642848520267, "params": {"latency_threshold": 176.4265742427985, "price_step": 32.66053078977747, "price_update_rate": 21571.701990929952, "token_update_rate": 23177.368910756428}}, {"target": 1.0800085528714798, "params": {"latency_threshold": 4481.317442809077, "price_step": 67.88589911076937, "price_update_rate": 16886.34342778445, "token_update_rate": 22581.84586568185}}, {"target": 1.124865117576802, "params": {"latency_threshold": 6271.518294158016, "price_step": 41.25143512419247, "price_update_rate": 28813.744763672286, "token_update_rate": 24335.865434130013}}, {"target": 1.3177719092681892, "params": {"latency_threshold": 10000.0, "price_step": 150.0, "price_update_rate": 30000.0, "token_update_rate": 1000.0}}, {"target": 1.191719710650032, "params": {"latency_threshold": 3707.7499965175425, "price_step": 13.135735558698329, "price_update_rate": 5420.01603970573, "token_update_rate": 29174.12419256358}}, {"target": 1.0375577727668903, "params": {"latency_threshold": 9953.472058888447, "price_step": 55.52415082357958, "price_update_rate": 24689.113506693127, "token_update_rate": 2294.384759409517}}, {"target": 0.16258935510590472, "params": {"latency_threshold": 9814.189810387796, "price_step": 47.85842598735012, "price_update_rate": 24454.765524023274, "token_update_rate": 13950.220631736029}}, {"target": 0.947126001788113, "params": {"latency_threshold": 3316.2700378502186, "price_step": 99.00939826601116, "price_update_rate": 12614.648171466615, "token_update_rate": 22795.08919752353}}, {"target": 1.052581366466228, "params": {"latency_threshold": 3128.5210846373984, "price_step": 104.73146256182373, "price_update_rate": 16990.070119974433, "token_update_rate": 10159.872367774211}}, {"target": 1.2471751801472937, "params": {"latency_threshold": 10000.0, "price_step": 149.99999998835582, "price_update_rate": 30000.0, "token_update_rate": 1000.0}}, {"target": 0.5521972961225456, "params": {"latency_threshold": 193.69015637032805, "price_step": 87.02859268408329, "price_update_rate": 5697.660012894986, "token_update_rate": 14856.17677600092}}, {"target": 0.9111656228423973, "params": {"latency_threshold": 1732.3682280772557, "price_step": 134.67342719485265, "price_update_rate": 6433.768048442052, "token_update_rate": 11110.977021527624}}, {"target": 1.1835137770876791, "params": {"latency_threshold": 6681.794623681408, "price_step": 36.241091700158336, "price_update_rate": 1693.9719219557833, "token_update_rate": 22725.409457958085}}, {"target": 1.0289695606949667, "params": {"latency_threshold": 1266.9235255124145, "price_step": 87.07435340873496, "price_update_rate": 15252.489073318351, "token_update_rate": 5232.856264035517}}, {"target": 1.1839794587606507, "params": {"latency_threshold": 2700.9300659617898, "price_step": 13.056739743614703, "price_update_rate": 5856.624284425935, "token_update_rate": 19607.211142222877}}, {"target": 1.1997667441787976, "params": {"latency_threshold": 10000.0, "price_step": 148.2680725389037, "price_update_rate": 29903.115507947306, "token_update_rate": 1000.0}}, {"target": 1.2753088886533988, "params": {"latency_threshold": 10000.0, "price_step": 150.0, "price_update_rate": 30000.0, "token_update_rate": 1155.4948283372335}}, {"target": 0.9000459278252309, "params": {"latency_threshold": 1423.758479679901, "price_step": 81.09880520382784, "price_update_rate": 26783.996341098114, "token_update_rate": 17447.7586966637}}, {"target": 0.9808551415115693, "params": {"latency_threshold": 1601.204373653873, "price_step": 38.59697692738906, "price_update_rate": 20501.79358887989, "token_update_rate": 26369.543964588305}}, {"target": 1.3177719092681892, "params": {"latency_threshold": 10000.0, "price_step": 150.0, "price_update_rate": 30000.0, "token_update_rate": 1000.0}}, {"target": 1.2094289361638433, "params": {"latency_threshold": 9861.495925433706, "price_step": 109.16586958575937, "price_update_rate": 17892.879054487188, "token_update_rate": 22637.608260470475}}, {"target": 1.0988240211045615, "params": {"latency_threshold": 100.0, "price_step": 10.000000010784191, "price_update_rate": 4771.221173103118, "token_update_rate": 14481.592338420758}}, {"target": 1.2358735428047358, "params": {"latency_threshold": 10000.0, "price_step": 150.0, "price_update_rate": 30000.0, "token_update_rate": 1758.566535583332}}]