[{"target": -0.09707731523299759, "params": {"breakwater_a": 5.488180157922855, "breakwater_b": 0.021740491624800164, "breakwater_client_expiration": 15466.321025719453, "breakwater_initial_credit": 549.4343511669279, "breakwater_slo": 424231.1445395658}}, {"target": -0.35297597036375694, "params": {"breakwater_a": 6.458976541255255, "breakwater_b": 0.013690029126618083, "breakwater_client_expiration": 22402.552018769915, "breakwater_initial_credit": 964.026132896019, "breakwater_slo": 384058.0773069519}}, {"target": -0.2640256648114625, "params": {"breakwater_a": 7.917271208322838, "breakwater_b": 0.01633795267283423, "breakwater_client_expiration": 14633.069466254376, "breakwater_initial_credit": 926.3406719097344, "breakwater_slo": 71965.02213968906}}, {"target": -0.08281171240351452, "params": {"breakwater_a": 0.8713842840854369, "breakwater_b": 0.0015863335257694459, "breakwater_client_expiration": 20982.87629315051, "breakwater_initial_credit": 780.375183440352, "breakwater_slo": 870142.1360985723}}, {"target": -0.04193170503790893, "params": {"breakwater_a": 9.786185560493417, "breakwater_b": 0.024175598362284983, "breakwater_client_expiration": 12075.504694070365, "breakwater_initial_credit": 782.7238845235909, "breakwater_slo": 119156.15144306429}}, {"target": -0.2612974542979793, "params": {"breakwater_a": 6.399246221173105, "breakwater_b": 0.005157245334862346, "breakwater_client_expiration": 23672.054009190015, "breakwater_initial_credit": 526.629838532571, "breakwater_slo": 415247.2780505331}}, {"target": -0.03510870912624915, "params": {"breakwater_a": 2.6456296654850595, "breakwater_b": 0.023452776993592283, "breakwater_client_expiration": 11947.607973197166, "breakwater_initial_credit": 572.7496093799621, "breakwater_slo": 19771.01063591879}}, {"target": -0.024513644476652975, "params": {"breakwater_a": 6.176393207209063, "breakwater_b": 0.018750775958950222, "breakwater_client_expiration": 15806.415924994166, "breakwater_initial_credit": 944.3105977294779, "breakwater_slo": 682138.4788043799}}, {"target": -0.2374796236104346, "params": {"breakwater_a": 3.595143054947803, "breakwater_b": 0.013673926660180902, "breakwater_client_expiration": 17743.148702254355, "breakwater_initial_credit": 69.62321691297714, "breakwater_slo": 667099.9487302221}}, {"target": -0.23445002220675093, "params": {"breakwater_a": 6.706411632394632, "breakwater_b": 0.007101094271141386, "breakwater_client_expiration": 4094.2311437164794, "breakwater_initial_credit": 322.274067414942, "breakwater_slo": 364347.06017168}}, {"target": -0.024036339850030446, "params": {"breakwater_a": 4.328820446827281, "breakwater_b": 0.013899868657222366, "breakwater_client_expiration": 1221.6787010942971, "breakwater_initial_credit": 768.0481625592541, "breakwater_slo": 763236.9609063521}}, {"target": -0.20153414906085823, "params": {"breakwater_a": 6.75312881882455, "breakwater_b": 0.007477771365641812, "breakwater_client_expiration": 18864.61685266689, "breakwater_initial_credit": 494.03974720786675, "breakwater_slo": 388670.3337983878}}, {"target": -0.061029289736739975, "params": {"breakwater_a": 2.152586656544099, "breakwater_b": 0.012875653118180296, "breakwater_client_expiration": 14921.61256300483, "breakwater_initial_credit": 696.9490955786655, "breakwater_slo": 686711.8835025821}}, {"target": -0.23990357280178232, "params": {"breakwater_a": 4.060251138501498, "breakwater_b": 0.007349483355223705, "breakwater_client_expiration": 5572.442630062342, "breakwater_initial_credit": 445.86260596990064, "breakwater_slo": 768008.0217618158}}, {"target": -0.36942507683131887, "params": {"breakwater_a": 7.200399020409828, "breakwater_b": 0.0019159362245305175, "breakwater_client_expiration": 1324.337074318933, "breakwater_initial_credit": 196.0217148725987, "breakwater_slo": 759537.4886589079}}, {"target": -0.06723166496504855, "params": {"breakwater_a": 8.738184383133982, "breakwater_b": 0.011473985655147838, "breakwater_client_expiration": 8792.995309294834, "breakwater_initial_credit": 618.6718749757092, "breakwater_slo": 420323.8871377675}}, {"target": -0.05587726448894978, "params": {"breakwater_a": 6.766476350376282, "breakwater_b": 0.026900819257157885, "breakwater_client_expiration": 24943.207300415295, "breakwater_initial_credit": 594.032956750362, "breakwater_slo": 208946.0823664487}}, {"target": 0.057630990785591224, "params": {"breakwater_a": 4.205106913849247, "breakwater_b": 0.02497576172093825, "breakwater_client_expiration": 20933.64786322117, "breakwater_initial_credit": 941.5944359602904, "breakwater_slo": 45897.6706672309}}, {"target": -0.37951143828031836, "params": {"breakwater_a": 0.05574359156193641, "breakwater_b": 0.02176503201391375, "breakwater_client_expiration": 12406.178715739567, "breakwater_initial_credit": 578.1081280538943, "breakwater_slo": 630762.1881128016}}, {"target": -0.2095091306820559, "params": {"breakwater_a": 6.0590765635938535, "breakwater_b": 0.027110091550808575, "breakwater_client_expiration": 5710.976844651076, "breakwater_initial_credit": 513.677054329174, "breakwater_slo": 909728.77303738}}, {"target": 0.15278744665671187, "params": {"breakwater_a": 4.07928538021707, "breakwater_b": 0.019076525052302378, "breakwater_client_expiration": 19180.832167029563, "breakwater_initial_credit": 338.1795840261467, "breakwater_slo": 923602.0805730266}}, {"target": -0.14728167065235476, "params": {"breakwater_a": 1.4064699884453333, "breakwater_b": 0.017785668527870214, "breakwater_client_expiration": 20218.19449176733, "breakwater_initial_credit": 675.3101506668362, "breakwater_slo": 136904.9419553706}}, {"target": -0.02086793795219528, "params": {"breakwater_a": 5.401510145430151, "breakwater_b": 0.026004169231601853, "breakwater_client_expiration": 8720.709270278237, "breakwater_initial_credit": 543.7352540726971, "breakwater_slo": 346457.72242369194}}, {"target": -0.2543853123158382, "params": {"breakwater_a": 0.9049296962583186, "breakwater_b": 0.018495350188598707, "breakwater_client_expiration": 18508.835251862074, "breakwater_initial_credit": 951.9246349239368, "breakwater_slo": 684884.3180687599}}, {"target": -0.010672093170183167, "params": {"breakwater_a": 7.649502142219961, "breakwater_b": 0.012872258588053385, "breakwater_client_expiration": 17831.640697776304, "breakwater_initial_credit": 645.7232311995599, "breakwater_slo": 100625.5340963333}}, {"target": -0.27750288629617953, "params": {"breakwater_a": 2.435612591944115, "breakwater_b": 0.02407700919706402, "breakwater_client_expiration": 20628.780774737763, "breakwater_initial_credit": 188.12619357304234, "breakwater_slo": 185980.7348730292}}, {"target": -0.30099299812132574, "params": {"breakwater_a": 3.6415769443542287, "breakwater_b": 0.028983915764588267, "breakwater_client_expiration": 22798.58857698321, "breakwater_initial_credit": 216.57427484597628, "breakwater_slo": 828869.7932351922}}, {"target": -0.26717821514629875, "params": {"breakwater_a": 2.37449310105701, "breakwater_b": 0.008314075188038861, "breakwater_client_expiration": 3870.9671114623357, "breakwater_initial_credit": 848.347950762335, "breakwater_slo": 251050.82664059673}}, {"target": -999999999.0, "params": {"breakwater_a": 4.172529590288642, "breakwater_b": 0.008510662817271277, "breakwater_client_expiration": 2093.29330877088, "breakwater_initial_credit": 949.1684904369198, "breakwater_slo": 1078.4261159549947}}, {"target": 0.08831551591886094, "params": {"breakwater_a": 1.7718829448026239, "breakwater_b": 0.0139315794545741, "breakwater_client_expiration": 7622.3390611686145, "breakwater_initial_credit": 313.9738728273595, "breakwater_slo": 105559.95765155273}}, {"target": 0.029160268882912704, "params": {"breakwater_a": 0.0001, "breakwater_b": 0.0255032417430692, "breakwater_client_expiration": 25000.0, "breakwater_initial_credit": 10.0, "breakwater_slo": 26650.98226422016}}, {"target": -0.05322110842475905, "params": {"breakwater_a": 2.1225801547947767, "breakwater_b": 0.022149614948401092, "breakwater_client_expiration": 22643.370818140313, "breakwater_initial_credit": 544.2432062205422, "breakwater_slo": 596253.659813884}}, {"target": -0.2937762273910901, "params": {"breakwater_a": 0.03647718185612993, "breakwater_b": 0.014777029535045803, "breakwater_client_expiration": 16066.017322928381, "breakwater_initial_credit": 186.23732072766862, "breakwater_slo": 455174.2582203922}}, {"target": -0.17859312435815358, "params": {"breakwater_a": 5.9478400950941195, "breakwater_b": 0.0031853870787807337, "breakwater_client_expiration": 7808.178895264281, "breakwater_initial_credit": 98.44458171301558, "breakwater_slo": 202764.84261413527}}, {"target": -0.3875134101568535, "params": {"breakwater_a": 7.6573331409486745, "breakwater_b": 0.016051103904665562, "breakwater_client_expiration": 17327.987990469795, "breakwater_initial_credit": 783.542185033892, "breakwater_slo": 683904.5097353753}}]