[{"target": 0.4958447233720063, "params": {"breakwater_a": 8.34044009405148, "breakwater_b": 1.4406489868843162, "breakwater_client_expiration": 0.5718740867244332, "breakwater_initial_credit": 605.3628126910477, "breakwater_rtt": 2935.117816342261, "breakwater_slo": 1937.5380358990762}}, {"target": -35.40224155020509, "params": {"breakwater_a": 3.725204227553418, "breakwater_b": 0.6911214540860955, "breakwater_client_expiration": 1983.8373711533497, "breakwater_initial_credit": 1078.0946512727105, "breakwater_rtt": 8383.890288065895, "breakwater_slo": 13735.868057895514}}, {"target": -22.024474824684365, "params": {"breakwater_a": 4.089044994630349, "breakwater_b": 1.7562348727818908, "breakwater_client_expiration": 136.9379659896308, "breakwater_initial_credit": 1341.264552846626, "breakwater_rtt": 8346.09604734254, "breakwater_slo": 11217.927586070458}}, {"target": -40.111327611429466, "params": {"breakwater_a": 2.8077387719046754, "breakwater_b": 0.3962029781697576, "breakwater_client_expiration": 4003.722843377683, "breakwater_initial_credit": 1936.5548898630757, "breakwater_rtt": 6268.483563184856, "breakwater_slo": 13877.22005181935}}, {"target": -39.58190342824132, "params": {"breakwater_a": 17.527783045920767, "breakwater_b": 1.7892133270076946, "breakwater_client_expiration": 425.22105684888953, "breakwater_initial_credit": 79.07051168253184, "breakwater_rtt": 3396.608391291378, "breakwater_slo": 17575.03581824532}}, {"target": -6.105071337427602, "params": {"breakwater_a": 1.966936676661002, "breakwater_b": 0.8422152500101043, "breakwater_client_expiration": 4789.44765075251, "breakwater_initial_credit": 1066.7974046610611, "breakwater_rtt": 13837.542279009467, "breakwater_slo": 6378.7610570206525}}, {"target": -33.38670138383602, "params": {"breakwater_a": 13.730018553631673, "breakwater_b": 1.6692513437947458, "breakwater_client_expiration": 91.44138672095903, "breakwater_initial_credit": 1500.5384855749899, "breakwater_rtt": 19777.221778129893, "breakwater_slo": 14988.496522158805}}, {"target": -0.9211801146376632, "params": {"breakwater_a": 5.608879841288104, "breakwater_b": 1.578558656902977, "breakwater_client_expiration": 516.1300328882102, "breakwater_initial_credit": 896.3391588256344, "breakwater_rtt": 18171.910061861912, "breakwater_slo": 5942.921552636222}}, {"target": -16.66365485854673, "params": {"breakwater_a": 5.755506771726974, "breakwater_b": 0.26005714423655535, "breakwater_client_expiration": 96.83478935148537, "breakwater_initial_credit": 1357.992230346842, "breakwater_rtt": 4232.5623200011805, "breakwater_slo": 5384.378521507301}}, {"target": -37.97862328191922, "params": {"breakwater_a": 9.831463185606765, "breakwater_b": 0.10672509023416077, "breakwater_client_expiration": 2870.5880274600654, "breakwater_initial_credit": 294.3104212367145, "breakwater_rtt": 11786.110738065685, "breakwater_slo": 14025.19136441653}}, {"target": -36.709169670998406, "params": {"breakwater_a": 11.228577611147019, "breakwater_b": 0.7507479522010945, "breakwater_client_expiration": 2394.485158473913, "breakwater_initial_credit": 1122.9309073217646, "breakwater_rtt": 2755.213848530631, "breakwater_slo": 12925.874479347869}}, {"target": 0.2982615735062307, "params": {"breakwater_a": 0.0, "breakwater_b": 2.0, "breakwater_client_expiration": 1326.305520810674, "breakwater_initial_credit": 736.0213404047083, "breakwater_rtt": 15976.8075940244, "breakwater_slo": 1599.9193497842375}}, {"target": 0.613658223046761, "params": {"breakwater_a": 0.0, "breakwater_b": 0.0, "breakwater_client_expiration": 3712.843570289399, "breakwater_initial_credit": 1443.1803925055196, "breakwater_rtt": 20000.0, "breakwater_slo": 3568.0648051718645}}, {"target": -12.209276730485474, "params": {"breakwater_a": 8.190369647040887, "breakwater_b": 0.24459444387932971, "breakwater_client_expiration": 3649.9080739473557, "breakwater_initial_credit": 1736.3039168072821, "breakwater_rtt": 13257.763437163137, "breakwater_slo": 7960.407581662137}}, {"target": 0.42652357388834544, "params": {"breakwater_a": 20.0, "breakwater_b": 0.0, "breakwater_client_expiration": 0.0, "breakwater_initial_credit": 1.0, "breakwater_rtt": 20000.0, "breakwater_slo": 1288.8678646758765}}, {"target": 0.5084980578036821, "params": {"breakwater_a": 20.0, "breakwater_b": 2.0, "breakwater_client_expiration": 0.0, "breakwater_initial_credit": 2000.0, "breakwater_rtt": 20000.0, "breakwater_slo": 3627.153490140376}}, {"target": 0.3968271876759862, "params": {"breakwater_a": 20.0, "breakwater_b": 2.0, "breakwater_client_expiration": 5000.0, "breakwater_initial_credit": 1.0, "breakwater_rtt": 0.0, "breakwater_slo": 100.0}}, {"target": -26.854815050742904, "params": {"breakwater_a": 0.09234388041268637, "breakwater_b": 1.6420264012065484, "breakwater_client_expiration": 2562.261781735911, "breakwater_initial_credit": 1073.8159839912814, "breakwater_rtt": 14767.943554983549, "breakwater_slo": 18910.609475756984}}, {"target": -40.35341615850689, "params": {"breakwater_a": 4.651456007228706, "breakwater_b": 0.5703359851164523, "breakwater_client_expiration": 2676.051811867382, "breakwater_initial_credit": 141.9996271859351, "breakwater_rtt": 14314.695765720955, "breakwater_slo": 18307.407095893035}}, {"target": 0.52038951552285, "params": {"breakwater_a": 0.0, "breakwater_b": 1.3208825682288594, "breakwater_client_expiration": 0.0, "breakwater_initial_credit": 2000.0, "breakwater_rtt": 18905.412090168822, "breakwater_slo": 17757.18621252748}}, {"target": 0.5036600176207825, "params": {"breakwater_a": 0.0, "breakwater_b": 2.0, "breakwater_client_expiration": 3198.919760636913, "breakwater_initial_credit": 2000.0, "breakwater_rtt": 15595.00183479901, "breakwater_slo": 4588.444417778024}}, {"target": 0.5466630394354437, "params": {"breakwater_a": 20.0, "breakwater_b": 2.0, "breakwater_client_expiration": 0.0, "breakwater_initial_credit": 2000.0, "breakwater_rtt": 20000.0, "breakwater_slo": 18821.11060494535}}, {"target": 0.2898321794648519, "params": {"breakwater_a": 0.0, "breakwater_b": 2.0, "breakwater_client_expiration": 1928.2421955819796, "breakwater_initial_credit": 1392.1823843050265, "breakwater_rtt": 12507.369594571199, "breakwater_slo": 2546.353870017232}}, {"target": 0.5459262725573305, "params": {"breakwater_a": 0.0, "breakwater_b": 0.5459406968451904, "breakwater_client_expiration": 0.0, "breakwater_initial_credit": 2000.0, "breakwater_rtt": 20000.0, "breakwater_slo": 16578.845070956955}}, {"target": -29.86184134443869, "params": {"breakwater_a": 11.20164630556524, "breakwater_b": 1.1791247016355608, "breakwater_client_expiration": 3624.003630903277, "breakwater_initial_credit": 1517.40891038594, "breakwater_rtt": 8733.619147997164, "breakwater_slo": 13241.857551831627}}, {"target": -999999999.0, "params": {"breakwater_a": 4.224740289649363, "breakwater_b": 0.9780730423430612, "breakwater_client_expiration": 100.91069643841044, "breakwater_initial_credit": 216.9520662198888, "breakwater_rtt": 19190.392599115035, "breakwater_slo": 430.1074006077066}}, {"target": -24.22051054537818, "params": {"breakwater_a": 16.633878623290173, "breakwater_b": 0.014724756454785437, "breakwater_client_expiration": 195.90855462360278, "breakwater_initial_credit": 1615.8381097694103, "breakwater_rtt": 1807.766695688442, "breakwater_slo": 15152.98032532664}}, {"target": 0.5068676206838936, "params": {"breakwater_a": 1.8506617114993507, "breakwater_b": 1.9873594216159594, "breakwater_client_expiration": 2313.6384905221107, "breakwater_initial_credit": 279.5280765298949, "breakwater_rtt": 5913.792249764111, "breakwater_slo": 2418.5587239014903}}, {"target": -33.788464277540086, "params": {"breakwater_a": 3.118532388740465, "breakwater_b": 0.132748432407505, "breakwater_client_expiration": 4568.945664613521, "breakwater_initial_credit": 197.3419047716662, "breakwater_rtt": 6233.71975998964, "breakwater_slo": 12846.567869429007}}, {"target": 0.4471921854402968, "params": {"breakwater_a": 8.113246151072513, "breakwater_b": 1.466227000193563, "breakwater_client_expiration": 4282.861971071758, "breakwater_initial_credit": 1981.6457382167255, "breakwater_rtt": 17090.157470573802, "breakwater_slo": 5070.020624152599}}, {"target": 0.38160681370161303, "params": {"breakwater_a": 0.2895180150248522, "breakwater_b": 1.2813105474595612, "breakwater_client_expiration": 82.6284382855358, "breakwater_initial_credit": 1776.1414339205649, "breakwater_rtt": 18779.319052122937, "breakwater_slo": 4618.573999263251}}, {"target": -25.0479435251184, "params": {"breakwater_a": 1.0667937993292864, "breakwater_b": 1.0903993142943145, "breakwater_client_expiration": 2655.9348232655843, "breakwater_initial_credit": 67.85914720078031, "breakwater_rtt": 5634.003343863672, "breakwater_slo": 10204.082391856959}}, {"target": -39.795733746005865, "params": {"breakwater_a": 9.66808227454984, "breakwater_b": 1.5207634843425957, "breakwater_client_expiration": 4055.198338738721, "breakwater_initial_credit": 1562.201108388585, "breakwater_rtt": 17520.32915977042, "breakwater_slo": 14270.151802032677}}]